Log file open, 04/03/17 15:33:06
LogInit:Display: Running engine for game: PTSD
LogPlatformFile: Not using cached read wrapper
LogInit:Display: RandInit(-2128690604) SRandInit(-2128690604).
LogTaskGraph: Started task graph with 5 named threads and 6 total threads with 1 sets of task threads.
LogStats: Stats thread started at 0.084517
LogInit: Using libcurl 7.47.1
LogInit:  - built for x86_64-pc-win32
LogInit:  - supports SSL with OpenSSL/1.0.2g
LogInit:  - supports HTTP deflate (compression) using libz 1.2.8
LogInit:  - other features:
LogInit:      CURL_VERSION_SSL
LogInit:      CURL_VERSION_LIBZ
LogInit:      CURL_VERSION_IPV6
LogInit:      CURL_VERSION_ASYNCHDNS
LogInit:      CURL_VERSION_LARGEFILE
LogInit:      CURL_VERSION_IDN
LogInit:  CurlRequestOptions (configurable via config and command line):
LogInit:  - bVerifyPeer = false  - Libcurl will NOT verify peer certificate
LogInit:  - bUseHttpProxy = false  - Libcurl will NOT use HTTP proxy
LogInit:  - bDontReuseConnections = false  - Libcurl will reuse connections
LogInit:  - CertBundlePath = nullptr  - Libcurl will use whatever was configured at build time.
LogInit: Build: ++UE4+Release-4.15-CL-3348071
LogInit: Engine Version: 4.15.1-3348071+++UE4+Release-4.15
LogInit: Compatible Engine Version: 4.15.0-3299760+++UE4+Release-4.15
LogInit: Net CL: 3299760
LogDevObjectVersion: Number of dev versions registered: 14
LogDevObjectVersion:   Dev-Blueprints (B0D832E4-1F89-4F0D-ACCF-7EB736FD4AA2): 8
LogDevObjectVersion:   Dev-Build (E1C64328-A22C-4D53-A36C-8E866417BD8C): 0
LogDevObjectVersion:   Dev-Core (375EC13C-06E4-48FB-B500-84F0262A717E): 2
LogDevObjectVersion:   Dev-Editor (E4B068ED-F494-42E9-A231-DA0B2E46BB41): 14
LogDevObjectVersion:   Dev-Framework (CFFC743F-43B0-4480-9391-14DF171D2073): 22
LogDevObjectVersion:   Dev-Mobile (B02B49B5-BB20-44E9-A304-32B752E40360): 0
LogDevObjectVersion:   Dev-Networking (A4E4105C-59A1-49B5-A7C5-40C4547EDFEE): 0
LogDevObjectVersion:   Dev-Online (39C831C9-5AE6-47DC-9A44-9C173E1C8E7C): 0
LogDevObjectVersion:   Dev-Physics (78F01B33-EBEA-4F98-B9B4-84EACCB95AA2): 0
LogDevObjectVersion:   Dev-Platform (6631380F-2D4D-43E0-8009-CF276956A95A): 0
LogDevObjectVersion:   Dev-Rendering (12F88B9F-8875-4AFC-A67C-D90C383ABD29): 12
LogDevObjectVersion:   Dev-Sequencer (7B5AE74C-D270-4C10-A958-57980B212A5A): 3
LogDevObjectVersion:   Dev-VR (D7296918-1DD6-4BDD-9DE2-64A83CC13884): 0
LogDevObjectVersion:   Dev-LoadTimes (C2A15278-BFE7-4AFE-6C17-90FF531DF755): 1
LogInit: Compiled (64-bit): Mar 15 2017 16:52:47
LogInit: Compiled with Visual C++: 19.00.23026.00
LogInit: Build Configuration: Development
LogInit: Branch Name: ++UE4+Release-4.15
LogInit: Command line:  
LogInit: Base directory: C:/Program Files/Epic Games/UE_4.15/Engine/Binaries/Win64/
LogInit: Installed Engine Build: 1
LogInit: Presizing for max 8388607 objects, including 0 objects not considered by GC, pre-allocating 0 bytes for permanent pool.
LogInit: Object subsystem initialized
[2017.04.03-19.33.07:059][  0]LogInit: Selected Device Profile: [Windows]
[2017.04.03-19.33.07:059][  0]LogInit: Applying CVar settings loaded from the selected device profile: [Windows]
[2017.04.03-19.33.07:089][  0]LogInit: Computer: DESKTOP-50RA9VM
[2017.04.03-19.33.07:089][  0]LogInit: User: Yaz
[2017.04.03-19.33.07:089][  0]LogInit: CPU Page size=65536, Cores=2
[2017.04.03-19.33.07:089][  0]LogInit: High frequency timer resolution =2.341720 MHz
[2017.04.03-19.33.07:090][  0]LogMemory: Memory total: Physical=15.9GB (16GB approx)
[2017.04.03-19.33.07:090][  0]LogMemory: Platform Memory Stats for Windows
[2017.04.03-19.33.07:090][  0]LogMemory: Process Physical Memory: 262.61 MB used, 262.61 MB peak
[2017.04.03-19.33.07:090][  0]LogMemory: Process Virtual Memory: 262.29 MB used, 262.29 MB peak
[2017.04.03-19.33.07:090][  0]LogMemory: Physical Memory: 4584.12 MB used,  11711.58 MB free, 16295.70 MB total
[2017.04.03-19.33.07:090][  0]LogMemory: Virtual Memory: 643.25 MB used,  11711.58 MB free, 134217728.00 MB total
[2017.04.03-19.33.07:432][  0]LogTextLocalizationManager: No specific translations for ('en-US') exist, so ('en') translations will be used.
[2017.04.03-19.33.10:132][  0]LogD3D11RHI: D3D11 adapters:
[2017.04.03-19.33.10:138][  0]LogD3D11RHI:    0. 'Intel(R) HD Graphics 5500' (Feature Level 11_0)
[2017.04.03-19.33.10:138][  0]LogD3D11RHI:       128/0/8147 MB DedicatedVideo/DedicatedSystem/SharedSystem, Outputs:1, VendorId:0x8086
[2017.04.03-19.33.10:140][  0]LogD3D11RHI:    1. 'Microsoft Basic Render Driver' (Feature Level 11_0)
[2017.04.03-19.33.10:140][  0]LogD3D11RHI:       0/0/8147 MB DedicatedVideo/DedicatedSystem/SharedSystem, Outputs:0, VendorId:0x1414
[2017.04.03-19.33.10:140][  0]LogD3D11RHI: Chosen D3D11 Adapter: 0
[2017.04.03-19.33.10:146][  0]LogD3D11RHI: Creating new Direct3DDevice
[2017.04.03-19.33.10:146][  0]LogD3D11RHI:     GPU DeviceId: 0x1616 (for the marketing name, search the web for "GPU Device Id")
[2017.04.03-19.33.10:146][  0]LogWindows: EnumDisplayDevices:
[2017.04.03-19.33.10:146][  0]LogWindows:    0. 'Intel(R) HD Graphics 5500' (P:1 D:1)
[2017.04.03-19.33.10:146][  0]LogWindows:    1. 'Intel(R) HD Graphics 5500' (P:0 D:0)
[2017.04.03-19.33.10:146][  0]LogWindows:    2. 'Intel(R) HD Graphics 5500' (P:0 D:0)
[2017.04.03-19.33.10:146][  0]LogWindows: DebugString: FoundDriverCount:3 
[2017.04.03-19.33.10:146][  0]LogD3D11RHI:     Adapter Name: Intel(R) HD Graphics 5500
[2017.04.03-19.33.10:146][  0]LogD3D11RHI:   Driver Version: 20.19.15.4463 (internal:20.19.15.4463, unified:20.19.15.4463)
[2017.04.03-19.33.10:146][  0]LogD3D11RHI:      Driver Date: 5-25-2016
[2017.04.03-19.33.10:147][  0]LogRHI: Texture pool is 1361 MB (70% of 1945 MB)
[2017.04.03-19.33.10:150][  0]LogD3D11RHI: Async texture creation enabled
[2017.04.03-19.33.10:174][  0]LogD3D11RHI: GPU Timing Frequency: 12.500000 (Debug: 2 0)
[2017.04.03-19.33.10:181][  0]LogShaderCompilers: Guid format shader working directory is -19 characters bigger than the processId version (../../../../../../Users/Yaz/Documents/GitHub/PTSD-Project/PTSD/Intermediate/Shaders/WorkingDirectory/12192/).
[2017.04.03-19.33.10:181][  0]LogShaderCompilers: Cleaned the shader compiler working directory 'C:/Users/Yaz/AppData/Local/Temp/UnrealShaderWorkingDir/F43C6D724AF04DEFDB0F07AB87A15652/'.
[2017.04.03-19.33.10:181][  0]LogShaderCompilers:Display: Using Local Shader Compiler.
[2017.04.03-19.33.13:021][  0]LogTemp:Display: Loaded TP AllDesktopTargetPlatform
[2017.04.03-19.33.13:080][  0]LogTemp:Display: Loaded TP MacClientTargetPlatform
[2017.04.03-19.33.13:136][  0]LogTemp:Display: Loaded TP MacNoEditorTargetPlatform
[2017.04.03-19.33.13:193][  0]LogTemp:Display: Loaded TP MacServerTargetPlatform
[2017.04.03-19.33.13:256][  0]LogTemp:Display: Loaded TP MacTargetPlatform
[2017.04.03-19.33.13:314][  0]LogTemp:Display: Loaded TP WindowsClientTargetPlatform
[2017.04.03-19.33.13:373][  0]LogTemp:Display: Loaded TP WindowsNoEditorTargetPlatform
[2017.04.03-19.33.13:431][  0]LogTemp:Display: Loaded TP WindowsServerTargetPlatform
[2017.04.03-19.33.13:482][  0]LogTemp:Display: Loaded TP WindowsTargetPlatform
[2017.04.03-19.33.13:541][  0]LogTemp:Display: Loaded TP AndroidTargetPlatform
[2017.04.03-19.33.13:601][  0]LogTemp:Display: Loaded TP Android_ASTCTargetPlatform
[2017.04.03-19.33.13:659][  0]LogTemp:Display: Loaded TP Android_ATCTargetPlatform
[2017.04.03-19.33.13:719][  0]LogTemp:Display: Loaded TP Android_DXTTargetPlatform
[2017.04.03-19.33.13:777][  0]LogTemp:Display: Loaded TP Android_ETC1TargetPlatform
[2017.04.03-19.33.13:834][  0]LogTemp:Display: Loaded TP Android_ETC2TargetPlatform
[2017.04.03-19.33.13:951][  0]LogTemp:Display: Loaded TP Android_MultiTargetPlatform
[2017.04.03-19.33.13:951][  0]LogTemp:Display: Loaded TP Android_PVRTCTargetPlatform
[2017.04.03-19.33.13:991][  0]LogTemp:Display: Loaded TP HTML5TargetPlatform
[2017.04.03-19.33.14:123][  0]LogTemp:Display: Loaded TP IOSTargetPlatform
[2017.04.03-19.33.14:165][  0]LogTemp:Display: Loaded TP TVOSTargetPlatform
[2017.04.03-19.33.14:224][  0]LogTemp:Display: Loaded TP LinuxClientTargetPlatform
[2017.04.03-19.33.14:282][  0]LogTemp:Display: Loaded TP LinuxNoEditorTargetPlatform
[2017.04.03-19.33.14:339][  0]LogTemp:Display: Loaded TP LinuxServerTargetPlatform
[2017.04.03-19.33.14:401][  0]LogTemp:Display: Loaded TP LinuxTargetPlatform
[2017.04.03-19.33.14:401][  0]LogTargetPlatformManager:Display: Building Assets For Windows
[2017.04.03-19.33.15:201][  0]LogDerivedDataCache:Display: Max Cache Size: 512 MB
[2017.04.03-19.33.15:397][  0]LogDerivedDataCache: Loaded boot cache 0.20s 50MB C:/Users/Yaz/AppData/Local/UnrealEngine/4.15/DerivedDataCache/Boot.ddc.
[2017.04.03-19.33.15:398][  0]LogDerivedDataCache:Display: Loaded Boot cache: C:/Users/Yaz/AppData/Local/UnrealEngine/4.15/DerivedDataCache/Boot.ddc
[2017.04.03-19.33.15:398][  0]LogDerivedDataCache: FDerivedDataBackendGraph:  Pak pak cache file ../../../../../../Users/Yaz/Documents/GitHub/PTSD-Project/PTSD/DerivedDataCache/DDC.ddp not found, will not use a pak cache.
[2017.04.03-19.33.15:398][  0]LogDerivedDataCache: Unable to find inner node Pak for hierarchical cache Hierarchy.
[2017.04.03-19.33.15:398][  0]LogDerivedDataCache: FDerivedDataBackendGraph:  CompressedPak pak cache file ../../../../../../Users/Yaz/Documents/GitHub/PTSD-Project/PTSD/DerivedDataCache/Compressed.ddp not found, will not use a pak cache.
[2017.04.03-19.33.15:398][  0]LogDerivedDataCache: Unable to find inner node CompressedPak for hierarchical cache Hierarchy.
[2017.04.03-19.33.15:427][  0]LogDerivedDataCache:Display: Pak cache opened for reading ../../../Engine/DerivedDataCache/Compressed.ddp.
[2017.04.03-19.33.15:439][  0]LogDerivedDataCache: Using Local data cache path C:/Users/Yaz/AppData/Local/UnrealEngine/Common/DerivedDataCache: Writable
[2017.04.03-19.33.15:459][  0]LogSlate: Using Freetype 2.6.0
[2017.04.03-19.33.15:474][  0]LogSlate: SlateFontCache - WITH_FREETYPE: 1, WITH_HARFBUZZ: 1
[2017.04.03-19.33.15:474][  0]LogSlate: SlateFontCache - WITH_FREETYPE: 1, WITH_HARFBUZZ: 1
[2017.04.03-19.33.18:526][  0]LogInit: Selected Device Profile: [Windows]
[2017.04.03-19.33.18:533][  0]LogContentStreaming: Texture pool size is 0.00 MB
[2017.04.03-19.33.18:818][  0]LogMeshUtilities: Using QuadricMeshReduction for automatic static mesh reduction
[2017.04.03-19.33.18:864][  0]LogSimplygon: Simplygon DLL not present - disabling.
[2017.04.03-19.33.18:912][  0]LogMeshUtilities: Using SimplygonSwarm for distributed automatic mesh merging
[2017.04.03-19.33.18:912][  0]LogMeshUtilities: No automatic skeletal mesh reduction module available
[2017.04.03-19.33.18:912][  0]LogMeshUtilities: No automatic mesh merging module available
[2017.04.03-19.33.20:275][  0]LogNetVersion: GetLocalNetworkVersion: CL: 3299760, ProjectName: ptsd, ProjectVersion: , EngineNetworkVersion: 2, GameNetworkVersion: 0, NetworkChecksum: 1176372723
[2017.04.03-19.33.20:332][  0]LogAssetRegistry: FAssetRegistry took 0.0243 seconds to start up
[2017.04.03-19.33.20:399][  0]LogPackageLocalizationCache: Processed 3 localized package path(s) for 2 prioritized culture(s) in 0.040253 seconds
[2017.04.03-19.33.20:405][  0]LogUObjectArray: 32493 objects as part of root set at end of initial load.
[2017.04.03-19.33.20:405][  0]LogUObjectAllocator: 7077032 out of 0 bytes used by permanent object pool.
[2017.04.03-19.33.20:405][  0]LogUObjectArray: CloseDisregardForGC: 0/0 objects in disregard for GC pool
[2017.04.03-19.33.20:479][  0]LogInit: WinSock: version 1.1 (2.2), MaxSocks=32767, MaxUdp=65467
[2017.04.03-19.33.24:406][  0]LogTcpMessaging: Initializing TcpMessaging bridge
[2017.04.03-19.33.24:448][  0]LogUdpMessaging: Initializing bridge on interface 0.0.0.0:0 to multicast group 230.0.0.1:6666.
[2017.04.03-19.33.25:091][  0]LogMaterial: Uniform references updated for custom material expression Custom.
[2017.04.03-19.33.25:598][  0]SourceControl: Info Source control is disabled
[2017.04.03-19.33.25:599][  0]SourceControl: Info Source control is disabled
[2017.04.03-19.33.25:652][  0]SourceControl: Info Source control is disabled
[2017.04.03-19.33.25:703][  0]SourceControl: Info Source control is disabled
[2017.04.03-19.33.27:196][  0]LogEngine: Initializing Engine...
[2017.04.03-19.33.27:197][  0]LogHMD: Failed to initialize OpenVR with code 110
[2017.04.03-19.33.27:584][  0]LogAIModule: Creating AISystem for world Untitled
[2017.04.03-19.33.27:607][  0]LogInit: XAudio2 using 'Speakers / Headphones (Realtek High Definition Audio)' : 2 channels at 48 kHz using 32 bits per sample (channel mask 0x3)
[2017.04.03-19.33.27:950][  0]LogInit: FAudioDevice initialized.
[2017.04.03-19.33.27:980][  0]LogDerivedDataCache: Saved boot cache 0.03s 50MB C:/Users/Yaz/AppData/Local/UnrealEngine/4.15/DerivedDataCache/Boot.ddc.
[2017.04.03-19.33.27:989][  0]LogInit: Texture streaming: Enabled
[2017.04.03-19.33.28:097][  0]LogEngineSessionManager: EngineSessionManager initialized
[2017.04.03-19.33.28:203][  0]LogWindowsTextInputMethodSystem:Display: IME system now deactivated.
[2017.04.03-19.33.28:203][  0]LogWindowsTextInputMethodSystem:Display: IME system now deactivated.
[2017.04.03-19.33.28:278][  0]LogInit: Transaction tracking system initialized
[2017.04.03-19.33.28:741][  0]BlueprintLog: New page: Editor Load
[2017.04.03-19.33.29:917][  0]LocalizationService: Info Localization service is disabled
[2017.04.03-19.33.30:851][  0]LogConsoleResponse:Display: 
[2017.04.03-19.33.31:342][  0]LogFileCache: Scanning file cache for directory 'C:/Users/Yaz/Documents/GitHub/PTSD-Project/PTSD/Content/' took 0.02s
[2017.04.03-19.33.31:342][  0]LogCook:Display: Max memory allowance for cook 16384mb min free memory 0mb
[2017.04.03-19.33.31:342][  0]LogCook:Display: Mobile HDR setting 0
[2017.04.03-19.33.32:979][  0]SourceControl: Info Source control is disabled
[2017.04.03-19.33.32:981][  0]Cmd: MAP LOAD FILE="../../../Engine/Content/Maps/Templates/Template_Default.umap" TEMPLATE=1 SHOWPROGRESS=1 FEATURELEVEL=3
[2017.04.03-19.33.32:988][  0]LightingResults: New page: Lighting Build
[2017.04.03-19.33.33:060][  0]MapCheck: New page: Map Check
[2017.04.03-19.33.33:060][  0]LightingResults: New page: Lighting Build
[2017.04.03-19.33.33:538][  0]LogAIModule: Creating AISystem for world Untitled_1
[2017.04.03-19.33.33:571][  0]LogActorComponent: RegisterComponentWithWorld: (/Temp/Untitled_1.Untitled_1:PersistentLevel.WorldSettings_1.StaticMeshComponent0) Trying to register component with IsPendingKill() == true. Aborting.
[2017.04.03-19.33.33:592][  0]LogEditorServer: Finished looking for orphan Actors (0.000 secs)
[2017.04.03-19.33.33:609][  0]Cmd: MAP CHECKDEP NOCLEARLOG
[2017.04.03-19.33.33:675][  0]MapCheck: Info Map check complete: 0 Error(s), 0 Warning(s), took 65.688ms to complete.
[2017.04.03-19.33.33:675][  0]LogFileHelpers: Loading map 'Template_Default' took 0.695
[2017.04.03-19.33.33:989][  0]LogCollectionManager: Loaded 0 collections in 0.002168 seconds
[2017.04.03-19.33.34:108][  0]LogFileCache: Scanning file cache for directory 'C:/Users/Yaz/Documents/GitHub/PTSD-Project/PTSD/Saved/Collections/' took 0.01s
[2017.04.03-19.33.34:108][  0]LogFileCache: Scanning file cache for directory 'C:/Users/Yaz/Documents/GitHub/PTSD-Project/PTSD/Content/Developers/Yaz/Collections/' took 0.01s
[2017.04.03-19.33.34:108][  0]LogFileCache: Scanning file cache for directory 'C:/Users/Yaz/Documents/GitHub/PTSD-Project/PTSD/Content/Collections/' took 0.01s
[2017.04.03-19.33.34:108][  0]LogCollectionManager: Rebuilt the GUID cache for 0 collections in 0.000008 seconds
[2017.04.03-19.33.34:127][  0]LogContentBrowser: Native class hierarchy populated in 0.0169 seconds. Added 2245 classes and 453 folders.
[2017.04.03-19.33.34:160][  0]LogStats: UGameplayTagsManager::ConstructGameplayTagTree: Construct from data asset -  0.000 s
[2017.04.03-19.33.34:162][  0]LogStats: UGameplayTagsManager::ConstructGameplayTagTree: GameplayTagTreeChangedEvent.Broadcast -  0.000 s
[2017.04.03-19.33.34:269][  0]LogContentBrowser: Native class hierarchy updated for 'WidgetCarousel' in 0.0008 seconds. Added 0 classes and 0 folders.
[2017.04.03-19.33.34:713][  0]LogContentBrowser: Native class hierarchy updated for 'AddContentDialog' in 0.0007 seconds. Added 0 classes and 0 folders.
[2017.04.03-19.33.34:776][  0]LogContentBrowser: Native class hierarchy updated for 'SceneOutliner' in 0.0006 seconds. Added 1 classes and 2 folders.
[2017.04.03-19.33.34:852][  0]LogContentBrowser: Native class hierarchy updated for 'WorldBrowser' in 0.0008 seconds. Added 1 classes and 3 folders.
[2017.04.03-19.33.35:080][  0]LogCrashTracker: Crashtracker disabled due to settings.
[2017.04.03-19.33.35:093][  0]LogUObjectGlobals:Warning: Failed to find object 'Class None.'
[2017.04.03-19.33.35:187][  0]LogContentBrowser: Native class hierarchy updated for 'HierarchicalLODOutliner' in 0.0008 seconds. Added 1 classes and 2 folders.
[2017.04.03-19.33.35:187][  0]LogLoad: (Engine Initialization) Total time: 31.52 seconds
[2017.04.03-19.33.35:187][  0]LogLoad: (Engine Initialization) Total Blueprint compile time: 0.17 seconds
[2017.04.03-19.33.35:187][  0]LogExternalProfiler: Found external profiler: VSPerf
[2017.04.03-19.33.35:188][  0]LogExternalProfiler: Using external profiler: VSPerf
[2017.04.03-19.33.35:206][  0]LogOcInput: OculusInput pre-init called
[2017.04.03-19.33.35:232][  0]LogContentStreaming: Texture pool size now 1000 MB
[2017.04.03-19.33.35:242][  0]LogSlate: Took 0.005788 seconds to synchronously load lazily loaded font '../../../Engine/Content/Slate/Fonts/Roboto-Regular.ttf' (155K)
[2017.04.03-19.33.35:252][  0]LogSlate: Took 0.004799 seconds to synchronously load lazily loaded font '../../../Engine/Content/Slate/Fonts/Roboto-Bold.ttf' (160K)
[2017.04.03-19.33.35:264][  0]LogSlate: Took 0.005244 seconds to synchronously load lazily loaded font '../../../Engine/Content/Editor/Slate/Fonts/FontAwesome.ttf' (139K)
[2017.04.03-19.33.35:391][  0]LogSlate: Took 0.004402 seconds to synchronously load lazily loaded font '../../../Engine/Content/Slate/Fonts/Roboto-Light.ttf' (159K)
[2017.04.03-19.33.35:439][  0]LogRenderer: Reallocating scene render targets to support 672x164 NumSamples 1 (Frame:2).
[2017.04.03-19.33.35:747][  1]LogAssetRegistry: Asset discovery search completed in 15.4374 seconds
[2017.04.03-19.33.35:749][  1]LogCollectionManager: Rebuilt the object cache for 0 collections in 0.000008 seconds (found 0 objects)
[2017.04.03-19.33.35:749][  1]LogCollectionManager: Fixed up redirectors for 0 collections in 0.002121 seconds (updated 0 objects)
[2017.04.03-19.33.41:844][358]LogSlate: Took 0.000159 seconds to synchronously load lazily loaded font '../../../Engine/Content/Slate/Fonts/Roboto-Light.ttf' (159K)
[2017.04.03-19.33.41:931][358]LogMaterial: Missing cached shader map for material Wall_MM, compiling. 
[2017.04.03-19.33.41:932][358]LogTemp:Display: Added material ShaderMap 0x00000126B7C48F00 with Material 0x00000126B7C55300 to ShaderMapsBeingCompiled
[2017.04.03-19.33.41:952][358]LogTemp:Display: Kicking off shader compilation for Wall_MM, GameThreadShaderMap 0x00000126B7C48F00
[2017.04.03-19.33.42:077][358]LogMaterial: Missing cached shader map for material Wall_MM, compiling. 
[2017.04.03-19.33.42:078][358]LogTemp:Display: Added material ShaderMap 0x00000126D222E080 with Material 0x00000126B7C55300 to ShaderMapsBeingCompiled
[2017.04.03-19.33.42:088][358]LogTemp:Display: Kicking off shader compilation for Wall_MM, GameThreadShaderMap 0x00000126D222E080
[2017.04.03-19.33.42:089][358]LogMaterial: 0.00 seconds spent updating 1 materials, 1 interfaces, 0 instances, 0 with static permutations.
[2017.04.03-19.33.42:116][358]LogMaterial: Missing cached shader map for material FMatExpressionPreview MaterialExpressionVectorParameter_0, compiling. 
[2017.04.03-19.33.42:117][358]LogTemp:Display: Added material ShaderMap 0x00000126D2166E80 with Material 0x00000126D21EFA00 to ShaderMapsBeingCompiled
[2017.04.03-19.33.42:120][358]LogTemp:Display: Kicking off shader compilation for FMatExpressionPreview MaterialExpressionVectorParameter_0, GameThreadShaderMap 0x00000126D2166E80
[2017.04.03-19.33.42:123][358]LogMaterial: Missing cached shader map for material FMatExpressionPreview MaterialExpressionTextureSampleParameter2D_0, compiling. 
[2017.04.03-19.33.42:124][358]LogTemp:Display: Added material ShaderMap 0x00000126D2165980 with Material 0x00000126D21ED600 to ShaderMapsBeingCompiled
[2017.04.03-19.33.42:128][358]LogTemp:Display: Kicking off shader compilation for FMatExpressionPreview MaterialExpressionTextureSampleParameter2D_0, GameThreadShaderMap 0x00000126D2165980
[2017.04.03-19.33.42:131][358]LogMaterial: Missing cached shader map for material FMatExpressionPreview MaterialExpressionTextureSample_0, compiling. 
[2017.04.03-19.33.42:132][358]LogTemp:Display: Added material ShaderMap 0x00000126D2164100 with Material 0x00000126D21ECD00 to ShaderMapsBeingCompiled
[2017.04.03-19.33.42:136][358]LogTemp:Display: Kicking off shader compilation for FMatExpressionPreview MaterialExpressionTextureSample_0, GameThreadShaderMap 0x00000126D2164100
[2017.04.03-19.33.42:158][358]LogRenderer: Reallocating scene render targets to support 672x256 NumSamples 1 (Frame:344).
[2017.04.03-19.33.42:158][358]LogSlate: Took 0.010330 seconds to synchronously load lazily loaded font '../../../Engine/Content/Editor/Slate/Fonts/Roboto-BoldCondensed.ttf' (158K)
[2017.04.03-19.33.42:643][362]LogSlate: Took 0.018501 seconds to synchronously load lazily loaded font '../../../Engine/Content/Editor/Slate/Fonts/Roboto-Italic.ttf' (157K)
[2017.04.03-19.33.43:973][395]LogRenderer: Reallocating scene render targets to support 672x276 NumSamples 1 (Frame:427).
[2017.04.03-19.33.46:997][497]LogTemp:Display: Finished compile of shader map 0x00000126D222E080
[2017.04.03-19.33.46:997][497]LogTemp:Display: Shader map Wall_MM complete, GameThreadShaderMap 0x00000126D222E080, marking material Wall_MM as finished
[2017.04.03-19.33.46:997][497]LogTemp:Display: Marking material as finished 0x00000126B7C55300
[2017.04.03-19.33.47:025][498]MaterialEditorStats: Info Base pass shader with only dynamic lighting: 88 instructions
[2017.04.03-19.33.47:025][498]MaterialEditorStats: Info Vertex shader: 31 instructions
[2017.04.03-19.33.47:025][498]MaterialEditorStats: Info Texture samplers: 3/16
[2017.04.03-19.33.47:578][516]LogTemp:Display: Finished compile of shader map 0x00000126D2166E80
[2017.04.03-19.33.47:578][516]LogTemp:Display: Shader map FMatExpressionPreview MaterialExpressionVectorParameter_0 complete, GameThreadShaderMap 0x00000126D2166E80, marking material FMatExpressionPreview MaterialExpressionVectorParameter_0 as finished
[2017.04.03-19.33.47:578][516]LogTemp:Display: Marking material as finished 0x00000126D21EFA00
[2017.04.03-19.33.48:223][537]LogTemp:Display: Finished compile of shader map 0x00000126D2165980
[2017.04.03-19.33.48:223][537]LogTemp:Display: Shader map FMatExpressionPreview MaterialExpressionTextureSampleParameter2D_0 complete, GameThreadShaderMap 0x00000126D2165980, marking material FMatExpressionPreview MaterialExpressionTextureSampleParameter2D_0 as finished
[2017.04.03-19.33.48:223][537]LogTemp:Display: Marking material as finished 0x00000126D21ED600
[2017.04.03-19.33.48:516][546]LogTemp:Display: Finished compile of shader map 0x00000126D2164100
[2017.04.03-19.33.48:516][546]LogTemp:Display: Shader map FMatExpressionPreview MaterialExpressionTextureSample_0 complete, GameThreadShaderMap 0x00000126D2164100, marking material FMatExpressionPreview MaterialExpressionTextureSample_0 as finished
[2017.04.03-19.33.48:516][546]LogTemp:Display: Marking material as finished 0x00000126D21ECD00
[2017.04.03-19.34.07:680][169]LogMaterial: Missing cached shader map for material FMatExpressionPreview MaterialExpressionVectorParameter_0, compiling. 
[2017.04.03-19.34.07:681][169]LogTemp:Display: Added material ShaderMap 0x00000126D2122E80 with Material 0x00000126D23A4700 to ShaderMapsBeingCompiled
[2017.04.03-19.34.07:683][169]LogTemp:Display: Kicking off shader compilation for FMatExpressionPreview MaterialExpressionVectorParameter_0, GameThreadShaderMap 0x00000126D2122E80
[2017.04.03-19.34.07:687][169]LogMaterial: Missing cached shader map for material Wall_MM, compiling. 
[2017.04.03-19.34.07:688][169]LogTemp:Display: Added material ShaderMap 0x00000126D2121D00 with Material 0x00000126B7C55300 to ShaderMapsBeingCompiled
[2017.04.03-19.34.07:700][169]LogTemp:Display: Kicking off shader compilation for Wall_MM, GameThreadShaderMap 0x00000126D2121D00
[2017.04.03-19.34.07:700][169]LogMaterial: 0.00 seconds spent updating 1 materials, 1 interfaces, 0 instances, 0 with static permutations.
[2017.04.03-19.34.07:707][169]LogTemp:Display: Removed shader map 0x00000126D2122E80 from material 0x00000126D23A4700
[2017.04.03-19.34.07:731][169]LogMaterial: Missing cached shader map for material FMatExpressionPreview MaterialExpressionVectorParameter_0, compiling. 
[2017.04.03-19.34.07:732][169]LogTemp:Display: Added material ShaderMap 0x00000126E6EC8100 with Material 0x00000126EBCC7D00 to ShaderMapsBeingCompiled
[2017.04.03-19.34.07:736][169]LogTemp:Display: Kicking off shader compilation for FMatExpressionPreview MaterialExpressionVectorParameter_0, GameThreadShaderMap 0x00000126E6EC8100
[2017.04.03-19.34.09:242][212]LogTemp:Display: Finished compile of shader map 0x00000126D2122E80
[2017.04.03-19.34.10:376][243]LogTemp:Display: Removed shader map 0x00000126E6EC8100 from material 0x00000126EBCC7D00
[2017.04.03-19.34.10:404][243]LogMaterial: Missing cached shader map for material FMatExpressionPreview MaterialExpressionVectorParameter_0, compiling. 
[2017.04.03-19.34.10:406][243]LogTemp:Display: Added material ShaderMap 0x00000126EC786E80 with Material 0x00000126EC76F100 to ShaderMapsBeingCompiled
[2017.04.03-19.34.10:411][243]LogTemp:Display: Kicking off shader compilation for FMatExpressionPreview MaterialExpressionVectorParameter_0, GameThreadShaderMap 0x00000126EC786E80
[2017.04.03-19.34.10:454][244]LogMaterial: Missing cached shader map for material Wall_MM, compiling. 
[2017.04.03-19.34.10:456][244]LogTemp:Display: Added material ShaderMap 0x00000126EC784F00 with Material 0x00000126B7C55300 to ShaderMapsBeingCompiled
[2017.04.03-19.34.10:477][244]LogTemp:Display: Kicking off shader compilation for Wall_MM, GameThreadShaderMap 0x00000126EC784F00
[2017.04.03-19.34.10:477][244]LogMaterial: 0.00 seconds spent updating 1 materials, 1 interfaces, 0 instances, 0 with static permutations.
[2017.04.03-19.34.10:481][244]LogTemp:Display: Removed shader map 0x00000126EC786E80 from material 0x00000126EC76F100
[2017.04.03-19.34.10:506][244]LogMaterial: Missing cached shader map for material FMatExpressionPreview MaterialExpressionVectorParameter_0, compiling. 
[2017.04.03-19.34.10:507][244]LogTemp:Display: Added material ShaderMap 0x00000126EC734800 with Material 0x00000126B878D600 to ShaderMapsBeingCompiled
[2017.04.03-19.34.10:511][244]LogTemp:Display: Kicking off shader compilation for FMatExpressionPreview MaterialExpressionVectorParameter_0, GameThreadShaderMap 0x00000126EC734800
[2017.04.03-19.34.11:190][264]LogTemp:Display: Finished compile of shader map 0x00000126D2121D00
[2017.04.03-19.34.11:190][264]LogTemp:Display: Shader map Wall_MM complete, GameThreadShaderMap 0x00000126D2121D00, marking material Wall_MM as finished
[2017.04.03-19.34.11:190][264]LogTemp:Display: Marking material as finished 0x00000126B7C55300
[2017.04.03-19.34.11:440][270]LogTemp:Display: Removed shader map 0x00000126EC734800 from material 0x00000126B878D600
[2017.04.03-19.34.11:469][270]LogMaterial: Missing cached shader map for material FMatExpressionPreview MaterialExpressionVectorParameter_0, compiling. 
[2017.04.03-19.34.11:470][270]LogTemp:Display: Added material ShaderMap 0x00000126E6EA5600 with Material 0x00000126D21EFA00 to ShaderMapsBeingCompiled
[2017.04.03-19.34.11:475][270]LogTemp:Display: Kicking off shader compilation for FMatExpressionPreview MaterialExpressionVectorParameter_0, GameThreadShaderMap 0x00000126E6EA5600
[2017.04.03-19.34.11:801][286]LogTemp:Display: Removed shader map 0x00000126E6EA5600 from material 0x00000126D21EFA00
[2017.04.03-19.34.11:828][286]LogMaterial: Missing cached shader map for material FMatExpressionPreview MaterialExpressionVectorParameter_0, compiling. 
[2017.04.03-19.34.11:829][286]LogTemp:Display: Added material ShaderMap 0x00000126D2028480 with Material 0x00000126E708E200 to ShaderMapsBeingCompiled
[2017.04.03-19.34.11:834][286]LogTemp:Display: Kicking off shader compilation for FMatExpressionPreview MaterialExpressionVectorParameter_0, GameThreadShaderMap 0x00000126D2028480
[2017.04.03-19.34.11:841][286]LogTemp:Display: Removed shader map 0x00000126D2028480 from material 0x00000126E708E200
[2017.04.03-19.34.11:866][286]LogMaterial: Missing cached shader map for material FMatExpressionPreview MaterialExpressionVectorParameter_0, compiling. 
[2017.04.03-19.34.11:867][286]LogTemp:Display: Added material ShaderMap 0x00000126D2120480 with Material 0x00000126B878D000 to ShaderMapsBeingCompiled
[2017.04.03-19.34.11:871][286]LogTemp:Display: Kicking off shader compilation for FMatExpressionPreview MaterialExpressionVectorParameter_0, GameThreadShaderMap 0x00000126D2120480
[2017.04.03-19.34.11:873][286]LogTemp:Display: Removed shader map 0x00000126D2120480 from material 0x00000126B878D000
[2017.04.03-19.34.11:897][286]LogMaterial: Missing cached shader map for material FMatExpressionPreview MaterialExpressionVectorParameter_0, compiling. 
[2017.04.03-19.34.11:898][286]LogTemp:Display: Added material ShaderMap 0x00000126EC785280 with Material 0x00000126B878D000 to ShaderMapsBeingCompiled
[2017.04.03-19.34.11:902][286]LogTemp:Display: Kicking off shader compilation for FMatExpressionPreview MaterialExpressionVectorParameter_0, GameThreadShaderMap 0x00000126EC785280
[2017.04.03-19.34.11:940][287]LogTemp:Display: Removed shader map 0x00000126EC785280 from material 0x00000126B878D000
[2017.04.03-19.34.11:974][287]LogMaterial: Missing cached shader map for material FMatExpressionPreview MaterialExpressionVectorParameter_0, compiling. 
[2017.04.03-19.34.11:975][287]LogTemp:Display: Added material ShaderMap 0x00000126EC784100 with Material 0x00000126D23A4700 to ShaderMapsBeingCompiled
[2017.04.03-19.34.11:979][287]LogTemp:Display: Kicking off shader compilation for FMatExpressionPreview MaterialExpressionVectorParameter_0, GameThreadShaderMap 0x00000126EC784100
[2017.04.03-19.34.12:070][291]LogTemp:Display: Removed shader map 0x00000126EC784100 from material 0x00000126D23A4700
[2017.04.03-19.34.12:095][291]LogMaterial: Missing cached shader map for material FMatExpressionPreview MaterialExpressionVectorParameter_0, compiling. 
[2017.04.03-19.34.12:097][291]LogTemp:Display: Added material ShaderMap 0x00000126E711E780 with Material 0x00000126E708F700 to ShaderMapsBeingCompiled
[2017.04.03-19.34.12:102][291]LogTemp:Display: Kicking off shader compilation for FMatExpressionPreview MaterialExpressionVectorParameter_0, GameThreadShaderMap 0x00000126E711E780
[2017.04.03-19.34.12:109][291]LogTemp:Display: Removed shader map 0x00000126E711E780 from material 0x00000126E708F700
[2017.04.03-19.34.12:133][291]LogMaterial: Missing cached shader map for material FMatExpressionPreview MaterialExpressionVectorParameter_0, compiling. 
[2017.04.03-19.34.12:135][291]LogTemp:Display: Added material ShaderMap 0x00000126E711D280 with Material 0x00000126E708F700 to ShaderMapsBeingCompiled
[2017.04.03-19.34.12:139][291]LogTemp:Display: Kicking off shader compilation for FMatExpressionPreview MaterialExpressionVectorParameter_0, GameThreadShaderMap 0x00000126E711D280
[2017.04.03-19.34.12:141][291]LogTemp:Display: Removed shader map 0x00000126E711D280 from material 0x00000126E708F700
[2017.04.03-19.34.12:166][291]LogMaterial: Missing cached shader map for material FMatExpressionPreview MaterialExpressionVectorParameter_0, compiling. 
[2017.04.03-19.34.12:167][291]LogTemp:Display: Added material ShaderMap 0x00000126E22E7C80 with Material 0x00000126E708F700 to ShaderMapsBeingCompiled
[2017.04.03-19.34.12:172][291]LogTemp:Display: Kicking off shader compilation for FMatExpressionPreview MaterialExpressionVectorParameter_0, GameThreadShaderMap 0x00000126E22E7C80
[2017.04.03-19.34.12:180][291]LogTemp:Display: Removed shader map 0x00000126E22E7C80 from material 0x00000126E708F700
[2017.04.03-19.34.12:204][291]LogMaterial: Missing cached shader map for material FMatExpressionPreview MaterialExpressionVectorParameter_0, compiling. 
[2017.04.03-19.34.12:206][291]LogTemp:Display: Added material ShaderMap 0x00000126E22E6780 with Material 0x00000126E708F700 to ShaderMapsBeingCompiled
[2017.04.03-19.34.12:210][291]LogTemp:Display: Kicking off shader compilation for FMatExpressionPreview MaterialExpressionVectorParameter_0, GameThreadShaderMap 0x00000126E22E6780
[2017.04.03-19.34.12:212][291]LogTemp:Display: Removed shader map 0x00000126E22E6780 from material 0x00000126E708F700
[2017.04.03-19.34.12:237][291]LogMaterial: Missing cached shader map for material FMatExpressionPreview MaterialExpressionVectorParameter_0, compiling. 
[2017.04.03-19.34.12:238][291]LogTemp:Display: Added material ShaderMap 0x00000126E22E5280 with Material 0x00000126E708F700 to ShaderMapsBeingCompiled
[2017.04.03-19.34.12:242][291]LogTemp:Display: Kicking off shader compilation for FMatExpressionPreview MaterialExpressionVectorParameter_0, GameThreadShaderMap 0x00000126E22E5280
[2017.04.03-19.34.12:244][291]LogTemp:Display: Removed shader map 0x00000126E22E5280 from material 0x00000126E708F700
[2017.04.03-19.34.12:269][291]LogMaterial: Missing cached shader map for material FMatExpressionPreview MaterialExpressionVectorParameter_0, compiling. 
[2017.04.03-19.34.12:270][291]LogTemp:Display: Added material ShaderMap 0x00000126E2287C80 with Material 0x00000126CC1C8400 to ShaderMapsBeingCompiled
[2017.04.03-19.34.12:274][291]LogTemp:Display: Kicking off shader compilation for FMatExpressionPreview MaterialExpressionVectorParameter_0, GameThreadShaderMap 0x00000126E2287C80
[2017.04.03-19.34.12:276][291]LogTemp:Display: Removed shader map 0x00000126E2287C80 from material 0x00000126CC1C8400
[2017.04.03-19.34.12:300][291]LogMaterial: Missing cached shader map for material FMatExpressionPreview MaterialExpressionVectorParameter_0, compiling. 
[2017.04.03-19.34.12:302][291]LogTemp:Display: Added material ShaderMap 0x00000126E2286780 with Material 0x00000126CC1C8400 to ShaderMapsBeingCompiled
[2017.04.03-19.34.12:307][291]LogTemp:Display: Kicking off shader compilation for FMatExpressionPreview MaterialExpressionVectorParameter_0, GameThreadShaderMap 0x00000126E2286780
[2017.04.03-19.34.12:530][302]LogTemp:Display: Removed shader map 0x00000126E2286780 from material 0x00000126CC1C8400
[2017.04.03-19.34.12:558][302]LogMaterial: Missing cached shader map for material FMatExpressionPreview MaterialExpressionVectorParameter_0, compiling. 
[2017.04.03-19.34.12:559][302]LogTemp:Display: Added material ShaderMap 0x00000126E2284B80 with Material 0x00000126E6EACD00 to ShaderMapsBeingCompiled
[2017.04.03-19.34.12:563][302]LogTemp:Display: Kicking off shader compilation for FMatExpressionPreview MaterialExpressionVectorParameter_0, GameThreadShaderMap 0x00000126E2284B80
[2017.04.03-19.34.12:655][306]LogTemp:Display: Removed shader map 0x00000126E2284B80 from material 0x00000126E6EACD00
[2017.04.03-19.34.12:684][306]LogMaterial: Missing cached shader map for material FMatExpressionPreview MaterialExpressionVectorParameter_0, compiling. 
[2017.04.03-19.34.12:685][306]LogTemp:Display: Added material ShaderMap 0x00000126E2213580 with Material 0x00000126E6EACD00 to ShaderMapsBeingCompiled
[2017.04.03-19.34.12:690][306]LogTemp:Display: Kicking off shader compilation for FMatExpressionPreview MaterialExpressionVectorParameter_0, GameThreadShaderMap 0x00000126E2213580
[2017.04.03-19.34.12:820][312]LogTemp:Display: Removed shader map 0x00000126E2213580 from material 0x00000126E6EACD00
[2017.04.03-19.34.12:848][312]LogMaterial: Missing cached shader map for material FMatExpressionPreview MaterialExpressionVectorParameter_0, compiling. 
[2017.04.03-19.34.12:850][312]LogTemp:Display: Added material ShaderMap 0x00000126E2212080 with Material 0x00000126E708DC00 to ShaderMapsBeingCompiled
[2017.04.03-19.34.12:854][312]LogTemp:Display: Kicking off shader compilation for FMatExpressionPreview MaterialExpressionVectorParameter_0, GameThreadShaderMap 0x00000126E2212080
[2017.04.03-19.34.12:859][312]LogMaterial: Missing cached shader map for material Wall_MM, compiling. 
[2017.04.03-19.34.12:861][312]LogTemp:Display: Added material ShaderMap 0x00000126E2210B80 with Material 0x00000126B7C55300 to ShaderMapsBeingCompiled
[2017.04.03-19.34.12:879][312]LogTemp:Display: Kicking off shader compilation for Wall_MM, GameThreadShaderMap 0x00000126E2210B80
[2017.04.03-19.34.12:879][312]LogMaterial: 0.00 seconds spent updating 1 materials, 1 interfaces, 0 instances, 0 with static permutations.
[2017.04.03-19.34.12:885][312]LogTemp:Display: Removed shader map 0x00000126E2212080 from material 0x00000126E708DC00
[2017.04.03-19.34.12:909][312]LogMaterial: Missing cached shader map for material FMatExpressionPreview MaterialExpressionVectorParameter_0, compiling. 
[2017.04.03-19.34.12:911][312]LogTemp:Display: Added material ShaderMap 0x00000126E2EBE400 with Material 0x00000126E2EEBA00 to ShaderMapsBeingCompiled
[2017.04.03-19.34.12:914][312]LogTemp:Display: Kicking off shader compilation for FMatExpressionPreview MaterialExpressionVectorParameter_0, GameThreadShaderMap 0x00000126E2EBE400
[2017.04.03-19.34.13:417][326]LogTemp:Display: Removed shader map 0x00000126E2EBE400 from material 0x00000126E2EEBA00
[2017.04.03-19.34.13:443][326]LogMaterial: Missing cached shader map for material FMatExpressionPreview MaterialExpressionVectorParameter_0, compiling. 
[2017.04.03-19.34.13:445][326]LogTemp:Display: Added material ShaderMap 0x00000126E6EA5980 with Material 0x00000126E2EEBA00 to ShaderMapsBeingCompiled
[2017.04.03-19.34.13:449][326]LogTemp:Display: Kicking off shader compilation for FMatExpressionPreview MaterialExpressionVectorParameter_0, GameThreadShaderMap 0x00000126E6EA5980
[2017.04.03-19.34.13:456][326]LogTemp:Display: Removed shader map 0x00000126E6EA5980 from material 0x00000126E2EEBA00
[2017.04.03-19.34.13:480][326]LogMaterial: Missing cached shader map for material FMatExpressionPreview MaterialExpressionVectorParameter_0, compiling. 
[2017.04.03-19.34.13:481][326]LogTemp:Display: Added material ShaderMap 0x00000126E2E1B580 with Material 0x00000126E2EEBA00 to ShaderMapsBeingCompiled
[2017.04.03-19.34.13:485][326]LogTemp:Display: Kicking off shader compilation for FMatExpressionPreview MaterialExpressionVectorParameter_0, GameThreadShaderMap 0x00000126E2E1B580
[2017.04.03-19.34.13:488][326]LogTemp:Display: Removed shader map 0x00000126E2E1B580 from material 0x00000126E2EEBA00
[2017.04.03-19.34.13:513][326]LogMaterial: Missing cached shader map for material FMatExpressionPreview MaterialExpressionVectorParameter_0, compiling. 
[2017.04.03-19.34.13:515][326]LogTemp:Display: Added material ShaderMap 0x00000126E2E1A080 with Material 0x00000126E2EEBA00 to ShaderMapsBeingCompiled
[2017.04.03-19.34.13:519][326]LogTemp:Display: Kicking off shader compilation for FMatExpressionPreview MaterialExpressionVectorParameter_0, GameThreadShaderMap 0x00000126E2E1A080
[2017.04.03-19.34.13:527][326]LogTemp:Display: Removed shader map 0x00000126E2E1A080 from material 0x00000126E2EEBA00
[2017.04.03-19.34.13:552][326]LogMaterial: Missing cached shader map for material FMatExpressionPreview MaterialExpressionVectorParameter_0, compiling. 
[2017.04.03-19.34.13:553][326]LogTemp:Display: Added material ShaderMap 0x00000126E2E18B80 with Material 0x00000126B878D000 to ShaderMapsBeingCompiled
[2017.04.03-19.34.13:557][326]LogTemp:Display: Kicking off shader compilation for FMatExpressionPreview MaterialExpressionVectorParameter_0, GameThreadShaderMap 0x00000126E2E18B80
[2017.04.03-19.34.13:560][326]LogTemp:Display: Removed shader map 0x00000126E2E18B80 from material 0x00000126B878D000
[2017.04.03-19.34.13:584][326]LogMaterial: Missing cached shader map for material FMatExpressionPreview MaterialExpressionVectorParameter_0, compiling. 
[2017.04.03-19.34.13:586][326]LogTemp:Display: Added material ShaderMap 0x00000126E2DB7580 with Material 0x00000126B878D000 to ShaderMapsBeingCompiled
[2017.04.03-19.34.13:590][326]LogTemp:Display: Kicking off shader compilation for FMatExpressionPreview MaterialExpressionVectorParameter_0, GameThreadShaderMap 0x00000126E2DB7580
[2017.04.03-19.34.13:598][326]LogTemp:Display: Removed shader map 0x00000126E2DB7580 from material 0x00000126B878D000
[2017.04.03-19.34.13:623][326]LogMaterial: Missing cached shader map for material FMatExpressionPreview MaterialExpressionVectorParameter_0, compiling. 
[2017.04.03-19.34.13:625][326]LogTemp:Display: Added material ShaderMap 0x00000126E2DB6080 with Material 0x00000126E2EE9C00 to ShaderMapsBeingCompiled
[2017.04.03-19.34.13:629][326]LogTemp:Display: Kicking off shader compilation for FMatExpressionPreview MaterialExpressionVectorParameter_0, GameThreadShaderMap 0x00000126E2DB6080
[2017.04.03-19.34.13:637][326]LogTemp:Display: Removed shader map 0x00000126E2DB6080 from material 0x00000126E2EE9C00
[2017.04.03-19.34.13:661][326]LogMaterial: Missing cached shader map for material FMatExpressionPreview MaterialExpressionVectorParameter_0, compiling. 
[2017.04.03-19.34.13:662][326]LogTemp:Display: Added material ShaderMap 0x00000126E2DB4B80 with Material 0x00000126E2EE9C00 to ShaderMapsBeingCompiled
[2017.04.03-19.34.13:666][326]LogTemp:Display: Kicking off shader compilation for FMatExpressionPreview MaterialExpressionVectorParameter_0, GameThreadShaderMap 0x00000126E2DB4B80
[2017.04.03-19.34.13:667][326]LogTemp:Display: Finished compile of shader map 0x00000126EC784F00
[2017.04.03-19.34.13:667][326]LogTemp:Display: Shader map Wall_MM complete, GameThreadShaderMap 0x00000126EC784F00, marking material Wall_MM as finished
[2017.04.03-19.34.13:667][326]LogTemp:Display: Marking material as finished 0x00000126B7C55300
[2017.04.03-19.34.14:221][354]LogTemp:Display: Removed shader map 0x00000126E2DB4B80 from material 0x00000126E2EE9C00
[2017.04.03-19.34.14:249][354]LogMaterial: Missing cached shader map for material FMatExpressionPreview MaterialExpressionVectorParameter_0, compiling. 
[2017.04.03-19.34.14:250][354]LogTemp:Display: Added material ShaderMap 0x00000126E2D4F580 with Material 0x00000126EC76E200 to ShaderMapsBeingCompiled
[2017.04.03-19.34.14:254][354]LogTemp:Display: Kicking off shader compilation for FMatExpressionPreview MaterialExpressionVectorParameter_0, GameThreadShaderMap 0x00000126E2D4F580
[2017.04.03-19.34.14:259][354]LogTemp:Display: Removed shader map 0x00000126E2D4F580 from material 0x00000126EC76E200
[2017.04.03-19.34.14:284][354]LogMaterial: Missing cached shader map for material FMatExpressionPreview MaterialExpressionVectorParameter_0, compiling. 
[2017.04.03-19.34.14:286][354]LogTemp:Display: Added material ShaderMap 0x00000126E2D4D980 with Material 0x00000126EC76E200 to ShaderMapsBeingCompiled
[2017.04.03-19.34.14:290][354]LogTemp:Display: Kicking off shader compilation for FMatExpressionPreview MaterialExpressionVectorParameter_0, GameThreadShaderMap 0x00000126E2D4D980
[2017.04.03-19.34.14:298][354]LogTemp:Display: Removed shader map 0x00000126E2D4D980 from material 0x00000126EC76E200
[2017.04.03-19.34.14:324][354]LogMaterial: Missing cached shader map for material FMatExpressionPreview MaterialExpressionVectorParameter_0, compiling. 
[2017.04.03-19.34.14:325][354]LogTemp:Display: Added material ShaderMap 0x00000126E2D4C480 with Material 0x00000126EC76E200 to ShaderMapsBeingCompiled
[2017.04.03-19.34.14:329][354]LogTemp:Display: Kicking off shader compilation for FMatExpressionPreview MaterialExpressionVectorParameter_0, GameThreadShaderMap 0x00000126E2D4C480
[2017.04.03-19.34.14:337][354]LogTemp:Display: Removed shader map 0x00000126E2D4C480 from material 0x00000126EC76E200
[2017.04.03-19.34.14:362][354]LogMaterial: Missing cached shader map for material FMatExpressionPreview MaterialExpressionVectorParameter_0, compiling. 
[2017.04.03-19.34.14:363][354]LogTemp:Display: Added material ShaderMap 0x00000126EC787C80 with Material 0x00000126EC76E200 to ShaderMapsBeingCompiled
[2017.04.03-19.34.14:367][354]LogTemp:Display: Kicking off shader compilation for FMatExpressionPreview MaterialExpressionVectorParameter_0, GameThreadShaderMap 0x00000126EC787C80
[2017.04.03-19.34.14:375][354]LogTemp:Display: Removed shader map 0x00000126EC787C80 from material 0x00000126EC76E200
[2017.04.03-19.34.14:399][354]LogMaterial: Missing cached shader map for material FMatExpressionPreview MaterialExpressionVectorParameter_0, compiling. 
[2017.04.03-19.34.14:401][354]LogTemp:Display: Added material ShaderMap 0x00000126EC736780 with Material 0x00000126EC76E200 to ShaderMapsBeingCompiled
[2017.04.03-19.34.14:405][354]LogTemp:Display: Kicking off shader compilation for FMatExpressionPreview MaterialExpressionVectorParameter_0, GameThreadShaderMap 0x00000126EC736780
[2017.04.03-19.34.14:407][354]LogTemp:Display: Removed shader map 0x00000126EC736780 from material 0x00000126EC76E200
[2017.04.03-19.34.14:430][354]LogMaterial: Missing cached shader map for material FMatExpressionPreview MaterialExpressionVectorParameter_0, compiling. 
[2017.04.03-19.34.14:432][354]LogTemp:Display: Added material ShaderMap 0x00000126D2120100 with Material 0x00000126EC76E200 to ShaderMapsBeingCompiled
[2017.04.03-19.34.14:436][354]LogTemp:Display: Kicking off shader compilation for FMatExpressionPreview MaterialExpressionVectorParameter_0, GameThreadShaderMap 0x00000126D2120100
[2017.04.03-19.34.14:439][354]LogTemp:Display: Removed shader map 0x00000126D2120100 from material 0x00000126EC76E200
[2017.04.03-19.34.14:462][354]LogMaterial: Missing cached shader map for material FMatExpressionPreview MaterialExpressionVectorParameter_0, compiling. 
[2017.04.03-19.34.14:464][354]LogTemp:Display: Added material ShaderMap 0x00000126D2123200 with Material 0x00000126E2E54100 to ShaderMapsBeingCompiled
[2017.04.03-19.34.14:467][354]LogTemp:Display: Kicking off shader compilation for FMatExpressionPreview MaterialExpressionVectorParameter_0, GameThreadShaderMap 0x00000126D2123200
[2017.04.03-19.34.14:559][358]LogTemp:Display: Removed shader map 0x00000126D2123200 from material 0x00000126E2E54100
[2017.04.03-19.34.14:587][358]LogMaterial: Missing cached shader map for material FMatExpressionPreview MaterialExpressionVectorParameter_0, compiling. 
[2017.04.03-19.34.14:588][358]LogTemp:Display: Added material ShaderMap 0x00000126E2AD2780 with Material 0x00000126E2E3D900 to ShaderMapsBeingCompiled
[2017.04.03-19.34.14:593][358]LogTemp:Display: Kicking off shader compilation for FMatExpressionPreview MaterialExpressionVectorParameter_0, GameThreadShaderMap 0x00000126E2AD2780
[2017.04.03-19.34.14:731][364]LogTemp:Display: Removed shader map 0x00000126E2AD2780 from material 0x00000126E2E3D900
[2017.04.03-19.34.14:756][364]LogMaterial: Missing cached shader map for material FMatExpressionPreview MaterialExpressionVectorParameter_0, compiling. 
[2017.04.03-19.34.14:757][364]LogTemp:Display: Added material ShaderMap 0x00000126E2AD2B00 with Material 0x00000126E2E55000 to ShaderMapsBeingCompiled
[2017.04.03-19.34.14:762][364]LogTemp:Display: Kicking off shader compilation for FMatExpressionPreview MaterialExpressionVectorParameter_0, GameThreadShaderMap 0x00000126E2AD2B00
[2017.04.03-19.34.14:817][366]LogTemp:Display: Removed shader map 0x00000126E2AD2B00 from material 0x00000126E2E55000
[2017.04.03-19.34.14:842][366]LogMaterial: Missing cached shader map for material FMatExpressionPreview MaterialExpressionVectorParameter_0, compiling. 
[2017.04.03-19.34.14:844][366]LogTemp:Display: Added material ShaderMap 0x00000126E2A3F580 with Material 0x00000126E2E3E500 to ShaderMapsBeingCompiled
[2017.04.03-19.34.14:849][366]LogTemp:Display: Kicking off shader compilation for FMatExpressionPreview MaterialExpressionVectorParameter_0, GameThreadShaderMap 0x00000126E2A3F580
[2017.04.03-19.34.14:902][368]LogTemp:Display: Removed shader map 0x00000126E2A3F580 from material 0x00000126E2E3E500
[2017.04.03-19.34.14:927][368]LogMaterial: Missing cached shader map for material FMatExpressionPreview MaterialExpressionVectorParameter_0, compiling. 
[2017.04.03-19.34.14:929][368]LogTemp:Display: Added material ShaderMap 0x00000126E2A3D980 with Material 0x00000126E2E54D00 to ShaderMapsBeingCompiled
[2017.04.03-19.34.14:933][368]LogTemp:Display: Kicking off shader compilation for FMatExpressionPreview MaterialExpressionVectorParameter_0, GameThreadShaderMap 0x00000126E2A3D980
[2017.04.03-19.34.14:942][368]LogTemp:Display: Removed shader map 0x00000126E2A3D980 from material 0x00000126E2E54D00
[2017.04.03-19.34.14:967][368]LogMaterial: Missing cached shader map for material FMatExpressionPreview MaterialExpressionVectorParameter_0, compiling. 
[2017.04.03-19.34.14:968][368]LogTemp:Display: Added material ShaderMap 0x00000126E2A3C480 with Material 0x00000126E2E3D300 to ShaderMapsBeingCompiled
[2017.04.03-19.34.14:972][368]LogTemp:Display: Kicking off shader compilation for FMatExpressionPreview MaterialExpressionVectorParameter_0, GameThreadShaderMap 0x00000126E2A3C480
[2017.04.03-19.34.15:014][369]LogTemp:Display: Removed shader map 0x00000126E2A3C480 from material 0x00000126E2E3D300
[2017.04.03-19.34.15:040][369]LogMaterial: Missing cached shader map for material FMatExpressionPreview MaterialExpressionVectorParameter_0, compiling. 
[2017.04.03-19.34.15:042][369]LogTemp:Display: Added material ShaderMap 0x00000126E29AE780 with Material 0x00000126E2A15000 to ShaderMapsBeingCompiled
[2017.04.03-19.34.15:046][369]LogTemp:Display: Kicking off shader compilation for FMatExpressionPreview MaterialExpressionVectorParameter_0, GameThreadShaderMap 0x00000126E29AE780
[2017.04.03-19.34.15:052][369]LogTemp:Display: Removed shader map 0x00000126E29AE780 from material 0x00000126E2A15000
[2017.04.03-19.34.15:077][369]LogMaterial: Missing cached shader map for material FMatExpressionPreview MaterialExpressionVectorParameter_0, compiling. 
[2017.04.03-19.34.15:078][369]LogTemp:Display: Added material ShaderMap 0x00000126E29AD280 with Material 0x00000126E2A15000 to ShaderMapsBeingCompiled
[2017.04.03-19.34.15:082][369]LogTemp:Display: Kicking off shader compilation for FMatExpressionPreview MaterialExpressionVectorParameter_0, GameThreadShaderMap 0x00000126E29AD280
[2017.04.03-19.34.15:085][369]LogTemp:Display: Removed shader map 0x00000126E29AD280 from material 0x00000126E2A15000
[2017.04.03-19.34.15:108][369]LogMaterial: Missing cached shader map for material FMatExpressionPreview MaterialExpressionVectorParameter_0, compiling. 
[2017.04.03-19.34.15:110][369]LogTemp:Display: Added material ShaderMap 0x00000126E2933C80 with Material 0x00000126E2E57700 to ShaderMapsBeingCompiled
[2017.04.03-19.34.15:114][369]LogTemp:Display: Kicking off shader compilation for FMatExpressionPreview MaterialExpressionVectorParameter_0, GameThreadShaderMap 0x00000126E2933C80
[2017.04.03-19.34.15:117][369]LogTemp:Display: Removed shader map 0x00000126E2933C80 from material 0x00000126E2E57700
[2017.04.03-19.34.15:141][369]LogMaterial: Missing cached shader map for material FMatExpressionPreview MaterialExpressionVectorParameter_0, compiling. 
[2017.04.03-19.34.15:143][369]LogTemp:Display: Added material ShaderMap 0x00000126E2932780 with Material 0x00000126E2E57700 to ShaderMapsBeingCompiled
[2017.04.03-19.34.15:147][369]LogTemp:Display: Kicking off shader compilation for FMatExpressionPreview MaterialExpressionVectorParameter_0, GameThreadShaderMap 0x00000126E2932780
[2017.04.03-19.34.15:149][369]LogTemp:Display: Removed shader map 0x00000126E2932780 from material 0x00000126E2E57700
[2017.04.03-19.34.15:173][369]LogMaterial: Missing cached shader map for material FMatExpressionPreview MaterialExpressionVectorParameter_0, compiling. 
[2017.04.03-19.34.15:174][369]LogTemp:Display: Added material ShaderMap 0x00000126E2931280 with Material 0x00000126E2A16B00 to ShaderMapsBeingCompiled
[2017.04.03-19.34.15:178][369]LogTemp:Display: Kicking off shader compilation for FMatExpressionPreview MaterialExpressionVectorParameter_0, GameThreadShaderMap 0x00000126E2931280
[2017.04.03-19.34.15:247][372]LogTemp:Display: Removed shader map 0x00000126E2931280 from material 0x00000126E2A16B00
[2017.04.03-19.34.15:272][372]LogMaterial: Missing cached shader map for material FMatExpressionPreview MaterialExpressionVectorParameter_0, compiling. 
[2017.04.03-19.34.15:274][372]LogTemp:Display: Added material ShaderMap 0x00000126E26DF580 with Material 0x00000126E2971F00 to ShaderMapsBeingCompiled
[2017.04.03-19.34.15:279][372]LogTemp:Display: Kicking off shader compilation for FMatExpressionPreview MaterialExpressionVectorParameter_0, GameThreadShaderMap 0x00000126E26DF580
[2017.04.03-19.34.15:469][381]LogTemp:Display: Removed shader map 0x00000126E26DF580 from material 0x00000126E2971F00
[2017.04.03-19.34.15:497][381]LogMaterial: Missing cached shader map for material FMatExpressionPreview MaterialExpressionVectorParameter_0, compiling. 
[2017.04.03-19.34.15:499][381]LogTemp:Display: Added material ShaderMap 0x00000126E26DF900 with Material 0x00000126E2971F00 to ShaderMapsBeingCompiled
[2017.04.03-19.34.15:503][381]LogTemp:Display: Kicking off shader compilation for FMatExpressionPreview MaterialExpressionVectorParameter_0, GameThreadShaderMap 0x00000126E26DF900
[2017.04.03-19.34.15:509][381]LogMaterial: Missing cached shader map for material Wall_MM, compiling. 
[2017.04.03-19.34.15:511][381]LogTemp:Display: Added material ShaderMap 0x00000126E26DCB80 with Material 0x00000126B7C55300 to ShaderMapsBeingCompiled
[2017.04.03-19.34.15:528][381]LogTemp:Display: Kicking off shader compilation for Wall_MM, GameThreadShaderMap 0x00000126E26DCB80
[2017.04.03-19.34.15:528][381]LogMaterial: 0.00 seconds spent updating 1 materials, 1 interfaces, 0 instances, 0 with static permutations.
[2017.04.03-19.34.15:534][381]LogTemp:Display: Removed shader map 0x00000126E26DF900 from material 0x00000126E2971F00
[2017.04.03-19.34.15:559][381]LogMaterial: Missing cached shader map for material FMatExpressionPreview MaterialExpressionVectorParameter_0, compiling. 
[2017.04.03-19.34.15:561][381]LogTemp:Display: Added material ShaderMap 0x00000126E25B2400 with Material 0x00000126E2A15600 to ShaderMapsBeingCompiled
[2017.04.03-19.34.15:565][381]LogTemp:Display: Kicking off shader compilation for FMatExpressionPreview MaterialExpressionVectorParameter_0, GameThreadShaderMap 0x00000126E25B2400
[2017.04.03-19.34.16:097][396]LogTemp:Display: Removed shader map 0x00000126E25B2400 from material 0x00000126E2A15600
[2017.04.03-19.34.16:123][396]LogMaterial: Missing cached shader map for material FMatExpressionPreview MaterialExpressionVectorParameter_0, compiling. 
[2017.04.03-19.34.16:124][396]LogTemp:Display: Added material ShaderMap 0x00000126E2EBCF00 with Material 0x00000126E32E7A00 to ShaderMapsBeingCompiled
[2017.04.03-19.34.16:130][396]LogTemp:Display: Kicking off shader compilation for FMatExpressionPreview MaterialExpressionVectorParameter_0, GameThreadShaderMap 0x00000126E2EBCF00
[2017.04.03-19.34.16:171][397]LogTemp:Display: Removed shader map 0x00000126E2EBCF00 from material 0x00000126E32E7A00
[2017.04.03-19.34.16:196][397]LogMaterial: Missing cached shader map for material FMatExpressionPreview MaterialExpressionVectorParameter_0, compiling. 
[2017.04.03-19.34.16:198][397]LogTemp:Display: Added material ShaderMap 0x00000126E3322400 with Material 0x00000126E2A16500 to ShaderMapsBeingCompiled
[2017.04.03-19.34.16:202][397]LogTemp:Display: Kicking off shader compilation for FMatExpressionPreview MaterialExpressionVectorParameter_0, GameThreadShaderMap 0x00000126E3322400
[2017.04.03-19.34.16:210][397]LogTemp:Display: Removed shader map 0x00000126E3322400 from material 0x00000126E2A16500
[2017.04.03-19.34.16:236][397]LogMaterial: Missing cached shader map for material FMatExpressionPreview MaterialExpressionVectorParameter_0, compiling. 
[2017.04.03-19.34.16:237][397]LogTemp:Display: Added material ShaderMap 0x00000126E3320F00 with Material 0x00000126E32E5C00 to ShaderMapsBeingCompiled
[2017.04.03-19.34.16:241][397]LogTemp:Display: Kicking off shader compilation for FMatExpressionPreview MaterialExpressionVectorParameter_0, GameThreadShaderMap 0x00000126E3320F00
[2017.04.03-19.34.16:249][397]LogTemp:Display: Removed shader map 0x00000126E3320F00 from material 0x00000126E32E5C00
[2017.04.03-19.34.16:274][397]LogMaterial: Missing cached shader map for material FMatExpressionPreview MaterialExpressionVectorParameter_0, compiling. 
[2017.04.03-19.34.16:275][397]LogTemp:Display: Added material ShaderMap 0x00000126E328B580 with Material 0x00000126E32E5C00 to ShaderMapsBeingCompiled
[2017.04.03-19.34.16:279][397]LogTemp:Display: Kicking off shader compilation for FMatExpressionPreview MaterialExpressionVectorParameter_0, GameThreadShaderMap 0x00000126E328B580
[2017.04.03-19.34.16:288][397]LogTemp:Display: Removed shader map 0x00000126E328B580 from material 0x00000126E32E5C00
[2017.04.03-19.34.16:312][397]LogMaterial: Missing cached shader map for material FMatExpressionPreview MaterialExpressionVectorParameter_0, compiling. 
[2017.04.03-19.34.16:313][397]LogTemp:Display: Added material ShaderMap 0x00000126E328A080 with Material 0x00000126E32E5C00 to ShaderMapsBeingCompiled
[2017.04.03-19.34.16:317][397]LogTemp:Display: Kicking off shader compilation for FMatExpressionPreview MaterialExpressionVectorParameter_0, GameThreadShaderMap 0x00000126E328A080
[2017.04.03-19.34.16:320][397]LogTemp:Display: Removed shader map 0x00000126E328A080 from material 0x00000126E32E5C00
[2017.04.03-19.34.16:344][397]LogMaterial: Missing cached shader map for material FMatExpressionPreview MaterialExpressionVectorParameter_0, compiling. 
[2017.04.03-19.34.16:345][397]LogTemp:Display: Added material ShaderMap 0x00000126E3288B80 with Material 0x00000126E32E5C00 to ShaderMapsBeingCompiled
[2017.04.03-19.34.16:349][397]LogTemp:Display: Kicking off shader compilation for FMatExpressionPreview MaterialExpressionVectorParameter_0, GameThreadShaderMap 0x00000126E3288B80
[2017.04.03-19.34.16:351][397]LogTemp:Display: Removed shader map 0x00000126E3288B80 from material 0x00000126E32E5C00
[2017.04.03-19.34.16:375][397]LogMaterial: Missing cached shader map for material FMatExpressionPreview MaterialExpressionVectorParameter_0, compiling. 
[2017.04.03-19.34.16:376][397]LogTemp:Display: Added material ShaderMap 0x00000126E3223580 with Material 0x00000126E32E5C00 to ShaderMapsBeingCompiled
[2017.04.03-19.34.16:380][397]LogTemp:Display: Kicking off shader compilation for FMatExpressionPreview MaterialExpressionVectorParameter_0, GameThreadShaderMap 0x00000126E3223580
[2017.04.03-19.34.16:383][397]LogTemp:Display: Finished compile of shader map 0x00000126E2210B80
[2017.04.03-19.34.16:383][397]LogTemp:Display: Shader map Wall_MM complete, GameThreadShaderMap 0x00000126E2210B80, marking material Wall_MM as finished
[2017.04.03-19.34.16:383][397]LogTemp:Display: Marking material as finished 0x00000126B7C55300
[2017.04.03-19.34.16:971][426]LogTemp:Display: Removed shader map 0x00000126E3223580 from material 0x00000126E32E5C00
[2017.04.03-19.34.16:999][426]LogMaterial: Missing cached shader map for material FMatExpressionPreview MaterialExpressionVectorParameter_0, compiling. 
[2017.04.03-19.34.17:000][426]LogTemp:Display: Added material ShaderMap 0x00000126E3222080 with Material 0x00000126E2EEB100 to ShaderMapsBeingCompiled
[2017.04.03-19.34.17:005][426]LogTemp:Display: Kicking off shader compilation for FMatExpressionPreview MaterialExpressionVectorParameter_0, GameThreadShaderMap 0x00000126E3222080
[2017.04.03-19.34.17:012][426]LogMaterial: Missing cached shader map for material Wall_MM, compiling. 
[2017.04.03-19.34.17:014][426]LogTemp:Display: Added material ShaderMap 0x00000126E3220480 with Material 0x00000126B7C55300 to ShaderMapsBeingCompiled
[2017.04.03-19.34.17:032][426]LogTemp:Display: Kicking off shader compilation for Wall_MM, GameThreadShaderMap 0x00000126E3220480
[2017.04.03-19.34.17:032][426]LogMaterial: 0.00 seconds spent updating 1 materials, 1 interfaces, 0 instances, 0 with static permutations.
[2017.04.03-19.34.17:036][426]LogTemp:Display: Removed shader map 0x00000126E3222080 from material 0x00000126E2EEB100
[2017.04.03-19.34.17:061][426]LogMaterial: Missing cached shader map for material FMatExpressionPreview MaterialExpressionVectorParameter_0, compiling. 
[2017.04.03-19.34.17:062][426]LogTemp:Display: Added material ShaderMap 0x00000126E316F580 with Material 0x00000126E269DF00 to ShaderMapsBeingCompiled
[2017.04.03-19.34.17:066][426]LogTemp:Display: Kicking off shader compilation for FMatExpressionPreview MaterialExpressionVectorParameter_0, GameThreadShaderMap 0x00000126E316F580
[2017.04.03-19.34.18:552][471]LogTemp:Display: Finished compile of shader map 0x00000126E26DCB80
[2017.04.03-19.34.18:552][471]LogTemp:Display: Shader map Wall_MM complete, GameThreadShaderMap 0x00000126E26DCB80, marking material Wall_MM as finished
[2017.04.03-19.34.18:552][471]LogTemp:Display: Marking material as finished 0x00000126B7C55300
[2017.04.03-19.34.18:796][481]LogMaterialEditor: Applying material Wall_MM
[2017.04.03-19.34.19:920][481]LogMaterial: Missing cached shader map for material Wall_MM, compiling. 
[2017.04.03-19.34.19:922][481]LogTemp:Display: Added material ShaderMap 0x00000126E2631D00 with Material 0x00000126B7C55300 to ShaderMapsBeingCompiled
[2017.04.03-19.34.19:956][481]LogTemp:Display: Kicking off shader compilation for Wall_MM, GameThreadShaderMap 0x00000126E2631D00
[2017.04.03-19.34.19:956][481]LogMaterial: 0.00 seconds spent updating 1 materials, 1 interfaces, 0 instances, 0 with static permutations.
[2017.04.03-19.34.19:986][481]LogMaterial: Missing cached shader map for material Wall_MM, compiling. 
[2017.04.03-19.34.19:987][481]LogTemp:Display: Added material ShaderMap 0x00000126D23CCF00 with Material 0x00000126E6AC4A00 to ShaderMapsBeingCompiled
[2017.04.03-19.34.20:020][481]LogTemp:Display: Kicking off shader compilation for Wall_MM, GameThreadShaderMap 0x00000126D23CCF00
[2017.04.03-19.34.20:030][481]LogMaterial: Missing cached shader map for material Wall_MM, compiling. 
[2017.04.03-19.34.20:031][481]LogTemp:Display: Added material ShaderMap 0x00000126D202B200 with Material 0x00000126E6AC4A00 to ShaderMapsBeingCompiled
[2017.04.03-19.34.20:055][481]LogTemp:Display: Kicking off shader compilation for Wall_MM, GameThreadShaderMap 0x00000126D202B200
[2017.04.03-19.34.20:056][481]LogMaterial: 0.00 seconds spent updating 1 materials, 1 interfaces, 0 instances, 0 with static permutations.
[2017.04.03-19.34.20:107][481]LogMaterial: Missing cached shader map for material FDebugViewModeMaterialProxy Wall_MM, compiling. 
[2017.04.03-19.34.20:108][481]LogTemp:Display: Added material ShaderMap 0x00000126E3A4C800 with Material 0x00000126E6CA0D00 to ShaderMapsBeingCompiled
[2017.04.03-19.34.21:831][481]LogTemp:Display: Finished compile of shader map 0x00000126E3A4C800
[2017.04.03-19.34.21:831][481]LogTemp:Display: Shader map FDebugViewModeMaterialProxy Wall_MM complete, GameThreadShaderMap 0x00000126E3A4C800, marking material FDebugViewModeMaterialProxy Wall_MM as finished
[2017.04.03-19.34.21:831][481]LogTemp:Display: Marking material as finished 0x00000126E6CA0D00
[2017.04.03-19.34.21:835][481]TextureStreamingBuild:Display: Compiling optional shaders took 1.738 seconds.
[2017.04.03-19.34.21:880][481]LogTemp:Display: Finished compile of shader map 0x00000126E316F580
[2017.04.03-19.34.21:880][481]LogTemp:Display: Shader map FMatExpressionPreview MaterialExpressionVectorParameter_0 complete, GameThreadShaderMap 0x00000126E316F580, marking material FMatExpressionPreview MaterialExpressionVectorParameter_0 as finished
[2017.04.03-19.34.21:880][481]LogTemp:Display: Marking material as finished 0x00000126E269DF00
[2017.04.03-19.34.21:885][481]LogTemp:Display: Finished compile of shader map 0x00000126E3220480
[2017.04.03-19.34.21:885][481]LogTemp:Display: Shader map Wall_MM complete, GameThreadShaderMap 0x00000126E3220480, marking material Wall_MM as finished
[2017.04.03-19.34.21:885][481]LogTemp:Display: Marking material as finished 0x00000126B7C55300
[2017.04.03-19.34.21:887][481]LogTemp:Display: Finished compile of shader map 0x00000126E2631D00
[2017.04.03-19.34.21:887][481]LogTemp:Display: Shader map Wall_MM complete, GameThreadShaderMap 0x00000126E2631D00, marking material Wall_MM as finished
[2017.04.03-19.34.21:887][481]LogTemp:Display: Marking material as finished 0x00000126B7C55300
[2017.04.03-19.34.22:499][500]LogMaterialEditor: Saving and Compiling material Wall_MM
[2017.04.03-19.34.24:177][500]LogTemp:Display: Finished compile of shader map 0x00000126D202B200
[2017.04.03-19.34.24:177][500]LogTemp:Display: Shader map Wall_MM complete, GameThreadShaderMap 0x00000126D202B200, marking material Wall_MM as finished
[2017.04.03-19.34.24:177][500]LogTemp:Display: Marking material as finished 0x00000126E6AC4A00
[2017.04.03-19.34.24:181][500]LogSlate: Took 0.000198 seconds to synchronously load lazily loaded font '../../../Engine/Content/Slate/Fonts/Roboto-Regular.ttf' (155K)
[2017.04.03-19.34.24:214][500]Cmd: OBJ SAVEPACKAGE PACKAGE="/Game/Materials/Wall_MM" FILE="../../../../../../Users/Yaz/Documents/GitHub/PTSD-Project/PTSD/Content/Materials/Wall_MM.uasset" SILENT=true
[2017.04.03-19.34.24:245][500]LogSavePackage: Save=17.99ms
[2017.04.03-19.34.24:245][500]LogSavePackage: Moving '../../../../../../Users/Yaz/Documents/GitHub/PTSD-Project/PTSD/Saved/Wall_MM402EB2634F541EFC2E3041BE3A487057.tmp' to '../../../../../../Users/Yaz/Documents/GitHub/PTSD-Project/PTSD/Content/Materials/Wall_MM.uasset'
[2017.04.03-19.34.24:249][500]LogSavePackage:Display: Finished SavePackage ../../../../../../Users/Yaz/Documents/GitHub/PTSD-Project/PTSD/Content/Materials/Wall_MM.uasset
[2017.04.03-19.34.24:257][500]MaterialEditorStats: Info Base pass shader with only dynamic lighting: 88 instructions
[2017.04.03-19.34.24:257][500]MaterialEditorStats: Info Vertex shader: 31 instructions
[2017.04.03-19.34.24:257][500]MaterialEditorStats: Info Texture samplers: 4/16
[2017.04.03-19.34.35:481][861]LogMaterialEditor: Saving and Compiling material Wall_MM
[2017.04.03-19.34.35:540][861]Cmd: OBJ SAVEPACKAGE PACKAGE="/Game/Materials/Wall_MM" FILE="../../../../../../Users/Yaz/Documents/GitHub/PTSD-Project/PTSD/Content/Materials/Wall_MM.uasset" SILENT=true
[2017.04.03-19.34.35:560][861]LogSavePackage: Save=9.88ms
[2017.04.03-19.34.35:560][861]LogSavePackage: Moving '../../../../../../Users/Yaz/Documents/GitHub/PTSD-Project/PTSD/Saved/Wall_MM76D1E2E64B6C5B1E4C66C5854E686F06.tmp' to '../../../../../../Users/Yaz/Documents/GitHub/PTSD-Project/PTSD/Content/Materials/Wall_MM.uasset'
[2017.04.03-19.34.35:562][861]LogSavePackage:Display: Finished SavePackage ../../../../../../Users/Yaz/Documents/GitHub/PTSD-Project/PTSD/Content/Materials/Wall_MM.uasset
[2017.04.03-20.03.09:800][ 60]Cmd: QUIT_EDITOR
[2017.04.03-20.03.09:855][ 60]LogWindowsTextInputMethodSystem:Display: IME system now deactivated.
[2017.04.03-20.03.09:855][ 60]LogWindowsTextInputMethodSystem:Display: IME system now deactivated.
[2017.04.03-20.03.09:885][ 60]LogExit: Preparing to exit.
[2017.04.03-20.03.10:623][ 60]LogDirectoryWatcher: A directory notification for 'C:/Users/Yaz/Documents/GitHub/PTSD-Project/PTSD/Content/' was aborted.
[2017.04.03-20.03.10:710][ 60]LogExit: Editor shut down
[2017.04.03-20.03.10:712][ 60]LogExit: Transaction tracking system shut down
[2017.04.03-20.03.10:724][ 60]LogTemp:Display: Removed shader map 0x00000126D23CCF00 from material 0x00000126E6AC4A00
[2017.04.03-20.03.10:736][ 60]LogTemp:Display: Removed shader map 0x00000126B7C48F00 from material 0x00000126B7C55300
[2017.04.03-20.03.10:869][ 60]LogObj: Freed 0b from 0 cluster array pools.
[2017.04.03-20.03.10:869][ 60]LogExit: Object subsystem successfully closed.
[2017.04.03-20.03.10:903][ 60]LogD3D11RHI: Shutdown
[2017.04.03-20.03.10:903][ 60]LogD3D11RHI: CleanupD3DDevice
[2017.04.03-20.03.11:013][ 60]LogD3D11RHI: ~FD3D11DynamicRHI
[2017.04.03-20.03.11:056][ 60]LogModuleManager: Shutting down and abandoning module MaterialEditor (502)
[2017.04.03-20.03.11:056][ 60]LogModuleManager: Shutting down and abandoning module HierarchicalLODOutliner (500)
[2017.04.03-20.03.11:057][ 60]LogModuleManager: Shutting down and abandoning module CrashTracker (498)
[2017.04.03-20.03.11:057][ 60]LogModuleManager: Shutting down and abandoning module WorldBrowser (496)
[2017.04.03-20.03.11:057][ 60]LogModuleManager: Shutting down and abandoning module SceneOutliner (494)
[2017.04.03-20.03.11:057][ 60]LogModuleManager: Shutting down and abandoning module AddContentDialog (492)
[2017.04.03-20.03.11:058][ 60]LogDirectoryWatcher: A directory notification for 'C:/Program Files/Epic Games/UE_4.15/FeaturePacks/' was aborted.
[2017.04.03-20.03.11:065][ 60]LogModuleManager: Shutting down and abandoning module WidgetCarousel (491)
[2017.04.03-20.03.11:065][ 60]LogModuleManager: Shutting down and abandoning module EditorWidgets (488)
[2017.04.03-20.03.11:065][ 60]LogModuleManager: Shutting down and abandoning module CollectionManager (486)
[2017.04.03-20.03.11:066][ 60]LogDirectoryWatcher: A directory notification for 'C:/Users/Yaz/Documents/GitHub/PTSD-Project/PTSD/Content/Collections/' was aborted.
[2017.04.03-20.03.11:066][ 60]LogDirectoryWatcher: A directory notification for 'C:/Users/Yaz/Documents/GitHub/PTSD-Project/PTSD/Content/Developers/Yaz/Collections/' was aborted.
[2017.04.03-20.03.11:066][ 60]LogDirectoryWatcher: A directory notification for 'C:/Users/Yaz/Documents/GitHub/PTSD-Project/PTSD/Saved/Collections/' was aborted.
[2017.04.03-20.03.11:066][ 60]LogModuleManager: Shutting down and abandoning module StatsViewer (484)
[2017.04.03-20.03.11:066][ 60]LogModuleManager: Shutting down and abandoning module FoliageEdit (482)
[2017.04.03-20.03.11:066][ 60]LogModuleManager: Shutting down and abandoning module LandscapeEditor (480)
[2017.04.03-20.03.11:067][ 60]LogModuleManager: Shutting down and abandoning module SceneDepthPickerMode (478)
[2017.04.03-20.03.11:067][ 60]LogModuleManager: Shutting down and abandoning module ActorPickerMode (476)
[2017.04.03-20.03.11:067][ 60]LogModuleManager: Shutting down and abandoning module GeometryMode (474)
[2017.04.03-20.03.11:067][ 60]LogModuleManager: Shutting down and abandoning module TextureAlignMode (472)
[2017.04.03-20.03.11:067][ 60]LogModuleManager: Shutting down and abandoning module BspMode (470)
[2017.04.03-20.03.11:067][ 60]LogModuleManager: Shutting down and abandoning module HardwareSurvey (468)
[2017.04.03-20.03.11:067][ 60]LogModuleManager: Shutting down and abandoning module SequenceRecorderSections (466)
[2017.04.03-20.03.11:067][ 60]LogModuleManager: Shutting down and abandoning module AutomationWorker (464)
[2017.04.03-20.03.11:068][ 60]LogModuleManager: Shutting down and abandoning module MatineeToLevelSequence (462)
[2017.04.03-20.03.11:068][ 60]LogModuleManager: Shutting down and abandoning module LevelSequenceEditor (460)
[2017.04.03-20.03.11:070][ 60]LogModuleManager: Shutting down and abandoning module PlacementMode (459)
[2017.04.03-20.03.11:070][ 60]LogModuleManager: Shutting down and abandoning module WmfMediaFactory (456)
[2017.04.03-20.03.11:070][ 60]LogModuleManager: Shutting down and abandoning module WmfMediaEditor (454)
[2017.04.03-20.03.11:070][ 60]LogModuleManager: Shutting down and abandoning module MfMediaFactory (452)
[2017.04.03-20.03.11:070][ 60]LogModuleManager: Shutting down and abandoning module MfMediaEditor (450)
[2017.04.03-20.03.11:070][ 60]LogModuleManager: Shutting down and abandoning module AvfMediaFactory (448)
[2017.04.03-20.03.11:070][ 60]LogModuleManager: Shutting down and abandoning module AvfMediaEditor (446)
[2017.04.03-20.03.11:070][ 60]LogModuleManager: Shutting down and abandoning module AndroidMediaFactory (444)
[2017.04.03-20.03.11:070][ 60]LogModuleManager: Shutting down and abandoning module Media (443)
[2017.04.03-20.03.11:070][ 60]LogModuleManager: Shutting down and abandoning module AndroidMediaEditor (440)
[2017.04.03-20.03.11:070][ 60]LogModuleManager: Shutting down and abandoning module CharacterAI (438)
[2017.04.03-20.03.11:070][ 60]LogModuleManager: Shutting down and abandoning module AudioCapture (436)
[2017.04.03-20.03.11:070][ 60]LogModuleManager: Shutting down and abandoning module SequenceRecorder (435)
[2017.04.03-20.03.11:071][ 60]LogModuleManager: Shutting down and abandoning module SmartSnapping (432)
[2017.04.03-20.03.11:071][ 60]LogModuleManager: Shutting down and abandoning module SessionServices (430)
[2017.04.03-20.03.11:072][ 60]LogModuleManager: Shutting down and abandoning module ViewportSnapping (428)
[2017.04.03-20.03.11:072][ 60]LogModuleManager: Shutting down and abandoning module ViewportInteraction (426)
[2017.04.03-20.03.11:072][ 60]LogModuleManager: Shutting down and abandoning module LogVisualizer (424)
[2017.04.03-20.03.11:073][ 60]LogModuleManager: Shutting down and abandoning module IntroTutorials (422)
[2017.04.03-20.03.11:073][ 60]LogModuleManager: Shutting down and abandoning module GameProjectGeneration (421)
[2017.04.03-20.03.11:074][ 60]LogModuleManager: Shutting down and abandoning module EditorLiveStreaming (418)
[2017.04.03-20.03.11:074][ 60]LogModuleManager: Shutting down and abandoning module IOSPlatformEditor (416)
[2017.04.03-20.03.11:074][ 60]LogModuleManager: Shutting down and abandoning module HTML5PlatformEditor (414)
[2017.04.03-20.03.11:074][ 60]LogModuleManager: Shutting down and abandoning module AndroidPlatformEditor (412)
[2017.04.03-20.03.11:074][ 60]LogModuleManager: Shutting down and abandoning module AndroidDeviceDetection (411)
[2017.04.03-20.03.11:514][ 60]LogModuleManager: Shutting down and abandoning module IOSRuntimeSettings (408)
[2017.04.03-20.03.11:514][ 60]LogModuleManager: Shutting down and abandoning module AndroidRuntimeSettings (406)
[2017.04.03-20.03.11:514][ 60]LogModuleManager: Shutting down and abandoning module InputBindingEditor (404)
[2017.04.03-20.03.11:518][ 60]LogModuleManager: Shutting down and abandoning module NiagaraEditor (402)
[2017.04.03-20.03.11:519][ 60]LogModuleManager: Shutting down and abandoning module MergeActors (400)
[2017.04.03-20.03.11:520][ 60]LogModuleManager: Shutting down and abandoning module SizeMap (398)
[2017.04.03-20.03.11:520][ 60]LogModuleManager: Shutting down and abandoning module TreeMap (396)
[2017.04.03-20.03.11:521][ 60]LogModuleManager: Shutting down and abandoning module ReferenceViewer (394)
[2017.04.03-20.03.11:521][ 60]LogModuleManager: Shutting down and abandoning module LocalizationDashboard (392)
[2017.04.03-20.03.11:521][ 60]LogModuleManager: Shutting down and abandoning module LocalizationService (391)
[2017.04.03-20.03.11:522][ 60]LogModuleManager: Shutting down and abandoning module HardwareTargeting (388)
[2017.04.03-20.03.11:522][ 60]LogModuleManager: Shutting down and abandoning module DeviceProfileEditor (386)
[2017.04.03-20.03.11:522][ 60]LogModuleManager: Shutting down and abandoning module UndoHistory (384)
[2017.04.03-20.03.11:523][ 60]LogModuleManager: Shutting down and abandoning module UserFeedback (382)
[2017.04.03-20.03.11:523][ 60]LogModuleManager: Shutting down and abandoning module XmlParser (380)
[2017.04.03-20.03.11:523][ 60]LogModuleManager: Shutting down and abandoning module Blutility (378)
[2017.04.03-20.03.11:523][ 60]LogModuleManager: Shutting down and abandoning module ProjectSettingsViewer (376)
[2017.04.03-20.03.11:523][ 60]LogModuleManager: Shutting down and abandoning module ProjectTargetPlatformEditor (375)
[2017.04.03-20.03.11:523][ 60]LogModuleManager: Shutting down and abandoning module EditorSettingsViewer (372)
[2017.04.03-20.03.11:523][ 60]LogModuleManager: Shutting down and abandoning module SettingsEditor (370)
[2017.04.03-20.03.11:524][ 60]LogModuleManager: Shutting down and abandoning module ProjectLauncher (368)
[2017.04.03-20.03.11:525][ 60]LogModuleManager: Shutting down and abandoning module SessionFrontend (366)
[2017.04.03-20.03.11:525][ 60]LogModuleManager: Shutting down and abandoning module ProfilerClient (364)
[2017.04.03-20.03.11:526][ 60]LogModuleManager: Shutting down and abandoning module DeviceManager (362)
[2017.04.03-20.03.11:527][ 60]LogModuleManager: Shutting down and abandoning module TargetDeviceServices (361)
[2017.04.03-20.03.11:581][ 60]LogModuleManager: Shutting down and abandoning module AutomationController (358)
[2017.04.03-20.03.11:581][ 60]LogModuleManager: Shutting down and abandoning module AutomationWindow (356)
[2017.04.03-20.03.11:582][ 60]LogModuleManager: Shutting down and abandoning module Layers (354)
[2017.04.03-20.03.11:584][ 60]LogModuleManager: Shutting down and abandoning module ComponentVisualizers (352)
[2017.04.03-20.03.11:584][ 60]LogModuleManager: Shutting down and abandoning module DetailCustomizations (350)
[2017.04.03-20.03.11:584][ 60]LogModuleManager: Shutting down and abandoning module PackagesDialog (348)
[2017.04.03-20.03.11:585][ 60]LogModuleManager: Shutting down and abandoning module Persona (346)
[2017.04.03-20.03.11:585][ 60]LogModuleManager: Shutting down and abandoning module AnimGraph (345)
[2017.04.03-20.03.11:586][ 60]LogModuleManager: Shutting down and abandoning module Kismet (342)
[2017.04.03-20.03.11:587][ 60]LogModuleManager: Shutting down and abandoning module GraphEditor (340)
[2017.04.03-20.03.11:587][ 60]LogModuleManager: Shutting down and abandoning module ClassViewer (338)
[2017.04.03-20.03.11:587][ 60]LogModuleManager: Shutting down and abandoning module Toolbox (336)
[2017.04.03-20.03.11:587][ 60]LogModuleManager: Shutting down and abandoning module ModuleUI (334)
[2017.04.03-20.03.11:587][ 60]LogModuleManager: Shutting down and abandoning module MovieSceneTools (332)
[2017.04.03-20.03.11:588][ 60]LogModuleManager: Shutting down and abandoning module OutputLog (330)
[2017.04.03-20.03.11:588][ 60]LogModuleManager: Shutting down and abandoning module GammaUI (328)
[2017.04.03-20.03.11:588][ 60]LogModuleManager: Shutting down and abandoning module Documentation (326)
[2017.04.03-20.03.11:588][ 60]LogModuleManager: Shutting down and abandoning module Niagara (324)
[2017.04.03-20.03.11:588][ 60]LogModuleManager: Shutting down and abandoning module StreamingPauseRendering (322)
[2017.04.03-20.03.11:588][ 60]LogModuleManager: Shutting down and abandoning module AnalyticsET (320)
[2017.04.03-20.03.11:588][ 60]LogModuleManager: Shutting down and abandoning module PortalServices (318)
[2017.04.03-20.03.11:588][ 60]LogModuleManager: Shutting down and abandoning module PortalRpc (316)
[2017.04.03-20.03.11:588][ 60]LogModuleManager: Shutting down and abandoning module MessagingRpc (314)
[2017.04.03-20.03.11:588][ 60]LogModuleManager: Shutting down and abandoning module AIModule (312)
[2017.04.03-20.03.11:588][ 60]LogModuleManager: Shutting down and abandoning module GameplayDebugger (311)
[2017.04.03-20.03.11:589][ 60]LogModuleManager: Shutting down and abandoning module AITestSuite (309)
[2017.04.03-20.03.11:589][ 60]LogModuleManager: Shutting down and abandoning module ProfilerService (306)
[2017.04.03-20.03.11:656][ 60]LogModuleManager: Shutting down and abandoning module TaskGraph (304)
[2017.04.03-20.03.11:661][ 60]LogModuleManager: Shutting down and abandoning module SteamVRController (302)
[2017.04.03-20.03.11:661][ 60]LogModuleManager: Shutting down and abandoning module SteamVR (300)
[2017.04.03-20.03.11:661][ 60]LogModuleManager: Shutting down and abandoning module ProceduralMeshComponentEditor (298)
[2017.04.03-20.03.11:661][ 60]LogModuleManager: Shutting down and abandoning module ProceduralMeshComponent (296)
[2017.04.03-20.03.11:661][ 60]LogModuleManager: Shutting down and abandoning module OculusLibrary (294)
[2017.04.03-20.03.11:661][ 60]LogModuleManager: Shutting down and abandoning module OculusInput (292)
[2017.04.03-20.03.11:661][ 60]LogModuleManager: Shutting down and abandoning module MobilePatchingUtils (290)
[2017.04.03-20.03.11:661][ 60]LogModuleManager: Shutting down and abandoning module CustomMeshComponent (288)
[2017.04.03-20.03.11:661][ 60]LogModuleManager: Shutting down and abandoning module CableComponent (286)
[2017.04.03-20.03.11:661][ 60]LogModuleManager: Shutting down and abandoning module ArchVisCharacter (284)
[2017.04.03-20.03.11:661][ 60]LogModuleManager: Shutting down and abandoning module MediaPlayerEditor (280)
[2017.04.03-20.03.11:663][ 60]LogModuleManager: Shutting down and abandoning module HTML5Networking (278)
[2017.04.03-20.03.11:663][ 60]LogModuleManager: Shutting down and abandoning module AlembicImporter (276)
[2017.04.03-20.03.11:663][ 60]LogModuleManager: Shutting down and abandoning module AlembicLibrary (275)
[2017.04.03-20.03.11:663][ 60]LogModuleManager: Shutting down and abandoning module GeometryCache (274)
[2017.04.03-20.03.11:663][ 60]LogModuleManager: Shutting down and abandoning module GeometryCacheEd (273)
[2017.04.03-20.03.11:663][ 60]LogModuleManager: Shutting down and abandoning module SuperSearchEditor (268)
[2017.04.03-20.03.11:663][ 60]LogModuleManager: Shutting down and abandoning module SuperSearch (267)
[2017.04.03-20.03.11:663][ 60]LogModuleManager: Shutting down and abandoning module SpeedTreeImporter (264)
[2017.04.03-20.03.11:663][ 60]LogModuleManager: Shutting down and abandoning module PluginBrowser (262)
[2017.04.03-20.03.11:665][ 60]LogModuleManager: Shutting down and abandoning module MobileLauncherProfileWizard (260)
[2017.04.03-20.03.11:665][ 60]LogModuleManager: Shutting down and abandoning module EpicSurvey (258)
[2017.04.03-20.03.11:665][ 60]LogModuleManager: Shutting down and abandoning module VisualStudioSourceCodeAccess (256)
[2017.04.03-20.03.11:665][ 60]LogModuleManager: Shutting down and abandoning module DesktopPlatform (255)
[2017.04.03-20.03.11:665][ 60]LogModuleManager: Shutting down and abandoning module UObjectPlugin (252)
[2017.04.03-20.03.11:665][ 60]LogModuleManager: Shutting down and abandoning module SubversionSourceControl (250)
[2017.04.03-20.03.11:666][ 60]LogModuleManager: Shutting down and abandoning module PerforceSourceControl (248)
[2017.04.03-20.03.11:667][ 60]LogModuleManager: Shutting down and abandoning module GitSourceControl (246)
[2017.04.03-20.03.11:667][ 60]LogModuleManager: Shutting down and abandoning module SourceControl (245)
[2017.04.03-20.03.11:667][ 60]LogModuleManager: Shutting down and abandoning module LightPropagationVolumeEditor (242)
[2017.04.03-20.03.11:667][ 60]LogModuleManager: Shutting down and abandoning module PaperTiledImporter (240)
[2017.04.03-20.03.11:667][ 60]LogModuleManager: Shutting down and abandoning module PaperSpriteSheetImporter (238)
[2017.04.03-20.03.11:667][ 60]LogModuleManager: Shutting down and abandoning module Paper2DEditor (236)
[2017.04.03-20.03.11:668][ 60]LogModuleManager: Shutting down and abandoning module MeshPaint (235)
[2017.04.03-20.03.11:668][ 60]LogModuleManager: Shutting down and abandoning module LevelEditor (233)
[2017.04.03-20.03.11:670][ 60]LogModuleManager: Shutting down and abandoning module PixelInspectorModule (232)
[2017.04.03-20.03.11:671][ 60]LogModuleManager: Shutting down and abandoning module MainFrame (230)
[2017.04.03-20.03.11:671][ 60]LogModuleManager: Shutting down and abandoning module HotReload (229)
[2017.04.03-20.03.11:672][ 60]LogModuleManager: Shutting down and abandoning module ContentBrowser (225)
[2017.04.03-20.03.11:673][ 60]LogModuleManager: Shutting down and abandoning module PhysXVehiclesEditor (222)
[2017.04.03-20.03.11:674][ 60]LogModuleManager: Shutting down and abandoning module PhysXVehicles (220)
[2017.04.03-20.03.11:674][ 60]LogModuleManager: Shutting down and abandoning module LocationServicesBPLibrary (218)
[2017.04.03-20.03.11:674][ 60]LogModuleManager: Shutting down and abandoning module UdpMessaging (216)
[2017.04.03-20.03.11:775][ 60]LogModuleManager: Shutting down and abandoning module TcpMessaging (214)
[2017.04.03-20.03.11:879][ 60]LogModuleManager: Shutting down and abandoning module GameplayTagsEditor (212)
[2017.04.03-20.03.11:879][ 60]LogModuleManager: Shutting down and abandoning module FacialAnimationEditor (210)
[2017.04.03-20.03.11:879][ 60]LogModuleManager: Shutting down and abandoning module FacialAnimation (208)
[2017.04.03-20.03.11:879][ 60]LogModuleManager: Shutting down and abandoning module LightPropagationVolumeRuntime (206)
[2017.04.03-20.03.11:879][ 60]LogModuleManager: Shutting down and abandoning module Paper2D (204)
[2017.04.03-20.03.11:879][ 60]LogModuleManager: Shutting down and abandoning module WindowsMoviePlayer (202)
[2017.04.03-20.03.11:879][ 60]LogModuleManager: Shutting down and abandoning module WmfMedia (200)
[2017.04.03-20.03.11:880][ 60]LogModuleManager: Shutting down and abandoning module MfMedia (198)
[2017.04.03-20.03.11:880][ 60]LogModuleManager: Shutting down and abandoning module MediaAssets (196)
[2017.04.03-20.03.11:880][ 60]LogModuleManager: Shutting down and abandoning module GameLiveStreaming (194)
[2017.04.03-20.03.11:880][ 60]LogModuleManager: Shutting down and abandoning module VREditor (192)
[2017.04.03-20.03.11:880][ 60]LogModuleManager: Shutting down and abandoning module GameplayTasksEditor (190)
[2017.04.03-20.03.11:880][ 60]LogModuleManager: Shutting down and abandoning module BehaviorTreeEditor (188)
[2017.04.03-20.03.11:882][ 60]LogModuleManager: Shutting down and abandoning module FunctionalTesting (186)
[2017.04.03-20.03.11:882][ 60]LogModuleManager: Shutting down and abandoning module CollisionAnalyzer (184)
[2017.04.03-20.03.11:883][ 60]LogModuleManager: Shutting down and abandoning module UMG (182)
[2017.04.03-20.03.11:885][ 60]LogModuleManager: Shutting down and abandoning module UMGEditor (181)
[2017.04.03-20.03.11:886][ 60]LogModuleManager: Shutting down and abandoning module Sequencer (180)
[2017.04.03-20.03.11:887][ 60]LogModuleManager: Shutting down and abandoning module AssetTools (178)
[2017.04.03-20.03.11:889][ 60]LogModuleManager: Shutting down and abandoning module MessageLog (177)
[2017.04.03-20.03.11:889][ 60]LogModuleManager: Shutting down and abandoning module WorkspaceMenuStructure (176)
[2017.04.03-20.03.11:889][ 60]LogModuleManager: Shutting down and abandoning module SlateReflector (170)
[2017.04.03-20.03.11:891][ 60]LogModuleManager: Shutting down and abandoning module Slate (168)
[2017.04.03-20.03.11:891][ 60]LogModuleManager: Shutting down and abandoning module EditorStyle (166)
[2017.04.03-20.03.11:894][ 60]LogModuleManager: Shutting down and abandoning module SourceCodeAccess (164)
[2017.04.03-20.03.11:894][ 60]LogModuleManager: Shutting down and abandoning module HeadMountedDisplay (162)
[2017.04.03-20.03.11:895][ 60]LogModuleManager: Shutting down and abandoning module XAudio2 (160)
[2017.04.03-20.03.11:895][ 60]LogModuleManager: Shutting down and abandoning module Networking (158)
[2017.04.03-20.03.11:895][ 60]LogModuleManager: Shutting down and abandoning module Core (154)
[2017.04.03-20.03.11:895][ 60]LogModuleManager: Shutting down and abandoning module AssetRegistry (152)
[2017.04.03-20.03.12:081][ 60]LogDirectoryWatcher: A directory notification for '../../../Engine/Content/' was aborted.
[2017.04.03-20.03.12:082][ 60]LogDirectoryWatcher: A directory notification for '../../../../../../Users/Yaz/Documents/GitHub/PTSD-Project/PTSD/Content/' was aborted.
[2017.04.03-20.03.12:082][ 60]LogDirectoryWatcher: A directory notification for '../../../Engine/Plugins/2D/Paper2D/Content/' was aborted.
[2017.04.03-20.03.12:082][ 60]LogModuleManager: Shutting down and abandoning module DirectoryWatcher (151)
[2017.04.03-20.03.12:088][ 60]LogModuleManager: Shutting down and abandoning module KismetCompiler (148)
[2017.04.03-20.03.12:088][ 60]LogModuleManager: Shutting down and abandoning module PhysXFormats (146)
[2017.04.03-20.03.12:088][ 60]LogModuleManager: Shutting down and abandoning module MeshUtilities (144)
[2017.04.03-20.03.12:089][ 60]LogModuleManager: Shutting down and abandoning module SimplygonSwarm (143)
[2017.04.03-20.03.12:089][ 60]LogModuleManager: Shutting down and abandoning module SimplygonMeshReduction (141)
[2017.04.03-20.03.12:089][ 60]LogModuleManager: Shutting down and abandoning module QuadricMeshReduction (139)
[2017.04.03-20.03.12:090][ 60]LogModuleManager: Shutting down and abandoning module PropertyEditor (137)
[2017.04.03-20.03.12:090][ 60]LogModuleManager: Shutting down and abandoning module DerivedDataCache (134)
[2017.04.03-20.03.12:159][ 60]LogDerivedDataCache: Shutdown
[2017.04.03-20.03.12:159][ 60]LogModuleManager: Shutting down and abandoning module TargetPlatform (132)
[2017.04.03-20.03.12:159][ 60]LogModuleManager: Shutting down and abandoning module VulkanShaderFormat (131)
[2017.04.03-20.03.12:162][ 60]LogModuleManager: Shutting down and abandoning module ShaderFormatOpenGL (129)
[2017.04.03-20.03.12:163][ 60]LogModuleManager: Shutting down and abandoning module ShaderFormatD3D (127)
[2017.04.03-20.03.12:163][ 60]LogModuleManager: Shutting down and abandoning module MetalShaderFormat (125)
[2017.04.03-20.03.12:164][ 60]LogModuleManager: Shutting down and abandoning module TextureFormatUncompressed (123)
[2017.04.03-20.03.12:164][ 60]LogModuleManager: Shutting down and abandoning module TextureFormatPVR (121)
[2017.04.03-20.03.12:164][ 60]LogModuleManager: Shutting down and abandoning module TextureFormatDXT (119)
[2017.04.03-20.03.12:164][ 60]LogModuleManager: Shutting down and abandoning module TextureFormatIntelISPCTexComp (117)
[2017.04.03-20.03.12:164][ 60]LogModuleManager: Shutting down and abandoning module TextureFormatASTC (115)
[2017.04.03-20.03.12:164][ 60]LogModuleManager: Shutting down and abandoning module ImageWrapper (114)
[2017.04.03-20.03.12:164][ 60]LogModuleManager: Shutting down and abandoning module TextureFormatAndroid (111)
[2017.04.03-20.03.12:164][ 60]LogModuleManager: Shutting down and abandoning module AudioFormatOpus (109)
[2017.04.03-20.03.12:164][ 60]LogModuleManager: Shutting down and abandoning module AudioFormatOgg (107)
[2017.04.03-20.03.12:165][ 60]LogModuleManager: Shutting down and abandoning module AudioFormatADPCM (105)
[2017.04.03-20.03.12:165][ 60]LogModuleManager: Shutting down and abandoning module LinuxTargetPlatform (103)
[2017.04.03-20.03.12:165][ 60]LogModuleManager: Shutting down and abandoning module LinuxServerTargetPlatform (101)
[2017.04.03-20.03.12:165][ 60]LogModuleManager: Shutting down and abandoning module LinuxNoEditorTargetPlatform (99)
[2017.04.03-20.03.12:165][ 60]LogModuleManager: Shutting down and abandoning module LinuxClientTargetPlatform (97)
[2017.04.03-20.03.12:165][ 60]LogModuleManager: Shutting down and abandoning module TVOSTargetPlatform (95)
[2017.04.03-20.03.12:165][ 60]LogModuleManager: Shutting down and abandoning module Messaging (93)
[2017.04.03-20.03.12:165][ 60]LogModuleManager: Shutting down and abandoning module IOSTargetPlatform (91)
[2017.04.03-20.03.12:165][ 60]LogModuleManager: Shutting down and abandoning module HTML5TargetPlatform (89)
[2017.04.03-20.03.12:165][ 60]LogModuleManager: Shutting down and abandoning module Android_PVRTCTargetPlatform (87)
[2017.04.03-20.03.12:165][ 60]LogModuleManager: Shutting down and abandoning module Android_MultiTargetPlatform (85)
[2017.04.03-20.03.12:165][ 60]LogModuleManager: Shutting down and abandoning module Android_ETC2TargetPlatform (83)
[2017.04.03-20.03.12:165][ 60]LogModuleManager: Shutting down and abandoning module Android_ETC1TargetPlatform (81)
[2017.04.03-20.03.12:165][ 60]LogModuleManager: Shutting down and abandoning module Android_DXTTargetPlatform (79)
[2017.04.03-20.03.12:165][ 60]LogModuleManager: Shutting down and abandoning module Android_ATCTargetPlatform (77)
[2017.04.03-20.03.12:165][ 60]LogModuleManager: Shutting down and abandoning module Android_ASTCTargetPlatform (75)
[2017.04.03-20.03.12:165][ 60]LogModuleManager: Shutting down and abandoning module AndroidTargetPlatform (73)
[2017.04.03-20.03.12:165][ 60]LogModuleManager: Shutting down and abandoning module WindowsTargetPlatform (71)
[2017.04.03-20.03.12:165][ 60]LogModuleManager: Shutting down and abandoning module WindowsServerTargetPlatform (69)
[2017.04.03-20.03.12:165][ 60]LogModuleManager: Shutting down and abandoning module WindowsNoEditorTargetPlatform (67)
[2017.04.03-20.03.12:165][ 60]LogModuleManager: Shutting down and abandoning module WindowsClientTargetPlatform (65)
[2017.04.03-20.03.12:165][ 60]LogModuleManager: Shutting down and abandoning module MacTargetPlatform (63)
[2017.04.03-20.03.12:165][ 60]LogModuleManager: Shutting down and abandoning module MacServerTargetPlatform (61)
[2017.04.03-20.03.12:165][ 60]LogModuleManager: Shutting down and abandoning module MacNoEditorTargetPlatform (59)
[2017.04.03-20.03.12:165][ 60]LogModuleManager: Shutting down and abandoning module MacClientTargetPlatform (57)
[2017.04.03-20.03.12:165][ 60]LogModuleManager: Shutting down and abandoning module AllDesktopTargetPlatform (55)
[2017.04.03-20.03.12:165][ 60]LogModuleManager: Shutting down and abandoning module InputCore (52)
[2017.04.03-20.03.12:165][ 60]LogModuleManager: Shutting down and abandoning module Settings (50)
[2017.04.03-20.03.12:165][ 60]LogModuleManager: Shutting down and abandoning module OculusRift (48)
[2017.04.03-20.03.12:165][ 60]LogModuleManager: Shutting down and abandoning module GearVR (46)
[2017.04.03-20.03.12:165][ 60]LogModuleManager: Shutting down and abandoning module ExampleDeviceProfileSelector (44)
[2017.04.03-20.03.12:165][ 60]LogModuleManager: Shutting down and abandoning module OnlineBlueprintSupport (42)
[2017.04.03-20.03.12:165][ 60]LogModuleManager: Shutting down and abandoning module OnlineSubsystem (38)
[2017.04.03-20.03.12:165][ 60]LogOnline:Display: Unloading online subsystem: NULL
[2017.04.03-20.03.12:166][ 60]LogModuleManager: Shutting down and abandoning module XMPP (37)
[2017.04.03-20.03.12:167][ 60]LogModuleManager: Shutting down and abandoning module HTTP (35)
[2017.04.03-20.03.12:168][ 60]LogHttp:Display: Http module shutting down, but needs to wait on 1 outstanding Http requests:
[2017.04.03-20.03.12:168][ 60]LogHttp:Display: 	verb=[POST] url=[https://datarouter.ol.epicgames.com/datarouter/api/v1/public/data?SessionID=%7BB5E47A3C-4654-88D1-9C3E-88B487426A97%7D&AppID=UEEditor.Rocket.Release&AppVersion=4.15.1-3348071%2B%2B%2BUE4%2BRelease-4.15&UserID=29c502c948ee0e6810bb4abdae3badfc%7C38b73ba174ac48a89a1e761e2a17d590%7C2e5c9013-6dae-4098-b589-401cd89cfa92&AppEnvironment=datacollector-binary&UploadType=eteventstream] status=Processing
[2017.04.03-20.03.12:171][ 60]LogModuleManager: Shutting down and abandoning module SSL (34)
[2017.04.03-20.03.12:173][ 60]LogModuleManager: Shutting down and abandoning module AudioEditor (30)
[2017.04.03-20.03.12:173][ 60]LogModuleManager: Shutting down and abandoning module TextureCompressor (28)
[2017.04.03-20.03.12:173][ 60]LogModuleManager: Shutting down and abandoning module ShaderCore (26)
[2017.04.03-20.03.12:173][ 60]LogModuleManager: Shutting down and abandoning module Landscape (24)
[2017.04.03-20.03.12:173][ 60]LogModuleManager: Shutting down and abandoning module SlateRHIRenderer (22)
[2017.04.03-20.03.12:176][ 60]LogModuleManager: Shutting down and abandoning module OpenGLDrv (20)
[2017.04.03-20.03.12:177][ 60]LogModuleManager: Shutting down and abandoning module D3D11RHI (18)
[2017.04.03-20.03.12:177][ 60]LogModuleManager: Shutting down and abandoning module AnimGraphRuntime (16)
[2017.04.03-20.03.12:177][ 60]LogModuleManager: Shutting down and abandoning module Renderer (14)
[2017.04.03-20.03.12:177][ 60]LogModuleManager: Shutting down and abandoning module Engine (12)
[2017.04.03-20.03.12:177][ 60]LogModuleManager: Shutting down and abandoning module CoreUObject (10)
[2017.04.03-20.03.12:177][ 60]LogModuleManager: Shutting down and abandoning module NetworkFile (8)
[2017.04.03-20.03.12:178][ 60]LogModuleManager: Shutting down and abandoning module StreamingFile (6)
[2017.04.03-20.03.12:178][ 60]LogModuleManager: Shutting down and abandoning module SandboxFile (4)
[2017.04.03-20.03.12:178][ 60]LogModuleManager: Shutting down and abandoning module PakFile (2)
[2017.04.03-20.03.12:180][ 60]LogExit: Exiting.
[2017.04.03-20.03.12:193][ 60]Log file closed, 04/03/17 16:03:12
