Log file open, 04/04/17 16:07:57
LogInit:Display: Running engine for game: PTSD
LogPlatformFile: Not using cached read wrapper
LogInit:Display: RandInit(-1109350796) SRandInit(-1109350796).
LogTaskGraph: Started task graph with 5 named threads and 8 total threads with 1 sets of task threads.
LogStats: Stats thread started at 5.438527
LogInit: Using libcurl 7.47.1
LogInit:  - built for x86_64-pc-win32
LogInit:  - supports SSL with OpenSSL/1.0.2g
LogInit:  - supports HTTP deflate (compression) using libz 1.2.8
LogInit:  - other features:
LogInit:      CURL_VERSION_SSL
LogInit:      CURL_VERSION_LIBZ
LogInit:      CURL_VERSION_IPV6
LogInit:      CURL_VERSION_ASYNCHDNS
LogInit:      CURL_VERSION_LARGEFILE
LogInit:      CURL_VERSION_IDN
LogInit:  CurlRequestOptions (configurable via config and command line):
LogInit:  - bVerifyPeer = false  - Libcurl will NOT verify peer certificate
LogInit:  - bUseHttpProxy = false  - Libcurl will NOT use HTTP proxy
LogInit:  - bDontReuseConnections = false  - Libcurl will reuse connections
LogInit:  - CertBundlePath = nullptr  - Libcurl will use whatever was configured at build time.
LogInit: Build: ++UE4+Release-4.15-CL-3348071
LogInit: Engine Version: 4.15.1-3348071+++UE4+Release-4.15
LogInit: Compatible Engine Version: 4.15.0-3299760+++UE4+Release-4.15
LogInit: Net CL: 3299760
LogDevObjectVersion: Number of dev versions registered: 14
LogDevObjectVersion:   Dev-Blueprints (B0D832E4-1F89-4F0D-ACCF-7EB736FD4AA2): 8
LogDevObjectVersion:   Dev-Build (E1C64328-A22C-4D53-A36C-8E866417BD8C): 0
LogDevObjectVersion:   Dev-Core (375EC13C-06E4-48FB-B500-84F0262A717E): 2
LogDevObjectVersion:   Dev-Editor (E4B068ED-F494-42E9-A231-DA0B2E46BB41): 14
LogDevObjectVersion:   Dev-Framework (CFFC743F-43B0-4480-9391-14DF171D2073): 22
LogDevObjectVersion:   Dev-Mobile (B02B49B5-BB20-44E9-A304-32B752E40360): 0
LogDevObjectVersion:   Dev-Networking (A4E4105C-59A1-49B5-A7C5-40C4547EDFEE): 0
LogDevObjectVersion:   Dev-Online (39C831C9-5AE6-47DC-9A44-9C173E1C8E7C): 0
LogDevObjectVersion:   Dev-Physics (78F01B33-EBEA-4F98-B9B4-84EACCB95AA2): 0
LogDevObjectVersion:   Dev-Platform (6631380F-2D4D-43E0-8009-CF276956A95A): 0
LogDevObjectVersion:   Dev-Rendering (12F88B9F-8875-4AFC-A67C-D90C383ABD29): 12
LogDevObjectVersion:   Dev-Sequencer (7B5AE74C-D270-4C10-A958-57980B212A5A): 3
LogDevObjectVersion:   Dev-VR (D7296918-1DD6-4BDD-9DE2-64A83CC13884): 0
LogDevObjectVersion:   Dev-LoadTimes (C2A15278-BFE7-4AFE-6C17-90FF531DF755): 1
LogInit: Compiled (64-bit): Mar 15 2017 16:52:47
LogInit: Compiled with Visual C++: 19.00.23026.00
LogInit: Build Configuration: Development
LogInit: Branch Name: ++UE4+Release-4.15
LogInit: Command line:  
LogInit: Base directory: C:/Games/UE_4.15/Engine/Binaries/Win64/
LogInit: Installed Engine Build: 1
LogInit: Presizing for max 8388607 objects, including 0 objects not considered by GC, pre-allocating 0 bytes for permanent pool.
LogInit: Object subsystem initialized
[2017.04.04-20.08.00:192][  0]LogInit: Selected Device Profile: [Windows]
[2017.04.04-20.08.00:192][  0]LogInit: Applying CVar settings loaded from the selected device profile: [Windows]
[2017.04.04-20.08.00:327][  0]LogInit: Computer: TSSKIES
[2017.04.04-20.08.00:327][  0]LogInit: User: inner000
[2017.04.04-20.08.00:327][  0]LogInit: CPU Page size=65536, Cores=4
[2017.04.04-20.08.00:327][  0]LogInit: High frequency timer resolution =2.533205 MHz
[2017.04.04-20.08.00:327][  0]LogMemory: Memory total: Physical=7.9GB (8GB approx)
[2017.04.04-20.08.00:327][  0]LogMemory: Platform Memory Stats for Windows
[2017.04.04-20.08.00:327][  0]LogMemory: Process Physical Memory: 263.54 MB used, 263.54 MB peak
[2017.04.04-20.08.00:327][  0]LogMemory: Process Virtual Memory: 262.67 MB used, 262.67 MB peak
[2017.04.04-20.08.00:327][  0]LogMemory: Physical Memory: 5203.73 MB used,  2911.54 MB free, 8115.27 MB total
[2017.04.04-20.08.00:327][  0]LogMemory: Virtual Memory: 645.13 MB used,  2911.54 MB free, 134217728.00 MB total
[2017.04.04-20.08.01:566][  0]LogTextLocalizationManager: No specific translations for ('en-US') exist, so ('en') translations will be used.
[2017.04.04-20.08.10:121][  0]LogD3D11RHI: D3D11 adapters:
[2017.04.04-20.08.10:170][  0]LogD3D11RHI:    0. 'NVIDIA GeForce GTX 860M' (Feature Level 11_0)
[2017.04.04-20.08.10:170][  0]LogD3D11RHI:       4064/0/4057 MB DedicatedVideo/DedicatedSystem/SharedSystem, Outputs:1, VendorId:0x10de
[2017.04.04-20.08.10:228][  0]LogD3D11RHI:    1. 'Intel(R) HD Graphics 4600' (Feature Level 11_0)
[2017.04.04-20.08.10:228][  0]LogD3D11RHI:       112/0/2048 MB DedicatedVideo/DedicatedSystem/SharedSystem, Outputs:0, VendorId:0x8086
[2017.04.04-20.08.10:229][  0]LogD3D11RHI:    2. 'Microsoft Basic Render Driver' (Feature Level 11_0)
[2017.04.04-20.08.10:229][  0]LogD3D11RHI:       0/0/4057 MB DedicatedVideo/DedicatedSystem/SharedSystem, Outputs:0, VendorId:0x1414
[2017.04.04-20.08.10:229][  0]LogD3D11RHI: Chosen D3D11 Adapter: 0
[2017.04.04-20.08.10:239][  0]LogD3D11RHI: Creating new Direct3DDevice
[2017.04.04-20.08.10:239][  0]LogD3D11RHI:     GPU DeviceId: 0x1392 (for the marketing name, search the web for "GPU Device Id")
[2017.04.04-20.08.10:239][  0]LogWindows: EnumDisplayDevices:
[2017.04.04-20.08.10:239][  0]LogWindows:    0. 'Intel(R) HD Graphics 4600' (P:0 D:0)
[2017.04.04-20.08.10:239][  0]LogWindows:    1. 'Intel(R) HD Graphics 4600' (P:1 D:1)
[2017.04.04-20.08.10:239][  0]LogWindows:    2. 'Intel(R) HD Graphics 4600' (P:0 D:0)
[2017.04.04-20.08.10:239][  0]LogWindows: DebugString: PrimaryIsNotTheChoosenAdapter PrimaryIsNotTheChoosenAdapter PrimaryIsNotTheChoosenAdapter FoundDriverCount:0 
[2017.04.04-20.08.10:239][  0]LogD3D11RHI:     Adapter Name: NVIDIA GeForce GTX 860M
[2017.04.04-20.08.10:239][  0]LogD3D11RHI:   Driver Version: Unknown (internal:Unknown, unified:Unknown)
[2017.04.04-20.08.10:239][  0]LogD3D11RHI:      Driver Date: Unknown
[2017.04.04-20.08.10:239][  0]LogRHI: Texture pool is 1361 MB (70% of 1945 MB)
[2017.04.04-20.08.10:561][  0]LogD3D11RHI: Async texture creation enabled
[2017.04.04-20.08.11:158][  0]LogD3D11RHI: GPU Timing Frequency: 1000.000000 (Debug: 2 2)
[2017.04.04-20.08.11:312][  0]LogShaderCompilers: Guid format shader working directory is 12 characters bigger than the processId version (../../../../../PTSD/PTSD-Project/PTSD/Intermediate/Shaders/WorkingDirectory/11932/).
[2017.04.04-20.08.11:313][  0]LogShaderCompilers: Cleaned the shader compiler working directory 'C:/Users/inner_000/AppData/Local/Temp/UnrealShaderWorkingDir/ABBC763443004E222BAB7B8A08B3E095/'.
[2017.04.04-20.08.11:313][  0]LogShaderCompilers:Display: Using Local Shader Compiler.
[2017.04.04-20.08.19:392][  0]LogTemp:Display: Loaded TP AllDesktopTargetPlatform
[2017.04.04-20.08.19:445][  0]LogTemp:Display: Loaded TP MacClientTargetPlatform
[2017.04.04-20.08.19:498][  0]LogTemp:Display: Loaded TP MacNoEditorTargetPlatform
[2017.04.04-20.08.19:550][  0]LogTemp:Display: Loaded TP MacServerTargetPlatform
[2017.04.04-20.08.19:636][  0]LogTemp:Display: Loaded TP MacTargetPlatform
[2017.04.04-20.08.19:689][  0]LogTemp:Display: Loaded TP WindowsClientTargetPlatform
[2017.04.04-20.08.19:742][  0]LogTemp:Display: Loaded TP WindowsNoEditorTargetPlatform
[2017.04.04-20.08.19:795][  0]LogTemp:Display: Loaded TP WindowsServerTargetPlatform
[2017.04.04-20.08.19:851][  0]LogTemp:Display: Loaded TP WindowsTargetPlatform
[2017.04.04-20.08.19:998][  0]LogTemp:Display: Loaded TP AndroidTargetPlatform
[2017.04.04-20.08.20:072][  0]LogTemp:Display: Loaded TP Android_ASTCTargetPlatform
[2017.04.04-20.08.20:123][  0]LogTemp:Display: Loaded TP Android_ATCTargetPlatform
[2017.04.04-20.08.20:174][  0]LogTemp:Display: Loaded TP Android_DXTTargetPlatform
[2017.04.04-20.08.20:225][  0]LogTemp:Display: Loaded TP Android_ETC1TargetPlatform
[2017.04.04-20.08.20:276][  0]LogTemp:Display: Loaded TP Android_ETC2TargetPlatform
[2017.04.04-20.08.20:398][  0]LogTemp:Display: Loaded TP Android_MultiTargetPlatform
[2017.04.04-20.08.20:398][  0]LogTemp:Display: Loaded TP Android_PVRTCTargetPlatform
[2017.04.04-20.08.20:434][  0]LogTemp:Display: Loaded TP HTML5TargetPlatform
[2017.04.04-20.08.20:591][  0]LogTemp:Display: Loaded TP IOSTargetPlatform
[2017.04.04-20.08.20:624][  0]LogTemp:Display: Loaded TP TVOSTargetPlatform
[2017.04.04-20.08.20:676][  0]LogTemp:Display: Loaded TP LinuxClientTargetPlatform
[2017.04.04-20.08.20:725][  0]LogTemp:Display: Loaded TP LinuxNoEditorTargetPlatform
[2017.04.04-20.08.20:777][  0]LogTemp:Display: Loaded TP LinuxServerTargetPlatform
[2017.04.04-20.08.20:862][  0]LogTemp:Display: Loaded TP LinuxTargetPlatform
[2017.04.04-20.08.20:862][  0]LogTargetPlatformManager:Display: Building Assets For Windows
[2017.04.04-20.08.22:470][  0]LogDerivedDataCache:Display: Max Cache Size: 512 MB
[2017.04.04-20.08.23:680][  0]LogDerivedDataCache: Loaded boot cache 1.21s 50MB C:/Users/inner_000/AppData/Local/UnrealEngine/4.15/DerivedDataCache/Boot.ddc.
[2017.04.04-20.08.23:680][  0]LogDerivedDataCache:Display: Loaded Boot cache: C:/Users/inner_000/AppData/Local/UnrealEngine/4.15/DerivedDataCache/Boot.ddc
[2017.04.04-20.08.23:680][  0]LogDerivedDataCache: FDerivedDataBackendGraph:  Pak pak cache file ../../../../../PTSD/PTSD-Project/PTSD/DerivedDataCache/DDC.ddp not found, will not use a pak cache.
[2017.04.04-20.08.23:680][  0]LogDerivedDataCache: Unable to find inner node Pak for hierarchical cache Hierarchy.
[2017.04.04-20.08.23:680][  0]LogDerivedDataCache: FDerivedDataBackendGraph:  CompressedPak pak cache file ../../../../../PTSD/PTSD-Project/PTSD/DerivedDataCache/Compressed.ddp not found, will not use a pak cache.
[2017.04.04-20.08.23:680][  0]LogDerivedDataCache: Unable to find inner node CompressedPak for hierarchical cache Hierarchy.
[2017.04.04-20.08.24:376][  0]LogDerivedDataCache:Display: Pak cache opened for reading ../../../Engine/DerivedDataCache/Compressed.ddp.
[2017.04.04-20.08.24:429][  0]LogDerivedDataCache: Using Local data cache path C:/Users/inner_000/AppData/Local/UnrealEngine/Common/DerivedDataCache: Writable
[2017.04.04-20.08.25:660][  0]LogSlate: Using Freetype 2.6.0
[2017.04.04-20.08.26:221][  0]LogSlate: SlateFontCache - WITH_FREETYPE: 1, WITH_HARFBUZZ: 1
[2017.04.04-20.08.26:221][  0]LogSlate: SlateFontCache - WITH_FREETYPE: 1, WITH_HARFBUZZ: 1
[2017.04.04-20.08.53:980][  0]LogInit: Selected Device Profile: [Windows]
[2017.04.04-20.08.54:310][  0]LogContentStreaming: Texture pool size is 0.00 MB
[2017.04.04-20.08.56:005][  0]LogMeshUtilities: Using QuadricMeshReduction for automatic static mesh reduction
[2017.04.04-20.08.56:182][  0]LogSimplygon: Simplygon DLL not present - disabling.
[2017.04.04-20.08.56:314][  0]LogMeshUtilities: Using SimplygonSwarm for distributed automatic mesh merging
[2017.04.04-20.08.56:314][  0]LogMeshUtilities: No automatic skeletal mesh reduction module available
[2017.04.04-20.08.56:314][  0]LogMeshUtilities: No automatic mesh merging module available
[2017.04.04-20.09.06:335][  0]LogNetVersion: GetLocalNetworkVersion: CL: 3299760, ProjectName: ptsd, ProjectVersion: , EngineNetworkVersion: 2, GameNetworkVersion: 0, NetworkChecksum: 1176372723
[2017.04.04-20.09.06:666][  0]LogAssetRegistry: FAssetRegistry took 0.0246 seconds to start up
[2017.04.04-20.09.07:222][  0]LogPackageLocalizationCache: Processed 3 localized package path(s) for 2 prioritized culture(s) in 0.367695 seconds
[2017.04.04-20.09.07:409][  0]LogUObjectArray: 32493 objects as part of root set at end of initial load.
[2017.04.04-20.09.07:409][  0]LogUObjectAllocator: 7077032 out of 0 bytes used by permanent object pool.
[2017.04.04-20.09.07:409][  0]LogUObjectArray: CloseDisregardForGC: 0/0 objects in disregard for GC pool
[2017.04.04-20.09.07:518][  0]LogInit: WinSock: version 1.1 (2.2), MaxSocks=32767, MaxUdp=65467
[2017.04.04-20.10.14:015][  0]LogTcpMessaging: Initializing TcpMessaging bridge
[2017.04.04-20.10.14:431][  0]LogUdpMessaging: Initializing bridge on interface 0.0.0.0:0 to multicast group 230.0.0.1:6666.
[2017.04.04-20.10.21:716][  0]LogMaterial: Uniform references updated for custom material expression Custom.
[2017.04.04-20.10.25:484][  0]SourceControl: Info Source control is disabled
[2017.04.04-20.10.27:416][  0]SourceControl: Info Source control is disabled
[2017.04.04-20.10.28:506][  0]SourceControl: Info Source control is disabled
[2017.04.04-20.10.29:034][  0]SourceControl: Info Source control is disabled
[2017.04.04-20.10.37:173][  0]LogEngine: Initializing Engine...
[2017.04.04-20.10.37:460][  0]LogHMD: Failed to initialize OpenVR with code 108
[2017.04.04-20.10.38:830][  0]LogAIModule: Creating AISystem for world Untitled
[2017.04.04-20.10.39:271][  0]LogInit: XAudio2 using 'Speakers (Realtek High Definition Audio)' : 2 channels at 48 kHz using 32 bits per sample (channel mask 0x3)
[2017.04.04-20.10.39:362][  0]LogInit: FAudioDevice initialized.
[2017.04.04-20.10.39:397][  0]LogDerivedDataCache: Saved boot cache 0.04s 50MB C:/Users/inner_000/AppData/Local/UnrealEngine/4.15/DerivedDataCache/Boot.ddc.
[2017.04.04-20.10.39:455][  0]LogInit: Texture streaming: Enabled
[2017.04.04-20.10.39:882][  0]LogEngineSessionManager: EngineSessionManager initialized
[2017.04.04-20.10.40:417][  0]LogInit: Transaction tracking system initialized
[2017.04.04-20.10.42:216][  0]BlueprintLog: New page: Editor Load
[2017.04.04-20.10.45:732][  0]LocalizationService: Info Localization service is disabled
[2017.04.04-20.10.47:742][  0]LogConsoleResponse:Display: 
[2017.04.04-20.10.52:569][  0]LogCook:Display: Max memory allowance for cook 16384mb min free memory 0mb
[2017.04.04-20.10.52:569][  0]LogCook:Display: Mobile HDR setting 0
[2017.04.04-20.10.53:843][  0]LogFileCache: Scanning file cache for directory 'C:/PTSD/PTSD-Project/PTSD/Content/' took 0.02s
[2017.04.04-20.11.08:306][  0]SourceControl: Info Source control is disabled
[2017.04.04-20.11.08:320][  0]Cmd: MAP LOAD FILE="../../../Engine/Content/Maps/Templates/Template_Default.umap" TEMPLATE=1 SHOWPROGRESS=1 FEATURELEVEL=3
[2017.04.04-20.11.08:364][  0]LightingResults: New page: Lighting Build
[2017.04.04-20.11.08:986][  0]MapCheck: New page: Map Check
[2017.04.04-20.11.08:986][  0]LightingResults: New page: Lighting Build
[2017.04.04-20.11.12:964][  0]LogAIModule: Creating AISystem for world Untitled_1
[2017.04.04-20.11.13:161][  0]LogActorComponent: RegisterComponentWithWorld: (/Temp/Untitled_1.Untitled_1:PersistentLevel.WorldSettings_1.StaticMeshComponent0) Trying to register component with IsPendingKill() == true. Aborting.
[2017.04.04-20.11.14:793][  0]LogEditorServer: Finished looking for orphan Actors (0.000 secs)
[2017.04.04-20.11.14:884][  0]Cmd: MAP CHECKDEP NOCLEARLOG
[2017.04.04-20.11.14:924][  0]MapCheck: Info Map check complete: 0 Error(s), 0 Warning(s), took 39.707ms to complete.
[2017.04.04-20.11.14:924][  0]LogFileHelpers: Loading map 'Template_Default' took 6.604
[2017.04.04-20.11.16:295][  0]LogWindowsTextInputMethodSystem:Display: IME system now deactivated.
[2017.04.04-20.11.19:799][  0]LogCollectionManager: Loaded 0 collections in 0.001879 seconds
[2017.04.04-20.11.20:098][  0]LogFileCache: Scanning file cache for directory 'C:/PTSD/PTSD-Project/PTSD/Saved/Collections/' took 0.01s
[2017.04.04-20.11.20:098][  0]LogFileCache: Scanning file cache for directory 'C:/PTSD/PTSD-Project/PTSD/Content/Developers/inner000/Collections/' took 0.01s
[2017.04.04-20.11.20:098][  0]LogFileCache: Scanning file cache for directory 'C:/PTSD/PTSD-Project/PTSD/Content/Collections/' took 0.01s
[2017.04.04-20.11.20:098][  0]LogCollectionManager: Rebuilt the GUID cache for 0 collections in 0.000002 seconds
[2017.04.04-20.11.20:110][  0]LogContentBrowser: Native class hierarchy populated in 0.0101 seconds. Added 2247 classes and 458 folders.
[2017.04.04-20.11.20:297][  0]LogStats: UGameplayTagsManager::ConstructGameplayTagTree: Construct from data asset -  0.015 s
[2017.04.04-20.11.20:325][  0]LogStats: UGameplayTagsManager::ConstructGameplayTagTree: GameplayTagTreeChangedEvent.Broadcast -  0.027 s
[2017.04.04-20.11.20:469][  0]LogContentBrowser: Native class hierarchy updated for 'WidgetCarousel' in 0.0005 seconds. Added 0 classes and 0 folders.
[2017.04.04-20.11.22:985][  0]LogContentBrowser: Native class hierarchy updated for 'AddContentDialog' in 0.0005 seconds. Added 0 classes and 0 folders.
[2017.04.04-20.11.23:346][  0]LogCrashTracker: Crashtracker disabled due to settings.
[2017.04.04-20.11.23:738][  0]LogUObjectGlobals:Warning: Failed to find object 'Class None.'
[2017.04.04-20.11.24:145][  0]LogContentBrowser: Native class hierarchy updated for 'HierarchicalLODOutliner' in 0.0006 seconds. Added 1 classes and 2 folders.
[2017.04.04-20.11.24:145][  0]LogLoad: (Engine Initialization) Total time: 223.03 seconds
[2017.04.04-20.11.24:145][  0]LogLoad: (Engine Initialization) Total Blueprint compile time: 1.50 seconds
[2017.04.04-20.11.24:145][  0]LogExternalProfiler: Found external profiler: VSPerf
[2017.04.04-20.11.24:145][  0]LogExternalProfiler: Using external profiler: VSPerf
[2017.04.04-20.11.24:312][  0]LogOcInput: OculusInput pre-init called
[2017.04.04-20.11.25:415][  0]LogContentStreaming: Texture pool size now 1000 MB
[2017.04.04-20.11.25:714][  0]LogSlate: Took 0.020322 seconds to synchronously load lazily loaded font '../../../Engine/Content/Slate/Fonts/Roboto-Regular.ttf' (155K)
[2017.04.04-20.11.25:752][  0]LogSlate: Took 0.025078 seconds to synchronously load lazily loaded font '../../../Engine/Content/Slate/Fonts/Roboto-Bold.ttf' (160K)
[2017.04.04-20.11.25:789][  0]LogSlate: Took 0.022045 seconds to synchronously load lazily loaded font '../../../Engine/Content/Editor/Slate/Fonts/FontAwesome.ttf' (139K)
[2017.04.04-20.11.27:604][  0]LogRenderer: Reallocating scene render targets to support 1184x896 NumSamples 1 (Frame:2).
[2017.04.04-20.11.28:792][  1]Cmd: ACTOR HIDE SELECTED
[2017.04.04-20.11.29:774][  2]LogSlate: Took 0.126248 seconds to synchronously load lazily loaded font '../../../Engine/Content/Slate/Fonts/Roboto-Light.ttf' (159K)
[2017.04.04-20.11.29:823][  3]LogAssetRegistry: Asset discovery search completed in 143.1788 seconds
[2017.04.04-20.11.29:848][  3]LogCollectionManager: Rebuilt the object cache for 0 collections in 0.025075 seconds (found 0 objects)
[2017.04.04-20.11.29:848][  3]LogCollectionManager: Fixed up redirectors for 0 collections in 0.025336 seconds (updated 0 objects)
[2017.04.04-20.11.30:648][  4]LogSlate: Took 0.000217 seconds to synchronously load lazily loaded font '../../../Engine/Content/Slate/Fonts/Roboto-Light.ttf' (159K)
[2017.04.04-20.11.31:857][ 57]LogSlate: Took 0.000131 seconds to synchronously load lazily loaded font '../../../Engine/Content/Slate/Fonts/Roboto-Light.ttf' (159K)
[2017.04.04-20.11.32:759][ 57]LogStaticMesh: Building static mesh Wall_Door...
[2017.04.04-20.11.32:880][ 57]LogStaticMesh: Built static mesh [0.22s] /Game/Environment/Wall_Door.Wall_Door
[2017.04.04-20.11.33:053][ 57]LogStaticMesh: Building static mesh Wall...
[2017.04.04-20.11.33:054][ 57]LogStaticMesh: Built static mesh [0.04s] /Game/Environment/Wall.Wall
[2017.04.04-20.11.33:368][ 57]LogTexture:Display: Building textures: Baseboard_Paint_normal (BC5, 2048X2048) - 76 MB total VRAM
[2017.04.04-20.11.37:879][ 57]LogTexture:Display: Building textures: Painted_Wall_roughness (AutoDXT, 2048X2048) - 76 MB total VRAM
[2017.04.04-20.11.39:480][ 57]LogTexture:Display: Building textures: Painted_Wall_normal (BC5, 2048X2048) - 76 MB total VRAM
[2017.04.04-20.11.40:055][ 57]LogMaterial: Missing cached shader map for material Wall_MM, compiling. 
[2017.04.04-20.11.40:082][ 57]LogTemp:Display: Added material ShaderMap 0x000002D24CCB3900 with Material 0x000002D24CDC1900 to ShaderMapsBeingCompiled
[2017.04.04-20.11.40:164][ 57]LogTemp:Display: Kicking off shader compilation for Wall_MM, GameThreadShaderMap 0x000002D24CCB3900
[2017.04.04-20.11.40:165][ 57]LogSlate: Took 0.000202 seconds to synchronously load lazily loaded font '../../../Engine/Content/Slate/Fonts/Roboto-Regular.ttf' (155K)
[2017.04.04-20.11.41:156][ 57]LogTexture:Display: Building textures: Wood_roughness (AutoDXT, 2048X2048) - 76 MB total VRAM
[2017.04.04-20.11.42:423][ 57]LogTexture:Display: Building textures: Wood_Occlusion (AutoDXT, 2048X2048) - 76 MB total VRAM
[2017.04.04-20.11.45:853][ 57]LogTexture:Display: Building textures: Wood_normal (BC5, 4096X4096) - 76 MB total VRAM
[2017.04.04-20.11.48:642][ 57]LogTexture:Display: Building textures: Wood_basecolor (AutoDXT, 2048X2048) - 76 MB total VRAM
[2017.04.04-20.11.50:060][ 57]LogMaterial: Missing cached shader map for material WoodFloor_MM, compiling. 
[2017.04.04-20.11.50:061][ 57]LogTemp:Display: Added material ShaderMap 0x000002D24595CF00 with Material 0x000002D24CD8E980 to ShaderMapsBeingCompiled
[2017.04.04-20.11.50:088][ 57]LogTemp:Display: Kicking off shader compilation for WoodFloor_MM, GameThreadShaderMap 0x000002D24595CF00
[2017.04.04-20.11.50:640][ 57]LogAIModule: Creating AISystem for world House
[2017.04.04-20.11.51:159][ 57]Cmd: MAP LOAD FILE="../../../../../PTSD/PTSD-Project/PTSD/Content/Maps/House.umap" TEMPLATE=0 SHOWPROGRESS=1 FEATURELEVEL=3
[2017.04.04-20.11.51:161][ 57]LightingResults: New page: Lighting Build
[2017.04.04-20.11.51:164][ 57]LoadErrors: New page: Loading map: House.umap
[2017.04.04-20.11.51:321][ 57]MapCheck: New page: Map Check
[2017.04.04-20.11.51:321][ 57]LightingResults: New page: Lighting Build
[2017.04.04-20.11.51:497][ 57]LogTemp:Display: Finished compile of shader map 0x000002D24CCB3900
[2017.04.04-20.11.51:498][ 57]LogTemp:Display: Shader map Wall_MM complete, GameThreadShaderMap 0x000002D24CCB3900, marking material Wall_MM as finished
[2017.04.04-20.11.51:498][ 57]LogTemp:Display: Marking material as finished 0x000002D24CDC1900
[2017.04.04-20.11.51:855][ 57]LogEditorServer: Finished looking for orphan Actors (0.000 secs)
[2017.04.04-20.11.51:885][ 57]Cmd: MAP CHECKDEP NOCLEARLOG
[2017.04.04-20.11.51:942][ 57]MapCheck: Info Map check complete: 0 Error(s), 0 Warning(s), took 56.376ms to complete.
[2017.04.04-20.11.51:942][ 57]LogFileHelpers: Loading map 'House' took 0.816
[2017.04.04-20.11.52:745][ 60]LogTemp:Display: Finished compile of shader map 0x000002D24595CF00
[2017.04.04-20.11.52:745][ 60]LogTemp:Display: Shader map WoodFloor_MM complete, GameThreadShaderMap 0x000002D24595CF00, marking material WoodFloor_MM as finished
[2017.04.04-20.11.52:745][ 60]LogTemp:Display: Marking material as finished 0x000002D24CD8E980
[2017.04.04-20.14.43:663][368]Cmd: CLOSE_SLATE_MAINFRAME
[2017.04.04-20.14.43:810][368]LogWindowsTextInputMethodSystem:Display: IME system now deactivated.
[2017.04.04-20.14.44:514][369]Cmd: QUIT_EDITOR
[2017.04.04-20.14.44:991][369]LogExit: Preparing to exit.
[2017.04.04-20.14.46:041][369]LogDirectoryWatcher: A directory notification for 'C:/PTSD/PTSD-Project/PTSD/Content/' was aborted.
[2017.04.04-20.14.46:186][369]LogExit: Editor shut down
[2017.04.04-20.14.46:186][369]LogExit: Transaction tracking system shut down
[2017.04.04-20.14.49:431][369]LogObj: Freed 0b from 0 cluster array pools.
[2017.04.04-20.14.49:431][369]LogExit: Object subsystem successfully closed.
[2017.04.04-20.14.50:208][369]LogD3D11RHI: Shutdown
[2017.04.04-20.14.50:208][369]LogD3D11RHI: CleanupD3DDevice
[2017.04.04-20.14.50:440][369]LogD3D11RHI: ~FD3D11DynamicRHI
[2017.04.04-20.14.54:687][369]LogModuleManager: Shutting down and abandoning module HierarchicalLODOutliner (500)
[2017.04.04-20.14.54:727][369]LogModuleManager: Shutting down and abandoning module CrashTracker (498)
[2017.04.04-20.14.54:727][369]LogModuleManager: Shutting down and abandoning module AddContentDialog (496)
[2017.04.04-20.14.54:795][369]LogDirectoryWatcher: A directory notification for 'C:/Games/UE_4.15/FeaturePacks/' was aborted.
[2017.04.04-20.14.54:873][369]LogModuleManager: Shutting down and abandoning module WidgetCarousel (495)
[2017.04.04-20.14.54:873][369]LogModuleManager: Shutting down and abandoning module EditorWidgets (492)
[2017.04.04-20.14.54:873][369]LogModuleManager: Shutting down and abandoning module CollectionManager (490)
[2017.04.04-20.14.54:952][369]LogDirectoryWatcher: A directory notification for 'C:/PTSD/PTSD-Project/PTSD/Content/Collections/' was aborted.
[2017.04.04-20.14.54:952][369]LogDirectoryWatcher: A directory notification for 'C:/PTSD/PTSD-Project/PTSD/Content/Developers/inner000/Collections/' was aborted.
[2017.04.04-20.14.54:952][369]LogDirectoryWatcher: A directory notification for 'C:/PTSD/PTSD-Project/PTSD/Saved/Collections/' was aborted.
[2017.04.04-20.14.54:952][369]LogModuleManager: Shutting down and abandoning module SceneOutliner (488)
[2017.04.04-20.14.54:999][369]LogModuleManager: Shutting down and abandoning module WorldBrowser (486)
[2017.04.04-20.14.54:999][369]LogModuleManager: Shutting down and abandoning module StatsViewer (484)
[2017.04.04-20.14.55:056][369]LogModuleManager: Shutting down and abandoning module FoliageEdit (482)
[2017.04.04-20.14.55:086][369]LogModuleManager: Shutting down and abandoning module LandscapeEditor (480)
[2017.04.04-20.14.55:113][369]LogModuleManager: Shutting down and abandoning module SceneDepthPickerMode (478)
[2017.04.04-20.14.55:113][369]LogModuleManager: Shutting down and abandoning module ActorPickerMode (476)
[2017.04.04-20.14.55:113][369]LogModuleManager: Shutting down and abandoning module GeometryMode (474)
[2017.04.04-20.14.55:113][369]LogModuleManager: Shutting down and abandoning module TextureAlignMode (472)
[2017.04.04-20.14.55:113][369]LogModuleManager: Shutting down and abandoning module BspMode (470)
[2017.04.04-20.14.55:140][369]LogModuleManager: Shutting down and abandoning module HardwareSurvey (468)
[2017.04.04-20.14.55:140][369]LogModuleManager: Shutting down and abandoning module SequenceRecorderSections (466)
[2017.04.04-20.14.55:140][369]LogModuleManager: Shutting down and abandoning module AutomationWorker (464)
[2017.04.04-20.14.55:193][369]LogModuleManager: Shutting down and abandoning module MatineeToLevelSequence (462)
[2017.04.04-20.14.55:193][369]LogModuleManager: Shutting down and abandoning module LevelSequenceEditor (460)
[2017.04.04-20.14.55:369][369]LogModuleManager: Shutting down and abandoning module PlacementMode (459)
[2017.04.04-20.14.55:369][369]LogModuleManager: Shutting down and abandoning module WmfMediaFactory (456)
[2017.04.04-20.14.55:369][369]LogModuleManager: Shutting down and abandoning module WmfMediaEditor (454)
[2017.04.04-20.14.55:369][369]LogModuleManager: Shutting down and abandoning module MfMediaFactory (452)
[2017.04.04-20.14.55:369][369]LogModuleManager: Shutting down and abandoning module MfMediaEditor (450)
[2017.04.04-20.14.55:369][369]LogModuleManager: Shutting down and abandoning module AvfMediaFactory (448)
[2017.04.04-20.14.55:369][369]LogModuleManager: Shutting down and abandoning module AvfMediaEditor (446)
[2017.04.04-20.14.55:369][369]LogModuleManager: Shutting down and abandoning module AndroidMediaFactory (444)
[2017.04.04-20.14.55:369][369]LogModuleManager: Shutting down and abandoning module Media (443)
[2017.04.04-20.14.55:369][369]LogModuleManager: Shutting down and abandoning module AndroidMediaEditor (440)
[2017.04.04-20.14.55:369][369]LogModuleManager: Shutting down and abandoning module CharacterAI (438)
[2017.04.04-20.14.55:369][369]LogModuleManager: Shutting down and abandoning module AudioCapture (436)
[2017.04.04-20.14.55:369][369]LogModuleManager: Shutting down and abandoning module SequenceRecorder (435)
[2017.04.04-20.14.55:485][369]LogModuleManager: Shutting down and abandoning module SmartSnapping (432)
[2017.04.04-20.14.55:485][369]LogModuleManager: Shutting down and abandoning module SessionServices (430)
[2017.04.04-20.14.55:485][369]LogModuleManager: Shutting down and abandoning module ViewportSnapping (428)
[2017.04.04-20.14.55:485][369]LogModuleManager: Shutting down and abandoning module ViewportInteraction (426)
[2017.04.04-20.14.55:486][369]LogModuleManager: Shutting down and abandoning module LogVisualizer (424)
[2017.04.04-20.14.55:511][369]LogModuleManager: Shutting down and abandoning module IntroTutorials (422)
[2017.04.04-20.14.55:524][369]LogModuleManager: Shutting down and abandoning module GameProjectGeneration (421)
[2017.04.04-20.14.55:565][369]LogModuleManager: Shutting down and abandoning module EditorLiveStreaming (418)
[2017.04.04-20.14.55:565][369]LogModuleManager: Shutting down and abandoning module IOSPlatformEditor (416)
[2017.04.04-20.14.55:565][369]LogModuleManager: Shutting down and abandoning module HTML5PlatformEditor (414)
[2017.04.04-20.14.55:565][369]LogModuleManager: Shutting down and abandoning module AndroidPlatformEditor (412)
[2017.04.04-20.14.55:574][369]LogModuleManager: Shutting down and abandoning module AndroidDeviceDetection (411)
[2017.04.04-20.14.55:822][369]LogModuleManager: Shutting down and abandoning module IOSRuntimeSettings (408)
[2017.04.04-20.14.55:822][369]LogModuleManager: Shutting down and abandoning module AndroidRuntimeSettings (406)
[2017.04.04-20.14.55:822][369]LogModuleManager: Shutting down and abandoning module InputBindingEditor (404)
[2017.04.04-20.14.56:028][369]LogModuleManager: Shutting down and abandoning module NiagaraEditor (402)
[2017.04.04-20.14.56:113][369]LogModuleManager: Shutting down and abandoning module MergeActors (400)
[2017.04.04-20.14.56:230][369]LogModuleManager: Shutting down and abandoning module SizeMap (398)
[2017.04.04-20.14.56:230][369]LogModuleManager: Shutting down and abandoning module TreeMap (396)
[2017.04.04-20.14.56:333][369]LogModuleManager: Shutting down and abandoning module ReferenceViewer (394)
[2017.04.04-20.14.56:333][369]LogModuleManager: Shutting down and abandoning module LocalizationDashboard (392)
[2017.04.04-20.14.56:407][369]LogModuleManager: Shutting down and abandoning module LocalizationService (391)
[2017.04.04-20.14.56:449][369]LogModuleManager: Shutting down and abandoning module HardwareTargeting (388)
[2017.04.04-20.14.56:479][369]LogModuleManager: Shutting down and abandoning module DeviceProfileEditor (386)
[2017.04.04-20.14.56:512][369]LogModuleManager: Shutting down and abandoning module UndoHistory (384)
[2017.04.04-20.14.56:521][369]LogModuleManager: Shutting down and abandoning module UserFeedback (382)
[2017.04.04-20.14.56:521][369]LogModuleManager: Shutting down and abandoning module XmlParser (380)
[2017.04.04-20.14.56:521][369]LogModuleManager: Shutting down and abandoning module Blutility (378)
[2017.04.04-20.14.56:535][369]LogModuleManager: Shutting down and abandoning module ProjectSettingsViewer (376)
[2017.04.04-20.14.56:535][369]LogModuleManager: Shutting down and abandoning module ProjectTargetPlatformEditor (375)
[2017.04.04-20.14.56:535][369]LogModuleManager: Shutting down and abandoning module EditorSettingsViewer (372)
[2017.04.04-20.14.56:535][369]LogModuleManager: Shutting down and abandoning module SettingsEditor (370)
[2017.04.04-20.14.56:581][369]LogModuleManager: Shutting down and abandoning module ProjectLauncher (368)
[2017.04.04-20.14.56:636][369]LogModuleManager: Shutting down and abandoning module SessionFrontend (366)
[2017.04.04-20.14.56:675][369]LogModuleManager: Shutting down and abandoning module ProfilerClient (364)
[2017.04.04-20.14.56:711][369]LogModuleManager: Shutting down and abandoning module DeviceManager (362)
[2017.04.04-20.14.56:728][369]LogModuleManager: Shutting down and abandoning module TargetDeviceServices (361)
[2017.04.04-20.14.56:783][369]LogModuleManager: Shutting down and abandoning module AutomationController (358)
[2017.04.04-20.14.56:968][369]LogModuleManager: Shutting down and abandoning module AutomationWindow (356)
[2017.04.04-20.14.56:988][369]LogModuleManager: Shutting down and abandoning module Layers (354)
[2017.04.04-20.14.57:031][369]LogModuleManager: Shutting down and abandoning module ComponentVisualizers (352)
[2017.04.04-20.14.57:031][369]LogModuleManager: Shutting down and abandoning module DetailCustomizations (350)
[2017.04.04-20.14.57:045][369]LogModuleManager: Shutting down and abandoning module PackagesDialog (348)
[2017.04.04-20.14.57:091][369]LogModuleManager: Shutting down and abandoning module Persona (346)
[2017.04.04-20.14.57:116][369]LogModuleManager: Shutting down and abandoning module AnimGraph (345)
[2017.04.04-20.14.57:116][369]LogModuleManager: Shutting down and abandoning module Kismet (342)
[2017.04.04-20.14.57:145][369]LogModuleManager: Shutting down and abandoning module GraphEditor (340)
[2017.04.04-20.14.57:218][369]LogModuleManager: Shutting down and abandoning module ClassViewer (338)
[2017.04.04-20.14.57:218][369]LogModuleManager: Shutting down and abandoning module Toolbox (336)
[2017.04.04-20.14.57:218][369]LogModuleManager: Shutting down and abandoning module ModuleUI (334)
[2017.04.04-20.14.57:254][369]LogModuleManager: Shutting down and abandoning module MovieSceneTools (332)
[2017.04.04-20.14.57:259][369]LogModuleManager: Shutting down and abandoning module OutputLog (330)
[2017.04.04-20.14.57:271][369]LogModuleManager: Shutting down and abandoning module GammaUI (328)
[2017.04.04-20.14.57:285][369]LogModuleManager: Shutting down and abandoning module Documentation (326)
[2017.04.04-20.14.57:285][369]LogModuleManager: Shutting down and abandoning module Niagara (324)
[2017.04.04-20.14.57:285][369]LogModuleManager: Shutting down and abandoning module StreamingPauseRendering (322)
[2017.04.04-20.14.57:285][369]LogModuleManager: Shutting down and abandoning module AnalyticsET (320)
[2017.04.04-20.14.57:285][369]LogModuleManager: Shutting down and abandoning module PortalServices (318)
[2017.04.04-20.14.57:285][369]LogModuleManager: Shutting down and abandoning module PortalRpc (316)
[2017.04.04-20.14.57:285][369]LogModuleManager: Shutting down and abandoning module MessagingRpc (314)
[2017.04.04-20.14.57:285][369]LogModuleManager: Shutting down and abandoning module AIModule (312)
[2017.04.04-20.14.57:285][369]LogModuleManager: Shutting down and abandoning module GameplayDebugger (311)
[2017.04.04-20.14.57:285][369]LogModuleManager: Shutting down and abandoning module AITestSuite (309)
[2017.04.04-20.14.57:285][369]LogModuleManager: Shutting down and abandoning module ProfilerService (306)
[2017.04.04-20.14.57:516][369]LogModuleManager: Shutting down and abandoning module TaskGraph (304)
[2017.04.04-20.14.57:619][369]LogModuleManager: Shutting down and abandoning module SteamVRController (302)
[2017.04.04-20.14.57:619][369]LogModuleManager: Shutting down and abandoning module SteamVR (300)
[2017.04.04-20.14.57:619][369]LogModuleManager: Shutting down and abandoning module ProceduralMeshComponentEditor (298)
[2017.04.04-20.14.57:619][369]LogModuleManager: Shutting down and abandoning module ProceduralMeshComponent (296)
[2017.04.04-20.14.57:664][369]LogModuleManager: Shutting down and abandoning module OculusLibrary (294)
[2017.04.04-20.14.57:664][369]LogModuleManager: Shutting down and abandoning module OculusInput (292)
[2017.04.04-20.14.57:664][369]LogModuleManager: Shutting down and abandoning module MobilePatchingUtils (290)
[2017.04.04-20.14.57:664][369]LogModuleManager: Shutting down and abandoning module CustomMeshComponent (288)
[2017.04.04-20.14.57:664][369]LogModuleManager: Shutting down and abandoning module CableComponent (286)
[2017.04.04-20.14.57:664][369]LogModuleManager: Shutting down and abandoning module ArchVisCharacter (284)
[2017.04.04-20.14.57:664][369]LogModuleManager: Shutting down and abandoning module MediaPlayerEditor (280)
[2017.04.04-20.14.57:664][369]LogModuleManager: Shutting down and abandoning module HTML5Networking (278)
[2017.04.04-20.14.57:664][369]LogModuleManager: Shutting down and abandoning module AlembicImporter (276)
[2017.04.04-20.14.57:702][369]LogModuleManager: Shutting down and abandoning module AlembicLibrary (275)
[2017.04.04-20.14.57:702][369]LogModuleManager: Shutting down and abandoning module GeometryCache (274)
[2017.04.04-20.14.57:702][369]LogModuleManager: Shutting down and abandoning module GeometryCacheEd (273)
[2017.04.04-20.14.57:702][369]LogModuleManager: Shutting down and abandoning module SuperSearchEditor (268)
[2017.04.04-20.14.57:702][369]LogModuleManager: Shutting down and abandoning module SuperSearch (267)
[2017.04.04-20.14.57:702][369]LogModuleManager: Shutting down and abandoning module SpeedTreeImporter (264)
[2017.04.04-20.14.57:702][369]LogModuleManager: Shutting down and abandoning module PluginBrowser (262)
[2017.04.04-20.14.57:753][369]LogModuleManager: Shutting down and abandoning module MobileLauncherProfileWizard (260)
[2017.04.04-20.14.57:786][369]LogModuleManager: Shutting down and abandoning module EpicSurvey (258)
[2017.04.04-20.14.57:786][369]LogModuleManager: Shutting down and abandoning module VisualStudioSourceCodeAccess (256)
[2017.04.04-20.14.57:786][369]LogModuleManager: Shutting down and abandoning module DesktopPlatform (255)
[2017.04.04-20.14.57:786][369]LogModuleManager: Shutting down and abandoning module UObjectPlugin (252)
[2017.04.04-20.14.57:786][369]LogModuleManager: Shutting down and abandoning module SubversionSourceControl (250)
[2017.04.04-20.14.57:790][369]LogModuleManager: Shutting down and abandoning module PerforceSourceControl (248)
[2017.04.04-20.14.57:814][369]LogModuleManager: Shutting down and abandoning module GitSourceControl (246)
[2017.04.04-20.14.57:824][369]LogModuleManager: Shutting down and abandoning module SourceControl (245)
[2017.04.04-20.14.57:859][369]LogModuleManager: Shutting down and abandoning module LightPropagationVolumeEditor (242)
[2017.04.04-20.14.57:859][369]LogModuleManager: Shutting down and abandoning module PaperTiledImporter (240)
[2017.04.04-20.14.57:859][369]LogModuleManager: Shutting down and abandoning module PaperSpriteSheetImporter (238)
[2017.04.04-20.14.57:859][369]LogModuleManager: Shutting down and abandoning module Paper2DEditor (236)
[2017.04.04-20.14.57:889][369]LogModuleManager: Shutting down and abandoning module MeshPaint (235)
[2017.04.04-20.14.57:901][369]LogModuleManager: Shutting down and abandoning module LevelEditor (233)
[2017.04.04-20.14.57:902][369]LogModuleManager: Shutting down and abandoning module PixelInspectorModule (232)
[2017.04.04-20.14.57:944][369]LogModuleManager: Shutting down and abandoning module MainFrame (230)
[2017.04.04-20.14.57:944][369]LogModuleManager: Shutting down and abandoning module HotReload (229)
[2017.04.04-20.14.57:951][369]LogModuleManager: Shutting down and abandoning module ContentBrowser (225)
[2017.04.04-20.14.57:952][369]LogModuleManager: Shutting down and abandoning module PhysXVehiclesEditor (222)
[2017.04.04-20.14.57:958][369]LogModuleManager: Shutting down and abandoning module PhysXVehicles (220)
[2017.04.04-20.14.57:958][369]LogModuleManager: Shutting down and abandoning module LocationServicesBPLibrary (218)
[2017.04.04-20.14.57:958][369]LogModuleManager: Shutting down and abandoning module UdpMessaging (216)
[2017.04.04-20.14.58:060][369]LogModuleManager: Shutting down and abandoning module TcpMessaging (214)
[2017.04.04-20.14.58:171][369]LogModuleManager: Shutting down and abandoning module GameplayTagsEditor (212)
[2017.04.04-20.14.58:261][369]LogModuleManager: Shutting down and abandoning module FacialAnimationEditor (210)
[2017.04.04-20.14.58:305][369]LogModuleManager: Shutting down and abandoning module FacialAnimation (208)
[2017.04.04-20.14.58:305][369]LogModuleManager: Shutting down and abandoning module LightPropagationVolumeRuntime (206)
[2017.04.04-20.14.58:305][369]LogModuleManager: Shutting down and abandoning module Paper2D (204)
[2017.04.04-20.14.58:324][369]LogModuleManager: Shutting down and abandoning module WindowsMoviePlayer (202)
[2017.04.04-20.14.58:324][369]LogModuleManager: Shutting down and abandoning module WmfMedia (200)
[2017.04.04-20.14.58:324][369]LogModuleManager: Shutting down and abandoning module MfMedia (198)
[2017.04.04-20.14.58:324][369]LogModuleManager: Shutting down and abandoning module MediaAssets (196)
[2017.04.04-20.14.58:324][369]LogModuleManager: Shutting down and abandoning module GameLiveStreaming (194)
[2017.04.04-20.14.58:324][369]LogModuleManager: Shutting down and abandoning module VREditor (192)
[2017.04.04-20.14.58:324][369]LogModuleManager: Shutting down and abandoning module GameplayTasksEditor (190)
[2017.04.04-20.14.58:324][369]LogModuleManager: Shutting down and abandoning module BehaviorTreeEditor (188)
[2017.04.04-20.14.58:377][369]LogModuleManager: Shutting down and abandoning module FunctionalTesting (186)
[2017.04.04-20.14.58:386][369]LogModuleManager: Shutting down and abandoning module CollisionAnalyzer (184)
[2017.04.04-20.14.58:408][369]LogModuleManager: Shutting down and abandoning module UMG (182)
[2017.04.04-20.14.58:447][369]LogModuleManager: Shutting down and abandoning module UMGEditor (181)
[2017.04.04-20.14.58:501][369]LogModuleManager: Shutting down and abandoning module Sequencer (180)
[2017.04.04-20.14.58:561][369]LogModuleManager: Shutting down and abandoning module AssetTools (178)
[2017.04.04-20.14.58:627][369]LogModuleManager: Shutting down and abandoning module MessageLog (177)
[2017.04.04-20.14.58:645][369]LogModuleManager: Shutting down and abandoning module WorkspaceMenuStructure (176)
[2017.04.04-20.14.58:645][369]LogModuleManager: Shutting down and abandoning module SlateReflector (170)
[2017.04.04-20.14.58:688][369]LogModuleManager: Shutting down and abandoning module Slate (168)
[2017.04.04-20.14.58:688][369]LogModuleManager: Shutting down and abandoning module EditorStyle (166)
[2017.04.04-20.14.58:690][369]LogModuleManager: Shutting down and abandoning module SourceCodeAccess (164)
[2017.04.04-20.14.58:717][369]LogModuleManager: Shutting down and abandoning module HeadMountedDisplay (162)
[2017.04.04-20.14.58:717][369]LogModuleManager: Shutting down and abandoning module XAudio2 (160)
[2017.04.04-20.14.58:717][369]LogModuleManager: Shutting down and abandoning module Networking (158)
[2017.04.04-20.14.58:717][369]LogModuleManager: Shutting down and abandoning module Core (154)
[2017.04.04-20.14.58:717][369]LogModuleManager: Shutting down and abandoning module AssetRegistry (152)
[2017.04.04-20.14.58:877][369]LogDirectoryWatcher: A directory notification for '../../../Engine/Content/' was aborted.
[2017.04.04-20.14.58:877][369]LogDirectoryWatcher: A directory notification for '../../../../../PTSD/PTSD-Project/PTSD/Content/' was aborted.
[2017.04.04-20.14.58:877][369]LogDirectoryWatcher: A directory notification for '../../../Engine/Plugins/2D/Paper2D/Content/' was aborted.
[2017.04.04-20.14.58:898][369]LogModuleManager: Shutting down and abandoning module DirectoryWatcher (151)
[2017.04.04-20.14.58:898][369]LogModuleManager: Shutting down and abandoning module KismetCompiler (148)
[2017.04.04-20.14.58:898][369]LogModuleManager: Shutting down and abandoning module PhysXFormats (146)
[2017.04.04-20.14.58:898][369]LogModuleManager: Shutting down and abandoning module MeshUtilities (144)
[2017.04.04-20.14.58:944][369]LogModuleManager: Shutting down and abandoning module SimplygonSwarm (143)
[2017.04.04-20.14.58:954][369]LogModuleManager: Shutting down and abandoning module SimplygonMeshReduction (141)
[2017.04.04-20.14.58:954][369]LogModuleManager: Shutting down and abandoning module QuadricMeshReduction (139)
[2017.04.04-20.14.58:954][369]LogModuleManager: Shutting down and abandoning module PropertyEditor (137)
[2017.04.04-20.14.58:954][369]LogModuleManager: Shutting down and abandoning module DerivedDataCache (134)
[2017.04.04-20.14.59:047][369]LogDerivedDataCache: Shutdown
[2017.04.04-20.14.59:047][369]LogModuleManager: Shutting down and abandoning module TargetPlatform (132)
[2017.04.04-20.14.59:047][369]LogModuleManager: Shutting down and abandoning module VulkanShaderFormat (131)
[2017.04.04-20.14.59:058][369]LogModuleManager: Shutting down and abandoning module ShaderFormatOpenGL (129)
[2017.04.04-20.14.59:096][369]LogModuleManager: Shutting down and abandoning module ShaderFormatD3D (127)
[2017.04.04-20.14.59:096][369]LogModuleManager: Shutting down and abandoning module MetalShaderFormat (125)
[2017.04.04-20.14.59:109][369]LogModuleManager: Shutting down and abandoning module TextureFormatUncompressed (123)
[2017.04.04-20.14.59:110][369]LogModuleManager: Shutting down and abandoning module TextureFormatPVR (121)
[2017.04.04-20.14.59:110][369]LogModuleManager: Shutting down and abandoning module TextureFormatDXT (119)
[2017.04.04-20.14.59:110][369]LogModuleManager: Shutting down and abandoning module TextureFormatIntelISPCTexComp (117)
[2017.04.04-20.14.59:137][369]LogModuleManager: Shutting down and abandoning module TextureFormatASTC (115)
[2017.04.04-20.14.59:137][369]LogModuleManager: Shutting down and abandoning module ImageWrapper (114)
[2017.04.04-20.14.59:137][369]LogModuleManager: Shutting down and abandoning module TextureFormatAndroid (111)
[2017.04.04-20.14.59:137][369]LogModuleManager: Shutting down and abandoning module AudioFormatOpus (109)
[2017.04.04-20.14.59:161][369]LogModuleManager: Shutting down and abandoning module AudioFormatOgg (107)
[2017.04.04-20.14.59:161][369]LogModuleManager: Shutting down and abandoning module AudioFormatADPCM (105)
[2017.04.04-20.14.59:161][369]LogModuleManager: Shutting down and abandoning module LinuxTargetPlatform (103)
[2017.04.04-20.14.59:161][369]LogModuleManager: Shutting down and abandoning module LinuxServerTargetPlatform (101)
[2017.04.04-20.14.59:161][369]LogModuleManager: Shutting down and abandoning module LinuxNoEditorTargetPlatform (99)
[2017.04.04-20.14.59:161][369]LogModuleManager: Shutting down and abandoning module LinuxClientTargetPlatform (97)
[2017.04.04-20.14.59:161][369]LogModuleManager: Shutting down and abandoning module TVOSTargetPlatform (95)
[2017.04.04-20.14.59:161][369]LogModuleManager: Shutting down and abandoning module Messaging (93)
[2017.04.04-20.14.59:161][369]LogModuleManager: Shutting down and abandoning module IOSTargetPlatform (91)
[2017.04.04-20.14.59:161][369]LogModuleManager: Shutting down and abandoning module HTML5TargetPlatform (89)
[2017.04.04-20.14.59:162][369]LogModuleManager: Shutting down and abandoning module Android_PVRTCTargetPlatform (87)
[2017.04.04-20.14.59:162][369]LogModuleManager: Shutting down and abandoning module Android_MultiTargetPlatform (85)
[2017.04.04-20.14.59:162][369]LogModuleManager: Shutting down and abandoning module Android_ETC2TargetPlatform (83)
[2017.04.04-20.14.59:162][369]LogModuleManager: Shutting down and abandoning module Android_ETC1TargetPlatform (81)
[2017.04.04-20.14.59:162][369]LogModuleManager: Shutting down and abandoning module Android_DXTTargetPlatform (79)
[2017.04.04-20.14.59:162][369]LogModuleManager: Shutting down and abandoning module Android_ATCTargetPlatform (77)
[2017.04.04-20.14.59:162][369]LogModuleManager: Shutting down and abandoning module Android_ASTCTargetPlatform (75)
[2017.04.04-20.14.59:162][369]LogModuleManager: Shutting down and abandoning module AndroidTargetPlatform (73)
[2017.04.04-20.14.59:162][369]LogModuleManager: Shutting down and abandoning module WindowsTargetPlatform (71)
[2017.04.04-20.14.59:162][369]LogModuleManager: Shutting down and abandoning module WindowsServerTargetPlatform (69)
[2017.04.04-20.14.59:162][369]LogModuleManager: Shutting down and abandoning module WindowsNoEditorTargetPlatform (67)
[2017.04.04-20.14.59:162][369]LogModuleManager: Shutting down and abandoning module WindowsClientTargetPlatform (65)
[2017.04.04-20.14.59:162][369]LogModuleManager: Shutting down and abandoning module MacTargetPlatform (63)
[2017.04.04-20.14.59:162][369]LogModuleManager: Shutting down and abandoning module MacServerTargetPlatform (61)
[2017.04.04-20.14.59:162][369]LogModuleManager: Shutting down and abandoning module MacNoEditorTargetPlatform (59)
[2017.04.04-20.14.59:162][369]LogModuleManager: Shutting down and abandoning module MacClientTargetPlatform (57)
[2017.04.04-20.14.59:162][369]LogModuleManager: Shutting down and abandoning module AllDesktopTargetPlatform (55)
[2017.04.04-20.14.59:162][369]LogModuleManager: Shutting down and abandoning module InputCore (52)
[2017.04.04-20.14.59:162][369]LogModuleManager: Shutting down and abandoning module Settings (50)
[2017.04.04-20.14.59:162][369]LogModuleManager: Shutting down and abandoning module OculusRift (48)
[2017.04.04-20.14.59:195][369]LogModuleManager: Shutting down and abandoning module GearVR (46)
[2017.04.04-20.14.59:195][369]LogModuleManager: Shutting down and abandoning module ExampleDeviceProfileSelector (44)
[2017.04.04-20.14.59:195][369]LogModuleManager: Shutting down and abandoning module OnlineBlueprintSupport (42)
[2017.04.04-20.14.59:195][369]LogModuleManager: Shutting down and abandoning module OnlineSubsystem (38)
[2017.04.04-20.14.59:195][369]LogOnline:Display: Unloading online subsystem: NULL
[2017.04.04-20.14.59:237][369]LogModuleManager: Shutting down and abandoning module XMPP (37)
[2017.04.04-20.14.59:263][369]LogModuleManager: Shutting down and abandoning module HTTP (35)
[2017.04.04-20.14.59:267][369]LogHttp:Display: Http module shutting down, but needs to wait on 1 outstanding Http requests:
[2017.04.04-20.14.59:267][369]LogHttp:Display: 	verb=[POST] url=[https://datarouter.ol.epicgames.com/datarouter/api/v1/public/data?SessionID=%7B4E4390DC-4D89-032D-002C-63A4F5F169FC%7D&AppID=UEEditor.Rocket.Release&AppVersion=4.15.1-3348071%2B%2B%2BUE4%2BRelease-4.15&UserID=750ac638448b4cf87faad6878f8ba06c%7Cb36ec6f80e614795904645f80cf52a09%7C5b6804fd-5f09-4335-91ff-c0d243bd4d4e&AppEnvironment=datacollector-binary&UploadType=eteventstream] status=Processing
[2017.04.04-20.14.59:295][369]LogModuleManager: Shutting down and abandoning module SSL (34)
[2017.04.04-20.14.59:297][369]LogModuleManager: Shutting down and abandoning module AudioEditor (30)
[2017.04.04-20.14.59:312][369]LogModuleManager: Shutting down and abandoning module TextureCompressor (28)
[2017.04.04-20.14.59:312][369]LogModuleManager: Shutting down and abandoning module ShaderCore (26)
[2017.04.04-20.14.59:312][369]LogModuleManager: Shutting down and abandoning module Landscape (24)
[2017.04.04-20.14.59:312][369]LogModuleManager: Shutting down and abandoning module SlateRHIRenderer (22)
[2017.04.04-20.14.59:329][369]LogModuleManager: Shutting down and abandoning module OpenGLDrv (20)
[2017.04.04-20.14.59:335][369]LogModuleManager: Shutting down and abandoning module D3D11RHI (18)
[2017.04.04-20.14.59:335][369]LogModuleManager: Shutting down and abandoning module AnimGraphRuntime (16)
[2017.04.04-20.14.59:358][369]LogModuleManager: Shutting down and abandoning module Renderer (14)
[2017.04.04-20.14.59:358][369]LogModuleManager: Shutting down and abandoning module Engine (12)
[2017.04.04-20.14.59:358][369]LogModuleManager: Shutting down and abandoning module CoreUObject (10)
[2017.04.04-20.14.59:358][369]LogModuleManager: Shutting down and abandoning module NetworkFile (8)
[2017.04.04-20.14.59:358][369]LogModuleManager: Shutting down and abandoning module StreamingFile (6)
[2017.04.04-20.14.59:358][369]LogModuleManager: Shutting down and abandoning module SandboxFile (4)
[2017.04.04-20.14.59:358][369]LogModuleManager: Shutting down and abandoning module PakFile (2)
[2017.04.04-20.14.59:389][369]LogExit: Exiting.
[2017.04.04-20.14.59:401][369]Log file closed, 04/04/17 16:14:59
