Log file open, 03/09/17 13:23:34
LogInit:Display: Running engine for game: PTSD
LogPlatformFile: Not using cached read wrapper
LogInit:Display: RandInit(1853901657) SRandInit(1853901657).
LogTaskGraph: Started task graph with 5 named threads and 8 total threads with 1 sets of task threads.
LogStats: Stats thread started at 0.108287
LogInit: Using libcurl 7.47.1
LogInit:  - built for x86_64-pc-win32
LogInit:  - supports SSL with OpenSSL/1.0.2g
LogInit:  - supports HTTP deflate (compression) using libz 1.2.8
LogInit:  - other features:
LogInit:      CURL_VERSION_SSL
LogInit:      CURL_VERSION_LIBZ
LogInit:      CURL_VERSION_IPV6
LogInit:      CURL_VERSION_ASYNCHDNS
LogInit:      CURL_VERSION_LARGEFILE
LogInit:      CURL_VERSION_IDN
LogInit:  CurlRequestOptions (configurable via config and command line):
LogInit:  - bVerifyPeer = false  - Libcurl will NOT verify peer certificate
LogInit:  - bUseHttpProxy = false  - Libcurl will NOT use HTTP proxy
LogInit:  - bDontReuseConnections = false  - Libcurl will reuse connections
LogInit:  - CertBundlePath = nullptr  - Libcurl will use whatever was configured at build time.
LogInit: Build: ++UE4+Release-4.15-CL-3299760
LogInit: Engine Version: 4.15.0-3299760+++UE4+Release-4.15
LogInit: Compatible Engine Version: 4.15.0-3299760+++UE4+Release-4.15
LogInit: Net CL: 3299760
LogDevObjectVersion: Number of dev versions registered: 14
LogDevObjectVersion:   Dev-Blueprints (B0D832E4-1F89-4F0D-ACCF-7EB736FD4AA2): 8
LogDevObjectVersion:   Dev-Build (E1C64328-A22C-4D53-A36C-8E866417BD8C): 0
LogDevObjectVersion:   Dev-Core (375EC13C-06E4-48FB-B500-84F0262A717E): 2
LogDevObjectVersion:   Dev-Editor (E4B068ED-F494-42E9-A231-DA0B2E46BB41): 14
LogDevObjectVersion:   Dev-Framework (CFFC743F-43B0-4480-9391-14DF171D2073): 22
LogDevObjectVersion:   Dev-Mobile (B02B49B5-BB20-44E9-A304-32B752E40360): 0
LogDevObjectVersion:   Dev-Networking (A4E4105C-59A1-49B5-A7C5-40C4547EDFEE): 0
LogDevObjectVersion:   Dev-Online (39C831C9-5AE6-47DC-9A44-9C173E1C8E7C): 0
LogDevObjectVersion:   Dev-Physics (78F01B33-EBEA-4F98-B9B4-84EACCB95AA2): 0
LogDevObjectVersion:   Dev-Platform (6631380F-2D4D-43E0-8009-CF276956A95A): 0
LogDevObjectVersion:   Dev-Rendering (12F88B9F-8875-4AFC-A67C-D90C383ABD29): 12
LogDevObjectVersion:   Dev-Sequencer (7B5AE74C-D270-4C10-A958-57980B212A5A): 3
LogDevObjectVersion:   Dev-VR (D7296918-1DD6-4BDD-9DE2-64A83CC13884): 0
LogDevObjectVersion:   Dev-LoadTimes (C2A15278-BFE7-4AFE-6C17-90FF531DF755): 1
LogInit: Compiled (64-bit): Feb 14 2017 02:04:14
LogInit: Compiled with Visual C++: 19.00.23026.00
LogInit: Build Configuration: Development
LogInit: Branch Name: ++UE4+Release-4.15
LogInit: Command line: -EpicPortal 
LogInit: Base directory: C:/Program Files/Epic Games/UE_4.15/Engine/Binaries/Win64/
LogInit: Installed Engine Build: 1
LogInit: Presizing for max 8388607 objects, including 0 objects not considered by GC, pre-allocating 0 bytes for permanent pool.
LogInit: Object subsystem initialized
[2017.03.09-18.23.36:101][  0]LogInit: Selected Device Profile: [Windows]
[2017.03.09-18.23.36:101][  0]LogInit: Applying CVar settings loaded from the selected device profile: [Windows]
[2017.03.09-18.23.36:169][  0]LogInit: Computer: P3130-MACHINE9
[2017.03.09-18.23.36:169][  0]LogInit: User: kharm
[2017.03.09-18.23.36:169][  0]LogInit: CPU Page size=65536, Cores=4
[2017.03.09-18.23.36:169][  0]LogInit: High frequency timer resolution =3.515626 MHz
[2017.03.09-18.23.36:169][  0]LogMemory: Memory total: Physical=15.9GB (16GB approx)
[2017.03.09-18.23.36:169][  0]LogMemory: Platform Memory Stats for Windows
[2017.03.09-18.23.36:169][  0]LogMemory: Process Physical Memory: 263.76 MB used, 263.76 MB peak
[2017.03.09-18.23.36:169][  0]LogMemory: Process Virtual Memory: 263.28 MB used, 263.28 MB peak
[2017.03.09-18.23.36:169][  0]LogMemory: Physical Memory: 5516.34 MB used,  10728.89 MB free, 16245.23 MB total
[2017.03.09-18.23.36:169][  0]LogMemory: Virtual Memory: 655.77 MB used,  10728.89 MB free, 134217728.00 MB total
[2017.03.09-18.23.36:339][  0]LogTextLocalizationManager: No specific translations for ('en-US') exist, so ('en') translations will be used.
[2017.03.09-18.23.37:575][  0]LogD3D11RHI: D3D11 adapters:
[2017.03.09-18.23.37:604][  0]LogD3D11RHI:    0. 'NVIDIA GeForce GTX 970' (Feature Level 11_0)
[2017.03.09-18.23.37:604][  0]LogD3D11RHI:       4058/0/8122 MB DedicatedVideo/DedicatedSystem/SharedSystem, Outputs:1, VendorId:0x10de
[2017.03.09-18.23.37:610][  0]LogD3D11RHI:    1. 'Intel(R) HD Graphics 4600' (Feature Level 11_0)
[2017.03.09-18.23.37:610][  0]LogD3D11RHI:       112/0/8122 MB DedicatedVideo/DedicatedSystem/SharedSystem, Outputs:0, VendorId:0x8086
[2017.03.09-18.23.37:611][  0]LogD3D11RHI:    2. 'Microsoft Basic Render Driver' (Feature Level 11_0)
[2017.03.09-18.23.37:611][  0]LogD3D11RHI:       0/0/8122 MB DedicatedVideo/DedicatedSystem/SharedSystem, Outputs:0, VendorId:0x1414
[2017.03.09-18.23.37:611][  0]LogD3D11RHI: Chosen D3D11 Adapter: 0
[2017.03.09-18.23.37:619][  0]LogD3D11RHI: Creating new Direct3DDevice
[2017.03.09-18.23.37:619][  0]LogD3D11RHI:     GPU DeviceId: 0x13c2 (for the marketing name, search the web for "GPU Device Id")
[2017.03.09-18.23.37:619][  0]LogWindows: EnumDisplayDevices:
[2017.03.09-18.23.37:619][  0]LogWindows:    0. 'NVIDIA GeForce GTX 970' (P:1 D:1)
[2017.03.09-18.23.37:619][  0]LogWindows:    1. 'NVIDIA GeForce GTX 970' (P:0 D:0)
[2017.03.09-18.23.37:620][  0]LogWindows:    2. 'NVIDIA GeForce GTX 970' (P:0 D:0)
[2017.03.09-18.23.37:620][  0]LogWindows:    3. 'NVIDIA GeForce GTX 970' (P:0 D:0)
[2017.03.09-18.23.37:620][  0]LogWindows:    4. 'Intel(R) HD Graphics 4600' (P:0 D:0)
[2017.03.09-18.23.37:620][  0]LogWindows:    5. 'Intel(R) HD Graphics 4600' (P:0 D:0)
[2017.03.09-18.23.37:621][  0]LogWindows:    6. 'Intel(R) HD Graphics 4600' (P:0 D:0)
[2017.03.09-18.23.37:621][  0]LogWindows: DebugString: PrimaryIsNotTheChoosenAdapter PrimaryIsNotTheChoosenAdapter PrimaryIsNotTheChoosenAdapter FoundDriverCount:4 
[2017.03.09-18.23.37:621][  0]LogD3D11RHI:     Adapter Name: NVIDIA GeForce GTX 970
[2017.03.09-18.23.37:621][  0]LogD3D11RHI:   Driver Version: 376.19 (internal:21.21.13.7619, unified:376.19)
[2017.03.09-18.23.37:621][  0]LogD3D11RHI:      Driver Date: 12-1-2016
[2017.03.09-18.23.37:621][  0]LogRHI: Texture pool is 1361 MB (70% of 1945 MB)
[2017.03.09-18.23.37:632][  0]LogD3D11RHI: Async texture creation enabled
[2017.03.09-18.23.37:642][  0]LogD3D11RHI: GPU Timing Frequency: 1000.000000 (Debug: 2 1)
[2017.03.09-18.23.37:690][  0]LogShaderCompilers: Guid format shader working directory is -15 characters bigger than the processId version (../../../../../../Users/kharm/Documents/Unreal Projects/PTSD/Intermediate/Shaders/WorkingDirectory/65480/).
[2017.03.09-18.23.37:690][  0]LogShaderCompilers: Cleaned the shader compiler working directory 'C:/Users/kharm/AppData/Local/Temp/UnrealShaderWorkingDir/9A3CCC26435230ED0C70CC815DA85E84/'.
[2017.03.09-18.23.37:690][  0]LogShaderCompilers:Display: Using Local Shader Compiler.
[2017.03.09-18.23.39:105][  0]LogTemp:Display: Loaded TP AllDesktopTargetPlatform
[2017.03.09-18.23.39:168][  0]LogTemp:Display: Loaded TP MacClientTargetPlatform
[2017.03.09-18.23.39:237][  0]LogTemp:Display: Loaded TP MacNoEditorTargetPlatform
[2017.03.09-18.23.39:300][  0]LogTemp:Display: Loaded TP MacServerTargetPlatform
[2017.03.09-18.23.39:380][  0]LogTemp:Display: Loaded TP MacTargetPlatform
[2017.03.09-18.23.39:441][  0]LogTemp:Display: Loaded TP WindowsClientTargetPlatform
[2017.03.09-18.23.39:503][  0]LogTemp:Display: Loaded TP WindowsNoEditorTargetPlatform
[2017.03.09-18.23.39:563][  0]LogTemp:Display: Loaded TP WindowsServerTargetPlatform
[2017.03.09-18.23.39:616][  0]LogTemp:Display: Loaded TP WindowsTargetPlatform
[2017.03.09-18.23.39:679][  0]LogTemp:Display: Loaded TP AndroidTargetPlatform
[2017.03.09-18.23.39:740][  0]LogTemp:Display: Loaded TP Android_ASTCTargetPlatform
[2017.03.09-18.23.39:813][  0]LogTemp:Display: Loaded TP Android_ATCTargetPlatform
[2017.03.09-18.23.39:877][  0]LogTemp:Display: Loaded TP Android_DXTTargetPlatform
[2017.03.09-18.23.39:946][  0]LogTemp:Display: Loaded TP Android_ETC1TargetPlatform
[2017.03.09-18.23.40:010][  0]LogTemp:Display: Loaded TP Android_ETC2TargetPlatform
[2017.03.09-18.23.40:136][  0]LogTemp:Display: Loaded TP Android_MultiTargetPlatform
[2017.03.09-18.23.40:136][  0]LogTemp:Display: Loaded TP Android_PVRTCTargetPlatform
[2017.03.09-18.23.40:186][  0]LogTemp:Display: Loaded TP HTML5TargetPlatform
[2017.03.09-18.23.40:291][  0]LogTemp:Display: Loaded TP IOSTargetPlatform
[2017.03.09-18.23.40:329][  0]LogTemp:Display: Loaded TP TVOSTargetPlatform
[2017.03.09-18.23.40:395][  0]LogTemp:Display: Loaded TP LinuxClientTargetPlatform
[2017.03.09-18.23.40:492][  0]LogTemp:Display: Loaded TP LinuxNoEditorTargetPlatform
[2017.03.09-18.23.40:564][  0]LogTemp:Display: Loaded TP LinuxServerTargetPlatform
[2017.03.09-18.23.40:623][  0]LogTemp:Display: Loaded TP LinuxTargetPlatform
[2017.03.09-18.23.40:623][  0]LogTargetPlatformManager:Display: Building Assets For Windows
[2017.03.09-18.23.41:041][  0]LogDerivedDataCache:Display: Max Cache Size: 512 MB
[2017.03.09-18.23.41:117][  0]LogDerivedDataCache: Loaded boot cache 0.05s 50MB C:/Users/kharm/AppData/Local/UnrealEngine/4.15/DerivedDataCache/Boot.ddc.
[2017.03.09-18.23.41:117][  0]LogDerivedDataCache:Display: Loaded Boot cache: C:/Users/kharm/AppData/Local/UnrealEngine/4.15/DerivedDataCache/Boot.ddc
[2017.03.09-18.23.41:118][  0]LogDerivedDataCache: FDerivedDataBackendGraph:  Pak pak cache file ../../../../../../Users/kharm/Documents/Unreal Projects/PTSD/DerivedDataCache/DDC.ddp not found, will not use a pak cache.
[2017.03.09-18.23.41:118][  0]LogDerivedDataCache: Unable to find inner node Pak for hierarchical cache Hierarchy.
[2017.03.09-18.23.41:118][  0]LogDerivedDataCache: FDerivedDataBackendGraph:  CompressedPak pak cache file ../../../../../../Users/kharm/Documents/Unreal Projects/PTSD/DerivedDataCache/Compressed.ddp not found, will not use a pak cache.
[2017.03.09-18.23.41:118][  0]LogDerivedDataCache: Unable to find inner node CompressedPak for hierarchical cache Hierarchy.
[2017.03.09-18.23.41:135][  0]LogDerivedDataCache:Display: Pak cache opened for reading ../../../Engine/DerivedDataCache/Compressed.ddp.
[2017.03.09-18.23.41:147][  0]LogDerivedDataCache: Using Local data cache path C:/Users/kharm/AppData/Local/UnrealEngine/Common/DerivedDataCache: Writable
[2017.03.09-18.23.41:155][  0]LogSlate: Using Freetype 2.6.0
[2017.03.09-18.23.41:155][  0]LogSlate: SlateFontCache - WITH_FREETYPE: 1, WITH_HARFBUZZ: 1
[2017.03.09-18.23.41:155][  0]LogSlate: SlateFontCache - WITH_FREETYPE: 1, WITH_HARFBUZZ: 1
[2017.03.09-18.23.41:530][  0]LogInit: Selected Device Profile: [Windows]
[2017.03.09-18.23.41:533][  0]LogContentStreaming: Texture pool size is 0.00 MB
[2017.03.09-18.23.41:735][  0]LogMeshUtilities: Using QuadricMeshReduction for automatic static mesh reduction
[2017.03.09-18.23.41:780][  0]LogSimplygon: Simplygon DLL not present - disabling.
[2017.03.09-18.23.41:834][  0]LogMeshUtilities: Using SimplygonSwarm for distributed automatic mesh merging
[2017.03.09-18.23.41:834][  0]LogMeshUtilities: No automatic skeletal mesh reduction module available
[2017.03.09-18.23.41:834][  0]LogMeshUtilities: No automatic mesh merging module available
[2017.03.09-18.23.42:353][  0]LogNetVersion: GetLocalNetworkVersion: CL: 3299760, ProjectName: ptsd, ProjectVersion: , EngineNetworkVersion: 2, GameNetworkVersion: 0, NetworkChecksum: 1176372723
[2017.03.09-18.23.42:395][  0]LogAssetRegistry: FAssetRegistry took 0.0210 seconds to start up
[2017.03.09-18.23.42:461][  0]LogPackageLocalizationCache: Processed 3 localized package path(s) for 2 prioritized culture(s) in 0.046653 seconds
[2017.03.09-18.23.42:466][  0]LogUObjectArray: 32475 objects as part of root set at end of initial load.
[2017.03.09-18.23.42:466][  0]LogUObjectAllocator: 7073360 out of 0 bytes used by permanent object pool.
[2017.03.09-18.23.42:466][  0]LogUObjectArray: CloseDisregardForGC: 0/0 objects in disregard for GC pool
[2017.03.09-18.23.42:519][  0]LogInit: WinSock: version 1.1 (2.2), MaxSocks=32767, MaxUdp=65467
[2017.03.09-18.23.44:581][  0]LogTcpMessaging: Initializing TcpMessaging bridge
[2017.03.09-18.23.44:650][  0]LogUdpMessaging: Initializing bridge on interface 0.0.0.0:0 to multicast group 230.0.0.1:6666.
[2017.03.09-18.23.45:202][  0]LogMaterial: Uniform references updated for custom material expression Custom.
[2017.03.09-18.23.45:645][  0]SourceControl: Info Source control is disabled
[2017.03.09-18.23.45:647][  0]SourceControl: Info Source control is disabled
[2017.03.09-18.23.45:711][  0]SourceControl: Info Source control is disabled
[2017.03.09-18.23.45:778][  0]SourceControl: Info Source control is disabled
[2017.03.09-18.23.47:261][  0]LogEngine: Initializing Engine...
[2017.03.09-18.23.52:339][  0]LogHMD: Failed to initialize OpenVR with code 308
[2017.03.09-18.23.52:600][  0]LogAIModule: Creating AISystem for world Untitled
[2017.03.09-18.23.52:644][  0]LogInit: XAudio2 using 'HTC-VIVE-8 (NVIDIA High Definition Audio)' : 2 channels at 48 kHz using 16 bits per sample (channel mask 0x3)
[2017.03.09-18.23.52:658][  0]LogInit: FAudioDevice initialized.
[2017.03.09-18.23.52:683][  0]LogDerivedDataCache: Saved boot cache 0.03s 50MB C:/Users/kharm/AppData/Local/UnrealEngine/4.15/DerivedDataCache/Boot.ddc.
[2017.03.09-18.23.52:689][  0]LogInit: Texture streaming: Enabled
[2017.03.09-18.23.52:781][  0]LogEngineSessionManager: EngineSessionManager initialized
[2017.03.09-18.23.52:895][  0]LogInit: Transaction tracking system initialized
[2017.03.09-18.23.53:308][  0]BlueprintLog: New page: Editor Load
[2017.03.09-18.23.54:244][  0]LogInit:Warning: CVar named 'r.MobileHDR' marked up in RendererSettings was not found or is set to read-only
[2017.03.09-18.23.54:623][  0]LocalizationService: Info Localization service is disabled
[2017.03.09-18.23.55:385][  0]LogConsoleResponse:Display: 
[2017.03.09-18.23.55:546][  0]LogFileCache: Scanning file cache for directory 'C:/Users/kharm/Documents/Unreal Projects/PTSD/Content/' took 0.01s
[2017.03.09-18.23.55:546][  0]LogCook:Display: Max memory allowance for cook 16384mb min free memory 0mb
[2017.03.09-18.23.55:546][  0]LogCook:Display: Mobile HDR setting 0
[2017.03.09-18.23.56:783][  0]SourceControl: Info Source control is disabled
[2017.03.09-18.23.56:783][  0]Cmd: MAP LOAD FILE="../../../Engine/Content/Maps/Templates/Template_Default.umap" TEMPLATE=1 SHOWPROGRESS=1 FEATURELEVEL=3
[2017.03.09-18.23.56:783][  0]LightingResults: New page: Lighting Build
[2017.03.09-18.23.56:835][  0]MapCheck: New page: Map Check
[2017.03.09-18.23.56:835][  0]LightingResults: New page: Lighting Build
[2017.03.09-18.23.57:053][  0]LogAIModule: Creating AISystem for world Untitled_1
[2017.03.09-18.23.57:053][  0]LogActorComponent: RegisterComponentWithWorld: (/Temp/Untitled_1.Untitled_1:PersistentLevel.WorldSettings_1.StaticMeshComponent0) Trying to register component with IsPendingKill() == true. Aborting.
[2017.03.09-18.23.57:057][  0]LogEditorServer: Finished looking for orphan Actors (0.000 secs)
[2017.03.09-18.23.57:061][  0]Cmd: MAP CHECKDEP NOCLEARLOG
[2017.03.09-18.23.57:145][  0]MapCheck: Info Map check complete: 0 Error(s), 0 Warning(s), took 84.414ms to complete.
[2017.03.09-18.23.57:145][  0]LogFileHelpers: Loading map 'Template_Default' took 0.362
[2017.03.09-18.23.57:813][  0]LogCollectionManager: Loaded 0 collections in 0.002115 seconds
[2017.03.09-18.23.58:042][  0]LogFileCache: Scanning file cache for directory 'C:/Users/kharm/Documents/Unreal Projects/PTSD/Saved/Collections/' took 0.01s
[2017.03.09-18.23.58:042][  0]LogFileCache: Scanning file cache for directory 'C:/Users/kharm/Documents/Unreal Projects/PTSD/Content/Developers/kharm/Collections/' took 0.01s
[2017.03.09-18.23.58:042][  0]LogFileCache: Scanning file cache for directory 'C:/Users/kharm/Documents/Unreal Projects/PTSD/Content/Collections/' took 0.01s
[2017.03.09-18.23.58:042][  0]LogCollectionManager: Rebuilt the GUID cache for 0 collections in 0.000002 seconds
[2017.03.09-18.23.58:053][  0]LogContentBrowser: Native class hierarchy populated in 0.0093 seconds. Added 2244 classes and 450 folders.
[2017.03.09-18.23.58:126][  0]LogStats: UGameplayTagsManager::ConstructGameplayTagTree: Construct from data asset -  0.000 s
[2017.03.09-18.23.58:127][  0]LogStats: UGameplayTagsManager::ConstructGameplayTagTree: GameplayTagTreeChangedEvent.Broadcast -  0.000 s
[2017.03.09-18.23.58:200][  0]LogContentBrowser: Native class hierarchy updated for 'WidgetCarousel' in 0.0006 seconds. Added 0 classes and 0 folders.
[2017.03.09-18.23.58:393][  0]LogContentBrowser: Native class hierarchy updated for 'AddContentDialog' in 0.0007 seconds. Added 0 classes and 0 folders.
[2017.03.09-18.23.58:496][  0]LogContentBrowser: Native class hierarchy updated for 'SceneOutliner' in 0.0006 seconds. Added 1 classes and 2 folders.
[2017.03.09-18.23.58:788][  0]LogCrashTracker: Crashtracker disabled due to settings.
[2017.03.09-18.23.58:987][  0]LogContentBrowser: Native class hierarchy updated for 'HierarchicalLODOutliner' in 0.0006 seconds. Added 1 classes and 2 folders.
[2017.03.09-18.23.58:987][  0]LogLoad: (Engine Initialization) Total time: 25.46 seconds
[2017.03.09-18.23.58:987][  0]LogLoad: (Engine Initialization) Total Blueprint compile time: 0.09 seconds
[2017.03.09-18.23.58:987][  0]LogExternalProfiler: Found external profiler: VSPerf
[2017.03.09-18.23.58:987][  0]LogExternalProfiler: Using external profiler: VSPerf
[2017.03.09-18.23.58:996][  0]LogOcInput: OculusInput pre-init called
[2017.03.09-18.23.59:008][  0]LogOcInput: OculusInput is initialized. Init status -3023. Runtime version: (Unable to load LibOVR)
[2017.03.09-18.23.59:130][  0]LogContentStreaming: Texture pool size now 1000 MB
[2017.03.09-18.23.59:134][  0]LogSlate: Took 0.002789 seconds to synchronously load lazily loaded font '../../../Engine/Content/Slate/Fonts/Roboto-Regular.ttf' (155K)
[2017.03.09-18.23.59:137][  0]LogSlate: Took 0.000285 seconds to synchronously load lazily loaded font '../../../Engine/Content/Slate/Fonts/Roboto-Bold.ttf' (160K)
[2017.03.09-18.23.59:146][  0]LogSlate: Took 0.003554 seconds to synchronously load lazily loaded font '../../../Engine/Content/Editor/Slate/Fonts/FontAwesome.ttf' (139K)
[2017.03.09-18.23.59:611][  0]LogRenderer: Reallocating scene render targets to support 1208x576 NumSamples 1 (Frame:2).
[2017.03.09-18.23.59:728][  1]LogAssetRegistry: Asset discovery search completed in 17.3544 seconds
[2017.03.09-18.23.59:728][  1]LogCollectionManager: Rebuilt the object cache for 0 collections in 0.000004 seconds (found 0 objects)
[2017.03.09-18.23.59:728][  1]LogCollectionManager: Fixed up redirectors for 0 collections in 0.000016 seconds (updated 0 objects)
[2017.03.09-18.24.10:000][947]Cmd: MAP LOAD FILE="../../../Engine/Content/Maps/Templates/Template_Default.umap" TEMPLATE=1 SHOWPROGRESS=1 FEATURELEVEL=3
[2017.03.09-18.24.10:029][947]LogSlate: Took 0.000272 seconds to synchronously load lazily loaded font '../../../Engine/Content/Slate/Fonts/Roboto-Light.ttf' (159K)
[2017.03.09-18.24.10:048][947]LightingResults: New page: Lighting Build
[2017.03.09-18.24.10:050][947]LoadErrors: New page: Loading map: Template_Default.umap
[2017.03.09-18.24.10:061][947]MapCheck: New page: Map Check
[2017.03.09-18.24.10:061][947]LightingResults: New page: Lighting Build
[2017.03.09-18.24.10:084][947]LogAIModule: Creating AISystem for world Untitled_2
[2017.03.09-18.24.10:088][947]LogActorComponent: RegisterComponentWithWorld: (/Temp/Untitled_2.Untitled_2:PersistentLevel.WorldSettings_1.StaticMeshComponent0) Trying to register component with IsPendingKill() == true. Aborting.
[2017.03.09-18.24.10:126][947]LogEditorServer: Finished looking for orphan Actors (0.000 secs)
[2017.03.09-18.24.10:131][947]Cmd: MAP CHECKDEP NOCLEARLOG
[2017.03.09-18.24.10:206][947]MapCheck: Info Map check complete: 0 Error(s), 0 Warning(s), took 74.335ms to complete.
[2017.03.09-18.24.10:206][947]LogFileHelpers: Loading map 'Template_Default' took 0.219
[2017.03.09-18.32.14:397][270]Cmd: QUIT_EDITOR
[2017.03.09-18.32.14:434][270]LogWindowsTextInputMethodSystem:Display: IME system now deactivated.
[2017.03.09-18.32.14:458][270]LogExit: Preparing to exit.
[2017.03.09-18.32.14:994][270]LogDirectoryWatcher: A directory notification for 'C:/Users/kharm/Documents/Unreal Projects/PTSD/Content/' was aborted.
[2017.03.09-18.32.15:042][270]LogExit: Editor shut down
[2017.03.09-18.32.15:042][270]LogExit: Transaction tracking system shut down
[2017.03.09-18.32.15:120][270]LogObj: Freed 0b from 0 cluster array pools.
[2017.03.09-18.32.15:121][270]LogExit: Object subsystem successfully closed.
[2017.03.09-18.32.15:138][270]LogD3D11RHI: Shutdown
[2017.03.09-18.32.15:138][270]LogD3D11RHI: CleanupD3DDevice
[2017.03.09-18.32.15:187][270]LogD3D11RHI: ~FD3D11DynamicRHI
[2017.03.09-18.32.15:209][270]LogModuleManager: Shutting down and abandoning module NewLevelDialog (498)
[2017.03.09-18.32.15:209][270]LogModuleManager: Shutting down and abandoning module HierarchicalLODOutliner (496)
[2017.03.09-18.32.15:209][270]LogModuleManager: Shutting down and abandoning module CrashTracker (494)
[2017.03.09-18.32.15:209][270]LogModuleManager: Shutting down and abandoning module SceneOutliner (492)
[2017.03.09-18.32.15:209][270]LogModuleManager: Shutting down and abandoning module AddContentDialog (490)
[2017.03.09-18.32.15:209][270]LogDirectoryWatcher: A directory notification for 'C:/Program Files/Epic Games/UE_4.15/FeaturePacks/' was aborted.
[2017.03.09-18.32.15:212][270]LogModuleManager: Shutting down and abandoning module WidgetCarousel (489)
[2017.03.09-18.32.15:212][270]LogModuleManager: Shutting down and abandoning module EditorWidgets (486)
[2017.03.09-18.32.15:212][270]LogModuleManager: Shutting down and abandoning module CollectionManager (484)
[2017.03.09-18.32.15:212][270]LogDirectoryWatcher: A directory notification for 'C:/Users/kharm/Documents/Unreal Projects/PTSD/Content/Collections/' was aborted.
[2017.03.09-18.32.15:212][270]LogDirectoryWatcher: A directory notification for 'C:/Users/kharm/Documents/Unreal Projects/PTSD/Content/Developers/kharm/Collections/' was aborted.
[2017.03.09-18.32.15:212][270]LogDirectoryWatcher: A directory notification for 'C:/Users/kharm/Documents/Unreal Projects/PTSD/Saved/Collections/' was aborted.
[2017.03.09-18.32.15:212][270]LogModuleManager: Shutting down and abandoning module StatsViewer (482)
[2017.03.09-18.32.15:212][270]LogModuleManager: Shutting down and abandoning module FoliageEdit (480)
[2017.03.09-18.32.15:212][270]LogModuleManager: Shutting down and abandoning module LandscapeEditor (478)
[2017.03.09-18.32.15:212][270]LogModuleManager: Shutting down and abandoning module SceneDepthPickerMode (476)
[2017.03.09-18.32.15:212][270]LogModuleManager: Shutting down and abandoning module ActorPickerMode (474)
[2017.03.09-18.32.15:212][270]LogModuleManager: Shutting down and abandoning module GeometryMode (472)
[2017.03.09-18.32.15:212][270]LogModuleManager: Shutting down and abandoning module TextureAlignMode (470)
[2017.03.09-18.32.15:212][270]LogModuleManager: Shutting down and abandoning module BspMode (468)
[2017.03.09-18.32.15:212][270]LogModuleManager: Shutting down and abandoning module HardwareSurvey (466)
[2017.03.09-18.32.15:212][270]LogModuleManager: Shutting down and abandoning module SequenceRecorderSections (464)
[2017.03.09-18.32.15:212][270]LogModuleManager: Shutting down and abandoning module AutomationWorker (462)
[2017.03.09-18.32.15:212][270]LogModuleManager: Shutting down and abandoning module MatineeToLevelSequence (460)
[2017.03.09-18.32.15:212][270]LogModuleManager: Shutting down and abandoning module LevelSequenceEditor (458)
[2017.03.09-18.32.15:213][270]LogModuleManager: Shutting down and abandoning module PlacementMode (457)
[2017.03.09-18.32.15:213][270]LogModuleManager: Shutting down and abandoning module WmfMediaFactory (454)
[2017.03.09-18.32.15:213][270]LogModuleManager: Shutting down and abandoning module WmfMediaEditor (452)
[2017.03.09-18.32.15:213][270]LogModuleManager: Shutting down and abandoning module MfMediaFactory (450)
[2017.03.09-18.32.15:213][270]LogModuleManager: Shutting down and abandoning module MfMediaEditor (448)
[2017.03.09-18.32.15:213][270]LogModuleManager: Shutting down and abandoning module AvfMediaFactory (446)
[2017.03.09-18.32.15:213][270]LogModuleManager: Shutting down and abandoning module AvfMediaEditor (444)
[2017.03.09-18.32.15:213][270]LogModuleManager: Shutting down and abandoning module AndroidMediaFactory (442)
[2017.03.09-18.32.15:213][270]LogModuleManager: Shutting down and abandoning module Media (441)
[2017.03.09-18.32.15:213][270]LogModuleManager: Shutting down and abandoning module AndroidMediaEditor (438)
[2017.03.09-18.32.15:213][270]LogModuleManager: Shutting down and abandoning module CharacterAI (436)
[2017.03.09-18.32.15:213][270]LogModuleManager: Shutting down and abandoning module AudioCapture (434)
[2017.03.09-18.32.15:213][270]LogModuleManager: Shutting down and abandoning module SequenceRecorder (433)
[2017.03.09-18.32.15:213][270]LogModuleManager: Shutting down and abandoning module SmartSnapping (430)
[2017.03.09-18.32.15:213][270]LogModuleManager: Shutting down and abandoning module SessionServices (428)
[2017.03.09-18.32.15:213][270]LogModuleManager: Shutting down and abandoning module ViewportSnapping (426)
[2017.03.09-18.32.15:213][270]LogModuleManager: Shutting down and abandoning module ViewportInteraction (424)
[2017.03.09-18.32.15:213][270]LogModuleManager: Shutting down and abandoning module LogVisualizer (422)
[2017.03.09-18.32.15:213][270]LogModuleManager: Shutting down and abandoning module IntroTutorials (420)
[2017.03.09-18.32.15:213][270]LogModuleManager: Shutting down and abandoning module GameProjectGeneration (419)
[2017.03.09-18.32.15:213][270]LogModuleManager: Shutting down and abandoning module EditorLiveStreaming (416)
[2017.03.09-18.32.15:213][270]LogModuleManager: Shutting down and abandoning module IOSPlatformEditor (414)
[2017.03.09-18.32.15:213][270]LogModuleManager: Shutting down and abandoning module HTML5PlatformEditor (412)
[2017.03.09-18.32.15:213][270]LogModuleManager: Shutting down and abandoning module AndroidPlatformEditor (410)
[2017.03.09-18.32.15:213][270]LogModuleManager: Shutting down and abandoning module AndroidDeviceDetection (409)
[2017.03.09-18.32.15:243][270]LogModuleManager: Shutting down and abandoning module IOSRuntimeSettings (406)
[2017.03.09-18.32.15:243][270]LogModuleManager: Shutting down and abandoning module AndroidRuntimeSettings (404)
[2017.03.09-18.32.15:243][270]LogModuleManager: Shutting down and abandoning module InputBindingEditor (402)
[2017.03.09-18.32.15:243][270]LogModuleManager: Shutting down and abandoning module NiagaraEditor (400)
[2017.03.09-18.32.15:243][270]LogModuleManager: Shutting down and abandoning module MergeActors (398)
[2017.03.09-18.32.15:243][270]LogModuleManager: Shutting down and abandoning module SizeMap (396)
[2017.03.09-18.32.15:243][270]LogModuleManager: Shutting down and abandoning module TreeMap (394)
[2017.03.09-18.32.15:243][270]LogModuleManager: Shutting down and abandoning module ReferenceViewer (392)
[2017.03.09-18.32.15:243][270]LogModuleManager: Shutting down and abandoning module LocalizationDashboard (390)
[2017.03.09-18.32.15:243][270]LogModuleManager: Shutting down and abandoning module LocalizationService (389)
[2017.03.09-18.32.15:243][270]LogModuleManager: Shutting down and abandoning module HardwareTargeting (386)
[2017.03.09-18.32.15:243][270]LogModuleManager: Shutting down and abandoning module DeviceProfileEditor (384)
[2017.03.09-18.32.15:243][270]LogModuleManager: Shutting down and abandoning module UndoHistory (382)
[2017.03.09-18.32.15:243][270]LogModuleManager: Shutting down and abandoning module UserFeedback (380)
[2017.03.09-18.32.15:243][270]LogModuleManager: Shutting down and abandoning module XmlParser (378)
[2017.03.09-18.32.15:243][270]LogModuleManager: Shutting down and abandoning module Blutility (376)
[2017.03.09-18.32.15:243][270]LogModuleManager: Shutting down and abandoning module ProjectSettingsViewer (374)
[2017.03.09-18.32.15:243][270]LogModuleManager: Shutting down and abandoning module ProjectTargetPlatformEditor (373)
[2017.03.09-18.32.15:244][270]LogModuleManager: Shutting down and abandoning module EditorSettingsViewer (370)
[2017.03.09-18.32.15:244][270]LogModuleManager: Shutting down and abandoning module SettingsEditor (368)
[2017.03.09-18.32.15:244][270]LogModuleManager: Shutting down and abandoning module ProjectLauncher (366)
[2017.03.09-18.32.15:244][270]LogModuleManager: Shutting down and abandoning module SessionFrontend (364)
[2017.03.09-18.32.15:244][270]LogModuleManager: Shutting down and abandoning module ProfilerClient (362)
[2017.03.09-18.32.15:244][270]LogModuleManager: Shutting down and abandoning module DeviceManager (360)
[2017.03.09-18.32.15:244][270]LogModuleManager: Shutting down and abandoning module TargetDeviceServices (359)
[2017.03.09-18.32.15:288][270]LogModuleManager: Shutting down and abandoning module AutomationController (356)
[2017.03.09-18.32.15:288][270]LogModuleManager: Shutting down and abandoning module AutomationWindow (354)
[2017.03.09-18.32.15:288][270]LogModuleManager: Shutting down and abandoning module Layers (352)
[2017.03.09-18.32.15:288][270]LogModuleManager: Shutting down and abandoning module ComponentVisualizers (350)
[2017.03.09-18.32.15:288][270]LogModuleManager: Shutting down and abandoning module DetailCustomizations (348)
[2017.03.09-18.32.15:288][270]LogModuleManager: Shutting down and abandoning module PackagesDialog (346)
[2017.03.09-18.32.15:288][270]LogModuleManager: Shutting down and abandoning module Persona (344)
[2017.03.09-18.32.15:288][270]LogModuleManager: Shutting down and abandoning module AnimGraph (343)
[2017.03.09-18.32.15:288][270]LogModuleManager: Shutting down and abandoning module Kismet (340)
[2017.03.09-18.32.15:288][270]LogModuleManager: Shutting down and abandoning module GraphEditor (338)
[2017.03.09-18.32.15:288][270]LogModuleManager: Shutting down and abandoning module ClassViewer (336)
[2017.03.09-18.32.15:288][270]LogModuleManager: Shutting down and abandoning module Toolbox (334)
[2017.03.09-18.32.15:288][270]LogModuleManager: Shutting down and abandoning module ModuleUI (332)
[2017.03.09-18.32.15:288][270]LogModuleManager: Shutting down and abandoning module MovieSceneTools (330)
[2017.03.09-18.32.15:288][270]LogModuleManager: Shutting down and abandoning module OutputLog (328)
[2017.03.09-18.32.15:288][270]LogModuleManager: Shutting down and abandoning module GammaUI (326)
[2017.03.09-18.32.15:288][270]LogModuleManager: Shutting down and abandoning module Documentation (324)
[2017.03.09-18.32.15:288][270]LogModuleManager: Shutting down and abandoning module Niagara (322)
[2017.03.09-18.32.15:288][270]LogModuleManager: Shutting down and abandoning module StreamingPauseRendering (320)
[2017.03.09-18.32.15:288][270]LogModuleManager: Shutting down and abandoning module AnalyticsET (318)
[2017.03.09-18.32.15:288][270]LogModuleManager: Shutting down and abandoning module PortalServices (316)
[2017.03.09-18.32.15:288][270]LogModuleManager: Shutting down and abandoning module PortalRpc (314)
[2017.03.09-18.32.15:288][270]LogModuleManager: Shutting down and abandoning module MessagingRpc (312)
[2017.03.09-18.32.15:288][270]LogModuleManager: Shutting down and abandoning module AIModule (310)
[2017.03.09-18.32.15:288][270]LogModuleManager: Shutting down and abandoning module GameplayDebugger (309)
[2017.03.09-18.32.15:288][270]LogModuleManager: Shutting down and abandoning module AITestSuite (307)
[2017.03.09-18.32.15:288][270]LogModuleManager: Shutting down and abandoning module ProfilerService (304)
[2017.03.09-18.32.15:368][270]LogModuleManager: Shutting down and abandoning module TaskGraph (302)
[2017.03.09-18.32.15:368][270]LogModuleManager: Shutting down and abandoning module SteamVRController (300)
[2017.03.09-18.32.15:368][270]LogModuleManager: Shutting down and abandoning module SteamVR (298)
[2017.03.09-18.32.15:368][270]LogModuleManager: Shutting down and abandoning module ProceduralMeshComponentEditor (296)
[2017.03.09-18.32.15:368][270]LogModuleManager: Shutting down and abandoning module ProceduralMeshComponent (294)
[2017.03.09-18.32.15:368][270]LogModuleManager: Shutting down and abandoning module OculusLibrary (292)
[2017.03.09-18.32.15:368][270]LogModuleManager: Shutting down and abandoning module OculusInput (290)
[2017.03.09-18.32.15:368][270]LogModuleManager: Shutting down and abandoning module MobilePatchingUtils (288)
[2017.03.09-18.32.15:368][270]LogModuleManager: Shutting down and abandoning module CustomMeshComponent (286)
[2017.03.09-18.32.15:368][270]LogModuleManager: Shutting down and abandoning module CableComponent (284)
[2017.03.09-18.32.15:368][270]LogModuleManager: Shutting down and abandoning module ArchVisCharacter (282)
[2017.03.09-18.32.15:368][270]LogModuleManager: Shutting down and abandoning module MediaPlayerEditor (278)
[2017.03.09-18.32.15:368][270]LogModuleManager: Shutting down and abandoning module HTML5Networking (276)
[2017.03.09-18.32.15:368][270]LogModuleManager: Shutting down and abandoning module AlembicImporter (274)
[2017.03.09-18.32.15:368][270]LogModuleManager: Shutting down and abandoning module AlembicLibrary (273)
[2017.03.09-18.32.15:368][270]LogModuleManager: Shutting down and abandoning module GeometryCache (272)
[2017.03.09-18.32.15:368][270]LogModuleManager: Shutting down and abandoning module GeometryCacheEd (271)
[2017.03.09-18.32.15:368][270]LogModuleManager: Shutting down and abandoning module SuperSearchEditor (266)
[2017.03.09-18.32.15:368][270]LogModuleManager: Shutting down and abandoning module SuperSearch (265)
[2017.03.09-18.32.15:368][270]LogModuleManager: Shutting down and abandoning module SpeedTreeImporter (262)
[2017.03.09-18.32.15:368][270]LogModuleManager: Shutting down and abandoning module PluginBrowser (260)
[2017.03.09-18.32.15:368][270]LogModuleManager: Shutting down and abandoning module MobileLauncherProfileWizard (258)
[2017.03.09-18.32.15:368][270]LogModuleManager: Shutting down and abandoning module EpicSurvey (256)
[2017.03.09-18.32.15:368][270]LogModuleManager: Shutting down and abandoning module VisualStudioSourceCodeAccess (254)
[2017.03.09-18.32.15:368][270]LogModuleManager: Shutting down and abandoning module DesktopPlatform (253)
[2017.03.09-18.32.15:368][270]LogModuleManager: Shutting down and abandoning module UObjectPlugin (250)
[2017.03.09-18.32.15:369][270]LogModuleManager: Shutting down and abandoning module SubversionSourceControl (248)
[2017.03.09-18.32.15:369][270]LogModuleManager: Shutting down and abandoning module PerforceSourceControl (246)
[2017.03.09-18.32.15:369][270]LogModuleManager: Shutting down and abandoning module GitSourceControl (244)
[2017.03.09-18.32.15:369][270]LogModuleManager: Shutting down and abandoning module SourceControl (243)
[2017.03.09-18.32.15:369][270]LogModuleManager: Shutting down and abandoning module LightPropagationVolumeEditor (240)
[2017.03.09-18.32.15:369][270]LogModuleManager: Shutting down and abandoning module PaperTiledImporter (238)
[2017.03.09-18.32.15:369][270]LogModuleManager: Shutting down and abandoning module PaperSpriteSheetImporter (236)
[2017.03.09-18.32.15:369][270]LogModuleManager: Shutting down and abandoning module Paper2DEditor (234)
[2017.03.09-18.32.15:369][270]LogModuleManager: Shutting down and abandoning module MeshPaint (233)
[2017.03.09-18.32.15:369][270]LogModuleManager: Shutting down and abandoning module LevelEditor (231)
[2017.03.09-18.32.15:370][270]LogModuleManager: Shutting down and abandoning module PixelInspectorModule (230)
[2017.03.09-18.32.15:370][270]LogModuleManager: Shutting down and abandoning module MainFrame (228)
[2017.03.09-18.32.15:370][270]LogModuleManager: Shutting down and abandoning module HotReload (227)
[2017.03.09-18.32.15:385][270]LogModuleManager: Shutting down and abandoning module ContentBrowser (223)
[2017.03.09-18.32.15:386][270]LogModuleManager: Shutting down and abandoning module PhysXVehiclesEditor (220)
[2017.03.09-18.32.15:386][270]LogModuleManager: Shutting down and abandoning module PhysXVehicles (218)
[2017.03.09-18.32.15:386][270]LogModuleManager: Shutting down and abandoning module LocationServicesBPLibrary (216)
[2017.03.09-18.32.15:386][270]LogModuleManager: Shutting down and abandoning module UdpMessaging (214)
[2017.03.09-18.32.15:487][270]LogModuleManager: Shutting down and abandoning module TcpMessaging (212)
[2017.03.09-18.32.15:795][270]LogModuleManager: Shutting down and abandoning module GameplayTagsEditor (210)
[2017.03.09-18.32.15:795][270]LogModuleManager: Shutting down and abandoning module FacialAnimationEditor (208)
[2017.03.09-18.32.15:795][270]LogModuleManager: Shutting down and abandoning module FacialAnimation (206)
[2017.03.09-18.32.15:795][270]LogModuleManager: Shutting down and abandoning module LightPropagationVolumeRuntime (204)
[2017.03.09-18.32.15:795][270]LogModuleManager: Shutting down and abandoning module Paper2D (202)
[2017.03.09-18.32.15:795][270]LogModuleManager: Shutting down and abandoning module WindowsMoviePlayer (200)
[2017.03.09-18.32.15:795][270]LogModuleManager: Shutting down and abandoning module WmfMedia (198)
[2017.03.09-18.32.15:795][270]LogModuleManager: Shutting down and abandoning module MfMedia (196)
[2017.03.09-18.32.15:795][270]LogModuleManager: Shutting down and abandoning module MediaAssets (194)
[2017.03.09-18.32.15:795][270]LogModuleManager: Shutting down and abandoning module GameLiveStreaming (192)
[2017.03.09-18.32.15:795][270]LogModuleManager: Shutting down and abandoning module VREditor (190)
[2017.03.09-18.32.15:796][270]LogModuleManager: Shutting down and abandoning module GameplayTasksEditor (188)
[2017.03.09-18.32.15:796][270]LogModuleManager: Shutting down and abandoning module BehaviorTreeEditor (186)
[2017.03.09-18.32.15:796][270]LogModuleManager: Shutting down and abandoning module FunctionalTesting (184)
[2017.03.09-18.32.15:796][270]LogModuleManager: Shutting down and abandoning module CollisionAnalyzer (182)
[2017.03.09-18.32.15:796][270]LogModuleManager: Shutting down and abandoning module UMG (180)
[2017.03.09-18.32.15:796][270]LogModuleManager: Shutting down and abandoning module UMGEditor (179)
[2017.03.09-18.32.15:796][270]LogModuleManager: Shutting down and abandoning module Sequencer (178)
[2017.03.09-18.32.15:796][270]LogModuleManager: Shutting down and abandoning module AssetTools (176)
[2017.03.09-18.32.15:796][270]LogModuleManager: Shutting down and abandoning module MessageLog (175)
[2017.03.09-18.32.15:796][270]LogModuleManager: Shutting down and abandoning module WorkspaceMenuStructure (174)
[2017.03.09-18.32.15:796][270]LogModuleManager: Shutting down and abandoning module SlateReflector (168)
[2017.03.09-18.32.15:796][270]LogModuleManager: Shutting down and abandoning module Slate (166)
[2017.03.09-18.32.15:796][270]LogModuleManager: Shutting down and abandoning module EditorStyle (164)
[2017.03.09-18.32.15:799][270]LogModuleManager: Shutting down and abandoning module SourceCodeAccess (162)
[2017.03.09-18.32.15:799][270]LogModuleManager: Shutting down and abandoning module HeadMountedDisplay (160)
[2017.03.09-18.32.15:799][270]LogModuleManager: Shutting down and abandoning module XAudio2 (158)
[2017.03.09-18.32.15:799][270]LogModuleManager: Shutting down and abandoning module Networking (156)
[2017.03.09-18.32.15:799][270]LogModuleManager: Shutting down and abandoning module Core (152)
[2017.03.09-18.32.15:799][270]LogModuleManager: Shutting down and abandoning module AssetRegistry (150)
[2017.03.09-18.32.15:924][270]LogDirectoryWatcher: A directory notification for '../../../Engine/Content/' was aborted.
[2017.03.09-18.32.15:924][270]LogDirectoryWatcher: A directory notification for '../../../../../../Users/kharm/Documents/Unreal Projects/PTSD/Content/' was aborted.
[2017.03.09-18.32.15:924][270]LogDirectoryWatcher: A directory notification for '../../../Engine/Plugins/2D/Paper2D/Content/' was aborted.
[2017.03.09-18.32.15:924][270]LogModuleManager: Shutting down and abandoning module DirectoryWatcher (149)
[2017.03.09-18.32.15:926][270]LogModuleManager: Shutting down and abandoning module KismetCompiler (146)
[2017.03.09-18.32.15:926][270]LogModuleManager: Shutting down and abandoning module PhysXFormats (144)
[2017.03.09-18.32.15:926][270]LogModuleManager: Shutting down and abandoning module MeshUtilities (142)
[2017.03.09-18.32.15:926][270]LogModuleManager: Shutting down and abandoning module SimplygonSwarm (141)
[2017.03.09-18.32.15:926][270]LogModuleManager: Shutting down and abandoning module SimplygonMeshReduction (139)
[2017.03.09-18.32.15:926][270]LogModuleManager: Shutting down and abandoning module QuadricMeshReduction (137)
[2017.03.09-18.32.15:926][270]LogModuleManager: Shutting down and abandoning module PropertyEditor (135)
[2017.03.09-18.32.15:932][270]LogModuleManager: Shutting down and abandoning module DerivedDataCache (132)
[2017.03.09-18.32.15:977][270]LogDerivedDataCache: Shutdown
[2017.03.09-18.32.15:977][270]LogModuleManager: Shutting down and abandoning module TargetPlatform (130)
[2017.03.09-18.32.15:977][270]LogModuleManager: Shutting down and abandoning module VulkanShaderFormat (129)
[2017.03.09-18.32.15:977][270]LogModuleManager: Shutting down and abandoning module ShaderFormatOpenGL (127)
[2017.03.09-18.32.15:977][270]LogModuleManager: Shutting down and abandoning module ShaderFormatD3D (125)
[2017.03.09-18.32.15:977][270]LogModuleManager: Shutting down and abandoning module MetalShaderFormat (123)
[2017.03.09-18.32.15:978][270]LogModuleManager: Shutting down and abandoning module TextureFormatUncompressed (121)
[2017.03.09-18.32.15:978][270]LogModuleManager: Shutting down and abandoning module TextureFormatPVR (119)
[2017.03.09-18.32.15:978][270]LogModuleManager: Shutting down and abandoning module TextureFormatDXT (117)
[2017.03.09-18.32.15:978][270]LogModuleManager: Shutting down and abandoning module TextureFormatIntelISPCTexComp (115)
[2017.03.09-18.32.15:978][270]LogModuleManager: Shutting down and abandoning module TextureFormatASTC (113)
[2017.03.09-18.32.15:978][270]LogModuleManager: Shutting down and abandoning module ImageWrapper (112)
[2017.03.09-18.32.15:978][270]LogModuleManager: Shutting down and abandoning module TextureFormatAndroid (109)
[2017.03.09-18.32.15:978][270]LogModuleManager: Shutting down and abandoning module AudioFormatOpus (107)
[2017.03.09-18.32.15:978][270]LogModuleManager: Shutting down and abandoning module AudioFormatOgg (105)
[2017.03.09-18.32.15:978][270]LogModuleManager: Shutting down and abandoning module AudioFormatADPCM (103)
[2017.03.09-18.32.15:978][270]LogModuleManager: Shutting down and abandoning module LinuxTargetPlatform (101)
[2017.03.09-18.32.15:978][270]LogModuleManager: Shutting down and abandoning module LinuxServerTargetPlatform (99)
[2017.03.09-18.32.15:978][270]LogModuleManager: Shutting down and abandoning module LinuxNoEditorTargetPlatform (97)
[2017.03.09-18.32.15:978][270]LogModuleManager: Shutting down and abandoning module LinuxClientTargetPlatform (95)
[2017.03.09-18.32.15:978][270]LogModuleManager: Shutting down and abandoning module TVOSTargetPlatform (93)
[2017.03.09-18.32.15:978][270]LogModuleManager: Shutting down and abandoning module Messaging (91)
[2017.03.09-18.32.15:978][270]LogModuleManager: Shutting down and abandoning module IOSTargetPlatform (89)
[2017.03.09-18.32.15:978][270]LogModuleManager: Shutting down and abandoning module HTML5TargetPlatform (87)
[2017.03.09-18.32.15:978][270]LogModuleManager: Shutting down and abandoning module Android_PVRTCTargetPlatform (85)
[2017.03.09-18.32.15:978][270]LogModuleManager: Shutting down and abandoning module Android_MultiTargetPlatform (83)
[2017.03.09-18.32.15:978][270]LogModuleManager: Shutting down and abandoning module Android_ETC2TargetPlatform (81)
[2017.03.09-18.32.15:978][270]LogModuleManager: Shutting down and abandoning module Android_ETC1TargetPlatform (79)
[2017.03.09-18.32.15:978][270]LogModuleManager: Shutting down and abandoning module Android_DXTTargetPlatform (77)
[2017.03.09-18.32.15:978][270]LogModuleManager: Shutting down and abandoning module Android_ATCTargetPlatform (75)
[2017.03.09-18.32.15:978][270]LogModuleManager: Shutting down and abandoning module Android_ASTCTargetPlatform (73)
[2017.03.09-18.32.15:978][270]LogModuleManager: Shutting down and abandoning module AndroidTargetPlatform (71)
[2017.03.09-18.32.15:978][270]LogModuleManager: Shutting down and abandoning module WindowsTargetPlatform (69)
[2017.03.09-18.32.15:978][270]LogModuleManager: Shutting down and abandoning module WindowsServerTargetPlatform (67)
[2017.03.09-18.32.15:978][270]LogModuleManager: Shutting down and abandoning module WindowsNoEditorTargetPlatform (65)
[2017.03.09-18.32.15:978][270]LogModuleManager: Shutting down and abandoning module WindowsClientTargetPlatform (63)
[2017.03.09-18.32.15:978][270]LogModuleManager: Shutting down and abandoning module MacTargetPlatform (61)
[2017.03.09-18.32.15:978][270]LogModuleManager: Shutting down and abandoning module MacServerTargetPlatform (59)
[2017.03.09-18.32.15:978][270]LogModuleManager: Shutting down and abandoning module MacNoEditorTargetPlatform (57)
[2017.03.09-18.32.15:978][270]LogModuleManager: Shutting down and abandoning module MacClientTargetPlatform (55)
[2017.03.09-18.32.15:978][270]LogModuleManager: Shutting down and abandoning module AllDesktopTargetPlatform (53)
[2017.03.09-18.32.15:978][270]LogModuleManager: Shutting down and abandoning module InputCore (50)
[2017.03.09-18.32.15:978][270]LogModuleManager: Shutting down and abandoning module Settings (48)
[2017.03.09-18.32.15:978][270]LogModuleManager: Shutting down and abandoning module OculusRift (46)
[2017.03.09-18.32.15:978][270]LogModuleManager: Shutting down and abandoning module ExampleDeviceProfileSelector (44)
[2017.03.09-18.32.15:979][270]LogModuleManager: Shutting down and abandoning module OnlineBlueprintSupport (42)
[2017.03.09-18.32.15:979][270]LogModuleManager: Shutting down and abandoning module OnlineSubsystem (38)
[2017.03.09-18.32.15:979][270]LogOnline:Display: Unloading online subsystem: NULL
[2017.03.09-18.32.15:979][270]LogModuleManager: Shutting down and abandoning module XMPP (37)
[2017.03.09-18.32.15:979][270]LogModuleManager: Shutting down and abandoning module HTTP (35)
[2017.03.09-18.32.15:979][270]LogHttp:Display: Http module shutting down, but needs to wait on 1 outstanding Http requests:
[2017.03.09-18.32.15:979][270]LogHttp:Display: 	verb=[POST] url=[https://datarouter.ol.epicgames.com/datarouter/api/v1/public/data?SessionID=%7BD996B98C-4A90-BE42-9088-3E9FBE4B86CE%7D&AppID=UEEditor.Rocket.Release&AppVersion=4.15.0-3299760%2B%2B%2BUE4%2BRelease-4.15&UserID=93642fb94d6dfa20cd6fc0a8f79bf6d8%7Cb36ec6f80e614795904645f80cf52a09%7C06e45827-55c8-4067-ab5f-f00a2d3016c9&AppEnvironment=datacollector-binary&UploadType=eteventstream] status=Processing
[2017.03.09-18.32.15:992][270]LogModuleManager: Shutting down and abandoning module SSL (34)
[2017.03.09-18.32.15:993][270]LogModuleManager: Shutting down and abandoning module AudioEditor (30)
[2017.03.09-18.32.15:993][270]LogModuleManager: Shutting down and abandoning module TextureCompressor (28)
[2017.03.09-18.32.15:993][270]LogModuleManager: Shutting down and abandoning module ShaderCore (26)
[2017.03.09-18.32.15:993][270]LogModuleManager: Shutting down and abandoning module Landscape (24)
[2017.03.09-18.32.15:993][270]LogModuleManager: Shutting down and abandoning module SlateRHIRenderer (22)
[2017.03.09-18.32.15:996][270]LogModuleManager: Shutting down and abandoning module OpenGLDrv (20)
[2017.03.09-18.32.15:996][270]LogModuleManager: Shutting down and abandoning module D3D11RHI (18)
[2017.03.09-18.32.15:996][270]LogModuleManager: Shutting down and abandoning module AnimGraphRuntime (16)
[2017.03.09-18.32.15:996][270]LogModuleManager: Shutting down and abandoning module Renderer (14)
[2017.03.09-18.32.15:996][270]LogModuleManager: Shutting down and abandoning module Engine (12)
[2017.03.09-18.32.15:996][270]LogModuleManager: Shutting down and abandoning module CoreUObject (10)
[2017.03.09-18.32.15:996][270]LogModuleManager: Shutting down and abandoning module NetworkFile (8)
[2017.03.09-18.32.15:996][270]LogModuleManager: Shutting down and abandoning module StreamingFile (6)
[2017.03.09-18.32.15:996][270]LogModuleManager: Shutting down and abandoning module SandboxFile (4)
[2017.03.09-18.32.15:996][270]LogModuleManager: Shutting down and abandoning module PakFile (2)
[2017.03.09-18.32.15:998][270]LogExit: Exiting.
[2017.03.09-18.32.16:008][270]Log file closed, 03/09/17 13:32:16
