Log file open, 03/22/17 17:14:26
LogInit:Display: Running engine for game: PTSD
LogPlatformFile: Not using cached read wrapper
LogInit:Display: RandInit(1770088232) SRandInit(1770088232).
LogTaskGraph: Started task graph with 5 named threads and 8 total threads with 1 sets of task threads.
LogStats: Stats thread started at 0.314538
LogInit: Using libcurl 7.47.1
LogInit:  - built for x86_64-pc-win32
LogInit:  - supports SSL with OpenSSL/1.0.2g
LogInit:  - supports HTTP deflate (compression) using libz 1.2.8
LogInit:  - other features:
LogInit:      CURL_VERSION_SSL
LogInit:      CURL_VERSION_LIBZ
LogInit:      CURL_VERSION_IPV6
LogInit:      CURL_VERSION_ASYNCHDNS
LogInit:      CURL_VERSION_LARGEFILE
LogInit:      CURL_VERSION_IDN
LogInit:  CurlRequestOptions (configurable via config and command line):
LogInit:  - bVerifyPeer = false  - Libcurl will NOT verify peer certificate
LogInit:  - bUseHttpProxy = false  - Libcurl will NOT use HTTP proxy
LogInit:  - bDontReuseConnections = false  - Libcurl will reuse connections
LogInit:  - CertBundlePath = nullptr  - Libcurl will use whatever was configured at build time.
LogInit: Build: ++UE4+Release-4.15-CL-3348071
LogInit: Engine Version: 4.15.1-3348071+++UE4+Release-4.15
LogInit: Compatible Engine Version: 4.15.0-3299760+++UE4+Release-4.15
LogInit: Net CL: 3299760
LogDevObjectVersion: Number of dev versions registered: 14
LogDevObjectVersion:   Dev-Blueprints (B0D832E4-1F89-4F0D-ACCF-7EB736FD4AA2): 8
LogDevObjectVersion:   Dev-Build (E1C64328-A22C-4D53-A36C-8E866417BD8C): 0
LogDevObjectVersion:   Dev-Core (375EC13C-06E4-48FB-B500-84F0262A717E): 2
LogDevObjectVersion:   Dev-Editor (E4B068ED-F494-42E9-A231-DA0B2E46BB41): 14
LogDevObjectVersion:   Dev-Framework (CFFC743F-43B0-4480-9391-14DF171D2073): 22
LogDevObjectVersion:   Dev-Mobile (B02B49B5-BB20-44E9-A304-32B752E40360): 0
LogDevObjectVersion:   Dev-Networking (A4E4105C-59A1-49B5-A7C5-40C4547EDFEE): 0
LogDevObjectVersion:   Dev-Online (39C831C9-5AE6-47DC-9A44-9C173E1C8E7C): 0
LogDevObjectVersion:   Dev-Physics (78F01B33-EBEA-4F98-B9B4-84EACCB95AA2): 0
LogDevObjectVersion:   Dev-Platform (6631380F-2D4D-43E0-8009-CF276956A95A): 0
LogDevObjectVersion:   Dev-Rendering (12F88B9F-8875-4AFC-A67C-D90C383ABD29): 12
LogDevObjectVersion:   Dev-Sequencer (7B5AE74C-D270-4C10-A958-57980B212A5A): 3
LogDevObjectVersion:   Dev-VR (D7296918-1DD6-4BDD-9DE2-64A83CC13884): 0
LogDevObjectVersion:   Dev-LoadTimes (C2A15278-BFE7-4AFE-6C17-90FF531DF755): 1
LogInit: Compiled (64-bit): Mar 15 2017 16:52:47
LogInit: Compiled with Visual C++: 19.00.23026.00
LogInit: Build Configuration: Development
LogInit: Branch Name: ++UE4+Release-4.15
LogInit: Command line:  
LogInit: Base directory: C:/Games/UE_4.15/Engine/Binaries/Win64/
LogInit: Installed Engine Build: 1
LogInit: Presizing for max 8388607 objects, including 0 objects not considered by GC, pre-allocating 0 bytes for permanent pool.
LogInit: Object subsystem initialized
[2017.03.22-21.14.28:331][  0]LogInit: Selected Device Profile: [Windows]
[2017.03.22-21.14.28:331][  0]LogInit: Applying CVar settings loaded from the selected device profile: [Windows]
[2017.03.22-21.14.28:441][  0]LogInit: Computer: TSSKIES
[2017.03.22-21.14.28:441][  0]LogInit: User: inner000
[2017.03.22-21.14.28:441][  0]LogInit: CPU Page size=65536, Cores=4
[2017.03.22-21.14.28:441][  0]LogInit: High frequency timer resolution =2.533207 MHz
[2017.03.22-21.14.28:447][  0]LogMemory: Memory total: Physical=7.9GB (8GB approx)
[2017.03.22-21.14.28:447][  0]LogMemory: Platform Memory Stats for Windows
[2017.03.22-21.14.28:447][  0]LogMemory: Process Physical Memory: 263.25 MB used, 263.25 MB peak
[2017.03.22-21.14.28:447][  0]LogMemory: Process Virtual Memory: 262.67 MB used, 262.67 MB peak
[2017.03.22-21.14.28:447][  0]LogMemory: Physical Memory: 3957.55 MB used,  4157.72 MB free, 8115.27 MB total
[2017.03.22-21.14.28:447][  0]LogMemory: Virtual Memory: 645.13 MB used,  4157.72 MB free, 134217728.00 MB total
[2017.03.22-21.14.29:746][  0]LogTextLocalizationManager: No specific translations for ('en-US') exist, so ('en') translations will be used.
[2017.03.22-21.14.36:148][  0]LogD3D11RHI: D3D11 adapters:
[2017.03.22-21.14.36:177][  0]LogD3D11RHI:    0. 'NVIDIA GeForce GTX 860M' (Feature Level 11_0)
[2017.03.22-21.14.36:177][  0]LogD3D11RHI:       4064/0/4057 MB DedicatedVideo/DedicatedSystem/SharedSystem, Outputs:1, VendorId:0x10de
[2017.03.22-21.14.36:182][  0]LogD3D11RHI:    1. 'Intel(R) HD Graphics 4600' (Feature Level 11_0)
[2017.03.22-21.14.36:182][  0]LogD3D11RHI:       112/0/2048 MB DedicatedVideo/DedicatedSystem/SharedSystem, Outputs:0, VendorId:0x8086
[2017.03.22-21.14.36:183][  0]LogD3D11RHI:    2. 'Microsoft Basic Render Driver' (Feature Level 11_0)
[2017.03.22-21.14.36:183][  0]LogD3D11RHI:       0/0/4057 MB DedicatedVideo/DedicatedSystem/SharedSystem, Outputs:0, VendorId:0x1414
[2017.03.22-21.14.36:183][  0]LogD3D11RHI: Chosen D3D11 Adapter: 0
[2017.03.22-21.14.36:189][  0]LogD3D11RHI: Creating new Direct3DDevice
[2017.03.22-21.14.36:189][  0]LogD3D11RHI:     GPU DeviceId: 0x1392 (for the marketing name, search the web for "GPU Device Id")
[2017.03.22-21.14.36:189][  0]LogWindows: EnumDisplayDevices:
[2017.03.22-21.14.36:189][  0]LogWindows:    0. 'Intel(R) HD Graphics 4600' (P:1 D:1)
[2017.03.22-21.14.36:189][  0]LogWindows:    1. 'Intel(R) HD Graphics 4600' (P:0 D:0)
[2017.03.22-21.14.36:189][  0]LogWindows:    2. 'Intel(R) HD Graphics 4600' (P:0 D:0)
[2017.03.22-21.14.36:189][  0]LogWindows: DebugString: PrimaryIsNotTheChoosenAdapter PrimaryIsNotTheChoosenAdapter PrimaryIsNotTheChoosenAdapter FoundDriverCount:0 
[2017.03.22-21.14.36:189][  0]LogD3D11RHI:     Adapter Name: NVIDIA GeForce GTX 860M
[2017.03.22-21.14.36:189][  0]LogD3D11RHI:   Driver Version: Unknown (internal:Unknown, unified:Unknown)
[2017.03.22-21.14.36:189][  0]LogD3D11RHI:      Driver Date: Unknown
[2017.03.22-21.14.36:214][  0]LogRHI: Texture pool is 1361 MB (70% of 1945 MB)
[2017.03.22-21.14.36:281][  0]LogD3D11RHI: Async texture creation enabled
[2017.03.22-21.14.36:556][  0]LogD3D11RHI: GPU Timing Frequency: 1000.000000 (Debug: 2 1)
[2017.03.22-21.14.36:863][  0]LogShaderCompilers: Guid format shader working directory is 12 characters bigger than the processId version (../../../../../PTSD/PTSD-Project/PTSD/Intermediate/Shaders/WorkingDirectory/10364/).
[2017.03.22-21.14.36:863][  0]LogShaderCompilers: Cleaned the shader compiler working directory 'C:/Users/inner_000/AppData/Local/Temp/UnrealShaderWorkingDir/A503A82342A3FDD91AECCB952F35CBF3/'.
[2017.03.22-21.14.36:863][  0]LogShaderCompilers:Display: Using Local Shader Compiler.
[2017.03.22-21.14.42:807][  0]LogTemp:Display: Loaded TP AllDesktopTargetPlatform
[2017.03.22-21.14.42:861][  0]LogTemp:Display: Loaded TP MacClientTargetPlatform
[2017.03.22-21.14.42:916][  0]LogTemp:Display: Loaded TP MacNoEditorTargetPlatform
[2017.03.22-21.14.42:971][  0]LogTemp:Display: Loaded TP MacServerTargetPlatform
[2017.03.22-21.14.43:039][  0]LogTemp:Display: Loaded TP MacTargetPlatform
[2017.03.22-21.14.43:093][  0]LogTemp:Display: Loaded TP WindowsClientTargetPlatform
[2017.03.22-21.14.43:146][  0]LogTemp:Display: Loaded TP WindowsNoEditorTargetPlatform
[2017.03.22-21.14.43:197][  0]LogTemp:Display: Loaded TP WindowsServerTargetPlatform
[2017.03.22-21.14.43:266][  0]LogTemp:Display: Loaded TP WindowsTargetPlatform
[2017.03.22-21.14.43:336][  0]LogTemp:Display: Loaded TP AndroidTargetPlatform
[2017.03.22-21.14.43:400][  0]LogTemp:Display: Loaded TP Android_ASTCTargetPlatform
[2017.03.22-21.14.43:450][  0]LogTemp:Display: Loaded TP Android_ATCTargetPlatform
[2017.03.22-21.14.43:502][  0]LogTemp:Display: Loaded TP Android_DXTTargetPlatform
[2017.03.22-21.14.43:553][  0]LogTemp:Display: Loaded TP Android_ETC1TargetPlatform
[2017.03.22-21.14.43:603][  0]LogTemp:Display: Loaded TP Android_ETC2TargetPlatform
[2017.03.22-21.14.43:717][  0]LogTemp:Display: Loaded TP Android_MultiTargetPlatform
[2017.03.22-21.14.43:717][  0]LogTemp:Display: Loaded TP Android_PVRTCTargetPlatform
[2017.03.22-21.14.43:752][  0]LogTemp:Display: Loaded TP HTML5TargetPlatform
[2017.03.22-21.14.43:926][  0]LogTemp:Display: Loaded TP IOSTargetPlatform
[2017.03.22-21.14.43:959][  0]LogTemp:Display: Loaded TP TVOSTargetPlatform
[2017.03.22-21.14.44:008][  0]LogTemp:Display: Loaded TP LinuxClientTargetPlatform
[2017.03.22-21.14.44:057][  0]LogTemp:Display: Loaded TP LinuxNoEditorTargetPlatform
[2017.03.22-21.14.44:106][  0]LogTemp:Display: Loaded TP LinuxServerTargetPlatform
[2017.03.22-21.14.44:166][  0]LogTemp:Display: Loaded TP LinuxTargetPlatform
[2017.03.22-21.14.44:166][  0]LogTargetPlatformManager:Display: Building Assets For Windows
[2017.03.22-21.14.45:383][  0]LogDerivedDataCache:Display: Max Cache Size: 512 MB
[2017.03.22-21.14.46:149][  0]LogDerivedDataCache: Loaded boot cache 0.77s 50MB C:/Users/inner_000/AppData/Local/UnrealEngine/4.15/DerivedDataCache/Boot.ddc.
[2017.03.22-21.14.46:149][  0]LogDerivedDataCache:Display: Loaded Boot cache: C:/Users/inner_000/AppData/Local/UnrealEngine/4.15/DerivedDataCache/Boot.ddc
[2017.03.22-21.14.46:149][  0]LogDerivedDataCache: FDerivedDataBackendGraph:  Pak pak cache file ../../../../../PTSD/PTSD-Project/PTSD/DerivedDataCache/DDC.ddp not found, will not use a pak cache.
[2017.03.22-21.14.46:149][  0]LogDerivedDataCache: Unable to find inner node Pak for hierarchical cache Hierarchy.
[2017.03.22-21.14.46:149][  0]LogDerivedDataCache: FDerivedDataBackendGraph:  CompressedPak pak cache file ../../../../../PTSD/PTSD-Project/PTSD/DerivedDataCache/Compressed.ddp not found, will not use a pak cache.
[2017.03.22-21.14.46:149][  0]LogDerivedDataCache: Unable to find inner node CompressedPak for hierarchical cache Hierarchy.
[2017.03.22-21.14.46:217][  0]LogDerivedDataCache:Display: Pak cache opened for reading ../../../Engine/DerivedDataCache/Compressed.ddp.
[2017.03.22-21.14.46:250][  0]LogDerivedDataCache: Using Local data cache path C:/Users/inner_000/AppData/Local/UnrealEngine/Common/DerivedDataCache: Writable
[2017.03.22-21.14.46:394][  0]LogSlate: Using Freetype 2.6.0
[2017.03.22-21.14.46:503][  0]LogSlate: SlateFontCache - WITH_FREETYPE: 1, WITH_HARFBUZZ: 1
[2017.03.22-21.14.46:504][  0]LogSlate: SlateFontCache - WITH_FREETYPE: 1, WITH_HARFBUZZ: 1
[2017.03.22-21.15.02:885][  0]LogInit: Selected Device Profile: [Windows]
[2017.03.22-21.15.02:926][  0]LogContentStreaming: Texture pool size is 0.00 MB
[2017.03.22-21.15.03:775][  0]LogMeshUtilities: Using QuadricMeshReduction for automatic static mesh reduction
[2017.03.22-21.15.03:852][  0]LogSimplygon: Simplygon DLL not present - disabling.
[2017.03.22-21.15.03:921][  0]LogMeshUtilities: Using SimplygonSwarm for distributed automatic mesh merging
[2017.03.22-21.15.03:921][  0]LogMeshUtilities: No automatic skeletal mesh reduction module available
[2017.03.22-21.15.03:921][  0]LogMeshUtilities: No automatic mesh merging module available
[2017.03.22-21.15.10:930][  0]LogNetVersion: GetLocalNetworkVersion: CL: 3299760, ProjectName: ptsd, ProjectVersion: , EngineNetworkVersion: 2, GameNetworkVersion: 0, NetworkChecksum: 1176372723
[2017.03.22-21.15.11:081][  0]LogAssetRegistry: FAssetRegistry took 0.0216 seconds to start up
[2017.03.22-21.15.11:341][  0]LogPackageLocalizationCache: Processed 3 localized package path(s) for 2 prioritized culture(s) in 0.178124 seconds
[2017.03.22-21.15.11:452][  0]LogUObjectArray: 32493 objects as part of root set at end of initial load.
[2017.03.22-21.15.11:452][  0]LogUObjectAllocator: 7077032 out of 0 bytes used by permanent object pool.
[2017.03.22-21.15.11:452][  0]LogUObjectArray: CloseDisregardForGC: 0/0 objects in disregard for GC pool
[2017.03.22-21.15.11:552][  0]LogInit: WinSock: version 1.1 (2.2), MaxSocks=32767, MaxUdp=65467
[2017.03.22-21.15.40:838][  0]LogTcpMessaging: Initializing TcpMessaging bridge
[2017.03.22-21.15.40:892][  0]LogUdpMessaging: Initializing bridge on interface 0.0.0.0:0 to multicast group 230.0.0.1:6666.
[2017.03.22-21.15.42:851][  0]LogMaterial: Uniform references updated for custom material expression Custom.
[2017.03.22-21.15.44:061][  0]SourceControl: Info Source control is disabled
[2017.03.22-21.15.44:557][  0]SourceControl: Info Source control is disabled
[2017.03.22-21.15.44:651][  0]SourceControl: Info Source control is disabled
[2017.03.22-21.15.44:700][  0]SourceControl: Info Source control is disabled
[2017.03.22-21.15.47:657][  0]LogEngine: Initializing Engine...
[2017.03.22-21.15.49:734][  0]LogHMD: Failed to initialize OpenVR with code 108
[2017.03.22-21.15.52:725][  0]LogAIModule: Creating AISystem for world Untitled
[2017.03.22-21.15.52:802][  0]LogInit: XAudio2 using 'Speakers (Realtek High Definition Audio)' : 2 channels at 48 kHz using 32 bits per sample (channel mask 0x3)
[2017.03.22-21.15.52:832][  0]LogInit: FAudioDevice initialized.
[2017.03.22-21.15.52:874][  0]LogDerivedDataCache: Saved boot cache 0.04s 50MB C:/Users/inner_000/AppData/Local/UnrealEngine/4.15/DerivedDataCache/Boot.ddc.
[2017.03.22-21.15.52:887][  0]LogInit: Texture streaming: Enabled
[2017.03.22-21.15.53:108][  0]LogEngineSessionManager: EngineSessionManager initialized
[2017.03.22-21.15.53:625][  0]LogInit: Transaction tracking system initialized
[2017.03.22-21.15.54:640][  0]BlueprintLog: New page: Editor Load
[2017.03.22-21.15.56:691][  0]LocalizationService: Info Localization service is disabled
[2017.03.22-21.15.57:993][  0]LogConsoleResponse:Display: 
[2017.03.22-21.16.02:842][  0]LogFileCache: Scanning file cache for directory 'C:/PTSD/PTSD-Project/PTSD/Content/' took 0.02s
[2017.03.22-21.16.02:842][  0]LogCook:Display: Max memory allowance for cook 16384mb min free memory 0mb
[2017.03.22-21.16.02:842][  0]LogCook:Display: Mobile HDR setting 0
[2017.03.22-21.16.09:904][  0]SourceControl: Info Source control is disabled
[2017.03.22-21.16.10:089][  0]Cmd: MAP LOAD FILE="../../../Engine/Content/Maps/Templates/Template_Default.umap" TEMPLATE=1 SHOWPROGRESS=1 FEATURELEVEL=3
[2017.03.22-21.16.10:189][  0]LightingResults: New page: Lighting Build
[2017.03.22-21.16.10:524][  0]MapCheck: New page: Map Check
[2017.03.22-21.16.10:524][  0]LightingResults: New page: Lighting Build
[2017.03.22-21.16.11:662][  0]LogAIModule: Creating AISystem for world Untitled_1
[2017.03.22-21.16.11:699][  0]LogActorComponent: RegisterComponentWithWorld: (/Temp/Untitled_1.Untitled_1:PersistentLevel.WorldSettings_1.StaticMeshComponent0) Trying to register component with IsPendingKill() == true. Aborting.
[2017.03.22-21.16.11:986][  0]LogEditorServer: Finished looking for orphan Actors (0.000 secs)
[2017.03.22-21.16.12:038][  0]Cmd: MAP CHECKDEP NOCLEARLOG
[2017.03.22-21.16.12:108][  0]MapCheck: Info Map check complete: 0 Error(s), 0 Warning(s), took 69.27ms to complete.
[2017.03.22-21.16.12:108][  0]LogFileHelpers: Loading map 'Template_Default' took 2.019
[2017.03.22-21.16.12:254][  0]LogWindowsTextInputMethodSystem:Display: IME system now deactivated.
[2017.03.22-21.16.13:611][  0]LogCollectionManager: Loaded 0 collections in 0.002635 seconds
[2017.03.22-21.16.13:762][  0]LogFileCache: Scanning file cache for directory 'C:/PTSD/PTSD-Project/PTSD/Saved/Collections/' took 0.01s
[2017.03.22-21.16.13:762][  0]LogFileCache: Scanning file cache for directory 'C:/PTSD/PTSD-Project/PTSD/Content/Developers/inner000/Collections/' took 0.01s
[2017.03.22-21.16.13:762][  0]LogFileCache: Scanning file cache for directory 'C:/PTSD/PTSD-Project/PTSD/Content/Collections/' took 0.01s
[2017.03.22-21.16.13:762][  0]LogCollectionManager: Rebuilt the GUID cache for 0 collections in 0.000037 seconds
[2017.03.22-21.16.13:777][  0]LogContentBrowser: Native class hierarchy populated in 0.0137 seconds. Added 2246 classes and 455 folders.
[2017.03.22-21.16.13:845][  0]LogStats: UGameplayTagsManager::ConstructGameplayTagTree: Construct from data asset -  0.000 s
[2017.03.22-21.16.13:846][  0]LogStats: UGameplayTagsManager::ConstructGameplayTagTree: GameplayTagTreeChangedEvent.Broadcast -  0.000 s
[2017.03.22-21.16.13:921][  0]LogContentBrowser: Native class hierarchy updated for 'WidgetCarousel' in 0.0005 seconds. Added 0 classes and 0 folders.
[2017.03.22-21.16.16:082][  0]LogContentBrowser: Native class hierarchy updated for 'AddContentDialog' in 0.0006 seconds. Added 0 classes and 0 folders.
[2017.03.22-21.16.16:145][  0]LogCrashTracker: Crashtracker disabled due to settings.
[2017.03.22-21.16.16:274][  0]LogUObjectGlobals:Warning: Failed to find object 'Class None.'
[2017.03.22-21.16.16:430][  0]LogContentBrowser: Native class hierarchy updated for 'HierarchicalLODOutliner' in 0.0017 seconds. Added 1 classes and 2 folders.
[2017.03.22-21.16.16:431][  0]LogLoad: (Engine Initialization) Total time: 120.94 seconds
[2017.03.22-21.16.16:431][  0]LogLoad: (Engine Initialization) Total Blueprint compile time: 0.61 seconds
[2017.03.22-21.16.16:431][  0]LogExternalProfiler: Found external profiler: VSPerf
[2017.03.22-21.16.16:431][  0]LogExternalProfiler: Using external profiler: VSPerf
[2017.03.22-21.16.16:470][  0]LogOcInput: OculusInput pre-init called
[2017.03.22-21.16.16:665][  0]LogContentStreaming: Texture pool size now 1000 MB
[2017.03.22-21.16.16:684][  0]LogSlate: Took 0.018363 seconds to synchronously load lazily loaded font '../../../Engine/Content/Slate/Fonts/Roboto-Regular.ttf' (155K)
[2017.03.22-21.16.16:700][  0]LogSlate: Took 0.010945 seconds to synchronously load lazily loaded font '../../../Engine/Content/Slate/Fonts/Roboto-Bold.ttf' (160K)
[2017.03.22-21.16.16:760][  0]LogSlate: Took 0.029240 seconds to synchronously load lazily loaded font '../../../Engine/Content/Editor/Slate/Fonts/FontAwesome.ttf' (139K)
[2017.03.22-21.16.17:567][  0]LogRenderer: Reallocating scene render targets to support 1212x924 NumSamples 1 (Frame:2).
[2017.03.22-21.16.18:188][  2]LogSlate: Took 0.106518 seconds to synchronously load lazily loaded font '../../../Engine/Content/Slate/Fonts/Roboto-Light.ttf' (159K)
[2017.03.22-21.16.18:209][  3]LogAssetRegistry: Asset discovery search completed in 67.1495 seconds
[2017.03.22-21.16.18:224][  3]LogCollectionManager: Rebuilt the object cache for 0 collections in 0.000007 seconds (found 0 objects)
[2017.03.22-21.16.18:224][  3]LogCollectionManager: Fixed up redirectors for 0 collections in 0.015088 seconds (updated 0 objects)
[2017.03.22-21.16.21:592][196]LogSlate: Took 0.000268 seconds to synchronously load lazily loaded font '../../../Engine/Content/Slate/Fonts/Roboto-Light.ttf' (159K)
[2017.03.22-21.16.24:959][362]LogSlate: Took 0.000148 seconds to synchronously load lazily loaded font '../../../Engine/Content/Slate/Fonts/Roboto-Light.ttf' (159K)
[2017.03.22-21.16.25:619][362]LogSlate: Took 0.000159 seconds to synchronously load lazily loaded font '../../../Engine/Content/Slate/Fonts/Roboto-Regular.ttf' (155K)
[2017.03.22-21.16.25:850][362]LogContentBrowser: Native class hierarchy updated for 'BlueprintGraph' in 0.0009 seconds. Added 112 classes and 0 folders.
[2017.03.22-21.16.27:213][362]LogSlate: Took 0.028604 seconds to synchronously load lazily loaded font '../../../Engine/Content/Editor/Slate/Fonts/Roboto-BoldCondensed.ttf' (158K)
[2017.03.22-21.16.27:820][363]LogSlate: Took 0.032327 seconds to synchronously load lazily loaded font '../../../Engine/Content/Editor/Slate/Fonts/Roboto-Italic.ttf' (157K)
[2017.03.22-21.16.32:096][565]LogTemp: Repeting last play command: Selected Viewport
[2017.03.22-21.16.32:116][565]LogPlayLevel: PlayLevel: No blueprints needed recompiling
[2017.03.22-21.16.32:137][565]PIE: New page: PIE session: Untitled_1 (Mar 22, 2017, 1:16:32 PM)
[2017.03.22-21.16.32:137][565]LogPlayLevel: Creating play world package: /Temp/UEDPIE_0_Untitled_1
[2017.03.22-21.16.32:139][565]LogPlayLevel: PIE: StaticDuplicateObject took: (0.002057s)
[2017.03.22-21.16.32:140][565]LogAIModule: Creating AISystem for world Untitled_1
[2017.03.22-21.16.32:140][565]LogPlayLevel: PIE: World Init took: (0.001293s)
[2017.03.22-21.16.32:141][565]LogPlayLevel: PIE: Created PIE world by copying editor world from /Temp/Untitled_1.Untitled_1 to /Temp/UEDPIE_0_Untitled_1.Untitled_1 (0.003605s)
[2017.03.22-21.16.32:170][565]LogInit: XAudio2 using 'Speakers (Realtek High Definition Audio)' : 2 channels at 48 kHz using 32 bits per sample (channel mask 0x3)
[2017.03.22-21.16.32:180][565]LogInit: FAudioDevice initialized.
[2017.03.22-21.16.32:328][565]LogLoad: Game class is 'VRGameMode_C'
[2017.03.22-21.16.32:330][565]LogWorld: Bringing World /Temp/UEDPIE_0_Untitled_1.Untitled_1 up for play (max tick rate 60) at 2017.03.22-17.16.32
[2017.03.22-21.16.32:331][565]LogWorld: Bringing up level for play took: 0.000964
[2017.03.22-21.16.32:499][565]LogContentBrowser: Native class hierarchy updated for 'MovieSceneCapture' in 0.0006 seconds. Added 11 classes and 0 folders.
[2017.03.22-21.16.32:501][565]PIE: Info Play in editor start time for /Temp/UEDPIE_0_Untitled_1 1.29
[2017.03.22-21.16.38:953][906]LogAIModule: Creating AISystem for world Prototype
[2017.03.22-21.16.39:012][906]Cmd: MAP LOAD FILE="../../../../../PTSD/PTSD-Project/PTSD/Content/Prototype.umap" TEMPLATE=0 SHOWPROGRESS=1 FEATURELEVEL=3
[2017.03.22-21.16.39:012][906]LightingResults: New page: Lighting Build
[2017.03.22-21.16.39:014][906]LoadErrors: New page: Loading map: Prototype.umap
[2017.03.22-21.16.39:030][906]MapCheck: New page: Map Check
[2017.03.22-21.16.39:030][906]LightingResults: New page: Lighting Build
[2017.03.22-21.16.39:191][906]LogEditorServer: Finished looking for orphan Actors (0.000 secs)
[2017.03.22-21.16.39:219][906]Cmd: MAP CHECKDEP NOCLEARLOG
[2017.03.22-21.16.39:265][906]MapCheck: Info Map check complete: 0 Error(s), 0 Warning(s), took 46.004ms to complete.
[2017.03.22-21.16.39:265][906]LogFileHelpers: Loading map 'Prototype' took 0.267
[2017.03.22-21.17.10:315][764]LogTemp: Repeting last play command: Selected Viewport
[2017.03.22-21.17.10:331][764]LogPlayLevel: PlayLevel: No blueprints needed recompiling
[2017.03.22-21.17.10:331][764]PIE: New page: PIE session: Prototype (Mar 22, 2017, 1:17:10 PM)
[2017.03.22-21.17.10:331][764]LogPlayLevel: Creating play world package: /Game/UEDPIE_0_Prototype
[2017.03.22-21.17.10:334][764]LogPlayLevel: PIE: StaticDuplicateObject took: (0.002589s)
[2017.03.22-21.17.10:334][764]LogAIModule: Creating AISystem for world Prototype
[2017.03.22-21.17.10:334][764]LogPlayLevel: PIE: World Init took: (0.000838s)
[2017.03.22-21.17.10:335][764]LogPlayLevel: PIE: Created PIE world by copying editor world from /Game/Prototype.Prototype to /Game/UEDPIE_0_Prototype.Prototype (0.003655s)
[2017.03.22-21.17.10:353][764]LogInit: XAudio2 using 'Speakers (Realtek High Definition Audio)' : 2 channels at 48 kHz using 32 bits per sample (channel mask 0x3)
[2017.03.22-21.17.10:362][764]LogInit: FAudioDevice initialized.
[2017.03.22-21.17.10:392][764]LogLoad: Game class is 'VRGameMode_C'
[2017.03.22-21.17.10:395][764]LogWorld: Bringing World /Game/UEDPIE_0_Prototype.Prototype up for play (max tick rate 60) at 2017.03.22-17.17.10
[2017.03.22-21.17.10:395][764]LogWorld: Bringing up level for play took: 0.001716
[2017.03.22-21.17.10:396][764]PIE: Info Play in editor start time for /Game/UEDPIE_0_Prototype -0.815
[2017.03.22-21.17.19:403][295]LogEditorViewport: Clicking on Actor (LMB): Ball_C (Ball2)
[2017.03.22-21.17.32:675][ 51]LogTemp: Repeting last play command: Selected Viewport
[2017.03.22-21.17.32:691][ 51]LogPlayLevel: PlayLevel: No blueprints needed recompiling
[2017.03.22-21.17.32:691][ 51]PIE: New page: PIE session: Prototype (Mar 22, 2017, 1:17:32 PM)
[2017.03.22-21.17.32:691][ 51]LogPlayLevel: Creating play world package: /Game/UEDPIE_0_Prototype
[2017.03.22-21.17.32:694][ 51]LogPlayLevel: PIE: StaticDuplicateObject took: (0.002529s)
[2017.03.22-21.17.32:695][ 51]LogAIModule: Creating AISystem for world Prototype
[2017.03.22-21.17.32:695][ 51]LogPlayLevel: PIE: World Init took: (0.001596s)
[2017.03.22-21.17.32:696][ 51]LogPlayLevel: PIE: Created PIE world by copying editor world from /Game/Prototype.Prototype to /Game/UEDPIE_0_Prototype.Prototype (0.004333s)
[2017.03.22-21.17.32:714][ 51]LogInit: XAudio2 using 'Speakers (Realtek High Definition Audio)' : 2 channels at 48 kHz using 32 bits per sample (channel mask 0x3)
[2017.03.22-21.17.32:723][ 51]LogInit: FAudioDevice initialized.
[2017.03.22-21.17.32:756][ 51]LogLoad: Game class is 'VRGameMode_C'
[2017.03.22-21.17.32:759][ 51]LogWorld: Bringing World /Game/UEDPIE_0_Prototype.Prototype up for play (max tick rate 60) at 2017.03.22-17.17.32
[2017.03.22-21.17.32:759][ 51]LogWorld: Bringing up level for play took: 0.001857
[2017.03.22-21.17.32:761][ 51]PIE: Info Play in editor start time for /Game/UEDPIE_0_Prototype -0.45
[2017.03.22-21.17.42:999][653]LogPlayLevel: PlayLevel: No blueprints needed recompiling
[2017.03.22-21.17.42:999][653]PIE: New page: PIE session: Prototype (Mar 22, 2017, 1:17:42 PM)
[2017.03.22-21.17.42:999][653]LogPlayLevel: Creating play world package: /Game/UEDPIE_0_Prototype
[2017.03.22-21.17.43:001][653]LogPlayLevel: PIE: StaticDuplicateObject took: (0.002142s)
[2017.03.22-21.17.43:002][653]LogAIModule: Creating AISystem for world Prototype
[2017.03.22-21.17.43:002][653]LogPlayLevel: PIE: World Init took: (0.000822s)
[2017.03.22-21.17.43:002][653]LogPlayLevel: PIE: Created PIE world by copying editor world from /Game/Prototype.Prototype to /Game/UEDPIE_0_Prototype.Prototype (0.003171s)
[2017.03.22-21.17.43:019][653]LogInit: XAudio2 using 'Speakers (Realtek High Definition Audio)' : 2 channels at 48 kHz using 32 bits per sample (channel mask 0x3)
[2017.03.22-21.17.43:027][653]LogInit: FAudioDevice initialized.
[2017.03.22-21.17.43:071][653]LogLoad: Game class is 'VRGameMode_C'
[2017.03.22-21.17.43:073][653]LogWorld: Bringing World /Game/UEDPIE_0_Prototype.Prototype up for play (max tick rate 60) at 2017.03.22-17.17.43
[2017.03.22-21.17.43:074][653]LogWorld: Bringing up level for play took: 0.001792
[2017.03.22-21.17.43:079][653]PIE: Info Play in editor start time for /Game/UEDPIE_0_Prototype -0.132
[2017.03.22-21.17.43:118][653]LogRenderer: Reallocating scene render targets to support 1292x924 NumSamples 1 (Frame:5191).
[2017.03.22-21.17.45:203][774]LogRenderer: Reallocating scene render targets to support 1920x1016 NumSamples 1 (Frame:5314).
[2017.03.22-21.19.04:648][453]LogTemp: Repeting last play command: New Editor Window (PIE)
[2017.03.22-21.19.04:660][453]LogPlayLevel: PlayLevel: No blueprints needed recompiling
[2017.03.22-21.19.04:660][453]PIE: New page: PIE session: Prototype (Mar 22, 2017, 1:19:04 PM)
[2017.03.22-21.19.04:660][453]LogPlayLevel: Creating play world package: /Game/UEDPIE_0_Prototype
[2017.03.22-21.19.04:663][453]LogPlayLevel: PIE: StaticDuplicateObject took: (0.002584s)
[2017.03.22-21.19.04:663][453]LogAIModule: Creating AISystem for world Prototype
[2017.03.22-21.19.04:664][453]LogPlayLevel: PIE: World Init took: (0.000990s)
[2017.03.22-21.19.04:664][453]LogPlayLevel: PIE: Created PIE world by copying editor world from /Game/Prototype.Prototype to /Game/UEDPIE_0_Prototype.Prototype (0.003795s)
[2017.03.22-21.19.04:688][453]LogInit: XAudio2 using 'Speakers (Realtek High Definition Audio)' : 2 channels at 48 kHz using 32 bits per sample (channel mask 0x3)
[2017.03.22-21.19.04:697][453]LogInit: FAudioDevice initialized.
[2017.03.22-21.19.04:744][453]LogLoad: Game class is 'VRGameMode_C'
[2017.03.22-21.19.04:747][453]LogWorld: Bringing World /Game/UEDPIE_0_Prototype.Prototype up for play (max tick rate 0) at 2017.03.22-17.19.04
[2017.03.22-21.19.04:747][453]LogWorld: Bringing up level for play took: 0.001710
[2017.03.22-21.19.04:754][453]PIE: Info Play in editor start time for /Game/UEDPIE_0_Prototype -0.457
[2017.03.22-21.22.58:042][167]LogWindowsTextInputMethodSystem:Display: IME system now deactivated.
[2017.03.22-21.22.58:262][168]Cmd: QUIT_EDITOR
[2017.03.22-21.22.58:740][168]LogExit: Preparing to exit.
[2017.03.22-21.22.59:214][168]LogDirectoryWatcher: A directory notification for 'C:/PTSD/PTSD-Project/PTSD/Content/' was aborted.
[2017.03.22-21.22.59:292][168]LogExit: Editor shut down
[2017.03.22-21.22.59:292][168]LogExit: Transaction tracking system shut down
[2017.03.22-21.22.59:451][168]LogObj: Freed 0b from 0 cluster array pools.
[2017.03.22-21.22.59:452][168]LogExit: Object subsystem successfully closed.
[2017.03.22-21.22.59:605][168]LogD3D11RHI: Shutdown
[2017.03.22-21.22.59:605][168]LogD3D11RHI: CleanupD3DDevice
[2017.03.22-21.22.59:686][168]LogD3D11RHI: ~FD3D11DynamicRHI
[2017.03.22-21.22.59:723][168]LogModuleManager: Shutting down and abandoning module MovieSceneCapture (504)
[2017.03.22-21.22.59:723][168]LogModuleManager: Shutting down and abandoning module BlueprintGraph (502)
[2017.03.22-21.22.59:723][168]LogModuleManager: Shutting down and abandoning module BlueprintProfiler (500)
[2017.03.22-21.22.59:745][168]LogModuleManager: Shutting down and abandoning module HierarchicalLODOutliner (498)
[2017.03.22-21.22.59:745][168]LogModuleManager: Shutting down and abandoning module CrashTracker (496)
[2017.03.22-21.22.59:745][168]LogModuleManager: Shutting down and abandoning module AddContentDialog (494)
[2017.03.22-21.22.59:745][168]LogDirectoryWatcher: A directory notification for 'C:/Games/UE_4.15/FeaturePacks/' was aborted.
[2017.03.22-21.22.59:745][168]LogModuleManager: Shutting down and abandoning module WidgetCarousel (493)
[2017.03.22-21.22.59:745][168]LogModuleManager: Shutting down and abandoning module EditorWidgets (490)
[2017.03.22-21.22.59:745][168]LogModuleManager: Shutting down and abandoning module CollectionManager (488)
[2017.03.22-21.22.59:746][168]LogDirectoryWatcher: A directory notification for 'C:/PTSD/PTSD-Project/PTSD/Content/Collections/' was aborted.
[2017.03.22-21.22.59:746][168]LogDirectoryWatcher: A directory notification for 'C:/PTSD/PTSD-Project/PTSD/Content/Developers/inner000/Collections/' was aborted.
[2017.03.22-21.22.59:746][168]LogDirectoryWatcher: A directory notification for 'C:/PTSD/PTSD-Project/PTSD/Saved/Collections/' was aborted.
[2017.03.22-21.22.59:746][168]LogModuleManager: Shutting down and abandoning module SceneOutliner (486)
[2017.03.22-21.22.59:746][168]LogModuleManager: Shutting down and abandoning module StatsViewer (484)
[2017.03.22-21.22.59:746][168]LogModuleManager: Shutting down and abandoning module FoliageEdit (482)
[2017.03.22-21.22.59:746][168]LogModuleManager: Shutting down and abandoning module LandscapeEditor (480)
[2017.03.22-21.22.59:746][168]LogModuleManager: Shutting down and abandoning module SceneDepthPickerMode (478)
[2017.03.22-21.22.59:746][168]LogModuleManager: Shutting down and abandoning module ActorPickerMode (476)
[2017.03.22-21.22.59:746][168]LogModuleManager: Shutting down and abandoning module GeometryMode (474)
[2017.03.22-21.22.59:746][168]LogModuleManager: Shutting down and abandoning module TextureAlignMode (472)
[2017.03.22-21.22.59:746][168]LogModuleManager: Shutting down and abandoning module BspMode (470)
[2017.03.22-21.22.59:746][168]LogModuleManager: Shutting down and abandoning module HardwareSurvey (468)
[2017.03.22-21.22.59:746][168]LogModuleManager: Shutting down and abandoning module SequenceRecorderSections (466)
[2017.03.22-21.22.59:746][168]LogModuleManager: Shutting down and abandoning module AutomationWorker (464)
[2017.03.22-21.22.59:746][168]LogModuleManager: Shutting down and abandoning module MatineeToLevelSequence (462)
[2017.03.22-21.22.59:746][168]LogModuleManager: Shutting down and abandoning module LevelSequenceEditor (460)
[2017.03.22-21.22.59:746][168]LogModuleManager: Shutting down and abandoning module PlacementMode (459)
[2017.03.22-21.22.59:746][168]LogModuleManager: Shutting down and abandoning module WmfMediaFactory (456)
[2017.03.22-21.22.59:746][168]LogModuleManager: Shutting down and abandoning module WmfMediaEditor (454)
[2017.03.22-21.22.59:746][168]LogModuleManager: Shutting down and abandoning module MfMediaFactory (452)
[2017.03.22-21.22.59:746][168]LogModuleManager: Shutting down and abandoning module MfMediaEditor (450)
[2017.03.22-21.22.59:746][168]LogModuleManager: Shutting down and abandoning module AvfMediaFactory (448)
[2017.03.22-21.22.59:746][168]LogModuleManager: Shutting down and abandoning module AvfMediaEditor (446)
[2017.03.22-21.22.59:746][168]LogModuleManager: Shutting down and abandoning module AndroidMediaFactory (444)
[2017.03.22-21.22.59:746][168]LogModuleManager: Shutting down and abandoning module Media (443)
[2017.03.22-21.22.59:746][168]LogModuleManager: Shutting down and abandoning module AndroidMediaEditor (440)
[2017.03.22-21.22.59:746][168]LogModuleManager: Shutting down and abandoning module CharacterAI (438)
[2017.03.22-21.22.59:746][168]LogModuleManager: Shutting down and abandoning module AudioCapture (436)
[2017.03.22-21.22.59:746][168]LogModuleManager: Shutting down and abandoning module SequenceRecorder (435)
[2017.03.22-21.22.59:746][168]LogModuleManager: Shutting down and abandoning module SmartSnapping (432)
[2017.03.22-21.22.59:746][168]LogModuleManager: Shutting down and abandoning module SessionServices (430)
[2017.03.22-21.22.59:746][168]LogModuleManager: Shutting down and abandoning module ViewportSnapping (428)
[2017.03.22-21.22.59:746][168]LogModuleManager: Shutting down and abandoning module ViewportInteraction (426)
[2017.03.22-21.22.59:746][168]LogModuleManager: Shutting down and abandoning module LogVisualizer (424)
[2017.03.22-21.22.59:746][168]LogModuleManager: Shutting down and abandoning module IntroTutorials (422)
[2017.03.22-21.22.59:746][168]LogModuleManager: Shutting down and abandoning module GameProjectGeneration (421)
[2017.03.22-21.22.59:746][168]LogModuleManager: Shutting down and abandoning module EditorLiveStreaming (418)
[2017.03.22-21.22.59:746][168]LogModuleManager: Shutting down and abandoning module IOSPlatformEditor (416)
[2017.03.22-21.22.59:746][168]LogModuleManager: Shutting down and abandoning module HTML5PlatformEditor (414)
[2017.03.22-21.22.59:746][168]LogModuleManager: Shutting down and abandoning module AndroidPlatformEditor (412)
[2017.03.22-21.22.59:746][168]LogModuleManager: Shutting down and abandoning module AndroidDeviceDetection (411)
[2017.03.22-21.23.00:632][168]LogModuleManager: Shutting down and abandoning module IOSRuntimeSettings (408)
[2017.03.22-21.23.00:632][168]LogModuleManager: Shutting down and abandoning module AndroidRuntimeSettings (406)
[2017.03.22-21.23.00:632][168]LogModuleManager: Shutting down and abandoning module InputBindingEditor (404)
[2017.03.22-21.23.00:632][168]LogModuleManager: Shutting down and abandoning module NiagaraEditor (402)
[2017.03.22-21.23.00:632][168]LogModuleManager: Shutting down and abandoning module MergeActors (400)
[2017.03.22-21.23.00:632][168]LogModuleManager: Shutting down and abandoning module SizeMap (398)
[2017.03.22-21.23.00:632][168]LogModuleManager: Shutting down and abandoning module TreeMap (396)
[2017.03.22-21.23.00:632][168]LogModuleManager: Shutting down and abandoning module ReferenceViewer (394)
[2017.03.22-21.23.00:632][168]LogModuleManager: Shutting down and abandoning module LocalizationDashboard (392)
[2017.03.22-21.23.00:632][168]LogModuleManager: Shutting down and abandoning module LocalizationService (391)
[2017.03.22-21.23.00:632][168]LogModuleManager: Shutting down and abandoning module HardwareTargeting (388)
[2017.03.22-21.23.00:632][168]LogModuleManager: Shutting down and abandoning module DeviceProfileEditor (386)
[2017.03.22-21.23.00:632][168]LogModuleManager: Shutting down and abandoning module UndoHistory (384)
[2017.03.22-21.23.00:632][168]LogModuleManager: Shutting down and abandoning module UserFeedback (382)
[2017.03.22-21.23.00:632][168]LogModuleManager: Shutting down and abandoning module XmlParser (380)
[2017.03.22-21.23.00:632][168]LogModuleManager: Shutting down and abandoning module Blutility (378)
[2017.03.22-21.23.00:632][168]LogModuleManager: Shutting down and abandoning module ProjectSettingsViewer (376)
[2017.03.22-21.23.00:632][168]LogModuleManager: Shutting down and abandoning module ProjectTargetPlatformEditor (375)
[2017.03.22-21.23.00:632][168]LogModuleManager: Shutting down and abandoning module EditorSettingsViewer (372)
[2017.03.22-21.23.00:633][168]LogModuleManager: Shutting down and abandoning module SettingsEditor (370)
[2017.03.22-21.23.00:633][168]LogModuleManager: Shutting down and abandoning module ProjectLauncher (368)
[2017.03.22-21.23.00:633][168]LogModuleManager: Shutting down and abandoning module SessionFrontend (366)
[2017.03.22-21.23.00:633][168]LogModuleManager: Shutting down and abandoning module ProfilerClient (364)
[2017.03.22-21.23.00:633][168]LogModuleManager: Shutting down and abandoning module DeviceManager (362)
[2017.03.22-21.23.00:633][168]LogModuleManager: Shutting down and abandoning module TargetDeviceServices (361)
[2017.03.22-21.23.00:688][168]LogModuleManager: Shutting down and abandoning module AutomationController (358)
[2017.03.22-21.23.00:688][168]LogModuleManager: Shutting down and abandoning module AutomationWindow (356)
[2017.03.22-21.23.00:688][168]LogModuleManager: Shutting down and abandoning module Layers (354)
[2017.03.22-21.23.00:688][168]LogModuleManager: Shutting down and abandoning module ComponentVisualizers (352)
[2017.03.22-21.23.00:688][168]LogModuleManager: Shutting down and abandoning module DetailCustomizations (350)
[2017.03.22-21.23.00:688][168]LogModuleManager: Shutting down and abandoning module PackagesDialog (348)
[2017.03.22-21.23.00:688][168]LogModuleManager: Shutting down and abandoning module Persona (346)
[2017.03.22-21.23.00:688][168]LogModuleManager: Shutting down and abandoning module AnimGraph (345)
[2017.03.22-21.23.00:688][168]LogModuleManager: Shutting down and abandoning module Kismet (342)
[2017.03.22-21.23.00:695][168]LogModuleManager: Shutting down and abandoning module GraphEditor (340)
[2017.03.22-21.23.00:695][168]LogModuleManager: Shutting down and abandoning module ClassViewer (338)
[2017.03.22-21.23.00:695][168]LogModuleManager: Shutting down and abandoning module Toolbox (336)
[2017.03.22-21.23.00:695][168]LogModuleManager: Shutting down and abandoning module ModuleUI (334)
[2017.03.22-21.23.00:695][168]LogModuleManager: Shutting down and abandoning module MovieSceneTools (332)
[2017.03.22-21.23.00:695][168]LogModuleManager: Shutting down and abandoning module OutputLog (330)
[2017.03.22-21.23.00:695][168]LogModuleManager: Shutting down and abandoning module GammaUI (328)
[2017.03.22-21.23.00:695][168]LogModuleManager: Shutting down and abandoning module Documentation (326)
[2017.03.22-21.23.00:695][168]LogModuleManager: Shutting down and abandoning module Niagara (324)
[2017.03.22-21.23.00:695][168]LogModuleManager: Shutting down and abandoning module StreamingPauseRendering (322)
[2017.03.22-21.23.00:695][168]LogModuleManager: Shutting down and abandoning module AnalyticsET (320)
[2017.03.22-21.23.00:695][168]LogModuleManager: Shutting down and abandoning module PortalServices (318)
[2017.03.22-21.23.00:695][168]LogModuleManager: Shutting down and abandoning module PortalRpc (316)
[2017.03.22-21.23.00:695][168]LogModuleManager: Shutting down and abandoning module MessagingRpc (314)
[2017.03.22-21.23.00:695][168]LogModuleManager: Shutting down and abandoning module AIModule (312)
[2017.03.22-21.23.00:695][168]LogModuleManager: Shutting down and abandoning module GameplayDebugger (311)
[2017.03.22-21.23.00:695][168]LogModuleManager: Shutting down and abandoning module AITestSuite (309)
[2017.03.22-21.23.00:695][168]LogModuleManager: Shutting down and abandoning module ProfilerService (306)
[2017.03.22-21.23.00:765][168]LogModuleManager: Shutting down and abandoning module TaskGraph (304)
[2017.03.22-21.23.00:765][168]LogModuleManager: Shutting down and abandoning module SteamVRController (302)
[2017.03.22-21.23.00:765][168]LogModuleManager: Shutting down and abandoning module SteamVR (300)
[2017.03.22-21.23.00:765][168]LogModuleManager: Shutting down and abandoning module ProceduralMeshComponentEditor (298)
[2017.03.22-21.23.00:765][168]LogModuleManager: Shutting down and abandoning module ProceduralMeshComponent (296)
[2017.03.22-21.23.00:765][168]LogModuleManager: Shutting down and abandoning module OculusLibrary (294)
[2017.03.22-21.23.00:765][168]LogModuleManager: Shutting down and abandoning module OculusInput (292)
[2017.03.22-21.23.00:765][168]LogModuleManager: Shutting down and abandoning module MobilePatchingUtils (290)
[2017.03.22-21.23.00:765][168]LogModuleManager: Shutting down and abandoning module CustomMeshComponent (288)
[2017.03.22-21.23.00:765][168]LogModuleManager: Shutting down and abandoning module CableComponent (286)
[2017.03.22-21.23.00:765][168]LogModuleManager: Shutting down and abandoning module ArchVisCharacter (284)
[2017.03.22-21.23.00:765][168]LogModuleManager: Shutting down and abandoning module MediaPlayerEditor (280)
[2017.03.22-21.23.00:765][168]LogModuleManager: Shutting down and abandoning module HTML5Networking (278)
[2017.03.22-21.23.00:765][168]LogModuleManager: Shutting down and abandoning module AlembicImporter (276)
[2017.03.22-21.23.00:765][168]LogModuleManager: Shutting down and abandoning module AlembicLibrary (275)
[2017.03.22-21.23.00:765][168]LogModuleManager: Shutting down and abandoning module GeometryCache (274)
[2017.03.22-21.23.00:765][168]LogModuleManager: Shutting down and abandoning module GeometryCacheEd (273)
[2017.03.22-21.23.00:765][168]LogModuleManager: Shutting down and abandoning module SuperSearchEditor (268)
[2017.03.22-21.23.00:765][168]LogModuleManager: Shutting down and abandoning module SuperSearch (267)
[2017.03.22-21.23.00:765][168]LogModuleManager: Shutting down and abandoning module SpeedTreeImporter (264)
[2017.03.22-21.23.00:765][168]LogModuleManager: Shutting down and abandoning module PluginBrowser (262)
[2017.03.22-21.23.00:765][168]LogModuleManager: Shutting down and abandoning module MobileLauncherProfileWizard (260)
[2017.03.22-21.23.00:765][168]LogModuleManager: Shutting down and abandoning module EpicSurvey (258)
[2017.03.22-21.23.00:765][168]LogModuleManager: Shutting down and abandoning module VisualStudioSourceCodeAccess (256)
[2017.03.22-21.23.00:765][168]LogModuleManager: Shutting down and abandoning module DesktopPlatform (255)
[2017.03.22-21.23.00:765][168]LogModuleManager: Shutting down and abandoning module UObjectPlugin (252)
[2017.03.22-21.23.00:765][168]LogModuleManager: Shutting down and abandoning module SubversionSourceControl (250)
[2017.03.22-21.23.00:765][168]LogModuleManager: Shutting down and abandoning module PerforceSourceControl (248)
[2017.03.22-21.23.00:765][168]LogModuleManager: Shutting down and abandoning module GitSourceControl (246)
[2017.03.22-21.23.00:765][168]LogModuleManager: Shutting down and abandoning module SourceControl (245)
[2017.03.22-21.23.00:765][168]LogModuleManager: Shutting down and abandoning module LightPropagationVolumeEditor (242)
[2017.03.22-21.23.00:765][168]LogModuleManager: Shutting down and abandoning module PaperTiledImporter (240)
[2017.03.22-21.23.00:765][168]LogModuleManager: Shutting down and abandoning module PaperSpriteSheetImporter (238)
[2017.03.22-21.23.00:765][168]LogModuleManager: Shutting down and abandoning module Paper2DEditor (236)
[2017.03.22-21.23.00:766][168]LogModuleManager: Shutting down and abandoning module MeshPaint (235)
[2017.03.22-21.23.00:766][168]LogModuleManager: Shutting down and abandoning module LevelEditor (233)
[2017.03.22-21.23.00:766][168]LogModuleManager: Shutting down and abandoning module PixelInspectorModule (232)
[2017.03.22-21.23.00:766][168]LogModuleManager: Shutting down and abandoning module MainFrame (230)
[2017.03.22-21.23.00:766][168]LogModuleManager: Shutting down and abandoning module HotReload (229)
[2017.03.22-21.23.00:767][168]LogModuleManager: Shutting down and abandoning module ContentBrowser (225)
[2017.03.22-21.23.00:768][168]LogModuleManager: Shutting down and abandoning module PhysXVehiclesEditor (222)
[2017.03.22-21.23.00:768][168]LogModuleManager: Shutting down and abandoning module PhysXVehicles (220)
[2017.03.22-21.23.00:768][168]LogModuleManager: Shutting down and abandoning module LocationServicesBPLibrary (218)
[2017.03.22-21.23.00:768][168]LogModuleManager: Shutting down and abandoning module UdpMessaging (216)
[2017.03.22-21.23.00:869][168]LogModuleManager: Shutting down and abandoning module TcpMessaging (214)
[2017.03.22-21.23.00:969][168]LogModuleManager: Shutting down and abandoning module GameplayTagsEditor (212)
[2017.03.22-21.23.00:969][168]LogModuleManager: Shutting down and abandoning module FacialAnimationEditor (210)
[2017.03.22-21.23.00:969][168]LogModuleManager: Shutting down and abandoning module FacialAnimation (208)
[2017.03.22-21.23.00:969][168]LogModuleManager: Shutting down and abandoning module LightPropagationVolumeRuntime (206)
[2017.03.22-21.23.00:969][168]LogModuleManager: Shutting down and abandoning module Paper2D (204)
[2017.03.22-21.23.00:969][168]LogModuleManager: Shutting down and abandoning module WindowsMoviePlayer (202)
[2017.03.22-21.23.00:969][168]LogModuleManager: Shutting down and abandoning module WmfMedia (200)
[2017.03.22-21.23.00:969][168]LogModuleManager: Shutting down and abandoning module MfMedia (198)
[2017.03.22-21.23.00:969][168]LogModuleManager: Shutting down and abandoning module MediaAssets (196)
[2017.03.22-21.23.00:969][168]LogModuleManager: Shutting down and abandoning module GameLiveStreaming (194)
[2017.03.22-21.23.00:969][168]LogModuleManager: Shutting down and abandoning module VREditor (192)
[2017.03.22-21.23.00:969][168]LogModuleManager: Shutting down and abandoning module GameplayTasksEditor (190)
[2017.03.22-21.23.00:969][168]LogModuleManager: Shutting down and abandoning module BehaviorTreeEditor (188)
[2017.03.22-21.23.00:969][168]LogModuleManager: Shutting down and abandoning module FunctionalTesting (186)
[2017.03.22-21.23.00:969][168]LogModuleManager: Shutting down and abandoning module CollisionAnalyzer (184)
[2017.03.22-21.23.00:969][168]LogModuleManager: Shutting down and abandoning module UMG (182)
[2017.03.22-21.23.01:017][168]LogModuleManager: Shutting down and abandoning module UMGEditor (181)
[2017.03.22-21.23.01:017][168]LogModuleManager: Shutting down and abandoning module Sequencer (180)
[2017.03.22-21.23.01:017][168]LogModuleManager: Shutting down and abandoning module AssetTools (178)
[2017.03.22-21.23.01:017][168]LogModuleManager: Shutting down and abandoning module MessageLog (177)
[2017.03.22-21.23.01:017][168]LogModuleManager: Shutting down and abandoning module WorkspaceMenuStructure (176)
[2017.03.22-21.23.01:017][168]LogModuleManager: Shutting down and abandoning module SlateReflector (170)
[2017.03.22-21.23.01:017][168]LogModuleManager: Shutting down and abandoning module Slate (168)
[2017.03.22-21.23.01:017][168]LogModuleManager: Shutting down and abandoning module EditorStyle (166)
[2017.03.22-21.23.01:019][168]LogModuleManager: Shutting down and abandoning module SourceCodeAccess (164)
[2017.03.22-21.23.01:019][168]LogModuleManager: Shutting down and abandoning module HeadMountedDisplay (162)
[2017.03.22-21.23.01:019][168]LogModuleManager: Shutting down and abandoning module XAudio2 (160)
[2017.03.22-21.23.01:019][168]LogModuleManager: Shutting down and abandoning module Networking (158)
[2017.03.22-21.23.01:019][168]LogModuleManager: Shutting down and abandoning module Core (154)
[2017.03.22-21.23.01:019][168]LogModuleManager: Shutting down and abandoning module AssetRegistry (152)
[2017.03.22-21.23.01:164][168]LogDirectoryWatcher: A directory notification for '../../../Engine/Content/' was aborted.
[2017.03.22-21.23.01:164][168]LogDirectoryWatcher: A directory notification for '../../../../../PTSD/PTSD-Project/PTSD/Content/' was aborted.
[2017.03.22-21.23.01:164][168]LogDirectoryWatcher: A directory notification for '../../../Engine/Plugins/2D/Paper2D/Content/' was aborted.
[2017.03.22-21.23.01:164][168]LogModuleManager: Shutting down and abandoning module DirectoryWatcher (151)
[2017.03.22-21.23.01:165][168]LogModuleManager: Shutting down and abandoning module KismetCompiler (148)
[2017.03.22-21.23.01:165][168]LogModuleManager: Shutting down and abandoning module PhysXFormats (146)
[2017.03.22-21.23.01:165][168]LogModuleManager: Shutting down and abandoning module MeshUtilities (144)
[2017.03.22-21.23.01:165][168]LogModuleManager: Shutting down and abandoning module SimplygonSwarm (143)
[2017.03.22-21.23.01:165][168]LogModuleManager: Shutting down and abandoning module SimplygonMeshReduction (141)
[2017.03.22-21.23.01:165][168]LogModuleManager: Shutting down and abandoning module QuadricMeshReduction (139)
[2017.03.22-21.23.01:165][168]LogModuleManager: Shutting down and abandoning module PropertyEditor (137)
[2017.03.22-21.23.01:165][168]LogModuleManager: Shutting down and abandoning module DerivedDataCache (134)
[2017.03.22-21.23.01:244][168]LogDerivedDataCache: Shutdown
[2017.03.22-21.23.01:244][168]LogModuleManager: Shutting down and abandoning module TargetPlatform (132)
[2017.03.22-21.23.01:244][168]LogModuleManager: Shutting down and abandoning module VulkanShaderFormat (131)
[2017.03.22-21.23.01:244][168]LogModuleManager: Shutting down and abandoning module ShaderFormatOpenGL (129)
[2017.03.22-21.23.01:244][168]LogModuleManager: Shutting down and abandoning module ShaderFormatD3D (127)
[2017.03.22-21.23.01:244][168]LogModuleManager: Shutting down and abandoning module MetalShaderFormat (125)
[2017.03.22-21.23.01:244][168]LogModuleManager: Shutting down and abandoning module TextureFormatUncompressed (123)
[2017.03.22-21.23.01:244][168]LogModuleManager: Shutting down and abandoning module TextureFormatPVR (121)
[2017.03.22-21.23.01:244][168]LogModuleManager: Shutting down and abandoning module TextureFormatDXT (119)
[2017.03.22-21.23.01:244][168]LogModuleManager: Shutting down and abandoning module TextureFormatIntelISPCTexComp (117)
[2017.03.22-21.23.01:245][168]LogModuleManager: Shutting down and abandoning module TextureFormatASTC (115)
[2017.03.22-21.23.01:245][168]LogModuleManager: Shutting down and abandoning module ImageWrapper (114)
[2017.03.22-21.23.01:245][168]LogModuleManager: Shutting down and abandoning module TextureFormatAndroid (111)
[2017.03.22-21.23.01:245][168]LogModuleManager: Shutting down and abandoning module AudioFormatOpus (109)
[2017.03.22-21.23.01:245][168]LogModuleManager: Shutting down and abandoning module AudioFormatOgg (107)
[2017.03.22-21.23.01:245][168]LogModuleManager: Shutting down and abandoning module AudioFormatADPCM (105)
[2017.03.22-21.23.01:245][168]LogModuleManager: Shutting down and abandoning module LinuxTargetPlatform (103)
[2017.03.22-21.23.01:245][168]LogModuleManager: Shutting down and abandoning module LinuxServerTargetPlatform (101)
[2017.03.22-21.23.01:245][168]LogModuleManager: Shutting down and abandoning module LinuxNoEditorTargetPlatform (99)
[2017.03.22-21.23.01:245][168]LogModuleManager: Shutting down and abandoning module LinuxClientTargetPlatform (97)
[2017.03.22-21.23.01:245][168]LogModuleManager: Shutting down and abandoning module TVOSTargetPlatform (95)
[2017.03.22-21.23.01:245][168]LogModuleManager: Shutting down and abandoning module Messaging (93)
[2017.03.22-21.23.01:245][168]LogModuleManager: Shutting down and abandoning module IOSTargetPlatform (91)
[2017.03.22-21.23.01:245][168]LogModuleManager: Shutting down and abandoning module HTML5TargetPlatform (89)
[2017.03.22-21.23.01:245][168]LogModuleManager: Shutting down and abandoning module Android_PVRTCTargetPlatform (87)
[2017.03.22-21.23.01:245][168]LogModuleManager: Shutting down and abandoning module Android_MultiTargetPlatform (85)
[2017.03.22-21.23.01:245][168]LogModuleManager: Shutting down and abandoning module Android_ETC2TargetPlatform (83)
[2017.03.22-21.23.01:245][168]LogModuleManager: Shutting down and abandoning module Android_ETC1TargetPlatform (81)
[2017.03.22-21.23.01:245][168]LogModuleManager: Shutting down and abandoning module Android_DXTTargetPlatform (79)
[2017.03.22-21.23.01:245][168]LogModuleManager: Shutting down and abandoning module Android_ATCTargetPlatform (77)
[2017.03.22-21.23.01:245][168]LogModuleManager: Shutting down and abandoning module Android_ASTCTargetPlatform (75)
[2017.03.22-21.23.01:245][168]LogModuleManager: Shutting down and abandoning module AndroidTargetPlatform (73)
[2017.03.22-21.23.01:245][168]LogModuleManager: Shutting down and abandoning module WindowsTargetPlatform (71)
[2017.03.22-21.23.01:245][168]LogModuleManager: Shutting down and abandoning module WindowsServerTargetPlatform (69)
[2017.03.22-21.23.01:245][168]LogModuleManager: Shutting down and abandoning module WindowsNoEditorTargetPlatform (67)
[2017.03.22-21.23.01:245][168]LogModuleManager: Shutting down and abandoning module WindowsClientTargetPlatform (65)
[2017.03.22-21.23.01:245][168]LogModuleManager: Shutting down and abandoning module MacTargetPlatform (63)
[2017.03.22-21.23.01:245][168]LogModuleManager: Shutting down and abandoning module MacServerTargetPlatform (61)
[2017.03.22-21.23.01:245][168]LogModuleManager: Shutting down and abandoning module MacNoEditorTargetPlatform (59)
[2017.03.22-21.23.01:245][168]LogModuleManager: Shutting down and abandoning module MacClientTargetPlatform (57)
[2017.03.22-21.23.01:245][168]LogModuleManager: Shutting down and abandoning module AllDesktopTargetPlatform (55)
[2017.03.22-21.23.01:245][168]LogModuleManager: Shutting down and abandoning module InputCore (52)
[2017.03.22-21.23.01:245][168]LogModuleManager: Shutting down and abandoning module Settings (50)
[2017.03.22-21.23.01:245][168]LogModuleManager: Shutting down and abandoning module OculusRift (48)
[2017.03.22-21.23.01:245][168]LogModuleManager: Shutting down and abandoning module GearVR (46)
[2017.03.22-21.23.01:265][168]LogModuleManager: Shutting down and abandoning module ExampleDeviceProfileSelector (44)
[2017.03.22-21.23.01:265][168]LogModuleManager: Shutting down and abandoning module OnlineBlueprintSupport (42)
[2017.03.22-21.23.01:265][168]LogModuleManager: Shutting down and abandoning module OnlineSubsystem (38)
[2017.03.22-21.23.01:265][168]LogOnline:Display: Unloading online subsystem: NULL
[2017.03.22-21.23.01:265][168]LogModuleManager: Shutting down and abandoning module XMPP (37)
[2017.03.22-21.23.01:265][168]LogModuleManager: Shutting down and abandoning module HTTP (35)
[2017.03.22-21.23.01:265][168]LogHttp:Display: Http module shutting down, but needs to wait on 1 outstanding Http requests:
[2017.03.22-21.23.01:265][168]LogHttp:Display: 	verb=[POST] url=[https://datarouter.ol.epicgames.com/datarouter/api/v1/public/data?SessionID=%7B63742E09-4733-E497-A744-6CB11B4BAB58%7D&AppID=UEEditor.Rocket.Release&AppVersion=4.15.1-3348071%2B%2B%2BUE4%2BRelease-4.15&UserID=750ac638448b4cf87faad6878f8ba06c%7Cb36ec6f80e614795904645f80cf52a09%7C5b6804fd-5f09-4335-91ff-c0d243bd4d4e&AppEnvironment=datacollector-binary&UploadType=eteventstream] status=Processing
[2017.03.22-21.23.01:282][168]LogModuleManager: Shutting down and abandoning module SSL (34)
[2017.03.22-21.23.01:283][168]LogModuleManager: Shutting down and abandoning module AudioEditor (30)
[2017.03.22-21.23.01:283][168]LogModuleManager: Shutting down and abandoning module TextureCompressor (28)
[2017.03.22-21.23.01:283][168]LogModuleManager: Shutting down and abandoning module ShaderCore (26)
[2017.03.22-21.23.01:283][168]LogModuleManager: Shutting down and abandoning module Landscape (24)
[2017.03.22-21.23.01:283][168]LogModuleManager: Shutting down and abandoning module SlateRHIRenderer (22)
[2017.03.22-21.23.01:284][168]LogModuleManager: Shutting down and abandoning module OpenGLDrv (20)
[2017.03.22-21.23.01:284][168]LogModuleManager: Shutting down and abandoning module D3D11RHI (18)
[2017.03.22-21.23.01:284][168]LogModuleManager: Shutting down and abandoning module AnimGraphRuntime (16)
[2017.03.22-21.23.01:284][168]LogModuleManager: Shutting down and abandoning module Renderer (14)
[2017.03.22-21.23.01:284][168]LogModuleManager: Shutting down and abandoning module Engine (12)
[2017.03.22-21.23.01:284][168]LogModuleManager: Shutting down and abandoning module CoreUObject (10)
[2017.03.22-21.23.01:284][168]LogModuleManager: Shutting down and abandoning module NetworkFile (8)
[2017.03.22-21.23.01:284][168]LogModuleManager: Shutting down and abandoning module StreamingFile (6)
[2017.03.22-21.23.01:284][168]LogModuleManager: Shutting down and abandoning module SandboxFile (4)
[2017.03.22-21.23.01:284][168]LogModuleManager: Shutting down and abandoning module PakFile (2)
[2017.03.22-21.23.01:286][168]LogExit: Exiting.
[2017.03.22-21.23.01:290][168]Log file closed, 03/22/17 17:23:01
