Log file open, 04/03/17 20:22:41
LogInit:Display: Running engine for game: PTSD
LogPlatformFile: Not using cached read wrapper
LogInit:Display: RandInit(-96752357) SRandInit(-96752357).
LogTaskGraph: Started task graph with 5 named threads and 6 total threads with 1 sets of task threads.
LogStats: Stats thread started at 0.191998
LogInit: Using libcurl 7.47.1
LogInit:  - built for x86_64-pc-win32
LogInit:  - supports SSL with OpenSSL/1.0.2g
LogInit:  - supports HTTP deflate (compression) using libz 1.2.8
LogInit:  - other features:
LogInit:      CURL_VERSION_SSL
LogInit:      CURL_VERSION_LIBZ
LogInit:      CURL_VERSION_IPV6
LogInit:      CURL_VERSION_ASYNCHDNS
LogInit:      CURL_VERSION_LARGEFILE
LogInit:      CURL_VERSION_IDN
LogInit:  CurlRequestOptions (configurable via config and command line):
LogInit:  - bVerifyPeer = false  - Libcurl will NOT verify peer certificate
LogInit:  - bUseHttpProxy = false  - Libcurl will NOT use HTTP proxy
LogInit:  - bDontReuseConnections = false  - Libcurl will reuse connections
LogInit:  - CertBundlePath = nullptr  - Libcurl will use whatever was configured at build time.
LogInit: Build: ++UE4+Release-4.15-CL-3348071
LogInit: Engine Version: 4.15.1-3348071+++UE4+Release-4.15
LogInit: Compatible Engine Version: 4.15.0-3299760+++UE4+Release-4.15
LogInit: Net CL: 3299760
LogDevObjectVersion: Number of dev versions registered: 14
LogDevObjectVersion:   Dev-Blueprints (B0D832E4-1F89-4F0D-ACCF-7EB736FD4AA2): 8
LogDevObjectVersion:   Dev-Build (E1C64328-A22C-4D53-A36C-8E866417BD8C): 0
LogDevObjectVersion:   Dev-Core (375EC13C-06E4-48FB-B500-84F0262A717E): 2
LogDevObjectVersion:   Dev-Editor (E4B068ED-F494-42E9-A231-DA0B2E46BB41): 14
LogDevObjectVersion:   Dev-Framework (CFFC743F-43B0-4480-9391-14DF171D2073): 22
LogDevObjectVersion:   Dev-Mobile (B02B49B5-BB20-44E9-A304-32B752E40360): 0
LogDevObjectVersion:   Dev-Networking (A4E4105C-59A1-49B5-A7C5-40C4547EDFEE): 0
LogDevObjectVersion:   Dev-Online (39C831C9-5AE6-47DC-9A44-9C173E1C8E7C): 0
LogDevObjectVersion:   Dev-Physics (78F01B33-EBEA-4F98-B9B4-84EACCB95AA2): 0
LogDevObjectVersion:   Dev-Platform (6631380F-2D4D-43E0-8009-CF276956A95A): 0
LogDevObjectVersion:   Dev-Rendering (12F88B9F-8875-4AFC-A67C-D90C383ABD29): 12
LogDevObjectVersion:   Dev-Sequencer (7B5AE74C-D270-4C10-A958-57980B212A5A): 3
LogDevObjectVersion:   Dev-VR (D7296918-1DD6-4BDD-9DE2-64A83CC13884): 0
LogDevObjectVersion:   Dev-LoadTimes (C2A15278-BFE7-4AFE-6C17-90FF531DF755): 1
LogInit: Compiled (64-bit): Mar 15 2017 16:52:47
LogInit: Compiled with Visual C++: 19.00.23026.00
LogInit: Build Configuration: Development
LogInit: Branch Name: ++UE4+Release-4.15
LogInit: Command line:  
LogInit: Base directory: C:/Program Files/Epic Games/UE_4.15/Engine/Binaries/Win64/
LogInit: Installed Engine Build: 1
LogInit: Presizing for max 8388607 objects, including 0 objects not considered by GC, pre-allocating 0 bytes for permanent pool.
LogInit: Object subsystem initialized
[2017.04.04-00.22.42:445][  0]LogInit: Selected Device Profile: [Windows]
[2017.04.04-00.22.42:445][  0]LogInit: Applying CVar settings loaded from the selected device profile: [Windows]
[2017.04.04-00.22.42:474][  0]LogInit: Computer: DESKTOP-50RA9VM
[2017.04.04-00.22.42:474][  0]LogInit: User: Yaz
[2017.04.04-00.22.42:474][  0]LogInit: CPU Page size=65536, Cores=2
[2017.04.04-00.22.42:474][  0]LogInit: High frequency timer resolution =2.341720 MHz
[2017.04.04-00.22.42:474][  0]LogMemory: Memory total: Physical=15.9GB (16GB approx)
[2017.04.04-00.22.42:474][  0]LogMemory: Platform Memory Stats for Windows
[2017.04.04-00.22.42:474][  0]LogMemory: Process Physical Memory: 262.58 MB used, 262.58 MB peak
[2017.04.04-00.22.42:474][  0]LogMemory: Process Virtual Memory: 262.26 MB used, 262.26 MB peak
[2017.04.04-00.22.42:474][  0]LogMemory: Physical Memory: 8484.24 MB used,  7811.46 MB free, 16295.70 MB total
[2017.04.04-00.22.42:474][  0]LogMemory: Virtual Memory: 643.25 MB used,  7811.46 MB free, 134217728.00 MB total
[2017.04.04-00.22.42:770][  0]LogTextLocalizationManager: No specific translations for ('en-US') exist, so ('en') translations will be used.
[2017.04.04-00.22.45:267][  0]LogD3D11RHI: D3D11 adapters:
[2017.04.04-00.22.45:272][  0]LogD3D11RHI:    0. 'Intel(R) HD Graphics 5500' (Feature Level 11_0)
[2017.04.04-00.22.45:272][  0]LogD3D11RHI:       128/0/8147 MB DedicatedVideo/DedicatedSystem/SharedSystem, Outputs:1, VendorId:0x8086
[2017.04.04-00.22.45:274][  0]LogD3D11RHI:    1. 'Microsoft Basic Render Driver' (Feature Level 11_0)
[2017.04.04-00.22.45:274][  0]LogD3D11RHI:       0/0/8147 MB DedicatedVideo/DedicatedSystem/SharedSystem, Outputs:0, VendorId:0x1414
[2017.04.04-00.22.45:274][  0]LogD3D11RHI: Chosen D3D11 Adapter: 0
[2017.04.04-00.22.45:279][  0]LogD3D11RHI: Creating new Direct3DDevice
[2017.04.04-00.22.45:279][  0]LogD3D11RHI:     GPU DeviceId: 0x1616 (for the marketing name, search the web for "GPU Device Id")
[2017.04.04-00.22.45:279][  0]LogWindows: EnumDisplayDevices:
[2017.04.04-00.22.45:280][  0]LogWindows:    0. 'Intel(R) HD Graphics 5500' (P:1 D:1)
[2017.04.04-00.22.45:280][  0]LogWindows:    1. 'Intel(R) HD Graphics 5500' (P:0 D:0)
[2017.04.04-00.22.45:280][  0]LogWindows:    2. 'Intel(R) HD Graphics 5500' (P:0 D:0)
[2017.04.04-00.22.45:280][  0]LogWindows: DebugString: FoundDriverCount:3 
[2017.04.04-00.22.45:280][  0]LogD3D11RHI:     Adapter Name: Intel(R) HD Graphics 5500
[2017.04.04-00.22.45:280][  0]LogD3D11RHI:   Driver Version: 20.19.15.4463 (internal:20.19.15.4463, unified:20.19.15.4463)
[2017.04.04-00.22.45:280][  0]LogD3D11RHI:      Driver Date: 5-25-2016
[2017.04.04-00.22.45:280][  0]LogRHI: Texture pool is 1361 MB (70% of 1945 MB)
[2017.04.04-00.22.45:283][  0]LogD3D11RHI: Async texture creation enabled
[2017.04.04-00.22.45:288][  0]LogD3D11RHI: GPU Timing Frequency: 12.500000 (Debug: 2 0)
[2017.04.04-00.22.45:288][  0]LogShaderCompilers: Guid format shader working directory is -19 characters bigger than the processId version (../../../../../../Users/Yaz/Documents/GitHub/PTSD-Project/PTSD/Intermediate/Shaders/WorkingDirectory/13772/).
[2017.04.04-00.22.45:288][  0]LogShaderCompilers: Cleaned the shader compiler working directory 'C:/Users/Yaz/AppData/Local/Temp/UnrealShaderWorkingDir/0D506BD74A4EB8882122258CF6BFC4C6/'.
[2017.04.04-00.22.45:288][  0]LogShaderCompilers:Display: Using Local Shader Compiler.
[2017.04.04-00.22.47:740][  0]LogTemp:Display: Loaded TP AllDesktopTargetPlatform
[2017.04.04-00.22.47:803][  0]LogTemp:Display: Loaded TP MacClientTargetPlatform
[2017.04.04-00.22.47:865][  0]LogTemp:Display: Loaded TP MacNoEditorTargetPlatform
[2017.04.04-00.22.47:927][  0]LogTemp:Display: Loaded TP MacServerTargetPlatform
[2017.04.04-00.22.47:993][  0]LogTemp:Display: Loaded TP MacTargetPlatform
[2017.04.04-00.22.48:055][  0]LogTemp:Display: Loaded TP WindowsClientTargetPlatform
[2017.04.04-00.22.48:119][  0]LogTemp:Display: Loaded TP WindowsNoEditorTargetPlatform
[2017.04.04-00.22.48:183][  0]LogTemp:Display: Loaded TP WindowsServerTargetPlatform
[2017.04.04-00.22.48:237][  0]LogTemp:Display: Loaded TP WindowsTargetPlatform
[2017.04.04-00.22.48:311][  0]LogTemp:Display: Loaded TP AndroidTargetPlatform
[2017.04.04-00.22.48:371][  0]LogTemp:Display: Loaded TP Android_ASTCTargetPlatform
[2017.04.04-00.22.48:428][  0]LogTemp:Display: Loaded TP Android_ATCTargetPlatform
[2017.04.04-00.22.48:486][  0]LogTemp:Display: Loaded TP Android_DXTTargetPlatform
[2017.04.04-00.22.48:544][  0]LogTemp:Display: Loaded TP Android_ETC1TargetPlatform
[2017.04.04-00.22.48:602][  0]LogTemp:Display: Loaded TP Android_ETC2TargetPlatform
[2017.04.04-00.22.48:719][  0]LogTemp:Display: Loaded TP Android_MultiTargetPlatform
[2017.04.04-00.22.48:719][  0]LogTemp:Display: Loaded TP Android_PVRTCTargetPlatform
[2017.04.04-00.22.48:760][  0]LogTemp:Display: Loaded TP HTML5TargetPlatform
[2017.04.04-00.22.48:892][  0]LogTemp:Display: Loaded TP IOSTargetPlatform
[2017.04.04-00.22.48:933][  0]LogTemp:Display: Loaded TP TVOSTargetPlatform
[2017.04.04-00.22.48:997][  0]LogTemp:Display: Loaded TP LinuxClientTargetPlatform
[2017.04.04-00.22.49:060][  0]LogTemp:Display: Loaded TP LinuxNoEditorTargetPlatform
[2017.04.04-00.22.49:120][  0]LogTemp:Display: Loaded TP LinuxServerTargetPlatform
[2017.04.04-00.22.49:185][  0]LogTemp:Display: Loaded TP LinuxTargetPlatform
[2017.04.04-00.22.49:185][  0]LogTargetPlatformManager:Display: Building Assets For Windows
[2017.04.04-00.22.49:964][  0]LogDerivedDataCache:Display: Max Cache Size: 512 MB
[2017.04.04-00.22.50:024][  0]LogDerivedDataCache: Loaded boot cache 0.06s 50MB C:/Users/Yaz/AppData/Local/UnrealEngine/4.15/DerivedDataCache/Boot.ddc.
[2017.04.04-00.22.50:024][  0]LogDerivedDataCache:Display: Loaded Boot cache: C:/Users/Yaz/AppData/Local/UnrealEngine/4.15/DerivedDataCache/Boot.ddc
[2017.04.04-00.22.50:025][  0]LogDerivedDataCache: FDerivedDataBackendGraph:  Pak pak cache file ../../../../../../Users/Yaz/Documents/GitHub/PTSD-Project/PTSD/DerivedDataCache/DDC.ddp not found, will not use a pak cache.
[2017.04.04-00.22.50:025][  0]LogDerivedDataCache: Unable to find inner node Pak for hierarchical cache Hierarchy.
[2017.04.04-00.22.50:025][  0]LogDerivedDataCache: FDerivedDataBackendGraph:  CompressedPak pak cache file ../../../../../../Users/Yaz/Documents/GitHub/PTSD-Project/PTSD/DerivedDataCache/Compressed.ddp not found, will not use a pak cache.
[2017.04.04-00.22.50:025][  0]LogDerivedDataCache: Unable to find inner node CompressedPak for hierarchical cache Hierarchy.
[2017.04.04-00.22.50:051][  0]LogDerivedDataCache:Display: Pak cache opened for reading ../../../Engine/DerivedDataCache/Compressed.ddp.
[2017.04.04-00.22.50:063][  0]LogDerivedDataCache: Using Local data cache path C:/Users/Yaz/AppData/Local/UnrealEngine/Common/DerivedDataCache: Writable
[2017.04.04-00.22.50:073][  0]LogSlate: Using Freetype 2.6.0
[2017.04.04-00.22.50:088][  0]LogSlate: SlateFontCache - WITH_FREETYPE: 1, WITH_HARFBUZZ: 1
[2017.04.04-00.22.50:088][  0]LogSlate: SlateFontCache - WITH_FREETYPE: 1, WITH_HARFBUZZ: 1
[2017.04.04-00.22.52:723][  0]LogInit: Selected Device Profile: [Windows]
[2017.04.04-00.22.52:727][  0]LogContentStreaming: Texture pool size is 0.00 MB
[2017.04.04-00.22.52:993][  0]LogMeshUtilities: Using QuadricMeshReduction for automatic static mesh reduction
[2017.04.04-00.22.53:039][  0]LogSimplygon: Simplygon DLL not present - disabling.
[2017.04.04-00.22.53:087][  0]LogMeshUtilities: Using SimplygonSwarm for distributed automatic mesh merging
[2017.04.04-00.22.53:087][  0]LogMeshUtilities: No automatic skeletal mesh reduction module available
[2017.04.04-00.22.53:087][  0]LogMeshUtilities: No automatic mesh merging module available
[2017.04.04-00.22.54:195][  0]LogNetVersion: GetLocalNetworkVersion: CL: 3299760, ProjectName: ptsd, ProjectVersion: , EngineNetworkVersion: 2, GameNetworkVersion: 0, NetworkChecksum: 1176372723
[2017.04.04-00.22.54:243][  0]LogAssetRegistry: FAssetRegistry took 0.0224 seconds to start up
[2017.04.04-00.22.54:329][  0]LogPackageLocalizationCache: Processed 3 localized package path(s) for 2 prioritized culture(s) in 0.045598 seconds
[2017.04.04-00.22.54:336][  0]LogUObjectArray: 32493 objects as part of root set at end of initial load.
[2017.04.04-00.22.54:336][  0]LogUObjectAllocator: 7077032 out of 0 bytes used by permanent object pool.
[2017.04.04-00.22.54:336][  0]LogUObjectArray: CloseDisregardForGC: 0/0 objects in disregard for GC pool
[2017.04.04-00.22.54:413][  0]LogInit: WinSock: version 1.1 (2.2), MaxSocks=32767, MaxUdp=65467
[2017.04.04-00.22.57:538][  0]LogTcpMessaging: Initializing TcpMessaging bridge
[2017.04.04-00.22.57:578][  0]LogUdpMessaging: Initializing bridge on interface 0.0.0.0:0 to multicast group 230.0.0.1:6666.
[2017.04.04-00.22.58:254][  0]LogMaterial: Uniform references updated for custom material expression Custom.
[2017.04.04-00.22.58:759][  0]SourceControl: Info Source control is disabled
[2017.04.04-00.22.58:760][  0]SourceControl: Info Source control is disabled
[2017.04.04-00.22.58:814][  0]SourceControl: Info Source control is disabled
[2017.04.04-00.22.58:862][  0]SourceControl: Info Source control is disabled
[2017.04.04-00.23.00:329][  0]LogEngine: Initializing Engine...
[2017.04.04-00.23.00:330][  0]LogHMD: Failed to initialize OpenVR with code 110
[2017.04.04-00.23.00:754][  0]LogAIModule: Creating AISystem for world Untitled
[2017.04.04-00.23.00:765][  0]LogInit: XAudio2 using 'Speakers / Headphones (Realtek High Definition Audio)' : 2 channels at 48 kHz using 32 bits per sample (channel mask 0x3)
[2017.04.04-00.23.00:956][  0]LogInit: FAudioDevice initialized.
[2017.04.04-00.23.00:990][  0]LogDerivedDataCache: Saved boot cache 0.03s 50MB C:/Users/Yaz/AppData/Local/UnrealEngine/4.15/DerivedDataCache/Boot.ddc.
[2017.04.04-00.23.00:998][  0]LogInit: Texture streaming: Enabled
[2017.04.04-00.23.01:137][  0]LogEngineSessionManager: EngineSessionManager initialized
[2017.04.04-00.23.01:370][  0]LogInit: Transaction tracking system initialized
[2017.04.04-00.23.01:851][  0]BlueprintLog: New page: Editor Load
[2017.04.04-00.23.03:078][  0]LocalizationService: Info Localization service is disabled
[2017.04.04-00.23.04:192][  0]LogConsoleResponse:Display: 
[2017.04.04-00.23.04:683][  0]LogCook:Display: Max memory allowance for cook 16384mb min free memory 0mb
[2017.04.04-00.23.04:684][  0]LogCook:Display: Mobile HDR setting 0
[2017.04.04-00.23.05:125][  0]LogFileCache: Scanning file cache for directory 'C:/Users/Yaz/Documents/GitHub/PTSD-Project/PTSD/Content/' took 0.02s
[2017.04.04-00.23.06:596][  0]SourceControl: Info Source control is disabled
[2017.04.04-00.23.06:596][  0]Cmd: MAP LOAD FILE="../../../Engine/Content/Maps/Templates/Template_Default.umap" TEMPLATE=1 SHOWPROGRESS=1 FEATURELEVEL=3
[2017.04.04-00.23.06:602][  0]LightingResults: New page: Lighting Build
[2017.04.04-00.23.06:693][  0]MapCheck: New page: Map Check
[2017.04.04-00.23.06:693][  0]LightingResults: New page: Lighting Build
[2017.04.04-00.23.07:167][  0]LogAIModule: Creating AISystem for world Untitled_1
[2017.04.04-00.23.07:204][  0]LogActorComponent: RegisterComponentWithWorld: (/Temp/Untitled_1.Untitled_1:PersistentLevel.WorldSettings_1.StaticMeshComponent0) Trying to register component with IsPendingKill() == true. Aborting.
[2017.04.04-00.23.07:215][  0]LogEditorServer: Finished looking for orphan Actors (0.000 secs)
[2017.04.04-00.23.07:251][  0]Cmd: MAP CHECKDEP NOCLEARLOG
[2017.04.04-00.23.07:323][  0]MapCheck: Info Map check complete: 0 Error(s), 0 Warning(s), took 72.43ms to complete.
[2017.04.04-00.23.07:323][  0]LogFileHelpers: Loading map 'Template_Default' took 0.727
[2017.04.04-00.23.07:672][  0]LogCollectionManager: Loaded 0 collections in 0.002649 seconds
[2017.04.04-00.23.07:793][  0]LogFileCache: Scanning file cache for directory 'C:/Users/Yaz/Documents/GitHub/PTSD-Project/PTSD/Saved/Collections/' took 0.01s
[2017.04.04-00.23.07:793][  0]LogFileCache: Scanning file cache for directory 'C:/Users/Yaz/Documents/GitHub/PTSD-Project/PTSD/Content/Developers/Yaz/Collections/' took 0.02s
[2017.04.04-00.23.07:793][  0]LogFileCache: Scanning file cache for directory 'C:/Users/Yaz/Documents/GitHub/PTSD-Project/PTSD/Content/Collections/' took 0.01s
[2017.04.04-00.23.07:793][  0]LogCollectionManager: Rebuilt the GUID cache for 0 collections in 0.000002 seconds
[2017.04.04-00.23.07:812][  0]LogContentBrowser: Native class hierarchy populated in 0.0195 seconds. Added 2245 classes and 453 folders.
[2017.04.04-00.23.07:818][  0]LogStats: UGameplayTagsManager::ConstructGameplayTagTree: Construct from data asset -  0.000 s
[2017.04.04-00.23.07:818][  0]LogStats: UGameplayTagsManager::ConstructGameplayTagTree: GameplayTagTreeChangedEvent.Broadcast -  0.000 s
[2017.04.04-00.23.07:918][  0]LogContentBrowser: Native class hierarchy updated for 'WidgetCarousel' in 0.0006 seconds. Added 0 classes and 0 folders.
[2017.04.04-00.23.08:251][  0]LogContentBrowser: Native class hierarchy updated for 'AddContentDialog' in 0.0008 seconds. Added 0 classes and 0 folders.
[2017.04.04-00.23.08:299][  0]LogContentBrowser: Native class hierarchy updated for 'SceneOutliner' in 0.0005 seconds. Added 1 classes and 2 folders.
[2017.04.04-00.23.08:358][  0]LogContentBrowser: Native class hierarchy updated for 'WorldBrowser' in 0.0006 seconds. Added 1 classes and 3 folders.
[2017.04.04-00.23.08:469][  0]LogCrashTracker: Crashtracker disabled due to settings.
[2017.04.04-00.23.08:477][  0]LogUObjectGlobals:Warning: Failed to find object 'Class None.'
[2017.04.04-00.23.08:555][  0]LogContentBrowser: Native class hierarchy updated for 'HierarchicalLODOutliner' in 0.0009 seconds. Added 1 classes and 2 folders.
[2017.04.04-00.23.08:556][  0]LogLoad: (Engine Initialization) Total time: 30.31 seconds
[2017.04.04-00.23.08:556][  0]LogLoad: (Engine Initialization) Total Blueprint compile time: 0.15 seconds
[2017.04.04-00.23.08:556][  0]LogExternalProfiler: Found external profiler: VSPerf
[2017.04.04-00.23.08:556][  0]LogExternalProfiler: Using external profiler: VSPerf
[2017.04.04-00.23.08:895][  0]LogOcInput: OculusInput pre-init called
[2017.04.04-00.23.08:914][  0]LogContentStreaming: Texture pool size now 1000 MB
[2017.04.04-00.23.08:918][  0]LogSlate: Took 0.003664 seconds to synchronously load lazily loaded font '../../../Engine/Content/Slate/Fonts/Roboto-Regular.ttf' (155K)
[2017.04.04-00.23.08:925][  0]LogSlate: Took 0.003380 seconds to synchronously load lazily loaded font '../../../Engine/Content/Slate/Fonts/Roboto-Bold.ttf' (160K)
[2017.04.04-00.23.08:934][  0]LogSlate: Took 0.003650 seconds to synchronously load lazily loaded font '../../../Engine/Content/Editor/Slate/Fonts/FontAwesome.ttf' (139K)
[2017.04.04-00.23.09:131][  0]LogRenderer: Reallocating scene render targets to support 672x164 NumSamples 1 (Frame:2).
[2017.04.04-00.23.09:635][  1]LogAssetRegistry: Asset discovery search completed in 15.4150 seconds
[2017.04.04-00.23.09:635][  1]LogCollectionManager: Rebuilt the object cache for 0 collections in 0.000009 seconds (found 0 objects)
[2017.04.04-00.23.09:635][  1]LogCollectionManager: Fixed up redirectors for 0 collections in 0.000032 seconds (updated 0 objects)
[2017.04.04-00.23.13:297][ 12]LogSlate: Took 0.003377 seconds to synchronously load lazily loaded font '../../../Engine/Content/Slate/Fonts/Roboto-Light.ttf' (159K)
[2017.04.04-00.24.03:569][314]LogSlate: Took 0.000193 seconds to synchronously load lazily loaded font '../../../Engine/Content/Slate/Fonts/Roboto-Light.ttf' (159K)
[2017.04.04-00.24.03:656][314]LogFactory: FactoryCreateFile: Texture with ReimportTextureFactory (0 0 ../../../../../../Users/Yaz/Desktop/E2i/Cloth_Ambient_Occlusion.png)
[2017.04.04-00.24.04:289][314]LogTexture:Display: Building textures: Cloth_Ambient_Occlusion (AutoDXT, 2048X2048) - 76 MB total VRAM
[2017.04.04-00.24.08:254][314]LogFactory: FactoryCreateFile: Texture with ReimportTextureFactory (0 0 ../../../../../../Users/Yaz/Desktop/E2i/Cloth_basecolor.png)
[2017.04.04-00.24.08:728][314]LogTexture:Display: Building textures: Cloth_basecolor (AutoDXT, 2048X2048) - 76 MB total VRAM
[2017.04.04-00.24.10:676][314]LogFactory: FactoryCreateFile: Texture with ReimportTextureFactory (0 0 ../../../../../../Users/Yaz/Desktop/E2i/Cloth_normal.png)
[2017.04.04-00.24.11:492][314]LogTexture:Display: Building textures: Cloth_normal (BC5, 2048X2048) - 76 MB total VRAM
[2017.04.04-00.24.12:386][314]LogSlate: Took 0.000187 seconds to synchronously load lazily loaded font '../../../Engine/Content/Slate/Fonts/Roboto-Light.ttf' (159K)
[2017.04.04-00.24.12:408][314]LogFactory: FactoryCreateFile: Texture with ReimportTextureFactory (0 0 ../../../../../../Users/Yaz/Desktop/E2i/Cloth_roughness.png)
[2017.04.04-00.24.12:428][314]LogTexture:Display: Building textures: Cloth_roughness (AutoDXT, 2048X2048) - 76 MB total VRAM
[2017.04.04-00.24.22:571][842]LogRenderer: Reallocating scene render targets to support 672x256 NumSamples 1 (Frame:645).
[2017.04.04-00.24.24:182][885]LogMaterial: Missing cached shader map for material Cloth_MM, compiling. 
[2017.04.04-00.24.24:183][885]LogTemp:Display: Added material ShaderMap 0x00000227E58BF900 with Material 0x00000227DD319580 to ShaderMapsBeingCompiled
[2017.04.04-00.24.24:204][885]LogTemp:Display: Kicking off shader compilation for Cloth_MM, GameThreadShaderMap 0x00000227E58BF900
[2017.04.04-00.24.24:281][885]LogMaterial: Missing cached shader map for material Cloth_MM, compiling. 
[2017.04.04-00.24.24:282][885]LogTemp:Display: Added material ShaderMap 0x00000227E5294800 with Material 0x00000227DD319580 to ShaderMapsBeingCompiled
[2017.04.04-00.24.24:293][885]LogTemp:Display: Kicking off shader compilation for Cloth_MM, GameThreadShaderMap 0x00000227E5294800
[2017.04.04-00.24.24:293][885]LogMaterial: 0.00 seconds spent updating 1 materials, 1 interfaces, 0 instances, 0 with static permutations.
[2017.04.04-00.24.24:336][885]LogSlate: Took 0.005179 seconds to synchronously load lazily loaded font '../../../Engine/Content/Editor/Slate/Fonts/Roboto-BoldCondensed.ttf' (158K)
[2017.04.04-00.24.24:585][885]LogRenderer: Reallocating scene render targets to support 672x276 NumSamples 1 (Frame:729).
[2017.04.04-00.24.28:656][999]LogTemp:Display: Finished compile of shader map 0x00000227E5294800
[2017.04.04-00.24.28:656][999]LogTemp:Display: Shader map Cloth_MM complete, GameThreadShaderMap 0x00000227E5294800, marking material Cloth_MM as finished
[2017.04.04-00.24.28:656][999]LogTemp:Display: Marking material as finished 0x00000227DD319580
[2017.04.04-00.24.28:935][ 15]LogMaterial: Missing cached shader map for material Cloth_MM, compiling. 
[2017.04.04-00.24.28:936][ 15]LogTemp:Display: Added material ShaderMap 0x00000227E4B1F900 with Material 0x00000227DD319580 to ShaderMapsBeingCompiled
[2017.04.04-00.24.28:945][ 15]LogTemp:Display: Kicking off shader compilation for Cloth_MM, GameThreadShaderMap 0x00000227E4B1F900
[2017.04.04-00.24.28:945][ 15]LogMaterial: 0.00 seconds spent updating 1 materials, 1 interfaces, 0 instances, 0 with static permutations.
[2017.04.04-00.24.28:946][ 15]LogMaterial: Missing cached shader map for material FMatExpressionPreview MaterialExpressionTextureSample_0, compiling. 
[2017.04.04-00.24.28:947][ 15]LogTemp:Display: Added material ShaderMap 0x00000227E4F86400 with Material 0x00000227E54EC100 to ShaderMapsBeingCompiled
[2017.04.04-00.24.28:949][ 15]LogTemp:Display: Kicking off shader compilation for FMatExpressionPreview MaterialExpressionTextureSample_0, GameThreadShaderMap 0x00000227E4F86400
[2017.04.04-00.24.28:956][ 15]LogTemp:Display: Removed shader map 0x00000227E4F86400 from material 0x00000227E54EC100
[2017.04.04-00.24.28:980][ 15]LogMaterial: Missing cached shader map for material FMatExpressionPreview MaterialExpressionTextureSample_0, compiling. 
[2017.04.04-00.24.28:981][ 15]LogTemp:Display: Added material ShaderMap 0x00000227E4F84B80 with Material 0x00000227E40EBA00 to ShaderMapsBeingCompiled
[2017.04.04-00.24.28:986][ 15]LogTemp:Display: Kicking off shader compilation for FMatExpressionPreview MaterialExpressionTextureSample_0, GameThreadShaderMap 0x00000227E4F84B80
[2017.04.04-00.24.30:146][ 63]LogMaterial: Missing cached shader map for material Cloth_MM, compiling. 
[2017.04.04-00.24.30:148][ 63]LogTemp:Display: Added material ShaderMap 0x00000227FED83200 with Material 0x00000227DD319580 to ShaderMapsBeingCompiled
[2017.04.04-00.24.30:165][ 63]LogTemp:Display: Kicking off shader compilation for Cloth_MM, GameThreadShaderMap 0x00000227FED83200
[2017.04.04-00.24.30:165][ 63]LogMaterial: 0.00 seconds spent updating 1 materials, 1 interfaces, 0 instances, 0 with static permutations.
[2017.04.04-00.24.30:169][ 63]LogTemp:Display: Removed shader map 0x00000227E4F84B80 from material 0x00000227E40EBA00
[2017.04.04-00.24.30:193][ 63]LogMaterial: Missing cached shader map for material FMatExpressionPreview MaterialExpressionTextureSample_0, compiling. 
[2017.04.04-00.24.30:194][ 63]LogTemp:Display: Added material ShaderMap 0x00000227FFA60100 with Material 0x00000227E448A200 to ShaderMapsBeingCompiled
[2017.04.04-00.24.30:198][ 63]LogTemp:Display: Kicking off shader compilation for FMatExpressionPreview MaterialExpressionTextureSample_0, GameThreadShaderMap 0x00000227FFA60100
[2017.04.04-00.24.30:415][ 72]LogTemp:Display: Finished compile of shader map 0x00000227E4B1F900
[2017.04.04-00.24.30:415][ 72]LogTemp:Display: Shader map Cloth_MM complete, GameThreadShaderMap 0x00000227E4B1F900, marking material Cloth_MM as finished
[2017.04.04-00.24.30:415][ 72]LogTemp:Display: Marking material as finished 0x00000227DD319580
[2017.04.04-00.24.33:450][178]LogMaterial: Missing cached shader map for material Cloth_MM, compiling. 
[2017.04.04-00.24.33:451][178]LogTemp:Display: Added material ShaderMap 0x00000227FF269600 with Material 0x00000227DD319580 to ShaderMapsBeingCompiled
[2017.04.04-00.24.33:468][178]LogTemp:Display: Kicking off shader compilation for Cloth_MM, GameThreadShaderMap 0x00000227FF269600
[2017.04.04-00.24.33:468][178]LogMaterial: 0.00 seconds spent updating 1 materials, 1 interfaces, 0 instances, 0 with static permutations.
[2017.04.04-00.24.33:470][178]LogMaterial: Missing cached shader map for material FMatExpressionPreview MaterialExpressionTextureSample_1, compiling. 
[2017.04.04-00.24.33:471][178]LogTemp:Display: Added material ShaderMap 0x00000227E4F2C480 with Material 0x00000227E4471900 to ShaderMapsBeingCompiled
[2017.04.04-00.24.33:474][178]LogTemp:Display: Kicking off shader compilation for FMatExpressionPreview MaterialExpressionTextureSample_1, GameThreadShaderMap 0x00000227E4F2C480
[2017.04.04-00.24.33:476][178]LogTemp:Display: Removed shader map 0x00000227FFA60100 from material 0x00000227E448A200
[2017.04.04-00.24.33:476][178]LogTemp:Display: Removed shader map 0x00000227E4F2C480 from material 0x00000227E4471900
[2017.04.04-00.24.33:503][178]LogMaterial: Missing cached shader map for material FMatExpressionPreview MaterialExpressionTextureSample_0, compiling. 
[2017.04.04-00.24.33:505][178]LogTemp:Display: Added material ShaderMap 0x00000227E4F2E780 with Material 0x00000227E4AC9900 to ShaderMapsBeingCompiled
[2017.04.04-00.24.33:508][178]LogTemp:Display: Kicking off shader compilation for FMatExpressionPreview MaterialExpressionTextureSample_0, GameThreadShaderMap 0x00000227E4F2E780
[2017.04.04-00.24.33:510][178]LogMaterial: Missing cached shader map for material FMatExpressionPreview MaterialExpressionTextureSample_1, compiling. 
[2017.04.04-00.24.33:511][178]LogTemp:Display: Added material ShaderMap 0x00000227FEDCC100 with Material 0x00000227E4ACA200 to ShaderMapsBeingCompiled
[2017.04.04-00.24.33:515][178]LogTemp:Display: Kicking off shader compilation for FMatExpressionPreview MaterialExpressionTextureSample_1, GameThreadShaderMap 0x00000227FEDCC100
[2017.04.04-00.24.33:703][183]LogTemp:Display: Finished compile of shader map 0x00000227FED83200
[2017.04.04-00.24.33:703][183]LogTemp:Display: Shader map Cloth_MM complete, GameThreadShaderMap 0x00000227FED83200, marking material Cloth_MM as finished
[2017.04.04-00.24.33:703][183]LogTemp:Display: Marking material as finished 0x00000227DD319580
[2017.04.04-00.24.34:552][219]LogTemp:Display: Finished compile of shader map 0x00000227FFA60100
[2017.04.04-00.24.35:869][295]LogMaterial: Missing cached shader map for material Cloth_MM, compiling. 
[2017.04.04-00.24.35:870][295]LogTemp:Display: Added material ShaderMap 0x00000227FEDCC800 with Material 0x00000227DD319580 to ShaderMapsBeingCompiled
[2017.04.04-00.24.35:887][295]LogTemp:Display: Kicking off shader compilation for Cloth_MM, GameThreadShaderMap 0x00000227FEDCC800
[2017.04.04-00.24.35:887][295]LogMaterial: 0.00 seconds spent updating 1 materials, 1 interfaces, 0 instances, 0 with static permutations.
[2017.04.04-00.24.35:891][295]LogTemp:Display: Removed shader map 0x00000227FEDCC100 from material 0x00000227E4ACA200
[2017.04.04-00.24.35:915][295]LogMaterial: Missing cached shader map for material FMatExpressionPreview MaterialExpressionTextureSample_1, compiling. 
[2017.04.04-00.24.35:916][295]LogTemp:Display: Added material ShaderMap 0x00000227F3A8DD00 with Material 0x00000227FED7AE00 to ShaderMapsBeingCompiled
[2017.04.04-00.24.35:920][295]LogTemp:Display: Kicking off shader compilation for FMatExpressionPreview MaterialExpressionTextureSample_1, GameThreadShaderMap 0x00000227F3A8DD00
[2017.04.04-00.24.36:294][308]LogTemp:Display: Finished compile of shader map 0x00000227FF269600
[2017.04.04-00.24.36:294][308]LogTemp:Display: Shader map Cloth_MM complete, GameThreadShaderMap 0x00000227FF269600, marking material Cloth_MM as finished
[2017.04.04-00.24.36:294][308]LogTemp:Display: Marking material as finished 0x00000227DD319580
[2017.04.04-00.24.37:240][352]LogTemp:Display: Finished compile of shader map 0x00000227E4F2E780
[2017.04.04-00.24.37:240][352]LogTemp:Display: Shader map FMatExpressionPreview MaterialExpressionTextureSample_0 complete, GameThreadShaderMap 0x00000227E4F2E780, marking material FMatExpressionPreview MaterialExpressionTextureSample_0 as finished
[2017.04.04-00.24.37:240][352]LogTemp:Display: Marking material as finished 0x00000227E4AC9900
[2017.04.04-00.24.38:169][387]LogMaterial: Missing cached shader map for material Cloth_MM, compiling. 
[2017.04.04-00.24.38:171][387]LogTemp:Display: Added material ShaderMap 0x00000227E4F2F580 with Material 0x00000227DD319580 to ShaderMapsBeingCompiled
[2017.04.04-00.24.38:189][387]LogTemp:Display: Kicking off shader compilation for Cloth_MM, GameThreadShaderMap 0x00000227E4F2F580
[2017.04.04-00.24.38:189][387]LogMaterial: 0.00 seconds spent updating 1 materials, 1 interfaces, 0 instances, 0 with static permutations.
[2017.04.04-00.24.38:191][387]LogMaterial: Missing cached shader map for material FMatExpressionPreview MaterialExpressionTextureSample_2, compiling. 
[2017.04.04-00.24.38:192][387]LogTemp:Display: Added material ShaderMap 0x00000227CBAD4F00 with Material 0x00000227FF0EE500 to ShaderMapsBeingCompiled
[2017.04.04-00.24.38:197][387]LogTemp:Display: Kicking off shader compilation for FMatExpressionPreview MaterialExpressionTextureSample_2, GameThreadShaderMap 0x00000227CBAD4F00
[2017.04.04-00.24.38:199][387]LogTemp:Display: Removed shader map 0x00000227F3A8DD00 from material 0x00000227FED7AE00
[2017.04.04-00.24.38:199][387]LogTemp:Display: Removed shader map 0x00000227CBAD4F00 from material 0x00000227FF0EE500
[2017.04.04-00.24.38:223][387]LogMaterial: Missing cached shader map for material FMatExpressionPreview MaterialExpressionTextureSample_0, compiling. 
[2017.04.04-00.24.38:224][387]LogTemp:Display: Added material ShaderMap 0x00000227FF210100 with Material 0x00000227FF0EE500 to ShaderMapsBeingCompiled
[2017.04.04-00.24.38:228][387]LogTemp:Display: Kicking off shader compilation for FMatExpressionPreview MaterialExpressionTextureSample_0, GameThreadShaderMap 0x00000227FF210100
[2017.04.04-00.24.38:232][387]LogMaterial: Missing cached shader map for material FMatExpressionPreview MaterialExpressionTextureSample_1, compiling. 
[2017.04.04-00.24.38:234][387]LogTemp:Display: Added material ShaderMap 0x00000227FF210800 with Material 0x00000227E4472500 to ShaderMapsBeingCompiled
[2017.04.04-00.24.38:238][387]LogTemp:Display: Kicking off shader compilation for FMatExpressionPreview MaterialExpressionTextureSample_1, GameThreadShaderMap 0x00000227FF210800
[2017.04.04-00.24.38:240][387]LogMaterial: Missing cached shader map for material FMatExpressionPreview MaterialExpressionTextureSample_2, compiling. 
[2017.04.04-00.24.38:241][387]LogTemp:Display: Added material ShaderMap 0x00000227FF11D600 with Material 0x00000227E4472200 to ShaderMapsBeingCompiled
[2017.04.04-00.24.38:245][387]LogTemp:Display: Kicking off shader compilation for FMatExpressionPreview MaterialExpressionTextureSample_2, GameThreadShaderMap 0x00000227FF11D600
[2017.04.04-00.24.39:212][413]LogTemp:Display: Finished compile of shader map 0x00000227FEDCC800
[2017.04.04-00.24.39:212][413]LogTemp:Display: Shader map Cloth_MM complete, GameThreadShaderMap 0x00000227FEDCC800, marking material Cloth_MM as finished
[2017.04.04-00.24.39:212][413]LogTemp:Display: Marking material as finished 0x00000227DD319580
[2017.04.04-00.24.44:646][634]LogTemp:Display: Finished compile of shader map 0x00000227E4F2F580
[2017.04.04-00.24.44:646][634]LogTemp:Display: Shader map Cloth_MM complete, GameThreadShaderMap 0x00000227E4F2F580, marking material Cloth_MM as finished
[2017.04.04-00.24.44:646][634]LogTemp:Display: Marking material as finished 0x00000227DD319580
[2017.04.04-00.24.45:363][675]LogTemp:Display: Finished compile of shader map 0x00000227FF210100
[2017.04.04-00.24.45:363][675]LogTemp:Display: Shader map FMatExpressionPreview MaterialExpressionTextureSample_0 complete, GameThreadShaderMap 0x00000227FF210100, marking material FMatExpressionPreview MaterialExpressionTextureSample_0 as finished
[2017.04.04-00.24.45:363][675]LogTemp:Display: Marking material as finished 0x00000227FF0EE500
[2017.04.04-00.24.45:581][687]MaterialEditorStats: Info Base pass shader with only dynamic lighting: 87 instructions
[2017.04.04-00.24.45:581][687]MaterialEditorStats: Info Vertex shader: 31 instructions
[2017.04.04-00.24.45:581][687]MaterialEditorStats: Info Texture samplers: 3/16
[2017.04.04-00.24.46:447][722]LogTemp:Display: Finished compile of shader map 0x00000227FF210800
[2017.04.04-00.24.46:447][722]LogTemp:Display: Shader map FMatExpressionPreview MaterialExpressionTextureSample_1 complete, GameThreadShaderMap 0x00000227FF210800, marking material FMatExpressionPreview MaterialExpressionTextureSample_1 as finished
[2017.04.04-00.24.46:447][722]LogTemp:Display: Marking material as finished 0x00000227E4472500
[2017.04.04-00.24.46:859][735]LogTemp:Display: Finished compile of shader map 0x00000227FF11D600
[2017.04.04-00.24.46:859][735]LogTemp:Display: Shader map FMatExpressionPreview MaterialExpressionTextureSample_2 complete, GameThreadShaderMap 0x00000227FF11D600, marking material FMatExpressionPreview MaterialExpressionTextureSample_2 as finished
[2017.04.04-00.24.46:859][735]LogTemp:Display: Marking material as finished 0x00000227E4472200
[2017.04.04-00.24.49:440][875]LogMaterial: Missing cached shader map for material Cloth_MM, compiling. 
[2017.04.04-00.24.49:441][875]LogTemp:Display: Added material ShaderMap 0x00000227E5213C80 with Material 0x00000227DD319580 to ShaderMapsBeingCompiled
[2017.04.04-00.24.49:452][875]LogTemp:Display: Kicking off shader compilation for Cloth_MM, GameThreadShaderMap 0x00000227E5213C80
[2017.04.04-00.24.49:452][875]LogMaterial: 0.00 seconds spent updating 1 materials, 1 interfaces, 0 instances, 0 with static permutations.
[2017.04.04-00.24.49:477][875]LogMaterial: Missing cached shader map for material FMatExpressionPreview MaterialExpressionTextureSample_2, compiling. 
[2017.04.04-00.24.49:478][875]LogTemp:Display: Added material ShaderMap 0x00000227E535FC80 with Material 0x00000227FFA05F00 to ShaderMapsBeingCompiled
[2017.04.04-00.24.49:482][875]LogTemp:Display: Kicking off shader compilation for FMatExpressionPreview MaterialExpressionTextureSample_2, GameThreadShaderMap 0x00000227E535FC80
[2017.04.04-00.24.54:442][ 34]LogMaterial: Missing cached shader map for material Cloth_MM, compiling. 
[2017.04.04-00.24.54:444][ 34]LogTemp:Display: Added material ShaderMap 0x00000227FF689600 with Material 0x00000227DD319580 to ShaderMapsBeingCompiled
[2017.04.04-00.24.54:461][ 34]LogTemp:Display: Kicking off shader compilation for Cloth_MM, GameThreadShaderMap 0x00000227FF689600
[2017.04.04-00.24.54:462][ 34]LogMaterial: 0.00 seconds spent updating 1 materials, 1 interfaces, 0 instances, 0 with static permutations.
[2017.04.04-00.24.54:466][ 34]LogMaterial: Missing cached shader map for material FMatExpressionPreview MaterialExpressionTextureSample_3, compiling. 
[2017.04.04-00.24.54:467][ 34]LogTemp:Display: Added material ShaderMap 0x00000227FF26B580 with Material 0x00000227F3853D00 to ShaderMapsBeingCompiled
[2017.04.04-00.24.54:471][ 34]LogTemp:Display: Kicking off shader compilation for FMatExpressionPreview MaterialExpressionTextureSample_3, GameThreadShaderMap 0x00000227FF26B580
[2017.04.04-00.24.54:474][ 34]LogTemp:Display: Removed shader map 0x00000227E535FC80 from material 0x00000227FFA05F00
[2017.04.04-00.24.54:474][ 34]LogTemp:Display: Removed shader map 0x00000227FF26B580 from material 0x00000227F3853D00
[2017.04.04-00.24.54:498][ 34]LogMaterial: Missing cached shader map for material FMatExpressionPreview MaterialExpressionTextureSample_0, compiling. 
[2017.04.04-00.24.54:499][ 34]LogTemp:Display: Added material ShaderMap 0x00000227E4F2EE80 with Material 0x00000227FFA3F100 to ShaderMapsBeingCompiled
[2017.04.04-00.24.54:503][ 34]LogTemp:Display: Kicking off shader compilation for FMatExpressionPreview MaterialExpressionTextureSample_0, GameThreadShaderMap 0x00000227E4F2EE80
[2017.04.04-00.24.54:505][ 34]LogMaterial: Missing cached shader map for material FMatExpressionPreview MaterialExpressionTextureSample_1, compiling. 
[2017.04.04-00.24.54:506][ 34]LogTemp:Display: Added material ShaderMap 0x00000227F3897580 with Material 0x00000227FFA3F400 to ShaderMapsBeingCompiled
[2017.04.04-00.24.54:510][ 34]LogTemp:Display: Kicking off shader compilation for FMatExpressionPreview MaterialExpressionTextureSample_1, GameThreadShaderMap 0x00000227F3897580
[2017.04.04-00.24.54:513][ 34]LogMaterial: Missing cached shader map for material FMatExpressionPreview MaterialExpressionTextureSample_2, compiling. 
[2017.04.04-00.24.54:514][ 34]LogTemp:Display: Added material ShaderMap 0x00000227F3895D00 with Material 0x00000227FF0EDF00 to ShaderMapsBeingCompiled
[2017.04.04-00.24.54:518][ 34]LogTemp:Display: Kicking off shader compilation for FMatExpressionPreview MaterialExpressionTextureSample_2, GameThreadShaderMap 0x00000227F3895D00
[2017.04.04-00.24.54:519][ 34]LogMaterial: Missing cached shader map for material FMatExpressionPreview MaterialExpressionTextureSample_3, compiling. 
[2017.04.04-00.24.54:521][ 34]LogTemp:Display: Added material ShaderMap 0x00000227E47DA780 with Material 0x00000227FF9BD900 to ShaderMapsBeingCompiled
[2017.04.04-00.24.54:524][ 34]LogTemp:Display: Kicking off shader compilation for FMatExpressionPreview MaterialExpressionTextureSample_3, GameThreadShaderMap 0x00000227E47DA780
[2017.04.04-00.24.54:895][ 43]LogTemp:Display: Finished compile of shader map 0x00000227E5213C80
[2017.04.04-00.24.54:895][ 43]LogTemp:Display: Shader map Cloth_MM complete, GameThreadShaderMap 0x00000227E5213C80, marking material Cloth_MM as finished
[2017.04.04-00.24.54:895][ 43]LogTemp:Display: Marking material as finished 0x00000227DD319580
[2017.04.04-00.24.57:657][184]LogMaterial: Missing cached shader map for material Cloth_MM, compiling. 
[2017.04.04-00.24.57:659][184]LogTemp:Display: Added material ShaderMap 0x00000227F4465280 with Material 0x00000227DD319580 to ShaderMapsBeingCompiled
[2017.04.04-00.24.57:679][184]LogTemp:Display: Kicking off shader compilation for Cloth_MM, GameThreadShaderMap 0x00000227F4465280
[2017.04.04-00.24.57:679][184]LogMaterial: 0.00 seconds spent updating 1 materials, 1 interfaces, 0 instances, 0 with static permutations.
[2017.04.04-00.24.57:682][184]LogTemp:Display: Removed shader map 0x00000227E47DA780 from material 0x00000227FF9BD900
[2017.04.04-00.24.57:705][184]LogMaterial: Missing cached shader map for material FMatExpressionPreview MaterialExpressionTextureSample_3, compiling. 
[2017.04.04-00.24.57:707][184]LogTemp:Display: Added material ShaderMap 0x00000227FF11E780 with Material 0x00000227F4450100 to ShaderMapsBeingCompiled
[2017.04.04-00.24.57:710][184]LogTemp:Display: Kicking off shader compilation for FMatExpressionPreview MaterialExpressionTextureSample_3, GameThreadShaderMap 0x00000227FF11E780
[2017.04.04-00.24.58:808][218]LogMaterialEditor: Applying material Cloth_MM
[2017.04.04-00.24.59:937][218]LogMaterial: Missing cached shader map for material Cloth_MM, compiling. 
[2017.04.04-00.24.59:939][218]LogTemp:Display: Added material ShaderMap 0x00000227F3894800 with Material 0x00000227DD319580 to ShaderMapsBeingCompiled
[2017.04.04-00.24.59:976][218]LogTemp:Display: Kicking off shader compilation for Cloth_MM, GameThreadShaderMap 0x00000227F3894800
[2017.04.04-00.24.59:976][218]LogMaterial: 0.00 seconds spent updating 1 materials, 1 interfaces, 0 instances, 0 with static permutations.
[2017.04.04-00.25.00:010][218]LogMaterial: Missing cached shader map for material Cloth_MM, compiling. 
[2017.04.04-00.25.00:011][218]LogTemp:Display: Added material ShaderMap 0x00000227F4268F00 with Material 0x00000227E57DDF00 to ShaderMapsBeingCompiled
[2017.04.04-00.25.00:044][218]LogTemp:Display: Kicking off shader compilation for Cloth_MM, GameThreadShaderMap 0x00000227F4268F00
[2017.04.04-00.25.00:048][218]LogMaterial: Missing cached shader map for material Cloth_MM, compiling. 
[2017.04.04-00.25.00:050][218]LogTemp:Display: Added material ShaderMap 0x00000227F3ED2400 with Material 0x00000227E57DDF00 to ShaderMapsBeingCompiled
[2017.04.04-00.25.00:074][218]LogTemp:Display: Kicking off shader compilation for Cloth_MM, GameThreadShaderMap 0x00000227F3ED2400
[2017.04.04-00.25.00:075][218]LogMaterial: 0.00 seconds spent updating 1 materials, 1 interfaces, 0 instances, 0 with static permutations.
[2017.04.04-00.25.00:122][218]LogMaterial: Missing cached shader map for material FDebugViewModeMaterialProxy Cloth_MM, compiling. 
[2017.04.04-00.25.00:123][218]LogTemp:Display: Added material ShaderMap 0x00000227F3DD4800 with Material 0x00000227F3E3FA00 to ShaderMapsBeingCompiled
[2017.04.04-00.25.01:950][218]LogTemp:Display: Finished compile of shader map 0x00000227F3DD4800
[2017.04.04-00.25.01:950][218]LogTemp:Display: Shader map FDebugViewModeMaterialProxy Cloth_MM complete, GameThreadShaderMap 0x00000227F3DD4800, marking material FDebugViewModeMaterialProxy Cloth_MM as finished
[2017.04.04-00.25.01:950][218]LogTemp:Display: Marking material as finished 0x00000227F3E3FA00
[2017.04.04-00.25.01:953][218]TextureStreamingBuild:Display: Compiling optional shaders took 1.840 seconds.
[2017.04.04-00.25.02:001][218]LogTemp:Display: Finished compile of shader map 0x00000227FF689600
[2017.04.04-00.25.02:001][218]LogTemp:Display: Shader map Cloth_MM complete, GameThreadShaderMap 0x00000227FF689600, marking material Cloth_MM as finished
[2017.04.04-00.25.02:001][218]LogTemp:Display: Marking material as finished 0x00000227DD319580
[2017.04.04-00.25.02:002][218]LogTemp:Display: Finished compile of shader map 0x00000227F3895D00
[2017.04.04-00.25.02:002][218]LogTemp:Display: Shader map FMatExpressionPreview MaterialExpressionTextureSample_2 complete, GameThreadShaderMap 0x00000227F3895D00, marking material FMatExpressionPreview MaterialExpressionTextureSample_2 as finished
[2017.04.04-00.25.02:002][218]LogTemp:Display: Marking material as finished 0x00000227FF0EDF00
[2017.04.04-00.25.02:005][218]LogTemp:Display: Finished compile of shader map 0x00000227F4465280
[2017.04.04-00.25.02:005][218]LogTemp:Display: Shader map Cloth_MM complete, GameThreadShaderMap 0x00000227F4465280, marking material Cloth_MM as finished
[2017.04.04-00.25.02:005][218]LogTemp:Display: Marking material as finished 0x00000227DD319580
[2017.04.04-00.25.02:005][218]LogTemp:Display: Finished compile of shader map 0x00000227E4F2EE80
[2017.04.04-00.25.02:005][218]LogTemp:Display: Shader map FMatExpressionPreview MaterialExpressionTextureSample_0 complete, GameThreadShaderMap 0x00000227E4F2EE80, marking material FMatExpressionPreview MaterialExpressionTextureSample_0 as finished
[2017.04.04-00.25.02:005][218]LogTemp:Display: Marking material as finished 0x00000227FFA3F100
[2017.04.04-00.25.02:007][218]LogTemp:Display: Finished compile of shader map 0x00000227F3897580
[2017.04.04-00.25.02:007][218]LogTemp:Display: Shader map FMatExpressionPreview MaterialExpressionTextureSample_1 complete, GameThreadShaderMap 0x00000227F3897580, marking material FMatExpressionPreview MaterialExpressionTextureSample_1 as finished
[2017.04.04-00.25.02:007][218]LogTemp:Display: Marking material as finished 0x00000227FFA3F400
[2017.04.04-00.25.02:009][218]LogTemp:Display: Finished compile of shader map 0x00000227FF11E780
[2017.04.04-00.25.02:009][218]LogTemp:Display: Shader map FMatExpressionPreview MaterialExpressionTextureSample_3 complete, GameThreadShaderMap 0x00000227FF11E780, marking material FMatExpressionPreview MaterialExpressionTextureSample_3 as finished
[2017.04.04-00.25.02:009][218]LogTemp:Display: Marking material as finished 0x00000227F4450100
[2017.04.04-00.25.02:013][218]LogTemp:Display: Finished compile of shader map 0x00000227F3894800
[2017.04.04-00.25.02:014][218]LogTemp:Display: Shader map Cloth_MM complete, GameThreadShaderMap 0x00000227F3894800, marking material Cloth_MM as finished
[2017.04.04-00.25.02:014][218]LogTemp:Display: Marking material as finished 0x00000227DD319580
[2017.04.04-00.25.02:479][234]LogMaterialEditor: Saving and Compiling material Cloth_MM
[2017.04.04-00.25.04:234][234]LogTemp:Display: Finished compile of shader map 0x00000227F3ED2400
[2017.04.04-00.25.04:234][234]LogTemp:Display: Shader map Cloth_MM complete, GameThreadShaderMap 0x00000227F3ED2400, marking material Cloth_MM as finished
[2017.04.04-00.25.04:234][234]LogTemp:Display: Marking material as finished 0x00000227E57DDF00
[2017.04.04-00.25.04:239][234]LogSlate: Took 0.000219 seconds to synchronously load lazily loaded font '../../../Engine/Content/Slate/Fonts/Roboto-Regular.ttf' (155K)
[2017.04.04-00.25.04:280][234]Cmd: OBJ SAVEPACKAGE PACKAGE="/Game/Materials/Cloth_MM" FILE="../../../../../../Users/Yaz/Documents/GitHub/PTSD-Project/PTSD/Content/Materials/Cloth_MM.uasset" SILENT=true
[2017.04.04-00.25.04:300][234]LogSavePackage: Save=17.75ms
[2017.04.04-00.25.04:300][234]LogSavePackage: Moving '../../../../../../Users/Yaz/Documents/GitHub/PTSD-Project/PTSD/Saved/Cloth_MM0387924948E7D36671459CB1F6C3C433.tmp' to '../../../../../../Users/Yaz/Documents/GitHub/PTSD-Project/PTSD/Content/Materials/Cloth_MM.uasset'
[2017.04.04-00.25.04:307][234]LogSavePackage:Display: Finished SavePackage ../../../../../../Users/Yaz/Documents/GitHub/PTSD-Project/PTSD/Content/Materials/Cloth_MM.uasset
[2017.04.04-00.25.04:315][234]MaterialEditorStats: Info Base pass shader with only dynamic lighting: 89 instructions
[2017.04.04-00.25.04:315][234]MaterialEditorStats: Info Vertex shader: 31 instructions
[2017.04.04-00.25.04:315][234]MaterialEditorStats: Info Texture samplers: 6/16
[2017.04.04-00.25.23:747][904]LogContentBrowser: Native class hierarchy updated for 'TextureEditor' in 0.0009 seconds. Added 1 classes and 2 folders.
[2017.04.04-00.25.28:019][ 98]LogMaterialEditor: Saving and Compiling material Cloth_MM
[2017.04.04-00.25.28:042][ 98]Cmd: OBJ SAVEPACKAGE PACKAGE="/Game/Materials/Cloth_MM" FILE="../../../../../../Users/Yaz/Documents/GitHub/PTSD-Project/PTSD/Content/Materials/Cloth_MM.uasset" SILENT=true
[2017.04.04-00.25.28:066][ 98]LogSavePackage: Save=7.01ms
[2017.04.04-00.25.28:066][ 98]LogSavePackage: Moving '../../../../../../Users/Yaz/Documents/GitHub/PTSD-Project/PTSD/Saved/Cloth_MM8D6042DA47A514D46B293191299556AC.tmp' to '../../../../../../Users/Yaz/Documents/GitHub/PTSD-Project/PTSD/Content/Materials/Cloth_MM.uasset'
[2017.04.04-00.25.28:067][ 98]LogSavePackage:Display: Finished SavePackage ../../../../../../Users/Yaz/Documents/GitHub/PTSD-Project/PTSD/Content/Materials/Cloth_MM.uasset
[2017.04.04-00.33.09:149][649]LogFileHelpers: Editor autosave (incl. sublevels) for '/Temp/Untitled_1' took 0.038
[2017.04.04-00.33.09:153][649]OBJ SavePackage: Generating thumbnails for [1] asset(s) in package [/Game/Textures/Cloth_Ambient_Occlusion] ([1] browsable assets)...
[2017.04.04-00.33.09:171][649]OBJ SavePackage:     Rendered thumbnail for [Texture2D /Game/Textures/Cloth_Ambient_Occlusion.Cloth_Ambient_Occlusion]
[2017.04.04-00.33.09:171][649]OBJ SavePackage: Finished generating thumbnails for package [/Game/Textures/Cloth_Ambient_Occlusion]
[2017.04.04-00.33.09:210][649]LogSavePackage: Save=35.54ms
[2017.04.04-00.33.09:210][649]LogSavePackage: Moving '../../../../../../Users/Yaz/Documents/GitHub/PTSD-Project/PTSD/Saved/Cloth_Ambient_Occlusion_Auto111398FB4491AE6A2D35248A57A098A9A.tmp' to '../../../../../../Users/Yaz/Documents/GitHub/PTSD-Project/PTSD/Saved/Autosaves/Game/Textures/Cloth_Ambient_Occlusion_Auto1.uasset'
[2017.04.04-00.33.09:212][649]LogSavePackage:Display: Finished SavePackage ../../../../../../Users/Yaz/Documents/GitHub/PTSD-Project/PTSD/Saved/Autosaves/Game/Textures/Cloth_Ambient_Occlusion_Auto1.uasset
[2017.04.04-00.33.09:213][649]OBJ SavePackage: Generating thumbnails for [1] asset(s) in package [/Game/Textures/Cloth_basecolor] ([1] browsable assets)...
[2017.04.04-00.33.09:226][649]OBJ SavePackage:     Rendered thumbnail for [Texture2D /Game/Textures/Cloth_basecolor.Cloth_basecolor]
[2017.04.04-00.33.09:226][649]OBJ SavePackage: Finished generating thumbnails for package [/Game/Textures/Cloth_basecolor]
[2017.04.04-00.33.09:256][649]LogSavePackage: Save=27.21ms
[2017.04.04-00.33.09:256][649]LogSavePackage: Moving '../../../../../../Users/Yaz/Documents/GitHub/PTSD-Project/PTSD/Saved/Cloth_basecolor_Auto139E02ED646101FB34F7FD9BD6ACCE08A.tmp' to '../../../../../../Users/Yaz/Documents/GitHub/PTSD-Project/PTSD/Saved/Autosaves/Game/Textures/Cloth_basecolor_Auto1.uasset'
[2017.04.04-00.33.09:257][649]LogSavePackage:Display: Finished SavePackage ../../../../../../Users/Yaz/Documents/GitHub/PTSD-Project/PTSD/Saved/Autosaves/Game/Textures/Cloth_basecolor_Auto1.uasset
[2017.04.04-00.33.09:258][649]OBJ SavePackage: Generating thumbnails for [1] asset(s) in package [/Game/Textures/Cloth_normal] ([1] browsable assets)...
[2017.04.04-00.33.09:271][649]OBJ SavePackage:     Rendered thumbnail for [Texture2D /Game/Textures/Cloth_normal.Cloth_normal]
[2017.04.04-00.33.09:271][649]OBJ SavePackage: Finished generating thumbnails for package [/Game/Textures/Cloth_normal]
[2017.04.04-00.33.09:309][649]LogSavePackage: Save=36.49ms
[2017.04.04-00.33.09:309][649]LogSavePackage: Moving '../../../../../../Users/Yaz/Documents/GitHub/PTSD-Project/PTSD/Saved/Cloth_normal_Auto16329E1564AF427A87CCB2B9D5B716262.tmp' to '../../../../../../Users/Yaz/Documents/GitHub/PTSD-Project/PTSD/Saved/Autosaves/Game/Textures/Cloth_normal_Auto1.uasset'
[2017.04.04-00.33.09:310][649]LogSavePackage:Display: Finished SavePackage ../../../../../../Users/Yaz/Documents/GitHub/PTSD-Project/PTSD/Saved/Autosaves/Game/Textures/Cloth_normal_Auto1.uasset
[2017.04.04-00.33.09:311][649]OBJ SavePackage: Generating thumbnails for [1] asset(s) in package [/Game/Textures/Cloth_roughness] ([1] browsable assets)...
[2017.04.04-00.33.09:320][649]OBJ SavePackage:     Rendered thumbnail for [Texture2D /Game/Textures/Cloth_roughness.Cloth_roughness]
[2017.04.04-00.33.09:320][649]OBJ SavePackage: Finished generating thumbnails for package [/Game/Textures/Cloth_roughness]
[2017.04.04-00.33.09:332][649]LogSavePackage: Save=9.68ms
[2017.04.04-00.33.09:332][649]LogSavePackage: Moving '../../../../../../Users/Yaz/Documents/GitHub/PTSD-Project/PTSD/Saved/Cloth_roughness_Auto153569A30490F40213CEA9F9355C6CF77.tmp' to '../../../../../../Users/Yaz/Documents/GitHub/PTSD-Project/PTSD/Saved/Autosaves/Game/Textures/Cloth_roughness_Auto1.uasset'
[2017.04.04-00.33.09:333][649]LogSavePackage:Display: Finished SavePackage ../../../../../../Users/Yaz/Documents/GitHub/PTSD-Project/PTSD/Saved/Autosaves/Game/Textures/Cloth_roughness_Auto1.uasset
[2017.04.04-00.33.09:333][649]LogFileHelpers: Auto-saving content packages took 0.183
[2017.04.04-00.36.12:225][549]Cmd: OBJ SAVEPACKAGE PACKAGE="/Game/Textures/Cloth_Ambient_Occlusion" FILE="../../../../../../Users/Yaz/Documents/GitHub/PTSD-Project/PTSD/Content/Textures/Cloth_Ambient_Occlusion.uasset" SILENT=true
[2017.04.04-00.36.13:983][549]LogSavePackage: Save=1751.78ms
[2017.04.04-00.36.13:983][549]LogSavePackage: Moving '../../../../../../Users/Yaz/Documents/GitHub/PTSD-Project/PTSD/Saved/Cloth_Ambient_Occlusion2C4DA4684EF16BD2F30B3E94B87F5788.tmp' to '../../../../../../Users/Yaz/Documents/GitHub/PTSD-Project/PTSD/Content/Textures/Cloth_Ambient_Occlusion.uasset'
[2017.04.04-00.36.13:992][549]LogSavePackage:Display: Finished SavePackage ../../../../../../Users/Yaz/Documents/GitHub/PTSD-Project/PTSD/Content/Textures/Cloth_Ambient_Occlusion.uasset
[2017.04.04-00.36.14:005][549]Cmd: OBJ SAVEPACKAGE PACKAGE="/Game/Textures/Cloth_basecolor" FILE="../../../../../../Users/Yaz/Documents/GitHub/PTSD-Project/PTSD/Content/Textures/Cloth_basecolor.uasset" SILENT=true
[2017.04.04-00.36.15:251][549]LogSavePackage: Save=1242.96ms
[2017.04.04-00.36.15:251][549]LogSavePackage: Moving '../../../../../../Users/Yaz/Documents/GitHub/PTSD-Project/PTSD/Saved/Cloth_basecolor3628A05E4A67DB4CA7A82FB67C812EB4.tmp' to '../../../../../../Users/Yaz/Documents/GitHub/PTSD-Project/PTSD/Content/Textures/Cloth_basecolor.uasset'
[2017.04.04-00.36.15:257][549]LogSavePackage:Display: Finished SavePackage ../../../../../../Users/Yaz/Documents/GitHub/PTSD-Project/PTSD/Content/Textures/Cloth_basecolor.uasset
[2017.04.04-00.36.15:269][549]Cmd: OBJ SAVEPACKAGE PACKAGE="/Game/Textures/Cloth_normal" FILE="../../../../../../Users/Yaz/Documents/GitHub/PTSD-Project/PTSD/Content/Textures/Cloth_normal.uasset" SILENT=true
[2017.04.04-00.36.17:814][549]LogSavePackage: Save=2542.55ms
[2017.04.04-00.36.17:815][549]LogSavePackage: Moving '../../../../../../Users/Yaz/Documents/GitHub/PTSD-Project/PTSD/Saved/Cloth_normalF8469E994832D2CC82A5F7909DB05249.tmp' to '../../../../../../Users/Yaz/Documents/GitHub/PTSD-Project/PTSD/Content/Textures/Cloth_normal.uasset'
[2017.04.04-00.36.17:820][549]LogSavePackage:Display: Finished SavePackage ../../../../../../Users/Yaz/Documents/GitHub/PTSD-Project/PTSD/Content/Textures/Cloth_normal.uasset
[2017.04.04-00.36.17:833][549]Cmd: OBJ SAVEPACKAGE PACKAGE="/Game/Textures/Cloth_roughness" FILE="../../../../../../Users/Yaz/Documents/GitHub/PTSD-Project/PTSD/Content/Textures/Cloth_roughness.uasset" SILENT=true
[2017.04.04-00.36.17:884][549]LogSavePackage: Save=48.58ms
[2017.04.04-00.36.17:884][549]LogSavePackage: Moving '../../../../../../Users/Yaz/Documents/GitHub/PTSD-Project/PTSD/Saved/Cloth_roughness3FFC980443BDC90A1A4B09A1A4D37CC3.tmp' to '../../../../../../Users/Yaz/Documents/GitHub/PTSD-Project/PTSD/Content/Textures/Cloth_roughness.uasset'
[2017.04.04-00.36.17:887][549]LogSavePackage:Display: Finished SavePackage ../../../../../../Users/Yaz/Documents/GitHub/PTSD-Project/PTSD/Content/Textures/Cloth_roughness.uasset
[2017.04.04-00.36.18:163][550]Cmd: QUIT_EDITOR
[2017.04.04-00.36.18:205][550]LogWindowsTextInputMethodSystem:Display: IME system now deactivated.
[2017.04.04-00.36.18:205][550]LogWindowsTextInputMethodSystem:Display: IME system now deactivated.
[2017.04.04-00.36.18:236][550]LogExit: Preparing to exit.
[2017.04.04-00.36.19:052][550]LogDirectoryWatcher: A directory notification for 'C:/Users/Yaz/Documents/GitHub/PTSD-Project/PTSD/Content/' was aborted.
[2017.04.04-00.36.19:082][550]LogExit: Editor shut down
[2017.04.04-00.36.19:083][550]LogExit: Transaction tracking system shut down
[2017.04.04-00.36.19:085][550]LogTemp:Display: Removed shader map 0x00000227F4268F00 from material 0x00000227E57DDF00
[2017.04.04-00.36.19:092][550]LogTemp:Display: Removed shader map 0x00000227E58BF900 from material 0x00000227DD319580
[2017.04.04-00.36.19:167][550]LogObj: Freed 0b from 0 cluster array pools.
[2017.04.04-00.36.19:167][550]LogExit: Object subsystem successfully closed.
[2017.04.04-00.36.19:190][550]LogD3D11RHI: Shutdown
[2017.04.04-00.36.19:190][550]LogD3D11RHI: CleanupD3DDevice
[2017.04.04-00.36.19:357][550]LogD3D11RHI: ~FD3D11DynamicRHI
[2017.04.04-00.36.19:394][550]LogModuleManager: Shutting down and abandoning module TextureEditor (504)
[2017.04.04-00.36.19:394][550]LogModuleManager: Shutting down and abandoning module MaterialEditor (502)
[2017.04.04-00.36.19:394][550]LogModuleManager: Shutting down and abandoning module HierarchicalLODOutliner (500)
[2017.04.04-00.36.19:394][550]LogModuleManager: Shutting down and abandoning module CrashTracker (498)
[2017.04.04-00.36.19:394][550]LogModuleManager: Shutting down and abandoning module WorldBrowser (496)
[2017.04.04-00.36.19:394][550]LogModuleManager: Shutting down and abandoning module SceneOutliner (494)
[2017.04.04-00.36.19:394][550]LogModuleManager: Shutting down and abandoning module AddContentDialog (492)
[2017.04.04-00.36.19:394][550]LogDirectoryWatcher: A directory notification for 'C:/Program Files/Epic Games/UE_4.15/FeaturePacks/' was aborted.
[2017.04.04-00.36.19:402][550]LogModuleManager: Shutting down and abandoning module WidgetCarousel (491)
[2017.04.04-00.36.19:402][550]LogModuleManager: Shutting down and abandoning module EditorWidgets (488)
[2017.04.04-00.36.19:403][550]LogModuleManager: Shutting down and abandoning module CollectionManager (486)
[2017.04.04-00.36.19:403][550]LogDirectoryWatcher: A directory notification for 'C:/Users/Yaz/Documents/GitHub/PTSD-Project/PTSD/Content/Collections/' was aborted.
[2017.04.04-00.36.19:403][550]LogDirectoryWatcher: A directory notification for 'C:/Users/Yaz/Documents/GitHub/PTSD-Project/PTSD/Content/Developers/Yaz/Collections/' was aborted.
[2017.04.04-00.36.19:403][550]LogDirectoryWatcher: A directory notification for 'C:/Users/Yaz/Documents/GitHub/PTSD-Project/PTSD/Saved/Collections/' was aborted.
[2017.04.04-00.36.19:405][550]LogModuleManager: Shutting down and abandoning module StatsViewer (484)
[2017.04.04-00.36.19:405][550]LogModuleManager: Shutting down and abandoning module FoliageEdit (482)
[2017.04.04-00.36.19:405][550]LogModuleManager: Shutting down and abandoning module LandscapeEditor (480)
[2017.04.04-00.36.19:405][550]LogModuleManager: Shutting down and abandoning module SceneDepthPickerMode (478)
[2017.04.04-00.36.19:405][550]LogModuleManager: Shutting down and abandoning module ActorPickerMode (476)
[2017.04.04-00.36.19:405][550]LogModuleManager: Shutting down and abandoning module GeometryMode (474)
[2017.04.04-00.36.19:405][550]LogModuleManager: Shutting down and abandoning module TextureAlignMode (472)
[2017.04.04-00.36.19:405][550]LogModuleManager: Shutting down and abandoning module BspMode (470)
[2017.04.04-00.36.19:405][550]LogModuleManager: Shutting down and abandoning module HardwareSurvey (468)
[2017.04.04-00.36.19:405][550]LogModuleManager: Shutting down and abandoning module SequenceRecorderSections (466)
[2017.04.04-00.36.19:405][550]LogModuleManager: Shutting down and abandoning module AutomationWorker (464)
[2017.04.04-00.36.19:405][550]LogModuleManager: Shutting down and abandoning module MatineeToLevelSequence (462)
[2017.04.04-00.36.19:406][550]LogModuleManager: Shutting down and abandoning module LevelSequenceEditor (460)
[2017.04.04-00.36.19:406][550]LogModuleManager: Shutting down and abandoning module PlacementMode (459)
[2017.04.04-00.36.19:406][550]LogModuleManager: Shutting down and abandoning module WmfMediaFactory (456)
[2017.04.04-00.36.19:406][550]LogModuleManager: Shutting down and abandoning module WmfMediaEditor (454)
[2017.04.04-00.36.19:406][550]LogModuleManager: Shutting down and abandoning module MfMediaFactory (452)
[2017.04.04-00.36.19:406][550]LogModuleManager: Shutting down and abandoning module MfMediaEditor (450)
[2017.04.04-00.36.19:406][550]LogModuleManager: Shutting down and abandoning module AvfMediaFactory (448)
[2017.04.04-00.36.19:406][550]LogModuleManager: Shutting down and abandoning module AvfMediaEditor (446)
[2017.04.04-00.36.19:406][550]LogModuleManager: Shutting down and abandoning module AndroidMediaFactory (444)
[2017.04.04-00.36.19:406][550]LogModuleManager: Shutting down and abandoning module Media (443)
[2017.04.04-00.36.19:406][550]LogModuleManager: Shutting down and abandoning module AndroidMediaEditor (440)
[2017.04.04-00.36.19:406][550]LogModuleManager: Shutting down and abandoning module CharacterAI (438)
[2017.04.04-00.36.19:406][550]LogModuleManager: Shutting down and abandoning module AudioCapture (436)
[2017.04.04-00.36.19:406][550]LogModuleManager: Shutting down and abandoning module SequenceRecorder (435)
[2017.04.04-00.36.19:406][550]LogModuleManager: Shutting down and abandoning module SmartSnapping (432)
[2017.04.04-00.36.19:406][550]LogModuleManager: Shutting down and abandoning module SessionServices (430)
[2017.04.04-00.36.19:406][550]LogModuleManager: Shutting down and abandoning module ViewportSnapping (428)
[2017.04.04-00.36.19:406][550]LogModuleManager: Shutting down and abandoning module ViewportInteraction (426)
[2017.04.04-00.36.19:406][550]LogModuleManager: Shutting down and abandoning module LogVisualizer (424)
[2017.04.04-00.36.19:406][550]LogModuleManager: Shutting down and abandoning module IntroTutorials (422)
[2017.04.04-00.36.19:406][550]LogModuleManager: Shutting down and abandoning module GameProjectGeneration (421)
[2017.04.04-00.36.19:406][550]LogModuleManager: Shutting down and abandoning module EditorLiveStreaming (418)
[2017.04.04-00.36.19:406][550]LogModuleManager: Shutting down and abandoning module IOSPlatformEditor (416)
[2017.04.04-00.36.19:406][550]LogModuleManager: Shutting down and abandoning module HTML5PlatformEditor (414)
[2017.04.04-00.36.19:406][550]LogModuleManager: Shutting down and abandoning module AndroidPlatformEditor (412)
[2017.04.04-00.36.19:406][550]LogModuleManager: Shutting down and abandoning module AndroidDeviceDetection (411)
[2017.04.04-00.36.19:724][550]LogModuleManager: Shutting down and abandoning module IOSRuntimeSettings (408)
[2017.04.04-00.36.19:724][550]LogModuleManager: Shutting down and abandoning module AndroidRuntimeSettings (406)
[2017.04.04-00.36.19:724][550]LogModuleManager: Shutting down and abandoning module InputBindingEditor (404)
[2017.04.04-00.36.19:724][550]LogModuleManager: Shutting down and abandoning module NiagaraEditor (402)
[2017.04.04-00.36.19:724][550]LogModuleManager: Shutting down and abandoning module MergeActors (400)
[2017.04.04-00.36.19:724][550]LogModuleManager: Shutting down and abandoning module SizeMap (398)
[2017.04.04-00.36.19:725][550]LogModuleManager: Shutting down and abandoning module TreeMap (396)
[2017.04.04-00.36.19:725][550]LogModuleManager: Shutting down and abandoning module ReferenceViewer (394)
[2017.04.04-00.36.19:725][550]LogModuleManager: Shutting down and abandoning module LocalizationDashboard (392)
[2017.04.04-00.36.19:725][550]LogModuleManager: Shutting down and abandoning module LocalizationService (391)
[2017.04.04-00.36.19:725][550]LogModuleManager: Shutting down and abandoning module HardwareTargeting (388)
[2017.04.04-00.36.19:725][550]LogModuleManager: Shutting down and abandoning module DeviceProfileEditor (386)
[2017.04.04-00.36.19:725][550]LogModuleManager: Shutting down and abandoning module UndoHistory (384)
[2017.04.04-00.36.19:725][550]LogModuleManager: Shutting down and abandoning module UserFeedback (382)
[2017.04.04-00.36.19:725][550]LogModuleManager: Shutting down and abandoning module XmlParser (380)
[2017.04.04-00.36.19:725][550]LogModuleManager: Shutting down and abandoning module Blutility (378)
[2017.04.04-00.36.19:725][550]LogModuleManager: Shutting down and abandoning module ProjectSettingsViewer (376)
[2017.04.04-00.36.19:725][550]LogModuleManager: Shutting down and abandoning module ProjectTargetPlatformEditor (375)
[2017.04.04-00.36.19:725][550]LogModuleManager: Shutting down and abandoning module EditorSettingsViewer (372)
[2017.04.04-00.36.19:725][550]LogModuleManager: Shutting down and abandoning module SettingsEditor (370)
[2017.04.04-00.36.19:725][550]LogModuleManager: Shutting down and abandoning module ProjectLauncher (368)
[2017.04.04-00.36.19:725][550]LogModuleManager: Shutting down and abandoning module SessionFrontend (366)
[2017.04.04-00.36.19:725][550]LogModuleManager: Shutting down and abandoning module ProfilerClient (364)
[2017.04.04-00.36.19:725][550]LogModuleManager: Shutting down and abandoning module DeviceManager (362)
[2017.04.04-00.36.19:725][550]LogModuleManager: Shutting down and abandoning module TargetDeviceServices (361)
[2017.04.04-00.36.19:799][550]LogModuleManager: Shutting down and abandoning module AutomationController (358)
[2017.04.04-00.36.19:800][550]LogModuleManager: Shutting down and abandoning module AutomationWindow (356)
[2017.04.04-00.36.19:800][550]LogModuleManager: Shutting down and abandoning module Layers (354)
[2017.04.04-00.36.19:802][550]LogModuleManager: Shutting down and abandoning module ComponentVisualizers (352)
[2017.04.04-00.36.19:802][550]LogModuleManager: Shutting down and abandoning module DetailCustomizations (350)
[2017.04.04-00.36.19:802][550]LogModuleManager: Shutting down and abandoning module PackagesDialog (348)
[2017.04.04-00.36.19:803][550]LogModuleManager: Shutting down and abandoning module Persona (346)
[2017.04.04-00.36.19:803][550]LogModuleManager: Shutting down and abandoning module AnimGraph (345)
[2017.04.04-00.36.19:803][550]LogModuleManager: Shutting down and abandoning module Kismet (342)
[2017.04.04-00.36.19:840][550]LogModuleManager: Shutting down and abandoning module GraphEditor (340)
[2017.04.04-00.36.19:840][550]LogModuleManager: Shutting down and abandoning module ClassViewer (338)
[2017.04.04-00.36.19:840][550]LogModuleManager: Shutting down and abandoning module Toolbox (336)
[2017.04.04-00.36.19:840][550]LogModuleManager: Shutting down and abandoning module ModuleUI (334)
[2017.04.04-00.36.19:840][550]LogModuleManager: Shutting down and abandoning module MovieSceneTools (332)
[2017.04.04-00.36.19:840][550]LogModuleManager: Shutting down and abandoning module OutputLog (330)
[2017.04.04-00.36.19:840][550]LogModuleManager: Shutting down and abandoning module GammaUI (328)
[2017.04.04-00.36.19:840][550]LogModuleManager: Shutting down and abandoning module Documentation (326)
[2017.04.04-00.36.19:840][550]LogModuleManager: Shutting down and abandoning module Niagara (324)
[2017.04.04-00.36.19:840][550]LogModuleManager: Shutting down and abandoning module StreamingPauseRendering (322)
[2017.04.04-00.36.19:840][550]LogModuleManager: Shutting down and abandoning module AnalyticsET (320)
[2017.04.04-00.36.19:840][550]LogModuleManager: Shutting down and abandoning module PortalServices (318)
[2017.04.04-00.36.19:840][550]LogModuleManager: Shutting down and abandoning module PortalRpc (316)
[2017.04.04-00.36.19:840][550]LogModuleManager: Shutting down and abandoning module MessagingRpc (314)
[2017.04.04-00.36.19:840][550]LogModuleManager: Shutting down and abandoning module AIModule (312)
[2017.04.04-00.36.19:841][550]LogModuleManager: Shutting down and abandoning module GameplayDebugger (311)
[2017.04.04-00.36.19:841][550]LogModuleManager: Shutting down and abandoning module AITestSuite (309)
[2017.04.04-00.36.19:841][550]LogModuleManager: Shutting down and abandoning module ProfilerService (306)
[2017.04.04-00.36.19:941][550]LogModuleManager: Shutting down and abandoning module TaskGraph (304)
[2017.04.04-00.36.19:941][550]LogModuleManager: Shutting down and abandoning module SteamVRController (302)
[2017.04.04-00.36.19:941][550]LogModuleManager: Shutting down and abandoning module SteamVR (300)
[2017.04.04-00.36.19:941][550]LogModuleManager: Shutting down and abandoning module ProceduralMeshComponentEditor (298)
[2017.04.04-00.36.19:941][550]LogModuleManager: Shutting down and abandoning module ProceduralMeshComponent (296)
[2017.04.04-00.36.19:941][550]LogModuleManager: Shutting down and abandoning module OculusLibrary (294)
[2017.04.04-00.36.19:941][550]LogModuleManager: Shutting down and abandoning module OculusInput (292)
[2017.04.04-00.36.19:941][550]LogModuleManager: Shutting down and abandoning module MobilePatchingUtils (290)
[2017.04.04-00.36.19:941][550]LogModuleManager: Shutting down and abandoning module CustomMeshComponent (288)
[2017.04.04-00.36.19:941][550]LogModuleManager: Shutting down and abandoning module CableComponent (286)
[2017.04.04-00.36.19:941][550]LogModuleManager: Shutting down and abandoning module ArchVisCharacter (284)
[2017.04.04-00.36.19:941][550]LogModuleManager: Shutting down and abandoning module MediaPlayerEditor (280)
[2017.04.04-00.36.19:942][550]LogModuleManager: Shutting down and abandoning module HTML5Networking (278)
[2017.04.04-00.36.19:942][550]LogModuleManager: Shutting down and abandoning module AlembicImporter (276)
[2017.04.04-00.36.19:942][550]LogModuleManager: Shutting down and abandoning module AlembicLibrary (275)
[2017.04.04-00.36.19:942][550]LogModuleManager: Shutting down and abandoning module GeometryCache (274)
[2017.04.04-00.36.19:942][550]LogModuleManager: Shutting down and abandoning module GeometryCacheEd (273)
[2017.04.04-00.36.19:942][550]LogModuleManager: Shutting down and abandoning module SuperSearchEditor (268)
[2017.04.04-00.36.19:942][550]LogModuleManager: Shutting down and abandoning module SuperSearch (267)
[2017.04.04-00.36.19:942][550]LogModuleManager: Shutting down and abandoning module SpeedTreeImporter (264)
[2017.04.04-00.36.19:942][550]LogModuleManager: Shutting down and abandoning module PluginBrowser (262)
[2017.04.04-00.36.19:942][550]LogModuleManager: Shutting down and abandoning module MobileLauncherProfileWizard (260)
[2017.04.04-00.36.19:942][550]LogModuleManager: Shutting down and abandoning module EpicSurvey (258)
[2017.04.04-00.36.19:942][550]LogModuleManager: Shutting down and abandoning module VisualStudioSourceCodeAccess (256)
[2017.04.04-00.36.19:942][550]LogModuleManager: Shutting down and abandoning module DesktopPlatform (255)
[2017.04.04-00.36.19:942][550]LogModuleManager: Shutting down and abandoning module UObjectPlugin (252)
[2017.04.04-00.36.19:942][550]LogModuleManager: Shutting down and abandoning module SubversionSourceControl (250)
[2017.04.04-00.36.19:942][550]LogModuleManager: Shutting down and abandoning module PerforceSourceControl (248)
[2017.04.04-00.36.19:942][550]LogModuleManager: Shutting down and abandoning module GitSourceControl (246)
[2017.04.04-00.36.19:942][550]LogModuleManager: Shutting down and abandoning module SourceControl (245)
[2017.04.04-00.36.19:942][550]LogModuleManager: Shutting down and abandoning module LightPropagationVolumeEditor (242)
[2017.04.04-00.36.19:942][550]LogModuleManager: Shutting down and abandoning module PaperTiledImporter (240)
[2017.04.04-00.36.19:942][550]LogModuleManager: Shutting down and abandoning module PaperSpriteSheetImporter (238)
[2017.04.04-00.36.19:942][550]LogModuleManager: Shutting down and abandoning module Paper2DEditor (236)
[2017.04.04-00.36.19:942][550]LogModuleManager: Shutting down and abandoning module MeshPaint (235)
[2017.04.04-00.36.19:942][550]LogModuleManager: Shutting down and abandoning module LevelEditor (233)
[2017.04.04-00.36.19:944][550]LogModuleManager: Shutting down and abandoning module PixelInspectorModule (232)
[2017.04.04-00.36.19:944][550]LogModuleManager: Shutting down and abandoning module MainFrame (230)
[2017.04.04-00.36.19:944][550]LogModuleManager: Shutting down and abandoning module HotReload (229)
[2017.04.04-00.36.19:949][550]LogModuleManager: Shutting down and abandoning module ContentBrowser (225)
[2017.04.04-00.36.19:950][550]LogModuleManager: Shutting down and abandoning module PhysXVehiclesEditor (222)
[2017.04.04-00.36.19:950][550]LogModuleManager: Shutting down and abandoning module PhysXVehicles (220)
[2017.04.04-00.36.19:950][550]LogModuleManager: Shutting down and abandoning module LocationServicesBPLibrary (218)
[2017.04.04-00.36.19:950][550]LogModuleManager: Shutting down and abandoning module UdpMessaging (216)
[2017.04.04-00.36.20:051][550]LogModuleManager: Shutting down and abandoning module TcpMessaging (214)
[2017.04.04-00.36.20:152][550]LogModuleManager: Shutting down and abandoning module GameplayTagsEditor (212)
[2017.04.04-00.36.20:152][550]LogModuleManager: Shutting down and abandoning module FacialAnimationEditor (210)
[2017.04.04-00.36.20:152][550]LogModuleManager: Shutting down and abandoning module FacialAnimation (208)
[2017.04.04-00.36.20:152][550]LogModuleManager: Shutting down and abandoning module LightPropagationVolumeRuntime (206)
[2017.04.04-00.36.20:152][550]LogModuleManager: Shutting down and abandoning module Paper2D (204)
[2017.04.04-00.36.20:152][550]LogModuleManager: Shutting down and abandoning module WindowsMoviePlayer (202)
[2017.04.04-00.36.20:152][550]LogModuleManager: Shutting down and abandoning module WmfMedia (200)
[2017.04.04-00.36.20:153][550]LogModuleManager: Shutting down and abandoning module MfMedia (198)
[2017.04.04-00.36.20:153][550]LogModuleManager: Shutting down and abandoning module MediaAssets (196)
[2017.04.04-00.36.20:153][550]LogModuleManager: Shutting down and abandoning module GameLiveStreaming (194)
[2017.04.04-00.36.20:153][550]LogModuleManager: Shutting down and abandoning module VREditor (192)
[2017.04.04-00.36.20:153][550]LogModuleManager: Shutting down and abandoning module GameplayTasksEditor (190)
[2017.04.04-00.36.20:153][550]LogModuleManager: Shutting down and abandoning module BehaviorTreeEditor (188)
[2017.04.04-00.36.20:153][550]LogModuleManager: Shutting down and abandoning module FunctionalTesting (186)
[2017.04.04-00.36.20:153][550]LogModuleManager: Shutting down and abandoning module CollisionAnalyzer (184)
[2017.04.04-00.36.20:153][550]LogModuleManager: Shutting down and abandoning module UMG (182)
[2017.04.04-00.36.20:153][550]LogModuleManager: Shutting down and abandoning module UMGEditor (181)
[2017.04.04-00.36.20:153][550]LogModuleManager: Shutting down and abandoning module Sequencer (180)
[2017.04.04-00.36.20:154][550]LogModuleManager: Shutting down and abandoning module AssetTools (178)
[2017.04.04-00.36.20:154][550]LogModuleManager: Shutting down and abandoning module MessageLog (177)
[2017.04.04-00.36.20:154][550]LogModuleManager: Shutting down and abandoning module WorkspaceMenuStructure (176)
[2017.04.04-00.36.20:154][550]LogModuleManager: Shutting down and abandoning module SlateReflector (170)
[2017.04.04-00.36.20:154][550]LogModuleManager: Shutting down and abandoning module Slate (168)
[2017.04.04-00.36.20:154][550]LogModuleManager: Shutting down and abandoning module EditorStyle (166)
[2017.04.04-00.36.20:157][550]LogModuleManager: Shutting down and abandoning module SourceCodeAccess (164)
[2017.04.04-00.36.20:157][550]LogModuleManager: Shutting down and abandoning module HeadMountedDisplay (162)
[2017.04.04-00.36.20:157][550]LogModuleManager: Shutting down and abandoning module XAudio2 (160)
[2017.04.04-00.36.20:157][550]LogModuleManager: Shutting down and abandoning module Networking (158)
[2017.04.04-00.36.20:157][550]LogModuleManager: Shutting down and abandoning module Core (154)
[2017.04.04-00.36.20:157][550]LogModuleManager: Shutting down and abandoning module AssetRegistry (152)
[2017.04.04-00.36.20:391][550]LogDirectoryWatcher: A directory notification for '../../../Engine/Content/' was aborted.
[2017.04.04-00.36.20:391][550]LogDirectoryWatcher: A directory notification for '../../../../../../Users/Yaz/Documents/GitHub/PTSD-Project/PTSD/Content/' was aborted.
[2017.04.04-00.36.20:391][550]LogDirectoryWatcher: A directory notification for '../../../Engine/Plugins/2D/Paper2D/Content/' was aborted.
[2017.04.04-00.36.20:392][550]LogModuleManager: Shutting down and abandoning module DirectoryWatcher (151)
[2017.04.04-00.36.20:392][550]LogModuleManager: Shutting down and abandoning module KismetCompiler (148)
[2017.04.04-00.36.20:392][550]LogModuleManager: Shutting down and abandoning module PhysXFormats (146)
[2017.04.04-00.36.20:392][550]LogModuleManager: Shutting down and abandoning module MeshUtilities (144)
[2017.04.04-00.36.20:392][550]LogModuleManager: Shutting down and abandoning module SimplygonSwarm (143)
[2017.04.04-00.36.20:392][550]LogModuleManager: Shutting down and abandoning module SimplygonMeshReduction (141)
[2017.04.04-00.36.20:392][550]LogModuleManager: Shutting down and abandoning module QuadricMeshReduction (139)
[2017.04.04-00.36.20:392][550]LogModuleManager: Shutting down and abandoning module PropertyEditor (137)
[2017.04.04-00.36.20:392][550]LogModuleManager: Shutting down and abandoning module DerivedDataCache (134)
[2017.04.04-00.36.20:470][550]LogDerivedDataCache: Shutdown
[2017.04.04-00.36.20:470][550]LogModuleManager: Shutting down and abandoning module TargetPlatform (132)
[2017.04.04-00.36.20:470][550]LogModuleManager: Shutting down and abandoning module VulkanShaderFormat (131)
[2017.04.04-00.36.20:470][550]LogModuleManager: Shutting down and abandoning module ShaderFormatOpenGL (129)
[2017.04.04-00.36.20:470][550]LogModuleManager: Shutting down and abandoning module ShaderFormatD3D (127)
[2017.04.04-00.36.20:470][550]LogModuleManager: Shutting down and abandoning module MetalShaderFormat (125)
[2017.04.04-00.36.20:470][550]LogModuleManager: Shutting down and abandoning module TextureFormatUncompressed (123)
[2017.04.04-00.36.20:470][550]LogModuleManager: Shutting down and abandoning module TextureFormatPVR (121)
[2017.04.04-00.36.20:470][550]LogModuleManager: Shutting down and abandoning module TextureFormatDXT (119)
[2017.04.04-00.36.20:470][550]LogModuleManager: Shutting down and abandoning module TextureFormatIntelISPCTexComp (117)
[2017.04.04-00.36.20:470][550]LogModuleManager: Shutting down and abandoning module TextureFormatASTC (115)
[2017.04.04-00.36.20:470][550]LogModuleManager: Shutting down and abandoning module ImageWrapper (114)
[2017.04.04-00.36.20:470][550]LogModuleManager: Shutting down and abandoning module TextureFormatAndroid (111)
[2017.04.04-00.36.20:470][550]LogModuleManager: Shutting down and abandoning module AudioFormatOpus (109)
[2017.04.04-00.36.20:470][550]LogModuleManager: Shutting down and abandoning module AudioFormatOgg (107)
[2017.04.04-00.36.20:470][550]LogModuleManager: Shutting down and abandoning module AudioFormatADPCM (105)
[2017.04.04-00.36.20:470][550]LogModuleManager: Shutting down and abandoning module LinuxTargetPlatform (103)
[2017.04.04-00.36.20:470][550]LogModuleManager: Shutting down and abandoning module LinuxServerTargetPlatform (101)
[2017.04.04-00.36.20:470][550]LogModuleManager: Shutting down and abandoning module LinuxNoEditorTargetPlatform (99)
[2017.04.04-00.36.20:470][550]LogModuleManager: Shutting down and abandoning module LinuxClientTargetPlatform (97)
[2017.04.04-00.36.20:470][550]LogModuleManager: Shutting down and abandoning module TVOSTargetPlatform (95)
[2017.04.04-00.36.20:470][550]LogModuleManager: Shutting down and abandoning module Messaging (93)
[2017.04.04-00.36.20:471][550]LogModuleManager: Shutting down and abandoning module IOSTargetPlatform (91)
[2017.04.04-00.36.20:471][550]LogModuleManager: Shutting down and abandoning module HTML5TargetPlatform (89)
[2017.04.04-00.36.20:471][550]LogModuleManager: Shutting down and abandoning module Android_PVRTCTargetPlatform (87)
[2017.04.04-00.36.20:471][550]LogModuleManager: Shutting down and abandoning module Android_MultiTargetPlatform (85)
[2017.04.04-00.36.20:471][550]LogModuleManager: Shutting down and abandoning module Android_ETC2TargetPlatform (83)
[2017.04.04-00.36.20:471][550]LogModuleManager: Shutting down and abandoning module Android_ETC1TargetPlatform (81)
[2017.04.04-00.36.20:471][550]LogModuleManager: Shutting down and abandoning module Android_DXTTargetPlatform (79)
[2017.04.04-00.36.20:471][550]LogModuleManager: Shutting down and abandoning module Android_ATCTargetPlatform (77)
[2017.04.04-00.36.20:471][550]LogModuleManager: Shutting down and abandoning module Android_ASTCTargetPlatform (75)
[2017.04.04-00.36.20:471][550]LogModuleManager: Shutting down and abandoning module AndroidTargetPlatform (73)
[2017.04.04-00.36.20:471][550]LogModuleManager: Shutting down and abandoning module WindowsTargetPlatform (71)
[2017.04.04-00.36.20:471][550]LogModuleManager: Shutting down and abandoning module WindowsServerTargetPlatform (69)
[2017.04.04-00.36.20:471][550]LogModuleManager: Shutting down and abandoning module WindowsNoEditorTargetPlatform (67)
[2017.04.04-00.36.20:471][550]LogModuleManager: Shutting down and abandoning module WindowsClientTargetPlatform (65)
[2017.04.04-00.36.20:471][550]LogModuleManager: Shutting down and abandoning module MacTargetPlatform (63)
[2017.04.04-00.36.20:471][550]LogModuleManager: Shutting down and abandoning module MacServerTargetPlatform (61)
[2017.04.04-00.36.20:471][550]LogModuleManager: Shutting down and abandoning module MacNoEditorTargetPlatform (59)
[2017.04.04-00.36.20:471][550]LogModuleManager: Shutting down and abandoning module MacClientTargetPlatform (57)
[2017.04.04-00.36.20:471][550]LogModuleManager: Shutting down and abandoning module AllDesktopTargetPlatform (55)
[2017.04.04-00.36.20:471][550]LogModuleManager: Shutting down and abandoning module InputCore (52)
[2017.04.04-00.36.20:471][550]LogModuleManager: Shutting down and abandoning module Settings (50)
[2017.04.04-00.36.20:471][550]LogModuleManager: Shutting down and abandoning module OculusRift (48)
[2017.04.04-00.36.20:471][550]LogModuleManager: Shutting down and abandoning module GearVR (46)
[2017.04.04-00.36.20:471][550]LogModuleManager: Shutting down and abandoning module ExampleDeviceProfileSelector (44)
[2017.04.04-00.36.20:471][550]LogModuleManager: Shutting down and abandoning module OnlineBlueprintSupport (42)
[2017.04.04-00.36.20:471][550]LogModuleManager: Shutting down and abandoning module OnlineSubsystem (38)
[2017.04.04-00.36.20:471][550]LogOnline:Display: Unloading online subsystem: NULL
[2017.04.04-00.36.20:471][550]LogModuleManager: Shutting down and abandoning module XMPP (37)
[2017.04.04-00.36.20:471][550]LogModuleManager: Shutting down and abandoning module HTTP (35)
[2017.04.04-00.36.20:471][550]LogHttp:Display: Http module shutting down, but needs to wait on 1 outstanding Http requests:
[2017.04.04-00.36.20:471][550]LogHttp:Display: 	verb=[POST] url=[https://datarouter.ol.epicgames.com/datarouter/api/v1/public/data?SessionID=%7BDA5A914A-4AA0-2B86-E9F9-6F9448664D1D%7D&AppID=UEEditor.Rocket.Release&AppVersion=4.15.1-3348071%2B%2B%2BUE4%2BRelease-4.15&UserID=29c502c948ee0e6810bb4abdae3badfc%7C38b73ba174ac48a89a1e761e2a17d590%7C2e5c9013-6dae-4098-b589-401cd89cfa92&AppEnvironment=datacollector-binary&UploadType=eteventstream] status=Processing
[2017.04.04-00.36.20:489][550]LogModuleManager: Shutting down and abandoning module SSL (34)
[2017.04.04-00.36.20:490][550]LogModuleManager: Shutting down and abandoning module AudioEditor (30)
[2017.04.04-00.36.20:490][550]LogModuleManager: Shutting down and abandoning module TextureCompressor (28)
[2017.04.04-00.36.20:490][550]LogModuleManager: Shutting down and abandoning module ShaderCore (26)
[2017.04.04-00.36.20:490][550]LogModuleManager: Shutting down and abandoning module Landscape (24)
[2017.04.04-00.36.20:490][550]LogModuleManager: Shutting down and abandoning module SlateRHIRenderer (22)
[2017.04.04-00.36.20:491][550]LogModuleManager: Shutting down and abandoning module OpenGLDrv (20)
[2017.04.04-00.36.20:491][550]LogModuleManager: Shutting down and abandoning module D3D11RHI (18)
[2017.04.04-00.36.20:491][550]LogModuleManager: Shutting down and abandoning module AnimGraphRuntime (16)
[2017.04.04-00.36.20:491][550]LogModuleManager: Shutting down and abandoning module Renderer (14)
[2017.04.04-00.36.20:491][550]LogModuleManager: Shutting down and abandoning module Engine (12)
[2017.04.04-00.36.20:491][550]LogModuleManager: Shutting down and abandoning module CoreUObject (10)
[2017.04.04-00.36.20:491][550]LogModuleManager: Shutting down and abandoning module NetworkFile (8)
[2017.04.04-00.36.20:491][550]LogModuleManager: Shutting down and abandoning module StreamingFile (6)
[2017.04.04-00.36.20:491][550]LogModuleManager: Shutting down and abandoning module SandboxFile (4)
[2017.04.04-00.36.20:491][550]LogModuleManager: Shutting down and abandoning module PakFile (2)
[2017.04.04-00.36.20:493][550]LogExit: Exiting.
[2017.04.04-00.36.20:511][550]Log file closed, 04/03/17 20:36:20
