Log file open, 04/04/17 12:59:53
LogInit:Display: Running engine for game: PTSD
LogPlatformFile: Not using cached read wrapper
LogInit:Display: RandInit(395168733) SRandInit(395168733).
LogTaskGraph: Started task graph with 5 named threads and 8 total threads with 1 sets of task threads.
LogStats: Stats thread started at 0.078302
LogInit: Using libcurl 7.47.1
LogInit:  - built for x86_64-pc-win32
LogInit:  - supports SSL with OpenSSL/1.0.2g
LogInit:  - supports HTTP deflate (compression) using libz 1.2.8
LogInit:  - other features:
LogInit:      CURL_VERSION_SSL
LogInit:      CURL_VERSION_LIBZ
LogInit:      CURL_VERSION_IPV6
LogInit:      CURL_VERSION_ASYNCHDNS
LogInit:      CURL_VERSION_LARGEFILE
LogInit:      CURL_VERSION_IDN
LogInit:  CurlRequestOptions (configurable via config and command line):
LogInit:  - bVerifyPeer = false  - Libcurl will NOT verify peer certificate
LogInit:  - bUseHttpProxy = false  - Libcurl will NOT use HTTP proxy
LogInit:  - bDontReuseConnections = false  - Libcurl will reuse connections
LogInit:  - CertBundlePath = nullptr  - Libcurl will use whatever was configured at build time.
LogInit: Build: ++UE4+Release-4.15-CL-3348071
LogInit: Engine Version: 4.15.1-3348071+++UE4+Release-4.15
LogInit: Compatible Engine Version: 4.15.0-3299760+++UE4+Release-4.15
LogInit: Net CL: 3299760
LogDevObjectVersion: Number of dev versions registered: 14
LogDevObjectVersion:   Dev-Blueprints (B0D832E4-1F89-4F0D-ACCF-7EB736FD4AA2): 8
LogDevObjectVersion:   Dev-Build (E1C64328-A22C-4D53-A36C-8E866417BD8C): 0
LogDevObjectVersion:   Dev-Core (375EC13C-06E4-48FB-B500-84F0262A717E): 2
LogDevObjectVersion:   Dev-Editor (E4B068ED-F494-42E9-A231-DA0B2E46BB41): 14
LogDevObjectVersion:   Dev-Framework (CFFC743F-43B0-4480-9391-14DF171D2073): 22
LogDevObjectVersion:   Dev-Mobile (B02B49B5-BB20-44E9-A304-32B752E40360): 0
LogDevObjectVersion:   Dev-Networking (A4E4105C-59A1-49B5-A7C5-40C4547EDFEE): 0
LogDevObjectVersion:   Dev-Online (39C831C9-5AE6-47DC-9A44-9C173E1C8E7C): 0
LogDevObjectVersion:   Dev-Physics (78F01B33-EBEA-4F98-B9B4-84EACCB95AA2): 0
LogDevObjectVersion:   Dev-Platform (6631380F-2D4D-43E0-8009-CF276956A95A): 0
LogDevObjectVersion:   Dev-Rendering (12F88B9F-8875-4AFC-A67C-D90C383ABD29): 12
LogDevObjectVersion:   Dev-Sequencer (7B5AE74C-D270-4C10-A958-57980B212A5A): 3
LogDevObjectVersion:   Dev-VR (D7296918-1DD6-4BDD-9DE2-64A83CC13884): 0
LogDevObjectVersion:   Dev-LoadTimes (C2A15278-BFE7-4AFE-6C17-90FF531DF755): 1
LogInit: Compiled (64-bit): Mar 15 2017 16:52:47
LogInit: Compiled with Visual C++: 19.00.23026.00
LogInit: Build Configuration: Development
LogInit: Branch Name: ++UE4+Release-4.15
LogInit: Command line:  
LogInit: Base directory: C:/Games/UE_4.15/Engine/Binaries/Win64/
LogInit: Installed Engine Build: 1
LogInit: Presizing for max 8388607 objects, including 0 objects not considered by GC, pre-allocating 0 bytes for permanent pool.
LogInit: Object subsystem initialized
[2017.04.04-16.59.54:597][  0]LogInit: Selected Device Profile: [Windows]
[2017.04.04-16.59.54:597][  0]LogInit: Applying CVar settings loaded from the selected device profile: [Windows]
[2017.04.04-16.59.54:684][  0]LogInit: Computer: TSSKIES
[2017.04.04-16.59.54:684][  0]LogInit: User: inner000
[2017.04.04-16.59.54:684][  0]LogInit: CPU Page size=65536, Cores=4
[2017.04.04-16.59.54:684][  0]LogInit: High frequency timer resolution =2.533205 MHz
[2017.04.04-16.59.54:684][  0]LogMemory: Memory total: Physical=7.9GB (8GB approx)
[2017.04.04-16.59.54:684][  0]LogMemory: Platform Memory Stats for Windows
[2017.04.04-16.59.54:684][  0]LogMemory: Process Physical Memory: 263.34 MB used, 263.34 MB peak
[2017.04.04-16.59.54:684][  0]LogMemory: Process Virtual Memory: 262.67 MB used, 262.67 MB peak
[2017.04.04-16.59.54:684][  0]LogMemory: Physical Memory: 5309.77 MB used,  2805.51 MB free, 8115.27 MB total
[2017.04.04-16.59.54:684][  0]LogMemory: Virtual Memory: 645.13 MB used,  2805.51 MB free, 134217728.00 MB total
[2017.04.04-16.59.54:911][  0]LogTextLocalizationManager: No specific translations for ('en-US') exist, so ('en') translations will be used.
[2017.04.04-16.59.59:562][  0]LogD3D11RHI: D3D11 adapters:
[2017.04.04-16.59.59:588][  0]LogD3D11RHI:    0. 'NVIDIA GeForce GTX 860M' (Feature Level 11_0)
[2017.04.04-16.59.59:588][  0]LogD3D11RHI:       4064/0/4057 MB DedicatedVideo/DedicatedSystem/SharedSystem, Outputs:1, VendorId:0x10de
[2017.04.04-16.59.59:594][  0]LogD3D11RHI:    1. 'Intel(R) HD Graphics 4600' (Feature Level 11_0)
[2017.04.04-16.59.59:594][  0]LogD3D11RHI:       112/0/2048 MB DedicatedVideo/DedicatedSystem/SharedSystem, Outputs:0, VendorId:0x8086
[2017.04.04-16.59.59:595][  0]LogD3D11RHI:    2. 'Microsoft Basic Render Driver' (Feature Level 11_0)
[2017.04.04-16.59.59:595][  0]LogD3D11RHI:       0/0/4057 MB DedicatedVideo/DedicatedSystem/SharedSystem, Outputs:0, VendorId:0x1414
[2017.04.04-16.59.59:595][  0]LogD3D11RHI: Chosen D3D11 Adapter: 0
[2017.04.04-16.59.59:601][  0]LogD3D11RHI: Creating new Direct3DDevice
[2017.04.04-16.59.59:601][  0]LogD3D11RHI:     GPU DeviceId: 0x1392 (for the marketing name, search the web for "GPU Device Id")
[2017.04.04-16.59.59:601][  0]LogWindows: EnumDisplayDevices:
[2017.04.04-16.59.59:601][  0]LogWindows:    0. 'Intel(R) HD Graphics 4600' (P:0 D:0)
[2017.04.04-16.59.59:601][  0]LogWindows:    1. 'Intel(R) HD Graphics 4600' (P:1 D:1)
[2017.04.04-16.59.59:601][  0]LogWindows:    2. 'Intel(R) HD Graphics 4600' (P:0 D:0)
[2017.04.04-16.59.59:601][  0]LogWindows: DebugString: PrimaryIsNotTheChoosenAdapter PrimaryIsNotTheChoosenAdapter PrimaryIsNotTheChoosenAdapter FoundDriverCount:0 
[2017.04.04-16.59.59:601][  0]LogD3D11RHI:     Adapter Name: NVIDIA GeForce GTX 860M
[2017.04.04-16.59.59:601][  0]LogD3D11RHI:   Driver Version: Unknown (internal:Unknown, unified:Unknown)
[2017.04.04-16.59.59:601][  0]LogD3D11RHI:      Driver Date: Unknown
[2017.04.04-16.59.59:601][  0]LogRHI: Texture pool is 1361 MB (70% of 1945 MB)
[2017.04.04-16.59.59:614][  0]LogD3D11RHI: Async texture creation enabled
[2017.04.04-16.59.59:625][  0]LogD3D11RHI: GPU Timing Frequency: 1000.000000 (Debug: 2 1)
[2017.04.04-16.59.59:626][  0]LogShaderCompilers: Guid format shader working directory is 13 characters bigger than the processId version (../../../../../PTSD/PTSD-Project/PTSD/Intermediate/Shaders/WorkingDirectory/5432/).
[2017.04.04-16.59.59:626][  0]LogShaderCompilers: Cleaned the shader compiler working directory 'C:/Users/inner_000/AppData/Local/Temp/UnrealShaderWorkingDir/A3982FA541C602D9D679D9AC5F9159E0/'.
[2017.04.04-16.59.59:626][  0]LogShaderCompilers:Display: Using Local Shader Compiler.
[2017.04.04-17.00.03:161][  0]LogTemp:Display: Loaded TP AllDesktopTargetPlatform
[2017.04.04-17.00.03:214][  0]LogTemp:Display: Loaded TP MacClientTargetPlatform
[2017.04.04-17.00.03:268][  0]LogTemp:Display: Loaded TP MacNoEditorTargetPlatform
[2017.04.04-17.00.03:321][  0]LogTemp:Display: Loaded TP MacServerTargetPlatform
[2017.04.04-17.00.03:406][  0]LogTemp:Display: Loaded TP MacTargetPlatform
[2017.04.04-17.00.03:457][  0]LogTemp:Display: Loaded TP WindowsClientTargetPlatform
[2017.04.04-17.00.03:510][  0]LogTemp:Display: Loaded TP WindowsNoEditorTargetPlatform
[2017.04.04-17.00.03:560][  0]LogTemp:Display: Loaded TP WindowsServerTargetPlatform
[2017.04.04-17.00.03:608][  0]LogTemp:Display: Loaded TP WindowsTargetPlatform
[2017.04.04-17.00.03:679][  0]LogTemp:Display: Loaded TP AndroidTargetPlatform
[2017.04.04-17.00.03:734][  0]LogTemp:Display: Loaded TP Android_ASTCTargetPlatform
[2017.04.04-17.00.03:790][  0]LogTemp:Display: Loaded TP Android_ATCTargetPlatform
[2017.04.04-17.00.03:845][  0]LogTemp:Display: Loaded TP Android_DXTTargetPlatform
[2017.04.04-17.00.03:899][  0]LogTemp:Display: Loaded TP Android_ETC1TargetPlatform
[2017.04.04-17.00.03:955][  0]LogTemp:Display: Loaded TP Android_ETC2TargetPlatform
[2017.04.04-17.00.04:064][  0]LogTemp:Display: Loaded TP Android_MultiTargetPlatform
[2017.04.04-17.00.04:064][  0]LogTemp:Display: Loaded TP Android_PVRTCTargetPlatform
[2017.04.04-17.00.04:103][  0]LogTemp:Display: Loaded TP HTML5TargetPlatform
[2017.04.04-17.00.04:252][  0]LogTemp:Display: Loaded TP IOSTargetPlatform
[2017.04.04-17.00.04:287][  0]LogTemp:Display: Loaded TP TVOSTargetPlatform
[2017.04.04-17.00.04:343][  0]LogTemp:Display: Loaded TP LinuxClientTargetPlatform
[2017.04.04-17.00.04:396][  0]LogTemp:Display: Loaded TP LinuxNoEditorTargetPlatform
[2017.04.04-17.00.04:449][  0]LogTemp:Display: Loaded TP LinuxServerTargetPlatform
[2017.04.04-17.00.04:506][  0]LogTemp:Display: Loaded TP LinuxTargetPlatform
[2017.04.04-17.00.04:506][  0]LogTargetPlatformManager:Display: Building Assets For Windows
[2017.04.04-17.00.04:979][  0]LogDerivedDataCache:Display: Max Cache Size: 512 MB
[2017.04.04-17.00.07:847][  0]LogDerivedDataCache: Loaded boot cache 2.87s 50MB C:/Users/inner_000/AppData/Local/UnrealEngine/4.15/DerivedDataCache/Boot.ddc.
[2017.04.04-17.00.07:847][  0]LogDerivedDataCache:Display: Loaded Boot cache: C:/Users/inner_000/AppData/Local/UnrealEngine/4.15/DerivedDataCache/Boot.ddc
[2017.04.04-17.00.07:847][  0]LogDerivedDataCache: FDerivedDataBackendGraph:  Pak pak cache file ../../../../../PTSD/PTSD-Project/PTSD/DerivedDataCache/DDC.ddp not found, will not use a pak cache.
[2017.04.04-17.00.07:847][  0]LogDerivedDataCache: Unable to find inner node Pak for hierarchical cache Hierarchy.
[2017.04.04-17.00.07:847][  0]LogDerivedDataCache: FDerivedDataBackendGraph:  CompressedPak pak cache file ../../../../../PTSD/PTSD-Project/PTSD/DerivedDataCache/Compressed.ddp not found, will not use a pak cache.
[2017.04.04-17.00.07:847][  0]LogDerivedDataCache: Unable to find inner node CompressedPak for hierarchical cache Hierarchy.
[2017.04.04-17.00.07:866][  0]LogDerivedDataCache:Display: Pak cache opened for reading ../../../Engine/DerivedDataCache/Compressed.ddp.
[2017.04.04-17.00.07:878][  0]LogDerivedDataCache: Using Local data cache path C:/Users/inner_000/AppData/Local/UnrealEngine/Common/DerivedDataCache: Writable
[2017.04.04-17.00.07:889][  0]LogSlate: Using Freetype 2.6.0
[2017.04.04-17.00.07:907][  0]LogSlate: SlateFontCache - WITH_FREETYPE: 1, WITH_HARFBUZZ: 1
[2017.04.04-17.00.07:907][  0]LogSlate: SlateFontCache - WITH_FREETYPE: 1, WITH_HARFBUZZ: 1
[2017.04.04-17.00.15:312][  0]LogInit: Selected Device Profile: [Windows]
[2017.04.04-17.00.15:314][  0]LogContentStreaming: Texture pool size is 0.00 MB
[2017.04.04-17.00.15:682][  0]LogMeshUtilities: Using QuadricMeshReduction for automatic static mesh reduction
[2017.04.04-17.00.15:725][  0]LogSimplygon: Simplygon DLL not present - disabling.
[2017.04.04-17.00.15:773][  0]LogMeshUtilities: Using SimplygonSwarm for distributed automatic mesh merging
[2017.04.04-17.00.15:773][  0]LogMeshUtilities: No automatic skeletal mesh reduction module available
[2017.04.04-17.00.15:773][  0]LogMeshUtilities: No automatic mesh merging module available
[2017.04.04-17.00.17:581][  0]LogNetVersion: GetLocalNetworkVersion: CL: 3299760, ProjectName: ptsd, ProjectVersion: , EngineNetworkVersion: 2, GameNetworkVersion: 0, NetworkChecksum: 1176372723
[2017.04.04-17.00.17:631][  0]LogAssetRegistry: FAssetRegistry took 0.0228 seconds to start up
[2017.04.04-17.00.17:684][  0]LogPackageLocalizationCache: Processed 3 localized package path(s) for 2 prioritized culture(s) in 0.024609 seconds
[2017.04.04-17.00.17:691][  0]LogUObjectArray: 32493 objects as part of root set at end of initial load.
[2017.04.04-17.00.17:691][  0]LogUObjectAllocator: 7077024 out of 0 bytes used by permanent object pool.
[2017.04.04-17.00.17:691][  0]LogUObjectArray: CloseDisregardForGC: 0/0 objects in disregard for GC pool
[2017.04.04-17.00.17:758][  0]LogInit: WinSock: version 1.1 (2.2), MaxSocks=32767, MaxUdp=65467
[2017.04.04-17.01.06:453][  0]LogTcpMessaging: Initializing TcpMessaging bridge
[2017.04.04-17.01.06:497][  0]LogUdpMessaging: Initializing bridge on interface 0.0.0.0:0 to multicast group 230.0.0.1:6666.
[2017.04.04-17.01.08:650][  0]LogMaterial: Uniform references updated for custom material expression Custom.
[2017.04.04-17.01.09:796][  0]SourceControl: Info Source control is disabled
[2017.04.04-17.01.09:932][  0]SourceControl: Info Source control is disabled
[2017.04.04-17.01.09:979][  0]SourceControl: Info Source control is disabled
[2017.04.04-17.01.10:027][  0]SourceControl: Info Source control is disabled
[2017.04.04-17.01.12:238][  0]LogEngine: Initializing Engine...
[2017.04.04-17.01.12:753][  0]LogHMD: Failed to initialize OpenVR with code 108
[2017.04.04-17.01.14:276][  0]LogAIModule: Creating AISystem for world Untitled
[2017.04.04-17.01.14:282][  0]LogInit: XAudio2 using 'Speakers (Realtek High Definition Audio)' : 2 channels at 48 kHz using 32 bits per sample (channel mask 0x3)
[2017.04.04-17.01.14:330][  0]LogInit: FAudioDevice initialized.
[2017.04.04-17.01.14:365][  0]LogDerivedDataCache: Saved boot cache 0.04s 50MB C:/Users/inner_000/AppData/Local/UnrealEngine/4.15/DerivedDataCache/Boot.ddc.
[2017.04.04-17.01.14:376][  0]LogInit: Texture streaming: Enabled
[2017.04.04-17.01.14:476][  0]LogEngineSessionManager: EngineSessionManager initialized
[2017.04.04-17.01.14:568][  0]LogInit: Transaction tracking system initialized
[2017.04.04-17.01.14:923][  0]BlueprintLog: New page: Editor Load
[2017.04.04-17.01.15:904][  0]LocalizationService: Info Localization service is disabled
[2017.04.04-17.01.16:848][  0]LogConsoleResponse:Display: 
[2017.04.04-17.01.18:478][  0]LogCook:Display: Max memory allowance for cook 16384mb min free memory 0mb
[2017.04.04-17.01.18:478][  0]LogCook:Display: Mobile HDR setting 0
[2017.04.04-17.01.19:569][  0]LogFileCache: Scanning file cache for directory 'C:/PTSD/PTSD-Project/PTSD/Content/' took 0.01s
[2017.04.04-17.01.19:633][  0]SourceControl: Info Source control is disabled
[2017.04.04-17.01.19:634][  0]Cmd: MAP LOAD FILE="../../../Engine/Content/Maps/Templates/Template_Default.umap" TEMPLATE=1 SHOWPROGRESS=1 FEATURELEVEL=3
[2017.04.04-17.01.19:634][  0]LightingResults: New page: Lighting Build
[2017.04.04-17.01.19:674][  0]MapCheck: New page: Map Check
[2017.04.04-17.01.19:674][  0]LightingResults: New page: Lighting Build
[2017.04.04-17.01.20:270][  0]LogAIModule: Creating AISystem for world Untitled_1
[2017.04.04-17.01.20:289][  0]LogActorComponent: RegisterComponentWithWorld: (/Temp/Untitled_1.Untitled_1:PersistentLevel.WorldSettings_1.StaticMeshComponent0) Trying to register component with IsPendingKill() == true. Aborting.
[2017.04.04-17.01.20:314][  0]LogEditorServer: Finished looking for orphan Actors (0.000 secs)
[2017.04.04-17.01.20:317][  0]Cmd: MAP CHECKDEP NOCLEARLOG
[2017.04.04-17.01.20:356][  0]MapCheck: Info Map check complete: 0 Error(s), 0 Warning(s), took 39.434ms to complete.
[2017.04.04-17.01.20:356][  0]LogFileHelpers: Loading map 'Template_Default' took 0.723
[2017.04.04-17.01.20:815][  0]LogCollectionManager: Loaded 0 collections in 0.002295 seconds
[2017.04.04-17.01.20:896][  0]LogFileCache: Scanning file cache for directory 'C:/PTSD/PTSD-Project/PTSD/Saved/Collections/' took 0.01s
[2017.04.04-17.01.20:896][  0]LogFileCache: Scanning file cache for directory 'C:/PTSD/PTSD-Project/PTSD/Content/Developers/inner000/Collections/' took 0.01s
[2017.04.04-17.01.20:896][  0]LogFileCache: Scanning file cache for directory 'C:/PTSD/PTSD-Project/PTSD/Content/Collections/' took 0.01s
[2017.04.04-17.01.20:896][  0]LogCollectionManager: Rebuilt the GUID cache for 0 collections in 0.000002 seconds
[2017.04.04-17.01.20:905][  0]LogContentBrowser: Native class hierarchy populated in 0.0092 seconds. Added 2247 classes and 458 folders.
[2017.04.04-17.01.20:940][  0]LogStats: UGameplayTagsManager::ConstructGameplayTagTree: Construct from data asset -  0.000 s
[2017.04.04-17.01.20:940][  0]LogStats: UGameplayTagsManager::ConstructGameplayTagTree: GameplayTagTreeChangedEvent.Broadcast -  0.000 s
[2017.04.04-17.01.21:005][  0]LogContentBrowser: Native class hierarchy updated for 'WidgetCarousel' in 0.0005 seconds. Added 0 classes and 0 folders.
[2017.04.04-17.01.22:643][  0]LogContentBrowser: Native class hierarchy updated for 'AddContentDialog' in 0.0005 seconds. Added 0 classes and 0 folders.
[2017.04.04-17.01.22:692][  0]LogCrashTracker: Crashtracker disabled due to settings.
[2017.04.04-17.01.22:698][  0]LogUObjectGlobals:Warning: Failed to find object 'Class None.'
[2017.04.04-17.01.22:770][  0]LogContentBrowser: Native class hierarchy updated for 'HierarchicalLODOutliner' in 0.0005 seconds. Added 1 classes and 2 folders.
[2017.04.04-17.01.22:770][  0]LogLoad: (Engine Initialization) Total time: 90.74 seconds
[2017.04.04-17.01.22:770][  0]LogLoad: (Engine Initialization) Total Blueprint compile time: 0.18 seconds
[2017.04.04-17.01.22:770][  0]LogExternalProfiler: Found external profiler: VSPerf
[2017.04.04-17.01.22:770][  0]LogExternalProfiler: Using external profiler: VSPerf
[2017.04.04-17.01.22:780][  0]LogOcInput: OculusInput pre-init called
[2017.04.04-17.01.23:269][  0]LogContentStreaming: Texture pool size now 1000 MB
[2017.04.04-17.01.23:270][  0]LogSlate: Took 0.000208 seconds to synchronously load lazily loaded font '../../../Engine/Content/Slate/Fonts/Roboto-Regular.ttf' (155K)
[2017.04.04-17.01.23:275][  0]LogSlate: Took 0.000332 seconds to synchronously load lazily loaded font '../../../Engine/Content/Slate/Fonts/Roboto-Bold.ttf' (160K)
[2017.04.04-17.01.23:483][  0]LogSlate: Took 0.204266 seconds to synchronously load lazily loaded font '../../../Engine/Content/Editor/Slate/Fonts/FontAwesome.ttf' (139K)
[2017.04.04-17.01.23:732][  0]LogRenderer: Reallocating scene render targets to support 1184x896 NumSamples 1 (Frame:2).
[2017.04.04-17.01.28:977][597]LogAssetRegistry: Asset discovery search completed in 71.3694 seconds
[2017.04.04-17.01.28:977][597]LogCollectionManager: Rebuilt the object cache for 0 collections in 0.000008 seconds (found 0 objects)
[2017.04.04-17.01.28:977][597]LogCollectionManager: Fixed up redirectors for 0 collections in 0.000021 seconds (updated 0 objects)
[2017.04.04-17.01.30:439][766]LogSlate: Took 0.000201 seconds to synchronously load lazily loaded font '../../../Engine/Content/Slate/Fonts/Roboto-Light.ttf' (159K)
[2017.04.04-17.01.36:395][475]LogSlate: Took 0.000156 seconds to synchronously load lazily loaded font '../../../Engine/Content/Slate/Fonts/Roboto-Light.ttf' (159K)
[2017.04.04-17.01.36:750][475]LogAIModule: Creating AISystem for world Prototype
[2017.04.04-17.01.36:778][475]Cmd: MAP LOAD FILE="../../../../../PTSD/PTSD-Project/PTSD/Content/Maps/Prototype.umap" TEMPLATE=0 SHOWPROGRESS=1 FEATURELEVEL=3
[2017.04.04-17.01.36:778][475]LightingResults: New page: Lighting Build
[2017.04.04-17.01.36:779][475]LoadErrors: New page: Loading map: Prototype.umap
[2017.04.04-17.01.36:788][475]MapCheck: New page: Map Check
[2017.04.04-17.01.36:788][475]LightingResults: New page: Lighting Build
[2017.04.04-17.01.36:913][475]LogEditorServer: Finished looking for orphan Actors (0.000 secs)
[2017.04.04-17.01.36:936][475]Cmd: MAP CHECKDEP NOCLEARLOG
[2017.04.04-17.01.36:977][475]MapCheck: Info Map check complete: 0 Error(s), 0 Warning(s), took 40.639ms to complete.
[2017.04.04-17.01.36:977][475]LogFileHelpers: Loading map 'Prototype' took 0.200
[2017.04.04-17.01.44:275][300]LogAIModule: Creating AISystem for world MainMenu
[2017.04.04-17.01.46:075][300]Cmd: MAP LOAD FILE="../../../../../PTSD/PTSD-Project/PTSD/Content/Maps/MainMenu.umap" TEMPLATE=0 SHOWPROGRESS=1 FEATURELEVEL=3
[2017.04.04-17.01.46:076][300]LightingResults: New page: Lighting Build
[2017.04.04-17.01.46:077][300]LoadErrors: New page: Loading map: MainMenu.umap
[2017.04.04-17.01.46:131][300]MapCheck: New page: Map Check
[2017.04.04-17.01.46:131][300]LightingResults: New page: Lighting Build
[2017.04.04-17.01.46:213][300]LogEditorServer: Finished looking for orphan Actors (0.000 secs)
[2017.04.04-17.01.46:237][300]Cmd: MAP CHECKDEP NOCLEARLOG
[2017.04.04-17.01.46:278][300]MapCheck: Info Map check complete: 0 Error(s), 0 Warning(s), took 41.734ms to complete.
[2017.04.04-17.01.46:279][300]LogFileHelpers: Loading map 'MainMenu' took 0.205
[2017.04.04-17.01.46:280][300]LogSlate: Took 0.000161 seconds to synchronously load lazily loaded font '../../../Engine/Content/Slate/Fonts/Roboto-Regular.ttf' (155K)
[2017.04.04-17.01.48:684][583]LogAIModule: Creating AISystem for world BSP
[2017.04.04-17.01.48:694][583]Cmd: MAP LOAD FILE="../../../../../PTSD/PTSD-Project/PTSD/Content/Maps/BSP.umap" TEMPLATE=0 SHOWPROGRESS=1 FEATURELEVEL=3
[2017.04.04-17.01.48:694][583]LightingResults: New page: Lighting Build
[2017.04.04-17.01.48:696][583]LoadErrors: New page: Loading map: BSP.umap
[2017.04.04-17.01.48:698][583]MapCheck: New page: Map Check
[2017.04.04-17.01.48:698][583]LightingResults: New page: Lighting Build
[2017.04.04-17.01.48:789][583]LogEditorServer: Finished looking for orphan Actors (0.000 secs)
[2017.04.04-17.01.48:813][583]Cmd: MAP CHECKDEP NOCLEARLOG
[2017.04.04-17.01.48:853][583]MapCheck: Info Map check complete: 0 Error(s), 0 Warning(s), took 39.776ms to complete.
[2017.04.04-17.01.48:853][583]LogFileHelpers: Loading map 'BSP' took 0.159
[2017.04.04-17.01.51:114][844]LogAIModule: Creating AISystem for world Prototype
[2017.04.04-17.01.51:127][844]Cmd: MAP LOAD FILE="../../../../../PTSD/PTSD-Project/PTSD/Content/Maps/Prototype.umap" TEMPLATE=0 SHOWPROGRESS=1 FEATURELEVEL=3
[2017.04.04-17.01.51:127][844]LightingResults: New page: Lighting Build
[2017.04.04-17.01.51:129][844]LoadErrors: New page: Loading map: Prototype.umap
[2017.04.04-17.01.51:130][844]MapCheck: New page: Map Check
[2017.04.04-17.01.51:130][844]LightingResults: New page: Lighting Build
[2017.04.04-17.01.51:241][844]LogEditorServer: Finished looking for orphan Actors (0.000 secs)
[2017.04.04-17.01.51:265][844]Cmd: MAP CHECKDEP NOCLEARLOG
[2017.04.04-17.01.51:304][844]MapCheck: Info Map check complete: 0 Error(s), 0 Warning(s), took 38.996ms to complete.
[2017.04.04-17.01.51:304][844]LogFileHelpers: Loading map 'Prototype' took 0.177
[2017.04.04-17.02.14:694][766]LogContentBrowser: Native class hierarchy updated for 'BlueprintGraph' in 0.0010 seconds. Added 112 classes and 0 folders.
[2017.04.04-17.02.17:556][766]LogSlate: Took 0.024382 seconds to synchronously load lazily loaded font '../../../Engine/Content/Editor/Slate/Fonts/Roboto-BoldCondensed.ttf' (158K)
[2017.04.04-17.02.19:005][767]LogSlate: Took 0.016618 seconds to synchronously load lazily loaded font '../../../Engine/Content/Editor/Slate/Fonts/Roboto-Italic.ttf' (157K)
[2017.04.04-17.03.49:319][603]LogBlueprint:Warning: [VRPawn] 'Interacting' variable not found. Base class was probably changed.
[2017.04.04-17.03.49:319][603]LogBlueprint:Warning: [VRPawn] 'Interacting' variable not found. Base class was probably changed.
[2017.04.04-17.03.49:320][603]LogBlueprint:Warning: [VRPawn] 'SaveText' variable not found. Base class was probably changed.
[2017.04.04-17.03.49:320][603]LogBlueprint:Warning: [VRPawn] 'SaveText' variable not found. Base class was probably changed.
[2017.04.04-17.03.49:320][603]LogBlueprint:Warning: [VRPawn] 'SaveText' variable not found. Base class was probably changed.
[2017.04.04-17.03.49:320][603]LogBlueprint:Warning: [VRPawn] 'SaveText' variable not found. Base class was probably changed.
[2017.04.04-17.03.49:320][603]LogBlueprint:Warning: [VRPawn] 'SaveText' variable not found. Base class was probably changed.
[2017.04.04-17.03.49:320][603]LogBlueprint:Warning: [VRPawn] 'SaveText' variable not found. Base class was probably changed.
[2017.04.04-17.03.49:320][603]LogBlueprint:Warning: [VRPawn] 'SaveText' variable not found. Base class was probably changed.
[2017.04.04-17.03.49:320][603]LogBlueprint:Warning: [VRPawn] 'SaveText' variable not found. Base class was probably changed.
[2017.04.04-17.03.49:320][603]LogBlueprint:Warning: [VRPawn] 'SaveText' variable not found. Base class was probably changed.
[2017.04.04-17.03.49:320][603]LogBlueprint:Warning: [VRPawn] 'SaveText' variable not found. Base class was probably changed.
[2017.04.04-17.03.49:320][603]LogBlueprint:Warning: [VRPawn] 'SaveText' variable not found. Base class was probably changed.
[2017.04.04-17.03.49:320][603]LogBlueprint:Warning: [VRPawn] 'SaveText' variable not found. Base class was probably changed.
[2017.04.04-17.03.49:320][603]LogBlueprint:Warning: [VRPawn] 'SaveText' variable not found. Base class was probably changed.
[2017.04.04-17.03.49:320][603]LogBlueprint:Warning: [VRPawn] 'SaveText' variable not found. Base class was probably changed.
[2017.04.04-17.03.49:320][603]LogBlueprint:Warning: [VRPawn] 'SaveText' variable not found. Base class was probably changed.
[2017.04.04-17.03.49:320][603]LogBlueprint:Warning: [VRPawn] 'SaveText' variable not found. Base class was probably changed.
[2017.04.04-17.03.49:320][603]LogBlueprint:Warning: [VRPawn] 'SaveText' variable not found. Base class was probably changed.
[2017.04.04-17.03.49:320][603]LogBlueprint:Warning: [VRPawn] 'SaveText' variable not found. Base class was probably changed.
[2017.04.04-17.04.05:902][ 15]LogD3D11RHI: Timed out while waiting for GPU to catch up. (0.5 s)
[2017.04.04-17.04.19:657][174]LogBlueprint:Warning: [VRPawn] 'Holder' variable not found. Base class was probably changed.
[2017.04.04-17.04.19:672][174]LogBlueprint:Warning: [VRPawn] 'Interacted Object' variable not found. Base class was probably changed.
[2017.04.04-17.04.19:672][174]LogBlueprint:Warning: [VRPawn] 'Interacted Object' variable not found. Base class was probably changed.
[2017.04.04-17.04.19:672][174]LogBlueprint:Warning: [VRPawn] 'Interacting' variable not found. Base class was probably changed.
[2017.04.04-17.04.19:672][174]LogBlueprint:Warning: [VRPawn] 'Interacting' variable not found. Base class was probably changed.
[2017.04.04-17.04.19:672][174]LogBlueprint:Warning: [VRPawn] 'Interacting' variable not found. Base class was probably changed.
[2017.04.04-17.05.44:203][ 91]BlueprintLog: New page: Compile VRPawn
[2017.04.04-17.05.44:311][ 91]LogBlueprint:Error: [Compiler VRPawn] Error The type of  Object  is undetermined.  Connect something to  Cast To DecisionUI  to imply a specific type.
[2017.04.04-17.05.44:311][ 91]LogBlueprint:Error: [Compiler VRPawn] Error The type of  Object  is undetermined.  Connect something to  Cast To Ball  to imply a specific type.
[2017.04.04-17.05.44:320][ 91]LogBlueprint:Error: [Compiler VRPawn] Error The current value of the ' Object ' pin is invalid: Unsupported type Wildcard on pin Object
[2017.04.04-17.05.44:320][ 91]LogBlueprint:Error: [Compiler VRPawn] Error The current value of the ' Object ' pin is invalid: Unsupported type Wildcard on pin Object
[2017.04.04-17.05.45:142][ 91]BlueprintEditorCompileResults:Error: Error The type of  Object  is undetermined.  Connect something to  Cast To DecisionUI  to imply a specific type.
[2017.04.04-17.05.45:142][ 91]BlueprintEditorCompileResults:Error: Error The type of  Object  is undetermined.  Connect something to  Cast To Ball  to imply a specific type.
[2017.04.04-17.05.45:142][ 91]BlueprintEditorCompileResults:Error: Error The current value of the ' Object ' pin is invalid: Unsupported type Wildcard on pin Object
[2017.04.04-17.05.45:142][ 91]BlueprintEditorCompileResults:Error: Error The current value of the ' Object ' pin is invalid: Unsupported type Wildcard on pin Object
[2017.04.04-17.05.45:143][ 91]LogBlueprint:Warning: [Compiler VRPawn] Warning [0353.12] Compile of VRPawn failed. 4 Fatal Issue(s) 0 Warning(s) [in 939 ms] (/Game/Blueprints/VRPawn.VRPawn)
[2017.04.04-17.05.54:203][ 75]BlueprintLog: New page: Compile VRPawn
[2017.04.04-17.05.55:081][129]Cmd: OBJ SAVEPACKAGE PACKAGE="/Game/Blueprints/VRPawn" FILE="../../../../../PTSD/PTSD-Project/PTSD/Content/Blueprints/VRPawn.uasset" SILENT=true
[2017.04.04-17.05.55:340][129]LogSavePackage: Save=220.09ms
[2017.04.04-17.05.55:340][129]LogSavePackage: Moving '../../../../../PTSD/PTSD-Project/PTSD/Saved/VRPawn5ADF32494959880983C1389423965683.tmp' to '../../../../../PTSD/PTSD-Project/PTSD/Content/Blueprints/VRPawn.uasset'
[2017.04.04-17.05.55:342][129]LogSavePackage:Display: Finished SavePackage ../../../../../PTSD/PTSD-Project/PTSD/Content/Blueprints/VRPawn.uasset
[2017.04.04-17.06.04:699][949]Cmd: OBJ SAVEPACKAGE PACKAGE="/Game/Blueprints/VRPawn" FILE="../../../../../PTSD/PTSD-Project/PTSD/Content/Blueprints/VRPawn.uasset" SILENT=true
[2017.04.04-17.06.04:765][949]LogSavePackage: Save=59.20ms
[2017.04.04-17.06.04:765][949]LogSavePackage: Moving '../../../../../PTSD/PTSD-Project/PTSD/Saved/VRPawn95CCDCB34A5AFFB4597F6DB0D07CD50D.tmp' to '../../../../../PTSD/PTSD-Project/PTSD/Content/Blueprints/VRPawn.uasset'
[2017.04.04-17.06.04:766][949]LogSavePackage:Display: Finished SavePackage ../../../../../PTSD/PTSD-Project/PTSD/Content/Blueprints/VRPawn.uasset
[2017.04.04-17.06.13:425][769]Cmd: OBJ SAVEPACKAGE PACKAGE="/Game/Blueprints/VRPawn" FILE="../../../../../PTSD/PTSD-Project/PTSD/Content/Blueprints/VRPawn.uasset" SILENT=true
[2017.04.04-17.06.13:491][769]LogSavePackage: Save=60.04ms
[2017.04.04-17.06.13:491][769]LogSavePackage: Moving '../../../../../PTSD/PTSD-Project/PTSD/Saved/VRPawn8AE40D1249AD59A4F472B3A42DA6EBB7.tmp' to '../../../../../PTSD/PTSD-Project/PTSD/Content/Blueprints/VRPawn.uasset'
[2017.04.04-17.06.13:492][769]LogSavePackage:Display: Finished SavePackage ../../../../../PTSD/PTSD-Project/PTSD/Content/Blueprints/VRPawn.uasset
[2017.04.04-17.06.26:393][557]LogActorComponent: UnregisterComponent: (/Engine/Transient.EditorFloorComp) Not registered. Aborting.
[2017.04.04-17.06.26:675][558]Cmd: QUIT_EDITOR
[2017.04.04-17.06.26:708][558]LogWindowsTextInputMethodSystem:Display: IME system now deactivated.
[2017.04.04-17.06.26:732][558]LogExit: Preparing to exit.
[2017.04.04-17.06.27:786][558]LogDirectoryWatcher: A directory notification for 'C:/PTSD/PTSD-Project/PTSD/Content/' was aborted.
[2017.04.04-17.06.27:823][558]LogExit: Editor shut down
[2017.04.04-17.06.27:823][558]LogExit: Transaction tracking system shut down
[2017.04.04-17.06.27:921][558]LogObj: Freed 0b from 0 cluster array pools.
[2017.04.04-17.06.27:921][558]LogExit: Object subsystem successfully closed.
[2017.04.04-17.06.27:938][558]LogD3D11RHI: Shutdown
[2017.04.04-17.06.27:938][558]LogD3D11RHI: CleanupD3DDevice
[2017.04.04-17.06.28:028][558]LogD3D11RHI: ~FD3D11DynamicRHI
[2017.04.04-17.06.28:066][558]LogModuleManager: Shutting down and abandoning module BlueprintGraph (504)
[2017.04.04-17.06.28:066][558]LogModuleManager: Shutting down and abandoning module BlueprintProfiler (502)
[2017.04.04-17.06.28:077][558]LogModuleManager: Shutting down and abandoning module HierarchicalLODOutliner (500)
[2017.04.04-17.06.28:077][558]LogModuleManager: Shutting down and abandoning module CrashTracker (498)
[2017.04.04-17.06.28:077][558]LogModuleManager: Shutting down and abandoning module AddContentDialog (496)
[2017.04.04-17.06.28:077][558]LogDirectoryWatcher: A directory notification for 'C:/Games/UE_4.15/FeaturePacks/' was aborted.
[2017.04.04-17.06.28:078][558]LogModuleManager: Shutting down and abandoning module WidgetCarousel (495)
[2017.04.04-17.06.28:078][558]LogModuleManager: Shutting down and abandoning module EditorWidgets (492)
[2017.04.04-17.06.28:078][558]LogModuleManager: Shutting down and abandoning module CollectionManager (490)
[2017.04.04-17.06.28:078][558]LogDirectoryWatcher: A directory notification for 'C:/PTSD/PTSD-Project/PTSD/Content/Collections/' was aborted.
[2017.04.04-17.06.28:078][558]LogDirectoryWatcher: A directory notification for 'C:/PTSD/PTSD-Project/PTSD/Content/Developers/inner000/Collections/' was aborted.
[2017.04.04-17.06.28:078][558]LogDirectoryWatcher: A directory notification for 'C:/PTSD/PTSD-Project/PTSD/Saved/Collections/' was aborted.
[2017.04.04-17.06.28:078][558]LogModuleManager: Shutting down and abandoning module SceneOutliner (488)
[2017.04.04-17.06.28:078][558]LogModuleManager: Shutting down and abandoning module WorldBrowser (486)
[2017.04.04-17.06.28:078][558]LogModuleManager: Shutting down and abandoning module StatsViewer (484)
[2017.04.04-17.06.28:078][558]LogModuleManager: Shutting down and abandoning module FoliageEdit (482)
[2017.04.04-17.06.28:078][558]LogModuleManager: Shutting down and abandoning module LandscapeEditor (480)
[2017.04.04-17.06.28:078][558]LogModuleManager: Shutting down and abandoning module SceneDepthPickerMode (478)
[2017.04.04-17.06.28:078][558]LogModuleManager: Shutting down and abandoning module ActorPickerMode (476)
[2017.04.04-17.06.28:078][558]LogModuleManager: Shutting down and abandoning module GeometryMode (474)
[2017.04.04-17.06.28:078][558]LogModuleManager: Shutting down and abandoning module TextureAlignMode (472)
[2017.04.04-17.06.28:078][558]LogModuleManager: Shutting down and abandoning module BspMode (470)
[2017.04.04-17.06.28:078][558]LogModuleManager: Shutting down and abandoning module HardwareSurvey (468)
[2017.04.04-17.06.28:078][558]LogModuleManager: Shutting down and abandoning module SequenceRecorderSections (466)
[2017.04.04-17.06.28:078][558]LogModuleManager: Shutting down and abandoning module AutomationWorker (464)
[2017.04.04-17.06.28:078][558]LogModuleManager: Shutting down and abandoning module MatineeToLevelSequence (462)
[2017.04.04-17.06.28:078][558]LogModuleManager: Shutting down and abandoning module LevelSequenceEditor (460)
[2017.04.04-17.06.28:078][558]LogModuleManager: Shutting down and abandoning module PlacementMode (459)
[2017.04.04-17.06.28:078][558]LogModuleManager: Shutting down and abandoning module WmfMediaFactory (456)
[2017.04.04-17.06.28:078][558]LogModuleManager: Shutting down and abandoning module WmfMediaEditor (454)
[2017.04.04-17.06.28:078][558]LogModuleManager: Shutting down and abandoning module MfMediaFactory (452)
[2017.04.04-17.06.28:078][558]LogModuleManager: Shutting down and abandoning module MfMediaEditor (450)
[2017.04.04-17.06.28:078][558]LogModuleManager: Shutting down and abandoning module AvfMediaFactory (448)
[2017.04.04-17.06.28:078][558]LogModuleManager: Shutting down and abandoning module AvfMediaEditor (446)
[2017.04.04-17.06.28:078][558]LogModuleManager: Shutting down and abandoning module AndroidMediaFactory (444)
[2017.04.04-17.06.28:078][558]LogModuleManager: Shutting down and abandoning module Media (443)
[2017.04.04-17.06.28:078][558]LogModuleManager: Shutting down and abandoning module AndroidMediaEditor (440)
[2017.04.04-17.06.28:078][558]LogModuleManager: Shutting down and abandoning module CharacterAI (438)
[2017.04.04-17.06.28:078][558]LogModuleManager: Shutting down and abandoning module AudioCapture (436)
[2017.04.04-17.06.28:078][558]LogModuleManager: Shutting down and abandoning module SequenceRecorder (435)
[2017.04.04-17.06.28:078][558]LogModuleManager: Shutting down and abandoning module SmartSnapping (432)
[2017.04.04-17.06.28:078][558]LogModuleManager: Shutting down and abandoning module SessionServices (430)
[2017.04.04-17.06.28:078][558]LogModuleManager: Shutting down and abandoning module ViewportSnapping (428)
[2017.04.04-17.06.28:078][558]LogModuleManager: Shutting down and abandoning module ViewportInteraction (426)
[2017.04.04-17.06.28:078][558]LogModuleManager: Shutting down and abandoning module LogVisualizer (424)
[2017.04.04-17.06.28:078][558]LogModuleManager: Shutting down and abandoning module IntroTutorials (422)
[2017.04.04-17.06.28:078][558]LogModuleManager: Shutting down and abandoning module GameProjectGeneration (421)
[2017.04.04-17.06.28:078][558]LogModuleManager: Shutting down and abandoning module EditorLiveStreaming (418)
[2017.04.04-17.06.28:078][558]LogModuleManager: Shutting down and abandoning module IOSPlatformEditor (416)
[2017.04.04-17.06.28:078][558]LogModuleManager: Shutting down and abandoning module HTML5PlatformEditor (414)
[2017.04.04-17.06.28:078][558]LogModuleManager: Shutting down and abandoning module AndroidPlatformEditor (412)
[2017.04.04-17.06.28:078][558]LogModuleManager: Shutting down and abandoning module AndroidDeviceDetection (411)
[2017.04.04-17.06.28:466][558]LogModuleManager: Shutting down and abandoning module IOSRuntimeSettings (408)
[2017.04.04-17.06.28:466][558]LogModuleManager: Shutting down and abandoning module AndroidRuntimeSettings (406)
[2017.04.04-17.06.28:466][558]LogModuleManager: Shutting down and abandoning module InputBindingEditor (404)
[2017.04.04-17.06.28:466][558]LogModuleManager: Shutting down and abandoning module NiagaraEditor (402)
[2017.04.04-17.06.28:466][558]LogModuleManager: Shutting down and abandoning module MergeActors (400)
[2017.04.04-17.06.28:466][558]LogModuleManager: Shutting down and abandoning module SizeMap (398)
[2017.04.04-17.06.28:466][558]LogModuleManager: Shutting down and abandoning module TreeMap (396)
[2017.04.04-17.06.28:466][558]LogModuleManager: Shutting down and abandoning module ReferenceViewer (394)
[2017.04.04-17.06.28:466][558]LogModuleManager: Shutting down and abandoning module LocalizationDashboard (392)
[2017.04.04-17.06.28:466][558]LogModuleManager: Shutting down and abandoning module LocalizationService (391)
[2017.04.04-17.06.28:466][558]LogModuleManager: Shutting down and abandoning module HardwareTargeting (388)
[2017.04.04-17.06.28:466][558]LogModuleManager: Shutting down and abandoning module DeviceProfileEditor (386)
[2017.04.04-17.06.28:466][558]LogModuleManager: Shutting down and abandoning module UndoHistory (384)
[2017.04.04-17.06.28:466][558]LogModuleManager: Shutting down and abandoning module UserFeedback (382)
[2017.04.04-17.06.28:466][558]LogModuleManager: Shutting down and abandoning module XmlParser (380)
[2017.04.04-17.06.28:466][558]LogModuleManager: Shutting down and abandoning module Blutility (378)
[2017.04.04-17.06.28:466][558]LogModuleManager: Shutting down and abandoning module ProjectSettingsViewer (376)
[2017.04.04-17.06.28:467][558]LogModuleManager: Shutting down and abandoning module ProjectTargetPlatformEditor (375)
[2017.04.04-17.06.28:467][558]LogModuleManager: Shutting down and abandoning module EditorSettingsViewer (372)
[2017.04.04-17.06.28:467][558]LogModuleManager: Shutting down and abandoning module SettingsEditor (370)
[2017.04.04-17.06.28:467][558]LogModuleManager: Shutting down and abandoning module ProjectLauncher (368)
[2017.04.04-17.06.28:467][558]LogModuleManager: Shutting down and abandoning module SessionFrontend (366)
[2017.04.04-17.06.28:467][558]LogModuleManager: Shutting down and abandoning module ProfilerClient (364)
[2017.04.04-17.06.28:467][558]LogModuleManager: Shutting down and abandoning module DeviceManager (362)
[2017.04.04-17.06.28:467][558]LogModuleManager: Shutting down and abandoning module TargetDeviceServices (361)
[2017.04.04-17.06.28:521][558]LogModuleManager: Shutting down and abandoning module AutomationController (358)
[2017.04.04-17.06.28:521][558]LogModuleManager: Shutting down and abandoning module AutomationWindow (356)
[2017.04.04-17.06.28:521][558]LogModuleManager: Shutting down and abandoning module Layers (354)
[2017.04.04-17.06.28:521][558]LogModuleManager: Shutting down and abandoning module ComponentVisualizers (352)
[2017.04.04-17.06.28:521][558]LogModuleManager: Shutting down and abandoning module DetailCustomizations (350)
[2017.04.04-17.06.28:521][558]LogModuleManager: Shutting down and abandoning module PackagesDialog (348)
[2017.04.04-17.06.28:521][558]LogModuleManager: Shutting down and abandoning module Persona (346)
[2017.04.04-17.06.28:521][558]LogModuleManager: Shutting down and abandoning module AnimGraph (345)
[2017.04.04-17.06.28:521][558]LogModuleManager: Shutting down and abandoning module Kismet (342)
[2017.04.04-17.06.28:527][558]LogModuleManager: Shutting down and abandoning module GraphEditor (340)
[2017.04.04-17.06.28:528][558]LogModuleManager: Shutting down and abandoning module ClassViewer (338)
[2017.04.04-17.06.28:528][558]LogModuleManager: Shutting down and abandoning module Toolbox (336)
[2017.04.04-17.06.28:528][558]LogModuleManager: Shutting down and abandoning module ModuleUI (334)
[2017.04.04-17.06.28:528][558]LogModuleManager: Shutting down and abandoning module MovieSceneTools (332)
[2017.04.04-17.06.28:528][558]LogModuleManager: Shutting down and abandoning module OutputLog (330)
[2017.04.04-17.06.28:528][558]LogModuleManager: Shutting down and abandoning module GammaUI (328)
[2017.04.04-17.06.28:528][558]LogModuleManager: Shutting down and abandoning module Documentation (326)
[2017.04.04-17.06.28:528][558]LogModuleManager: Shutting down and abandoning module Niagara (324)
[2017.04.04-17.06.28:528][558]LogModuleManager: Shutting down and abandoning module StreamingPauseRendering (322)
[2017.04.04-17.06.28:528][558]LogModuleManager: Shutting down and abandoning module AnalyticsET (320)
[2017.04.04-17.06.28:528][558]LogModuleManager: Shutting down and abandoning module PortalServices (318)
[2017.04.04-17.06.28:528][558]LogModuleManager: Shutting down and abandoning module PortalRpc (316)
[2017.04.04-17.06.28:528][558]LogModuleManager: Shutting down and abandoning module MessagingRpc (314)
[2017.04.04-17.06.28:528][558]LogModuleManager: Shutting down and abandoning module AIModule (312)
[2017.04.04-17.06.28:528][558]LogModuleManager: Shutting down and abandoning module GameplayDebugger (311)
[2017.04.04-17.06.28:528][558]LogModuleManager: Shutting down and abandoning module AITestSuite (309)
[2017.04.04-17.06.28:528][558]LogModuleManager: Shutting down and abandoning module ProfilerService (306)
[2017.04.04-17.06.28:734][558]LogModuleManager: Shutting down and abandoning module TaskGraph (304)
[2017.04.04-17.06.28:734][558]LogModuleManager: Shutting down and abandoning module SteamVRController (302)
[2017.04.04-17.06.28:734][558]LogModuleManager: Shutting down and abandoning module SteamVR (300)
[2017.04.04-17.06.28:734][558]LogModuleManager: Shutting down and abandoning module ProceduralMeshComponentEditor (298)
[2017.04.04-17.06.28:734][558]LogModuleManager: Shutting down and abandoning module ProceduralMeshComponent (296)
[2017.04.04-17.06.28:734][558]LogModuleManager: Shutting down and abandoning module OculusLibrary (294)
[2017.04.04-17.06.28:734][558]LogModuleManager: Shutting down and abandoning module OculusInput (292)
[2017.04.04-17.06.28:734][558]LogModuleManager: Shutting down and abandoning module MobilePatchingUtils (290)
[2017.04.04-17.06.28:734][558]LogModuleManager: Shutting down and abandoning module CustomMeshComponent (288)
[2017.04.04-17.06.28:734][558]LogModuleManager: Shutting down and abandoning module CableComponent (286)
[2017.04.04-17.06.28:734][558]LogModuleManager: Shutting down and abandoning module ArchVisCharacter (284)
[2017.04.04-17.06.28:734][558]LogModuleManager: Shutting down and abandoning module MediaPlayerEditor (280)
[2017.04.04-17.06.28:734][558]LogModuleManager: Shutting down and abandoning module HTML5Networking (278)
[2017.04.04-17.06.28:734][558]LogModuleManager: Shutting down and abandoning module AlembicImporter (276)
[2017.04.04-17.06.28:734][558]LogModuleManager: Shutting down and abandoning module AlembicLibrary (275)
[2017.04.04-17.06.28:734][558]LogModuleManager: Shutting down and abandoning module GeometryCache (274)
[2017.04.04-17.06.28:734][558]LogModuleManager: Shutting down and abandoning module GeometryCacheEd (273)
[2017.04.04-17.06.28:734][558]LogModuleManager: Shutting down and abandoning module SuperSearchEditor (268)
[2017.04.04-17.06.28:734][558]LogModuleManager: Shutting down and abandoning module SuperSearch (267)
[2017.04.04-17.06.28:734][558]LogModuleManager: Shutting down and abandoning module SpeedTreeImporter (264)
[2017.04.04-17.06.28:734][558]LogModuleManager: Shutting down and abandoning module PluginBrowser (262)
[2017.04.04-17.06.28:734][558]LogModuleManager: Shutting down and abandoning module MobileLauncherProfileWizard (260)
[2017.04.04-17.06.28:734][558]LogModuleManager: Shutting down and abandoning module EpicSurvey (258)
[2017.04.04-17.06.28:734][558]LogModuleManager: Shutting down and abandoning module VisualStudioSourceCodeAccess (256)
[2017.04.04-17.06.28:734][558]LogModuleManager: Shutting down and abandoning module DesktopPlatform (255)
[2017.04.04-17.06.28:734][558]LogModuleManager: Shutting down and abandoning module UObjectPlugin (252)
[2017.04.04-17.06.28:734][558]LogModuleManager: Shutting down and abandoning module SubversionSourceControl (250)
[2017.04.04-17.06.28:734][558]LogModuleManager: Shutting down and abandoning module PerforceSourceControl (248)
[2017.04.04-17.06.28:734][558]LogModuleManager: Shutting down and abandoning module GitSourceControl (246)
[2017.04.04-17.06.28:734][558]LogModuleManager: Shutting down and abandoning module SourceControl (245)
[2017.04.04-17.06.28:734][558]LogModuleManager: Shutting down and abandoning module LightPropagationVolumeEditor (242)
[2017.04.04-17.06.28:734][558]LogModuleManager: Shutting down and abandoning module PaperTiledImporter (240)
[2017.04.04-17.06.28:734][558]LogModuleManager: Shutting down and abandoning module PaperSpriteSheetImporter (238)
[2017.04.04-17.06.28:734][558]LogModuleManager: Shutting down and abandoning module Paper2DEditor (236)
[2017.04.04-17.06.28:735][558]LogModuleManager: Shutting down and abandoning module MeshPaint (235)
[2017.04.04-17.06.28:735][558]LogModuleManager: Shutting down and abandoning module LevelEditor (233)
[2017.04.04-17.06.28:735][558]LogModuleManager: Shutting down and abandoning module PixelInspectorModule (232)
[2017.04.04-17.06.28:735][558]LogModuleManager: Shutting down and abandoning module MainFrame (230)
[2017.04.04-17.06.28:735][558]LogModuleManager: Shutting down and abandoning module HotReload (229)
[2017.04.04-17.06.28:736][558]LogModuleManager: Shutting down and abandoning module ContentBrowser (225)
[2017.04.04-17.06.28:737][558]LogModuleManager: Shutting down and abandoning module PhysXVehiclesEditor (222)
[2017.04.04-17.06.28:737][558]LogModuleManager: Shutting down and abandoning module PhysXVehicles (220)
[2017.04.04-17.06.28:737][558]LogModuleManager: Shutting down and abandoning module LocationServicesBPLibrary (218)
[2017.04.04-17.06.28:737][558]LogModuleManager: Shutting down and abandoning module UdpMessaging (216)
[2017.04.04-17.06.28:838][558]LogModuleManager: Shutting down and abandoning module TcpMessaging (214)
[2017.04.04-17.06.28:938][558]LogModuleManager: Shutting down and abandoning module GameplayTagsEditor (212)
[2017.04.04-17.06.28:938][558]LogModuleManager: Shutting down and abandoning module FacialAnimationEditor (210)
[2017.04.04-17.06.28:938][558]LogModuleManager: Shutting down and abandoning module FacialAnimation (208)
[2017.04.04-17.06.28:938][558]LogModuleManager: Shutting down and abandoning module LightPropagationVolumeRuntime (206)
[2017.04.04-17.06.28:938][558]LogModuleManager: Shutting down and abandoning module Paper2D (204)
[2017.04.04-17.06.28:938][558]LogModuleManager: Shutting down and abandoning module WindowsMoviePlayer (202)
[2017.04.04-17.06.28:938][558]LogModuleManager: Shutting down and abandoning module WmfMedia (200)
[2017.04.04-17.06.28:938][558]LogModuleManager: Shutting down and abandoning module MfMedia (198)
[2017.04.04-17.06.28:938][558]LogModuleManager: Shutting down and abandoning module MediaAssets (196)
[2017.04.04-17.06.28:938][558]LogModuleManager: Shutting down and abandoning module GameLiveStreaming (194)
[2017.04.04-17.06.28:938][558]LogModuleManager: Shutting down and abandoning module VREditor (192)
[2017.04.04-17.06.28:939][558]LogModuleManager: Shutting down and abandoning module GameplayTasksEditor (190)
[2017.04.04-17.06.28:939][558]LogModuleManager: Shutting down and abandoning module BehaviorTreeEditor (188)
[2017.04.04-17.06.28:939][558]LogModuleManager: Shutting down and abandoning module FunctionalTesting (186)
[2017.04.04-17.06.28:939][558]LogModuleManager: Shutting down and abandoning module CollisionAnalyzer (184)
[2017.04.04-17.06.28:939][558]LogModuleManager: Shutting down and abandoning module UMG (182)
[2017.04.04-17.06.28:939][558]LogModuleManager: Shutting down and abandoning module UMGEditor (181)
[2017.04.04-17.06.28:939][558]LogModuleManager: Shutting down and abandoning module Sequencer (180)
[2017.04.04-17.06.28:939][558]LogModuleManager: Shutting down and abandoning module AssetTools (178)
[2017.04.04-17.06.28:939][558]LogModuleManager: Shutting down and abandoning module MessageLog (177)
[2017.04.04-17.06.28:939][558]LogModuleManager: Shutting down and abandoning module WorkspaceMenuStructure (176)
[2017.04.04-17.06.28:939][558]LogModuleManager: Shutting down and abandoning module SlateReflector (170)
[2017.04.04-17.06.28:939][558]LogModuleManager: Shutting down and abandoning module Slate (168)
[2017.04.04-17.06.28:939][558]LogModuleManager: Shutting down and abandoning module EditorStyle (166)
[2017.04.04-17.06.28:942][558]LogModuleManager: Shutting down and abandoning module SourceCodeAccess (164)
[2017.04.04-17.06.28:942][558]LogModuleManager: Shutting down and abandoning module HeadMountedDisplay (162)
[2017.04.04-17.06.28:942][558]LogModuleManager: Shutting down and abandoning module XAudio2 (160)
[2017.04.04-17.06.28:942][558]LogModuleManager: Shutting down and abandoning module Networking (158)
[2017.04.04-17.06.28:942][558]LogModuleManager: Shutting down and abandoning module Core (154)
[2017.04.04-17.06.28:942][558]LogModuleManager: Shutting down and abandoning module AssetRegistry (152)
[2017.04.04-17.06.29:099][558]LogDirectoryWatcher: A directory notification for '../../../Engine/Content/' was aborted.
[2017.04.04-17.06.29:099][558]LogDirectoryWatcher: A directory notification for '../../../../../PTSD/PTSD-Project/PTSD/Content/' was aborted.
[2017.04.04-17.06.29:099][558]LogDirectoryWatcher: A directory notification for '../../../Engine/Plugins/2D/Paper2D/Content/' was aborted.
[2017.04.04-17.06.29:099][558]LogModuleManager: Shutting down and abandoning module DirectoryWatcher (151)
[2017.04.04-17.06.29:100][558]LogModuleManager: Shutting down and abandoning module KismetCompiler (148)
[2017.04.04-17.06.29:100][558]LogModuleManager: Shutting down and abandoning module PhysXFormats (146)
[2017.04.04-17.06.29:100][558]LogModuleManager: Shutting down and abandoning module MeshUtilities (144)
[2017.04.04-17.06.29:100][558]LogModuleManager: Shutting down and abandoning module SimplygonSwarm (143)
[2017.04.04-17.06.29:100][558]LogModuleManager: Shutting down and abandoning module SimplygonMeshReduction (141)
[2017.04.04-17.06.29:100][558]LogModuleManager: Shutting down and abandoning module QuadricMeshReduction (139)
[2017.04.04-17.06.29:100][558]LogModuleManager: Shutting down and abandoning module PropertyEditor (137)
[2017.04.04-17.06.29:100][558]LogModuleManager: Shutting down and abandoning module DerivedDataCache (134)
[2017.04.04-17.06.29:142][558]LogDerivedDataCache: Shutdown
[2017.04.04-17.06.29:142][558]LogModuleManager: Shutting down and abandoning module TargetPlatform (132)
[2017.04.04-17.06.29:142][558]LogModuleManager: Shutting down and abandoning module VulkanShaderFormat (131)
[2017.04.04-17.06.29:142][558]LogModuleManager: Shutting down and abandoning module ShaderFormatOpenGL (129)
[2017.04.04-17.06.29:142][558]LogModuleManager: Shutting down and abandoning module ShaderFormatD3D (127)
[2017.04.04-17.06.29:142][558]LogModuleManager: Shutting down and abandoning module MetalShaderFormat (125)
[2017.04.04-17.06.29:142][558]LogModuleManager: Shutting down and abandoning module TextureFormatUncompressed (123)
[2017.04.04-17.06.29:142][558]LogModuleManager: Shutting down and abandoning module TextureFormatPVR (121)
[2017.04.04-17.06.29:142][558]LogModuleManager: Shutting down and abandoning module TextureFormatDXT (119)
[2017.04.04-17.06.29:142][558]LogModuleManager: Shutting down and abandoning module TextureFormatIntelISPCTexComp (117)
[2017.04.04-17.06.29:142][558]LogModuleManager: Shutting down and abandoning module TextureFormatASTC (115)
[2017.04.04-17.06.29:142][558]LogModuleManager: Shutting down and abandoning module ImageWrapper (114)
[2017.04.04-17.06.29:142][558]LogModuleManager: Shutting down and abandoning module TextureFormatAndroid (111)
[2017.04.04-17.06.29:142][558]LogModuleManager: Shutting down and abandoning module AudioFormatOpus (109)
[2017.04.04-17.06.29:142][558]LogModuleManager: Shutting down and abandoning module AudioFormatOgg (107)
[2017.04.04-17.06.29:142][558]LogModuleManager: Shutting down and abandoning module AudioFormatADPCM (105)
[2017.04.04-17.06.29:142][558]LogModuleManager: Shutting down and abandoning module LinuxTargetPlatform (103)
[2017.04.04-17.06.29:142][558]LogModuleManager: Shutting down and abandoning module LinuxServerTargetPlatform (101)
[2017.04.04-17.06.29:142][558]LogModuleManager: Shutting down and abandoning module LinuxNoEditorTargetPlatform (99)
[2017.04.04-17.06.29:142][558]LogModuleManager: Shutting down and abandoning module LinuxClientTargetPlatform (97)
[2017.04.04-17.06.29:142][558]LogModuleManager: Shutting down and abandoning module TVOSTargetPlatform (95)
[2017.04.04-17.06.29:142][558]LogModuleManager: Shutting down and abandoning module Messaging (93)
[2017.04.04-17.06.29:142][558]LogModuleManager: Shutting down and abandoning module IOSTargetPlatform (91)
[2017.04.04-17.06.29:142][558]LogModuleManager: Shutting down and abandoning module HTML5TargetPlatform (89)
[2017.04.04-17.06.29:142][558]LogModuleManager: Shutting down and abandoning module Android_PVRTCTargetPlatform (87)
[2017.04.04-17.06.29:142][558]LogModuleManager: Shutting down and abandoning module Android_MultiTargetPlatform (85)
[2017.04.04-17.06.29:142][558]LogModuleManager: Shutting down and abandoning module Android_ETC2TargetPlatform (83)
[2017.04.04-17.06.29:142][558]LogModuleManager: Shutting down and abandoning module Android_ETC1TargetPlatform (81)
[2017.04.04-17.06.29:142][558]LogModuleManager: Shutting down and abandoning module Android_DXTTargetPlatform (79)
[2017.04.04-17.06.29:142][558]LogModuleManager: Shutting down and abandoning module Android_ATCTargetPlatform (77)
[2017.04.04-17.06.29:142][558]LogModuleManager: Shutting down and abandoning module Android_ASTCTargetPlatform (75)
[2017.04.04-17.06.29:142][558]LogModuleManager: Shutting down and abandoning module AndroidTargetPlatform (73)
[2017.04.04-17.06.29:142][558]LogModuleManager: Shutting down and abandoning module WindowsTargetPlatform (71)
[2017.04.04-17.06.29:142][558]LogModuleManager: Shutting down and abandoning module WindowsServerTargetPlatform (69)
[2017.04.04-17.06.29:142][558]LogModuleManager: Shutting down and abandoning module WindowsNoEditorTargetPlatform (67)
[2017.04.04-17.06.29:142][558]LogModuleManager: Shutting down and abandoning module WindowsClientTargetPlatform (65)
[2017.04.04-17.06.29:142][558]LogModuleManager: Shutting down and abandoning module MacTargetPlatform (63)
[2017.04.04-17.06.29:142][558]LogModuleManager: Shutting down and abandoning module MacServerTargetPlatform (61)
[2017.04.04-17.06.29:142][558]LogModuleManager: Shutting down and abandoning module MacNoEditorTargetPlatform (59)
[2017.04.04-17.06.29:142][558]LogModuleManager: Shutting down and abandoning module MacClientTargetPlatform (57)
[2017.04.04-17.06.29:142][558]LogModuleManager: Shutting down and abandoning module AllDesktopTargetPlatform (55)
[2017.04.04-17.06.29:142][558]LogModuleManager: Shutting down and abandoning module InputCore (52)
[2017.04.04-17.06.29:142][558]LogModuleManager: Shutting down and abandoning module Settings (50)
[2017.04.04-17.06.29:142][558]LogModuleManager: Shutting down and abandoning module OculusRift (48)
[2017.04.04-17.06.29:142][558]LogModuleManager: Shutting down and abandoning module GearVR (46)
[2017.04.04-17.06.29:142][558]LogModuleManager: Shutting down and abandoning module ExampleDeviceProfileSelector (44)
[2017.04.04-17.06.29:142][558]LogModuleManager: Shutting down and abandoning module OnlineBlueprintSupport (42)
[2017.04.04-17.06.29:142][558]LogModuleManager: Shutting down and abandoning module OnlineSubsystem (38)
[2017.04.04-17.06.29:142][558]LogOnline:Display: Unloading online subsystem: NULL
[2017.04.04-17.06.29:142][558]LogModuleManager: Shutting down and abandoning module XMPP (37)
[2017.04.04-17.06.29:142][558]LogModuleManager: Shutting down and abandoning module HTTP (35)
[2017.04.04-17.06.29:142][558]LogHttp:Display: Http module shutting down, but needs to wait on 1 outstanding Http requests:
[2017.04.04-17.06.29:142][558]LogHttp:Display: 	verb=[POST] url=[https://datarouter.ol.epicgames.com/datarouter/api/v1/public/data?SessionID=%7B5C109AE6-4D7D-11E7-1F3A-4E9DB9168CBF%7D&AppID=UEEditor.Rocket.Release&AppVersion=4.15.1-3348071%2B%2B%2BUE4%2BRelease-4.15&UserID=750ac638448b4cf87faad6878f8ba06c%7Cb36ec6f80e614795904645f80cf52a09%7C5b6804fd-5f09-4335-91ff-c0d243bd4d4e&AppEnvironment=datacollector-binary&UploadType=eteventstream] status=Processing
[2017.04.04-17.06.29:152][558]LogModuleManager: Shutting down and abandoning module SSL (34)
[2017.04.04-17.06.29:154][558]LogModuleManager: Shutting down and abandoning module AudioEditor (30)
[2017.04.04-17.06.29:154][558]LogModuleManager: Shutting down and abandoning module TextureCompressor (28)
[2017.04.04-17.06.29:154][558]LogModuleManager: Shutting down and abandoning module ShaderCore (26)
[2017.04.04-17.06.29:154][558]LogModuleManager: Shutting down and abandoning module Landscape (24)
[2017.04.04-17.06.29:154][558]LogModuleManager: Shutting down and abandoning module SlateRHIRenderer (22)
[2017.04.04-17.06.29:158][558]LogModuleManager: Shutting down and abandoning module OpenGLDrv (20)
[2017.04.04-17.06.29:158][558]LogModuleManager: Shutting down and abandoning module D3D11RHI (18)
[2017.04.04-17.06.29:158][558]LogModuleManager: Shutting down and abandoning module AnimGraphRuntime (16)
[2017.04.04-17.06.29:158][558]LogModuleManager: Shutting down and abandoning module Renderer (14)
[2017.04.04-17.06.29:158][558]LogModuleManager: Shutting down and abandoning module Engine (12)
[2017.04.04-17.06.29:158][558]LogModuleManager: Shutting down and abandoning module CoreUObject (10)
[2017.04.04-17.06.29:158][558]LogModuleManager: Shutting down and abandoning module NetworkFile (8)
[2017.04.04-17.06.29:158][558]LogModuleManager: Shutting down and abandoning module StreamingFile (6)
[2017.04.04-17.06.29:158][558]LogModuleManager: Shutting down and abandoning module SandboxFile (4)
[2017.04.04-17.06.29:158][558]LogModuleManager: Shutting down and abandoning module PakFile (2)
[2017.04.04-17.06.29:160][558]LogExit: Exiting.
[2017.04.04-17.06.29:173][558]Log file closed, 04/04/17 13:06:29
