Log file open, 03/23/17 17:36:03
LogInit:Display: Running engine for game: PTSD
LogPlatformFile: Not using cached read wrapper
LogInit:Display: RandInit(624640544) SRandInit(624640544).
LogTaskGraph: Started task graph with 5 named threads and 8 total threads with 1 sets of task threads.
LogStats: Stats thread started at 0.189846
LogInit: Using libcurl 7.47.1
LogInit:  - built for x86_64-pc-win32
LogInit:  - supports SSL with OpenSSL/1.0.2g
LogInit:  - supports HTTP deflate (compression) using libz 1.2.8
LogInit:  - other features:
LogInit:      CURL_VERSION_SSL
LogInit:      CURL_VERSION_LIBZ
LogInit:      CURL_VERSION_IPV6
LogInit:      CURL_VERSION_ASYNCHDNS
LogInit:      CURL_VERSION_LARGEFILE
LogInit:      CURL_VERSION_IDN
LogInit:  CurlRequestOptions (configurable via config and command line):
LogInit:  - bVerifyPeer = false  - Libcurl will NOT verify peer certificate
LogInit:  - bUseHttpProxy = false  - Libcurl will NOT use HTTP proxy
LogInit:  - bDontReuseConnections = false  - Libcurl will reuse connections
LogInit:  - CertBundlePath = nullptr  - Libcurl will use whatever was configured at build time.
LogInit: Build: ++UE4+Release-4.15-CL-3348071
LogInit: Engine Version: 4.15.1-3348071+++UE4+Release-4.15
LogInit: Compatible Engine Version: 4.15.0-3299760+++UE4+Release-4.15
LogInit: Net CL: 3299760
LogDevObjectVersion: Number of dev versions registered: 14
LogDevObjectVersion:   Dev-Blueprints (B0D832E4-1F89-4F0D-ACCF-7EB736FD4AA2): 8
LogDevObjectVersion:   Dev-Build (E1C64328-A22C-4D53-A36C-8E866417BD8C): 0
LogDevObjectVersion:   Dev-Core (375EC13C-06E4-48FB-B500-84F0262A717E): 2
LogDevObjectVersion:   Dev-Editor (E4B068ED-F494-42E9-A231-DA0B2E46BB41): 14
LogDevObjectVersion:   Dev-Framework (CFFC743F-43B0-4480-9391-14DF171D2073): 22
LogDevObjectVersion:   Dev-Mobile (B02B49B5-BB20-44E9-A304-32B752E40360): 0
LogDevObjectVersion:   Dev-Networking (A4E4105C-59A1-49B5-A7C5-40C4547EDFEE): 0
LogDevObjectVersion:   Dev-Online (39C831C9-5AE6-47DC-9A44-9C173E1C8E7C): 0
LogDevObjectVersion:   Dev-Physics (78F01B33-EBEA-4F98-B9B4-84EACCB95AA2): 0
LogDevObjectVersion:   Dev-Platform (6631380F-2D4D-43E0-8009-CF276956A95A): 0
LogDevObjectVersion:   Dev-Rendering (12F88B9F-8875-4AFC-A67C-D90C383ABD29): 12
LogDevObjectVersion:   Dev-Sequencer (7B5AE74C-D270-4C10-A958-57980B212A5A): 3
LogDevObjectVersion:   Dev-VR (D7296918-1DD6-4BDD-9DE2-64A83CC13884): 0
LogDevObjectVersion:   Dev-LoadTimes (C2A15278-BFE7-4AFE-6C17-90FF531DF755): 1
LogInit: Compiled (64-bit): Mar 15 2017 16:52:47
LogInit: Compiled with Visual C++: 19.00.23026.00
LogInit: Build Configuration: Development
LogInit: Branch Name: ++UE4+Release-4.15
LogInit: Command line:  
LogInit: Base directory: C:/Games/UE_4.15/Engine/Binaries/Win64/
LogInit: Installed Engine Build: 1
LogInit: Presizing for max 8388607 objects, including 0 objects not considered by GC, pre-allocating 0 bytes for permanent pool.
LogInit: Object subsystem initialized
[2017.03.23-21.36.04:519][  0]LogInit: Selected Device Profile: [Windows]
[2017.03.23-21.36.04:519][  0]LogInit: Applying CVar settings loaded from the selected device profile: [Windows]
[2017.03.23-21.36.04:572][  0]LogInit: Computer: TSSKIES
[2017.03.23-21.36.04:572][  0]LogInit: User: inner000
[2017.03.23-21.36.04:572][  0]LogInit: CPU Page size=65536, Cores=4
[2017.03.23-21.36.04:572][  0]LogInit: High frequency timer resolution =2.533207 MHz
[2017.03.23-21.36.04:572][  0]LogMemory: Memory total: Physical=7.9GB (8GB approx)
[2017.03.23-21.36.04:572][  0]LogMemory: Platform Memory Stats for Windows
[2017.03.23-21.36.04:572][  0]LogMemory: Process Physical Memory: 263.22 MB used, 263.22 MB peak
[2017.03.23-21.36.04:572][  0]LogMemory: Process Virtual Memory: 262.63 MB used, 262.63 MB peak
[2017.03.23-21.36.04:572][  0]LogMemory: Physical Memory: 4113.63 MB used,  4001.65 MB free, 8115.27 MB total
[2017.03.23-21.36.04:572][  0]LogMemory: Virtual Memory: 645.13 MB used,  4001.65 MB free, 134217728.00 MB total
[2017.03.23-21.36.05:230][  0]LogTextLocalizationManager: No specific translations for ('en-US') exist, so ('en') translations will be used.
[2017.03.23-21.36.11:534][  0]LogD3D11RHI: D3D11 adapters:
[2017.03.23-21.36.11:564][  0]LogD3D11RHI:    0. 'NVIDIA GeForce GTX 860M' (Feature Level 11_0)
[2017.03.23-21.36.11:564][  0]LogD3D11RHI:       4064/0/4057 MB DedicatedVideo/DedicatedSystem/SharedSystem, Outputs:1, VendorId:0x10de
[2017.03.23-21.36.11:571][  0]LogD3D11RHI:    1. 'Intel(R) HD Graphics 4600' (Feature Level 11_0)
[2017.03.23-21.36.11:571][  0]LogD3D11RHI:       112/0/2048 MB DedicatedVideo/DedicatedSystem/SharedSystem, Outputs:0, VendorId:0x8086
[2017.03.23-21.36.11:572][  0]LogD3D11RHI:    2. 'Microsoft Basic Render Driver' (Feature Level 11_0)
[2017.03.23-21.36.11:572][  0]LogD3D11RHI:       0/0/4057 MB DedicatedVideo/DedicatedSystem/SharedSystem, Outputs:0, VendorId:0x1414
[2017.03.23-21.36.11:572][  0]LogD3D11RHI: Chosen D3D11 Adapter: 0
[2017.03.23-21.36.11:576][  0]LogD3D11RHI: Creating new Direct3DDevice
[2017.03.23-21.36.11:576][  0]LogD3D11RHI:     GPU DeviceId: 0x1392 (for the marketing name, search the web for "GPU Device Id")
[2017.03.23-21.36.11:576][  0]LogWindows: EnumDisplayDevices:
[2017.03.23-21.36.11:577][  0]LogWindows:    0. 'Intel(R) HD Graphics 4600' (P:1 D:1)
[2017.03.23-21.36.11:577][  0]LogWindows:    1. 'Intel(R) HD Graphics 4600' (P:0 D:0)
[2017.03.23-21.36.11:577][  0]LogWindows:    2. 'Intel(R) HD Graphics 4600' (P:0 D:0)
[2017.03.23-21.36.11:577][  0]LogWindows: DebugString: PrimaryIsNotTheChoosenAdapter PrimaryIsNotTheChoosenAdapter PrimaryIsNotTheChoosenAdapter FoundDriverCount:0 
[2017.03.23-21.36.11:577][  0]LogD3D11RHI:     Adapter Name: NVIDIA GeForce GTX 860M
[2017.03.23-21.36.11:577][  0]LogD3D11RHI:   Driver Version: Unknown (internal:Unknown, unified:Unknown)
[2017.03.23-21.36.11:577][  0]LogD3D11RHI:      Driver Date: Unknown
[2017.03.23-21.36.11:577][  0]LogRHI: Texture pool is 1361 MB (70% of 1945 MB)
[2017.03.23-21.36.11:601][  0]LogD3D11RHI: Async texture creation enabled
[2017.03.23-21.36.11:613][  0]LogD3D11RHI: GPU Timing Frequency: 1000.000000 (Debug: 2 1)
[2017.03.23-21.36.11:614][  0]LogShaderCompilers: Guid format shader working directory is 13 characters bigger than the processId version (../../../../../PTSD/PTSD-Project/PTSD/Intermediate/Shaders/WorkingDirectory/9364/).
[2017.03.23-21.36.11:614][  0]LogShaderCompilers: Cleaned the shader compiler working directory 'C:/Users/inner_000/AppData/Local/Temp/UnrealShaderWorkingDir/60F300EB4FB2CA5B1866EB8B87E4C346/'.
[2017.03.23-21.36.11:614][  0]LogShaderCompilers:Display: Using Local Shader Compiler.
[2017.03.23-21.36.14:981][  0]LogTemp:Display: Loaded TP AllDesktopTargetPlatform
[2017.03.23-21.36.15:034][  0]LogTemp:Display: Loaded TP MacClientTargetPlatform
[2017.03.23-21.36.15:087][  0]LogTemp:Display: Loaded TP MacNoEditorTargetPlatform
[2017.03.23-21.36.15:141][  0]LogTemp:Display: Loaded TP MacServerTargetPlatform
[2017.03.23-21.36.15:212][  0]LogTemp:Display: Loaded TP MacTargetPlatform
[2017.03.23-21.36.15:264][  0]LogTemp:Display: Loaded TP WindowsClientTargetPlatform
[2017.03.23-21.36.15:319][  0]LogTemp:Display: Loaded TP WindowsNoEditorTargetPlatform
[2017.03.23-21.36.15:373][  0]LogTemp:Display: Loaded TP WindowsServerTargetPlatform
[2017.03.23-21.36.15:421][  0]LogTemp:Display: Loaded TP WindowsTargetPlatform
[2017.03.23-21.36.15:486][  0]LogTemp:Display: Loaded TP AndroidTargetPlatform
[2017.03.23-21.36.15:538][  0]LogTemp:Display: Loaded TP Android_ASTCTargetPlatform
[2017.03.23-21.36.15:589][  0]LogTemp:Display: Loaded TP Android_ATCTargetPlatform
[2017.03.23-21.36.15:643][  0]LogTemp:Display: Loaded TP Android_DXTTargetPlatform
[2017.03.23-21.36.15:697][  0]LogTemp:Display: Loaded TP Android_ETC1TargetPlatform
[2017.03.23-21.36.15:752][  0]LogTemp:Display: Loaded TP Android_ETC2TargetPlatform
[2017.03.23-21.36.15:858][  0]LogTemp:Display: Loaded TP Android_MultiTargetPlatform
[2017.03.23-21.36.15:858][  0]LogTemp:Display: Loaded TP Android_PVRTCTargetPlatform
[2017.03.23-21.36.15:895][  0]LogTemp:Display: Loaded TP HTML5TargetPlatform
[2017.03.23-21.36.16:086][  0]LogTemp:Display: Loaded TP IOSTargetPlatform
[2017.03.23-21.36.16:119][  0]LogTemp:Display: Loaded TP TVOSTargetPlatform
[2017.03.23-21.36.16:172][  0]LogTemp:Display: Loaded TP LinuxClientTargetPlatform
[2017.03.23-21.36.16:224][  0]LogTemp:Display: Loaded TP LinuxNoEditorTargetPlatform
[2017.03.23-21.36.16:277][  0]LogTemp:Display: Loaded TP LinuxServerTargetPlatform
[2017.03.23-21.36.16:420][  0]LogTemp:Display: Loaded TP LinuxTargetPlatform
[2017.03.23-21.36.16:420][  0]LogTargetPlatformManager:Display: Building Assets For Windows
[2017.03.23-21.36.17:766][  0]LogDerivedDataCache:Display: Max Cache Size: 512 MB
[2017.03.23-21.36.18:694][  0]LogDerivedDataCache: Loaded boot cache 0.93s 50MB C:/Users/inner_000/AppData/Local/UnrealEngine/4.15/DerivedDataCache/Boot.ddc.
[2017.03.23-21.36.18:694][  0]LogDerivedDataCache:Display: Loaded Boot cache: C:/Users/inner_000/AppData/Local/UnrealEngine/4.15/DerivedDataCache/Boot.ddc
[2017.03.23-21.36.18:695][  0]LogDerivedDataCache: FDerivedDataBackendGraph:  Pak pak cache file ../../../../../PTSD/PTSD-Project/PTSD/DerivedDataCache/DDC.ddp not found, will not use a pak cache.
[2017.03.23-21.36.18:695][  0]LogDerivedDataCache: Unable to find inner node Pak for hierarchical cache Hierarchy.
[2017.03.23-21.36.18:695][  0]LogDerivedDataCache: FDerivedDataBackendGraph:  CompressedPak pak cache file ../../../../../PTSD/PTSD-Project/PTSD/DerivedDataCache/Compressed.ddp not found, will not use a pak cache.
[2017.03.23-21.36.18:695][  0]LogDerivedDataCache: Unable to find inner node CompressedPak for hierarchical cache Hierarchy.
[2017.03.23-21.36.18:751][  0]LogDerivedDataCache:Display: Pak cache opened for reading ../../../Engine/DerivedDataCache/Compressed.ddp.
[2017.03.23-21.36.18:763][  0]LogDerivedDataCache: Using Local data cache path C:/Users/inner_000/AppData/Local/UnrealEngine/Common/DerivedDataCache: Writable
[2017.03.23-21.36.18:773][  0]LogSlate: Using Freetype 2.6.0
[2017.03.23-21.36.18:806][  0]LogSlate: SlateFontCache - WITH_FREETYPE: 1, WITH_HARFBUZZ: 1
[2017.03.23-21.36.18:806][  0]LogSlate: SlateFontCache - WITH_FREETYPE: 1, WITH_HARFBUZZ: 1
[2017.03.23-21.36.29:541][  0]LogInit: Selected Device Profile: [Windows]
[2017.03.23-21.36.29:543][  0]LogContentStreaming: Texture pool size is 0.00 MB
[2017.03.23-21.36.29:747][  0]LogMeshUtilities: Using QuadricMeshReduction for automatic static mesh reduction
[2017.03.23-21.36.29:787][  0]LogSimplygon: Simplygon DLL not present - disabling.
[2017.03.23-21.36.29:833][  0]LogMeshUtilities: Using SimplygonSwarm for distributed automatic mesh merging
[2017.03.23-21.36.29:833][  0]LogMeshUtilities: No automatic skeletal mesh reduction module available
[2017.03.23-21.36.29:833][  0]LogMeshUtilities: No automatic mesh merging module available
[2017.03.23-21.36.30:556][  0]LogNetVersion: GetLocalNetworkVersion: CL: 3299760, ProjectName: ptsd, ProjectVersion: , EngineNetworkVersion: 2, GameNetworkVersion: 0, NetworkChecksum: 1176372723
[2017.03.23-21.36.30:605][  0]LogAssetRegistry: FAssetRegistry took 0.0224 seconds to start up
[2017.03.23-21.36.30:655][  0]LogPackageLocalizationCache: Processed 3 localized package path(s) for 2 prioritized culture(s) in 0.029533 seconds
[2017.03.23-21.36.30:661][  0]LogUObjectArray: 32493 objects as part of root set at end of initial load.
[2017.03.23-21.36.30:661][  0]LogUObjectAllocator: 7077024 out of 0 bytes used by permanent object pool.
[2017.03.23-21.36.30:661][  0]LogUObjectArray: CloseDisregardForGC: 0/0 objects in disregard for GC pool
[2017.03.23-21.36.30:722][  0]LogInit: WinSock: version 1.1 (2.2), MaxSocks=32767, MaxUdp=65467
[2017.03.23-21.36.56:271][  0]LogTcpMessaging: Initializing TcpMessaging bridge
[2017.03.23-21.36.56:310][  0]LogUdpMessaging: Initializing bridge on interface 0.0.0.0:0 to multicast group 230.0.0.1:6666.
[2017.03.23-21.36.57:087][  0]LogMaterial: Uniform references updated for custom material expression Custom.
[2017.03.23-21.36.57:459][  0]SourceControl: Info Source control is disabled
[2017.03.23-21.36.57:900][  0]SourceControl: Info Source control is disabled
[2017.03.23-21.36.57:945][  0]SourceControl: Info Source control is disabled
[2017.03.23-21.36.57:989][  0]SourceControl: Info Source control is disabled
[2017.03.23-21.36.59:639][  0]LogEngine: Initializing Engine...
[2017.03.23-21.37.01:075][  0]LogHMD: Failed to initialize OpenVR with code 108
[2017.03.23-21.37.01:300][  0]LogAIModule: Creating AISystem for world Untitled
[2017.03.23-21.37.01:306][  0]LogInit: XAudio2 using 'Speakers (Realtek High Definition Audio)' : 2 channels at 48 kHz using 32 bits per sample (channel mask 0x3)
[2017.03.23-21.37.01:878][  0]LogInit: FAudioDevice initialized.
[2017.03.23-21.37.01:917][  0]LogDerivedDataCache: Saved boot cache 0.04s 50MB C:/Users/inner_000/AppData/Local/UnrealEngine/4.15/DerivedDataCache/Boot.ddc.
[2017.03.23-21.37.01:932][  0]LogInit: Texture streaming: Enabled
[2017.03.23-21.37.02:043][  0]LogEngineSessionManager: EngineSessionManager initialized
[2017.03.23-21.37.02:151][  0]LogInit: Transaction tracking system initialized
[2017.03.23-21.37.02:545][  0]BlueprintLog: New page: Editor Load
[2017.03.23-21.37.03:614][  0]LocalizationService: Info Localization service is disabled
[2017.03.23-21.37.04:670][  0]LogConsoleResponse:Display: 
[2017.03.23-21.37.06:108][  0]LogCook:Display: Max memory allowance for cook 16384mb min free memory 0mb
[2017.03.23-21.37.06:108][  0]LogCook:Display: Mobile HDR setting 0
[2017.03.23-21.37.06:598][  0]LogFileCache: Scanning file cache for directory 'C:/PTSD/PTSD-Project/PTSD/Content/' took 0.02s
[2017.03.23-21.37.08:630][  0]SourceControl: Info Source control is disabled
[2017.03.23-21.37.08:630][  0]Cmd: MAP LOAD FILE="../../../Engine/Content/Maps/Templates/Template_Default.umap" TEMPLATE=1 SHOWPROGRESS=1 FEATURELEVEL=3
[2017.03.23-21.37.08:776][  0]LightingResults: New page: Lighting Build
[2017.03.23-21.37.08:820][  0]MapCheck: New page: Map Check
[2017.03.23-21.37.08:820][  0]LightingResults: New page: Lighting Build
[2017.03.23-21.37.09:581][  0]LogAIModule: Creating AISystem for world Untitled_1
[2017.03.23-21.37.09:602][  0]LogActorComponent: RegisterComponentWithWorld: (/Temp/Untitled_1.Untitled_1:PersistentLevel.WorldSettings_1.StaticMeshComponent0) Trying to register component with IsPendingKill() == true. Aborting.
[2017.03.23-21.37.09:622][  0]LogEditorServer: Finished looking for orphan Actors (0.000 secs)
[2017.03.23-21.37.09:626][  0]Cmd: MAP CHECKDEP NOCLEARLOG
[2017.03.23-21.37.09:668][  0]MapCheck: Info Map check complete: 0 Error(s), 0 Warning(s), took 42.588ms to complete.
[2017.03.23-21.37.09:669][  0]LogFileHelpers: Loading map 'Template_Default' took 1.039
[2017.03.23-21.37.09:725][  0]LogWindowsTextInputMethodSystem:Display: IME system now deactivated.
[2017.03.23-21.37.10:342][  0]LogCollectionManager: Loaded 0 collections in 0.001628 seconds
[2017.03.23-21.37.10:421][  0]LogFileCache: Scanning file cache for directory 'C:/PTSD/PTSD-Project/PTSD/Saved/Collections/' took 0.01s
[2017.03.23-21.37.10:421][  0]LogFileCache: Scanning file cache for directory 'C:/PTSD/PTSD-Project/PTSD/Content/Developers/inner000/Collections/' took 0.01s
[2017.03.23-21.37.10:422][  0]LogFileCache: Scanning file cache for directory 'C:/PTSD/PTSD-Project/PTSD/Content/Collections/' took 0.01s
[2017.03.23-21.37.10:422][  0]LogCollectionManager: Rebuilt the GUID cache for 0 collections in 0.000002 seconds
[2017.03.23-21.37.10:431][  0]LogContentBrowser: Native class hierarchy populated in 0.0093 seconds. Added 2246 classes and 455 folders.
[2017.03.23-21.37.10:434][  0]LogStats: UGameplayTagsManager::ConstructGameplayTagTree: Construct from data asset -  0.000 s
[2017.03.23-21.37.10:434][  0]LogStats: UGameplayTagsManager::ConstructGameplayTagTree: GameplayTagTreeChangedEvent.Broadcast -  0.000 s
[2017.03.23-21.37.10:494][  0]LogContentBrowser: Native class hierarchy updated for 'WidgetCarousel' in 0.0005 seconds. Added 0 classes and 0 folders.
[2017.03.23-21.37.14:413][  0]LogContentBrowser: Native class hierarchy updated for 'AddContentDialog' in 0.0008 seconds. Added 0 classes and 0 folders.
[2017.03.23-21.37.14:479][  0]LogCrashTracker: Crashtracker disabled due to settings.
[2017.03.23-21.37.14:486][  0]LogUObjectGlobals:Warning: Failed to find object 'Class None.'
[2017.03.23-21.37.14:559][  0]LogContentBrowser: Native class hierarchy updated for 'HierarchicalLODOutliner' in 0.0013 seconds. Added 1 classes and 2 folders.
[2017.03.23-21.37.14:560][  0]LogLoad: (Engine Initialization) Total time: 76.68 seconds
[2017.03.23-21.37.14:560][  0]LogLoad: (Engine Initialization) Total Blueprint compile time: 0.24 seconds
[2017.03.23-21.37.14:560][  0]LogExternalProfiler: Found external profiler: VSPerf
[2017.03.23-21.37.14:560][  0]LogExternalProfiler: Using external profiler: VSPerf
[2017.03.23-21.37.14:580][  0]LogOcInput: OculusInput pre-init called
[2017.03.23-21.37.14:603][  0]LogContentStreaming: Texture pool size now 1000 MB
[2017.03.23-21.37.14:640][  0]LogSlate: Took 0.035678 seconds to synchronously load lazily loaded font '../../../Engine/Content/Slate/Fonts/Roboto-Regular.ttf' (155K)
[2017.03.23-21.37.14:739][  0]LogSlate: Took 0.090860 seconds to synchronously load lazily loaded font '../../../Engine/Content/Slate/Fonts/Roboto-Bold.ttf' (160K)
[2017.03.23-21.37.14:854][  0]LogSlate: Took 0.108626 seconds to synchronously load lazily loaded font '../../../Engine/Content/Editor/Slate/Fonts/FontAwesome.ttf' (139K)
[2017.03.23-21.37.15:027][  0]LogRenderer: Reallocating scene render targets to support 1212x924 NumSamples 1 (Frame:2).
[2017.03.23-21.37.15:097][  1]LogAssetRegistry: Asset discovery search completed in 44.5149 seconds
[2017.03.23-21.37.15:097][  1]LogCollectionManager: Rebuilt the object cache for 0 collections in 0.000006 seconds (found 0 objects)
[2017.03.23-21.37.15:097][  1]LogCollectionManager: Fixed up redirectors for 0 collections in 0.000022 seconds (updated 0 objects)
[2017.03.23-21.37.15:715][ 14]LogSlate: Took 0.025517 seconds to synchronously load lazily loaded font '../../../Engine/Content/Slate/Fonts/Roboto-Light.ttf' (159K)
[2017.03.23-21.37.19:011][ 68]LogSlate: Took 0.000178 seconds to synchronously load lazily loaded font '../../../Engine/Content/Slate/Fonts/Roboto-Light.ttf' (159K)
[2017.03.23-21.37.28:326][201]LogSlate: Took 0.000274 seconds to synchronously load lazily loaded font '../../../Engine/Content/Slate/Fonts/Roboto-Light.ttf' (159K)
[2017.03.23-21.37.28:727][201]LogAIModule: Creating AISystem for world Prototype
[2017.03.23-21.37.28:759][201]Cmd: MAP LOAD FILE="../../../../../PTSD/PTSD-Project/PTSD/Content/Prototype.umap" TEMPLATE=0 SHOWPROGRESS=1 FEATURELEVEL=3
[2017.03.23-21.37.28:759][201]LightingResults: New page: Lighting Build
[2017.03.23-21.37.28:761][201]LoadErrors: New page: Loading map: Prototype.umap
[2017.03.23-21.37.28:761][201]MapCheck: New page: Map Check
[2017.03.23-21.37.28:761][201]LightingResults: New page: Lighting Build
[2017.03.23-21.37.28:838][201]LogEditorServer: Finished looking for orphan Actors (0.000 secs)
[2017.03.23-21.37.28:858][201]Cmd: MAP CHECKDEP NOCLEARLOG
[2017.03.23-21.37.28:899][201]MapCheck: Info Map check complete: 0 Error(s), 0 Warning(s), took 41.086ms to complete.
[2017.03.23-21.37.28:899][201]LogFileHelpers: Loading map 'Prototype' took 0.140
[2017.03.23-21.37.30:086][207]LogD3D11RHI: Timed out while waiting for GPU to catch up. (0.5 s)
[2017.03.23-21.37.30:585][207]LogD3D11RHI: Timed out while waiting for GPU to catch up. (0.5 s)
[2017.03.23-21.37.35:622][299]LogTemp: Repeting last play command: Selected Viewport
[2017.03.23-21.37.35:635][299]LogPlayLevel: PlayLevel: No blueprints needed recompiling
[2017.03.23-21.37.35:636][299]PIE: New page: PIE session: Prototype (Mar 23, 2017, 1:37:35 PM)
[2017.03.23-21.37.35:636][299]LogPlayLevel: Creating play world package: /Game/UEDPIE_0_Prototype
[2017.03.23-21.37.35:640][299]LogPlayLevel: PIE: StaticDuplicateObject took: (0.003332s)
[2017.03.23-21.37.35:640][299]LogAIModule: Creating AISystem for world Prototype
[2017.03.23-21.37.35:640][299]LogPlayLevel: PIE: World Init took: (0.000651s)
[2017.03.23-21.37.35:641][299]LogPlayLevel: PIE: Created PIE world by copying editor world from /Game/Prototype.Prototype to /Game/UEDPIE_0_Prototype.Prototype (0.004257s)
[2017.03.23-21.37.35:694][299]LogInit: XAudio2 using 'Speakers (Realtek High Definition Audio)' : 2 channels at 48 kHz using 32 bits per sample (channel mask 0x3)
[2017.03.23-21.37.35:704][299]LogInit: FAudioDevice initialized.
[2017.03.23-21.37.35:824][299]LogLoad: Game class is 'VRGameMode_C'
[2017.03.23-21.37.35:828][299]LogWorld: Bringing World /Game/UEDPIE_0_Prototype.Prototype up for play (max tick rate 60) at 2017.03.23-17.37.35
[2017.03.23-21.37.35:828][299]LogWorld: Bringing up level for play took: 0.001738
[2017.03.23-21.37.35:891][299]LogContentBrowser: Native class hierarchy updated for 'MovieSceneCapture' in 0.0006 seconds. Added 11 classes and 0 folders.
[2017.03.23-21.37.35:893][299]PIE: Info Play in editor start time for /Game/UEDPIE_0_Prototype 0.499
[2017.03.23-21.37.59:266][999]LogBlueprintUserMessages: [FAKEVR_C_0] Name: Kevin
Date: 0/0/0
Decisions ----------------------------------
Chair:  Throw away StartTime: 00:13.14 EndTime: 23.71056 

[2017.03.23-21.37.59:266][999]LogScript:Warning: Attempted to access DecisionUI_C_0 via property K2Node_DynamicCast_AsDecision_UI, but DecisionUI_C_0 is pending kill
	FAKEVR_C /Game/UEDPIE_0_Prototype.Prototype:PersistentLevel.FAKEVR_C_0
	Function /Game/FAKEVR.FAKEVR_C:ExecuteUbergraph_FAKEVR:10A8
[2017.03.23-21.37.59:266][999]PIE:Error: Error Blueprint Runtime Error: Attempted to access DecisionUI_C_0 via property K2Node_DynamicCast_AsDecision_UI, but DecisionUI_C_0 is pending kill from function: 'ExecuteUbergraph_FAKEVR' from node: Branch in graph: EventGraph in object: FAKEVR with description: Attempted to access DecisionUI_C_0 via property K2Node_DynamicCast_AsDecision_UI, but DecisionUI_C_0 is pending kill
[2017.03.23-21.37.59:266][999]LogScript:Warning: Attempted to access DecisionUI_C_0 via property K2Node_DynamicCast_AsDecision_UI, but DecisionUI_C_0 is pending kill
	FAKEVR_C /Game/UEDPIE_0_Prototype.Prototype:PersistentLevel.FAKEVR_C_0
	Function /Game/FAKEVR.FAKEVR_C:ExecuteUbergraph_FAKEVR:1198
[2017.03.23-21.37.59:266][999]PIE:Error: Error Blueprint Runtime Error: Attempted to access DecisionUI_C_0 via property K2Node_DynamicCast_AsDecision_UI, but DecisionUI_C_0 is pending kill from function: 'ExecuteUbergraph_FAKEVR' from node: Branch in graph: EventGraph in object: FAKEVR with description: Attempted to access DecisionUI_C_0 via property K2Node_DynamicCast_AsDecision_UI, but DecisionUI_C_0 is pending kill
[2017.03.23-21.37.59:266][999]LogScript:Warning: Attempted to access DecisionUI_C_0 via property K2Node_DynamicCast_AsDecision_UI, but DecisionUI_C_0 is pending kill
	FAKEVR_C /Game/UEDPIE_0_Prototype.Prototype:PersistentLevel.FAKEVR_C_0
	Function /Game/FAKEVR.FAKEVR_C:ExecuteUbergraph_FAKEVR:0BE8
[2017.03.23-21.37.59:266][999]PIE:Error: Error Blueprint Runtime Error: Attempted to access DecisionUI_C_0 via property K2Node_DynamicCast_AsDecision_UI, but DecisionUI_C_0 is pending kill from function: 'ExecuteUbergraph_FAKEVR' from node: Branch in graph: EventGraph in object: FAKEVR with description: Attempted to access DecisionUI_C_0 via property K2Node_DynamicCast_AsDecision_UI, but DecisionUI_C_0 is pending kill
[2017.03.23-21.41.24:601][961]LogWindowsTextInputMethodSystem:Display: IME system now deactivated.
[2017.03.23-21.41.24:816][962]Cmd: QUIT_EDITOR
[2017.03.23-21.41.25:621][962]LogExit: Preparing to exit.
[2017.03.23-21.41.26:544][962]LogDirectoryWatcher: A directory notification for 'C:/PTSD/PTSD-Project/PTSD/Content/' was aborted.
[2017.03.23-21.41.26:560][962]LogExit: Editor shut down
[2017.03.23-21.41.26:561][962]LogExit: Transaction tracking system shut down
[2017.03.23-21.41.26:625][962]LogObj: Freed 0b from 0 cluster array pools.
[2017.03.23-21.41.26:625][962]LogExit: Object subsystem successfully closed.
[2017.03.23-21.41.26:642][962]LogD3D11RHI: Shutdown
[2017.03.23-21.41.26:642][962]LogD3D11RHI: CleanupD3DDevice
[2017.03.23-21.41.26:766][962]LogD3D11RHI: ~FD3D11DynamicRHI
[2017.03.23-21.41.26:779][962]LogModuleManager: Shutting down and abandoning module MovieSceneCapture (500)
[2017.03.23-21.41.26:779][962]LogModuleManager: Shutting down and abandoning module HierarchicalLODOutliner (498)
[2017.03.23-21.41.26:779][962]LogModuleManager: Shutting down and abandoning module CrashTracker (496)
[2017.03.23-21.41.26:779][962]LogModuleManager: Shutting down and abandoning module AddContentDialog (494)
[2017.03.23-21.41.26:780][962]LogDirectoryWatcher: A directory notification for 'C:/Games/UE_4.15/FeaturePacks/' was aborted.
[2017.03.23-21.41.26:782][962]LogModuleManager: Shutting down and abandoning module WidgetCarousel (493)
[2017.03.23-21.41.26:782][962]LogModuleManager: Shutting down and abandoning module EditorWidgets (490)
[2017.03.23-21.41.26:782][962]LogModuleManager: Shutting down and abandoning module CollectionManager (488)
[2017.03.23-21.41.26:782][962]LogDirectoryWatcher: A directory notification for 'C:/PTSD/PTSD-Project/PTSD/Content/Collections/' was aborted.
[2017.03.23-21.41.26:782][962]LogDirectoryWatcher: A directory notification for 'C:/PTSD/PTSD-Project/PTSD/Content/Developers/inner000/Collections/' was aborted.
[2017.03.23-21.41.26:782][962]LogDirectoryWatcher: A directory notification for 'C:/PTSD/PTSD-Project/PTSD/Saved/Collections/' was aborted.
[2017.03.23-21.41.26:782][962]LogModuleManager: Shutting down and abandoning module SceneOutliner (486)
[2017.03.23-21.41.26:782][962]LogModuleManager: Shutting down and abandoning module StatsViewer (484)
[2017.03.23-21.41.26:782][962]LogModuleManager: Shutting down and abandoning module FoliageEdit (482)
[2017.03.23-21.41.26:782][962]LogModuleManager: Shutting down and abandoning module LandscapeEditor (480)
[2017.03.23-21.41.26:782][962]LogModuleManager: Shutting down and abandoning module SceneDepthPickerMode (478)
[2017.03.23-21.41.26:782][962]LogModuleManager: Shutting down and abandoning module ActorPickerMode (476)
[2017.03.23-21.41.26:782][962]LogModuleManager: Shutting down and abandoning module GeometryMode (474)
[2017.03.23-21.41.26:782][962]LogModuleManager: Shutting down and abandoning module TextureAlignMode (472)
[2017.03.23-21.41.26:782][962]LogModuleManager: Shutting down and abandoning module BspMode (470)
[2017.03.23-21.41.26:782][962]LogModuleManager: Shutting down and abandoning module HardwareSurvey (468)
[2017.03.23-21.41.26:782][962]LogModuleManager: Shutting down and abandoning module SequenceRecorderSections (466)
[2017.03.23-21.41.26:782][962]LogModuleManager: Shutting down and abandoning module AutomationWorker (464)
[2017.03.23-21.41.26:782][962]LogModuleManager: Shutting down and abandoning module MatineeToLevelSequence (462)
[2017.03.23-21.41.26:782][962]LogModuleManager: Shutting down and abandoning module LevelSequenceEditor (460)
[2017.03.23-21.41.26:782][962]LogModuleManager: Shutting down and abandoning module PlacementMode (459)
[2017.03.23-21.41.26:782][962]LogModuleManager: Shutting down and abandoning module WmfMediaFactory (456)
[2017.03.23-21.41.26:782][962]LogModuleManager: Shutting down and abandoning module WmfMediaEditor (454)
[2017.03.23-21.41.26:782][962]LogModuleManager: Shutting down and abandoning module MfMediaFactory (452)
[2017.03.23-21.41.26:782][962]LogModuleManager: Shutting down and abandoning module MfMediaEditor (450)
[2017.03.23-21.41.26:782][962]LogModuleManager: Shutting down and abandoning module AvfMediaFactory (448)
[2017.03.23-21.41.26:782][962]LogModuleManager: Shutting down and abandoning module AvfMediaEditor (446)
[2017.03.23-21.41.26:782][962]LogModuleManager: Shutting down and abandoning module AndroidMediaFactory (444)
[2017.03.23-21.41.26:782][962]LogModuleManager: Shutting down and abandoning module Media (443)
[2017.03.23-21.41.26:783][962]LogModuleManager: Shutting down and abandoning module AndroidMediaEditor (440)
[2017.03.23-21.41.26:783][962]LogModuleManager: Shutting down and abandoning module CharacterAI (438)
[2017.03.23-21.41.26:783][962]LogModuleManager: Shutting down and abandoning module AudioCapture (436)
[2017.03.23-21.41.26:783][962]LogModuleManager: Shutting down and abandoning module SequenceRecorder (435)
[2017.03.23-21.41.26:783][962]LogModuleManager: Shutting down and abandoning module SmartSnapping (432)
[2017.03.23-21.41.26:783][962]LogModuleManager: Shutting down and abandoning module SessionServices (430)
[2017.03.23-21.41.26:783][962]LogModuleManager: Shutting down and abandoning module ViewportSnapping (428)
[2017.03.23-21.41.26:783][962]LogModuleManager: Shutting down and abandoning module ViewportInteraction (426)
[2017.03.23-21.41.26:783][962]LogModuleManager: Shutting down and abandoning module LogVisualizer (424)
[2017.03.23-21.41.26:783][962]LogModuleManager: Shutting down and abandoning module IntroTutorials (422)
[2017.03.23-21.41.26:783][962]LogModuleManager: Shutting down and abandoning module GameProjectGeneration (421)
[2017.03.23-21.41.26:783][962]LogModuleManager: Shutting down and abandoning module EditorLiveStreaming (418)
[2017.03.23-21.41.26:783][962]LogModuleManager: Shutting down and abandoning module IOSPlatformEditor (416)
[2017.03.23-21.41.26:783][962]LogModuleManager: Shutting down and abandoning module HTML5PlatformEditor (414)
[2017.03.23-21.41.26:783][962]LogModuleManager: Shutting down and abandoning module AndroidPlatformEditor (412)
[2017.03.23-21.41.26:783][962]LogModuleManager: Shutting down and abandoning module AndroidDeviceDetection (411)
[2017.03.23-21.41.27:209][962]LogModuleManager: Shutting down and abandoning module IOSRuntimeSettings (408)
[2017.03.23-21.41.27:209][962]LogModuleManager: Shutting down and abandoning module AndroidRuntimeSettings (406)
[2017.03.23-21.41.27:209][962]LogModuleManager: Shutting down and abandoning module InputBindingEditor (404)
[2017.03.23-21.41.27:209][962]LogModuleManager: Shutting down and abandoning module NiagaraEditor (402)
[2017.03.23-21.41.27:209][962]LogModuleManager: Shutting down and abandoning module MergeActors (400)
[2017.03.23-21.41.27:209][962]LogModuleManager: Shutting down and abandoning module SizeMap (398)
[2017.03.23-21.41.27:209][962]LogModuleManager: Shutting down and abandoning module TreeMap (396)
[2017.03.23-21.41.27:209][962]LogModuleManager: Shutting down and abandoning module ReferenceViewer (394)
[2017.03.23-21.41.27:209][962]LogModuleManager: Shutting down and abandoning module LocalizationDashboard (392)
[2017.03.23-21.41.27:209][962]LogModuleManager: Shutting down and abandoning module LocalizationService (391)
[2017.03.23-21.41.27:209][962]LogModuleManager: Shutting down and abandoning module HardwareTargeting (388)
[2017.03.23-21.41.27:209][962]LogModuleManager: Shutting down and abandoning module DeviceProfileEditor (386)
[2017.03.23-21.41.27:209][962]LogModuleManager: Shutting down and abandoning module UndoHistory (384)
[2017.03.23-21.41.27:209][962]LogModuleManager: Shutting down and abandoning module UserFeedback (382)
[2017.03.23-21.41.27:209][962]LogModuleManager: Shutting down and abandoning module XmlParser (380)
[2017.03.23-21.41.27:209][962]LogModuleManager: Shutting down and abandoning module Blutility (378)
[2017.03.23-21.41.27:209][962]LogModuleManager: Shutting down and abandoning module ProjectSettingsViewer (376)
[2017.03.23-21.41.27:210][962]LogModuleManager: Shutting down and abandoning module ProjectTargetPlatformEditor (375)
[2017.03.23-21.41.27:210][962]LogModuleManager: Shutting down and abandoning module EditorSettingsViewer (372)
[2017.03.23-21.41.27:210][962]LogModuleManager: Shutting down and abandoning module SettingsEditor (370)
[2017.03.23-21.41.27:210][962]LogModuleManager: Shutting down and abandoning module ProjectLauncher (368)
[2017.03.23-21.41.27:210][962]LogModuleManager: Shutting down and abandoning module SessionFrontend (366)
[2017.03.23-21.41.27:210][962]LogModuleManager: Shutting down and abandoning module ProfilerClient (364)
[2017.03.23-21.41.27:210][962]LogModuleManager: Shutting down and abandoning module DeviceManager (362)
[2017.03.23-21.41.27:210][962]LogModuleManager: Shutting down and abandoning module TargetDeviceServices (361)
[2017.03.23-21.41.27:264][962]LogModuleManager: Shutting down and abandoning module AutomationController (358)
[2017.03.23-21.41.27:264][962]LogModuleManager: Shutting down and abandoning module AutomationWindow (356)
[2017.03.23-21.41.27:264][962]LogModuleManager: Shutting down and abandoning module Layers (354)
[2017.03.23-21.41.27:264][962]LogModuleManager: Shutting down and abandoning module ComponentVisualizers (352)
[2017.03.23-21.41.27:264][962]LogModuleManager: Shutting down and abandoning module DetailCustomizations (350)
[2017.03.23-21.41.27:264][962]LogModuleManager: Shutting down and abandoning module PackagesDialog (348)
[2017.03.23-21.41.27:264][962]LogModuleManager: Shutting down and abandoning module Persona (346)
[2017.03.23-21.41.27:264][962]LogModuleManager: Shutting down and abandoning module AnimGraph (345)
[2017.03.23-21.41.27:264][962]LogModuleManager: Shutting down and abandoning module Kismet (342)
[2017.03.23-21.41.27:265][962]LogModuleManager: Shutting down and abandoning module GraphEditor (340)
[2017.03.23-21.41.27:265][962]LogModuleManager: Shutting down and abandoning module ClassViewer (338)
[2017.03.23-21.41.27:265][962]LogModuleManager: Shutting down and abandoning module Toolbox (336)
[2017.03.23-21.41.27:265][962]LogModuleManager: Shutting down and abandoning module ModuleUI (334)
[2017.03.23-21.41.27:265][962]LogModuleManager: Shutting down and abandoning module MovieSceneTools (332)
[2017.03.23-21.41.27:265][962]LogModuleManager: Shutting down and abandoning module OutputLog (330)
[2017.03.23-21.41.27:266][962]LogModuleManager: Shutting down and abandoning module GammaUI (328)
[2017.03.23-21.41.27:266][962]LogModuleManager: Shutting down and abandoning module Documentation (326)
[2017.03.23-21.41.27:266][962]LogModuleManager: Shutting down and abandoning module Niagara (324)
[2017.03.23-21.41.27:266][962]LogModuleManager: Shutting down and abandoning module StreamingPauseRendering (322)
[2017.03.23-21.41.27:266][962]LogModuleManager: Shutting down and abandoning module AnalyticsET (320)
[2017.03.23-21.41.27:266][962]LogModuleManager: Shutting down and abandoning module PortalServices (318)
[2017.03.23-21.41.27:266][962]LogModuleManager: Shutting down and abandoning module PortalRpc (316)
[2017.03.23-21.41.27:266][962]LogModuleManager: Shutting down and abandoning module MessagingRpc (314)
[2017.03.23-21.41.27:266][962]LogModuleManager: Shutting down and abandoning module AIModule (312)
[2017.03.23-21.41.27:266][962]LogModuleManager: Shutting down and abandoning module GameplayDebugger (311)
[2017.03.23-21.41.27:266][962]LogModuleManager: Shutting down and abandoning module AITestSuite (309)
[2017.03.23-21.41.27:266][962]LogModuleManager: Shutting down and abandoning module ProfilerService (306)
[2017.03.23-21.41.27:513][962]LogModuleManager: Shutting down and abandoning module TaskGraph (304)
[2017.03.23-21.41.27:513][962]LogModuleManager: Shutting down and abandoning module SteamVRController (302)
[2017.03.23-21.41.27:513][962]LogModuleManager: Shutting down and abandoning module SteamVR (300)
[2017.03.23-21.41.27:513][962]LogModuleManager: Shutting down and abandoning module ProceduralMeshComponentEditor (298)
[2017.03.23-21.41.27:513][962]LogModuleManager: Shutting down and abandoning module ProceduralMeshComponent (296)
[2017.03.23-21.41.27:513][962]LogModuleManager: Shutting down and abandoning module OculusLibrary (294)
[2017.03.23-21.41.27:513][962]LogModuleManager: Shutting down and abandoning module OculusInput (292)
[2017.03.23-21.41.27:513][962]LogModuleManager: Shutting down and abandoning module MobilePatchingUtils (290)
[2017.03.23-21.41.27:513][962]LogModuleManager: Shutting down and abandoning module CustomMeshComponent (288)
[2017.03.23-21.41.27:513][962]LogModuleManager: Shutting down and abandoning module CableComponent (286)
[2017.03.23-21.41.27:513][962]LogModuleManager: Shutting down and abandoning module ArchVisCharacter (284)
[2017.03.23-21.41.27:513][962]LogModuleManager: Shutting down and abandoning module MediaPlayerEditor (280)
[2017.03.23-21.41.27:513][962]LogModuleManager: Shutting down and abandoning module HTML5Networking (278)
[2017.03.23-21.41.27:513][962]LogModuleManager: Shutting down and abandoning module AlembicImporter (276)
[2017.03.23-21.41.27:513][962]LogModuleManager: Shutting down and abandoning module AlembicLibrary (275)
[2017.03.23-21.41.27:513][962]LogModuleManager: Shutting down and abandoning module GeometryCache (274)
[2017.03.23-21.41.27:513][962]LogModuleManager: Shutting down and abandoning module GeometryCacheEd (273)
[2017.03.23-21.41.27:513][962]LogModuleManager: Shutting down and abandoning module SuperSearchEditor (268)
[2017.03.23-21.41.27:513][962]LogModuleManager: Shutting down and abandoning module SuperSearch (267)
[2017.03.23-21.41.27:513][962]LogModuleManager: Shutting down and abandoning module SpeedTreeImporter (264)
[2017.03.23-21.41.27:513][962]LogModuleManager: Shutting down and abandoning module PluginBrowser (262)
[2017.03.23-21.41.27:513][962]LogModuleManager: Shutting down and abandoning module MobileLauncherProfileWizard (260)
[2017.03.23-21.41.27:513][962]LogModuleManager: Shutting down and abandoning module EpicSurvey (258)
[2017.03.23-21.41.27:513][962]LogModuleManager: Shutting down and abandoning module VisualStudioSourceCodeAccess (256)
[2017.03.23-21.41.27:513][962]LogModuleManager: Shutting down and abandoning module DesktopPlatform (255)
[2017.03.23-21.41.27:513][962]LogModuleManager: Shutting down and abandoning module UObjectPlugin (252)
[2017.03.23-21.41.27:513][962]LogModuleManager: Shutting down and abandoning module SubversionSourceControl (250)
[2017.03.23-21.41.27:513][962]LogModuleManager: Shutting down and abandoning module PerforceSourceControl (248)
[2017.03.23-21.41.27:513][962]LogModuleManager: Shutting down and abandoning module GitSourceControl (246)
[2017.03.23-21.41.27:513][962]LogModuleManager: Shutting down and abandoning module SourceControl (245)
[2017.03.23-21.41.27:513][962]LogModuleManager: Shutting down and abandoning module LightPropagationVolumeEditor (242)
[2017.03.23-21.41.27:513][962]LogModuleManager: Shutting down and abandoning module PaperTiledImporter (240)
[2017.03.23-21.41.27:513][962]LogModuleManager: Shutting down and abandoning module PaperSpriteSheetImporter (238)
[2017.03.23-21.41.27:513][962]LogModuleManager: Shutting down and abandoning module Paper2DEditor (236)
[2017.03.23-21.41.27:513][962]LogModuleManager: Shutting down and abandoning module MeshPaint (235)
[2017.03.23-21.41.27:513][962]LogModuleManager: Shutting down and abandoning module LevelEditor (233)
[2017.03.23-21.41.27:515][962]LogModuleManager: Shutting down and abandoning module PixelInspectorModule (232)
[2017.03.23-21.41.27:515][962]LogModuleManager: Shutting down and abandoning module MainFrame (230)
[2017.03.23-21.41.27:515][962]LogModuleManager: Shutting down and abandoning module HotReload (229)
[2017.03.23-21.41.27:516][962]LogModuleManager: Shutting down and abandoning module ContentBrowser (225)
[2017.03.23-21.41.27:517][962]LogModuleManager: Shutting down and abandoning module PhysXVehiclesEditor (222)
[2017.03.23-21.41.27:517][962]LogModuleManager: Shutting down and abandoning module PhysXVehicles (220)
[2017.03.23-21.41.27:517][962]LogModuleManager: Shutting down and abandoning module LocationServicesBPLibrary (218)
[2017.03.23-21.41.27:517][962]LogModuleManager: Shutting down and abandoning module UdpMessaging (216)
[2017.03.23-21.41.27:618][962]LogModuleManager: Shutting down and abandoning module TcpMessaging (214)
[2017.03.23-21.41.27:719][962]LogModuleManager: Shutting down and abandoning module GameplayTagsEditor (212)
[2017.03.23-21.41.27:719][962]LogModuleManager: Shutting down and abandoning module FacialAnimationEditor (210)
[2017.03.23-21.41.27:719][962]LogModuleManager: Shutting down and abandoning module FacialAnimation (208)
[2017.03.23-21.41.27:719][962]LogModuleManager: Shutting down and abandoning module LightPropagationVolumeRuntime (206)
[2017.03.23-21.41.27:719][962]LogModuleManager: Shutting down and abandoning module Paper2D (204)
[2017.03.23-21.41.27:719][962]LogModuleManager: Shutting down and abandoning module WindowsMoviePlayer (202)
[2017.03.23-21.41.27:719][962]LogModuleManager: Shutting down and abandoning module WmfMedia (200)
[2017.03.23-21.41.27:719][962]LogModuleManager: Shutting down and abandoning module MfMedia (198)
[2017.03.23-21.41.27:719][962]LogModuleManager: Shutting down and abandoning module MediaAssets (196)
[2017.03.23-21.41.27:719][962]LogModuleManager: Shutting down and abandoning module GameLiveStreaming (194)
[2017.03.23-21.41.27:719][962]LogModuleManager: Shutting down and abandoning module VREditor (192)
[2017.03.23-21.41.27:719][962]LogModuleManager: Shutting down and abandoning module GameplayTasksEditor (190)
[2017.03.23-21.41.27:719][962]LogModuleManager: Shutting down and abandoning module BehaviorTreeEditor (188)
[2017.03.23-21.41.27:719][962]LogModuleManager: Shutting down and abandoning module FunctionalTesting (186)
[2017.03.23-21.41.27:719][962]LogModuleManager: Shutting down and abandoning module CollisionAnalyzer (184)
[2017.03.23-21.41.27:719][962]LogModuleManager: Shutting down and abandoning module UMG (182)
[2017.03.23-21.41.27:719][962]LogModuleManager: Shutting down and abandoning module UMGEditor (181)
[2017.03.23-21.41.27:719][962]LogModuleManager: Shutting down and abandoning module Sequencer (180)
[2017.03.23-21.41.27:720][962]LogModuleManager: Shutting down and abandoning module AssetTools (178)
[2017.03.23-21.41.27:720][962]LogModuleManager: Shutting down and abandoning module MessageLog (177)
[2017.03.23-21.41.27:720][962]LogModuleManager: Shutting down and abandoning module WorkspaceMenuStructure (176)
[2017.03.23-21.41.27:720][962]LogModuleManager: Shutting down and abandoning module SlateReflector (170)
[2017.03.23-21.41.27:720][962]LogModuleManager: Shutting down and abandoning module Slate (168)
[2017.03.23-21.41.27:720][962]LogModuleManager: Shutting down and abandoning module EditorStyle (166)
[2017.03.23-21.41.27:724][962]LogModuleManager: Shutting down and abandoning module SourceCodeAccess (164)
[2017.03.23-21.41.27:724][962]LogModuleManager: Shutting down and abandoning module HeadMountedDisplay (162)
[2017.03.23-21.41.27:724][962]LogModuleManager: Shutting down and abandoning module XAudio2 (160)
[2017.03.23-21.41.27:724][962]LogModuleManager: Shutting down and abandoning module Networking (158)
[2017.03.23-21.41.27:724][962]LogModuleManager: Shutting down and abandoning module Core (154)
[2017.03.23-21.41.27:724][962]LogModuleManager: Shutting down and abandoning module AssetRegistry (152)
[2017.03.23-21.41.27:912][962]LogDirectoryWatcher: A directory notification for '../../../Engine/Content/' was aborted.
[2017.03.23-21.41.27:912][962]LogDirectoryWatcher: A directory notification for '../../../../../PTSD/PTSD-Project/PTSD/Content/' was aborted.
[2017.03.23-21.41.27:912][962]LogDirectoryWatcher: A directory notification for '../../../Engine/Plugins/2D/Paper2D/Content/' was aborted.
[2017.03.23-21.41.27:912][962]LogModuleManager: Shutting down and abandoning module DirectoryWatcher (151)
[2017.03.23-21.41.27:913][962]LogModuleManager: Shutting down and abandoning module KismetCompiler (148)
[2017.03.23-21.41.27:913][962]LogModuleManager: Shutting down and abandoning module PhysXFormats (146)
[2017.03.23-21.41.27:913][962]LogModuleManager: Shutting down and abandoning module MeshUtilities (144)
[2017.03.23-21.41.27:913][962]LogModuleManager: Shutting down and abandoning module SimplygonSwarm (143)
[2017.03.23-21.41.27:913][962]LogModuleManager: Shutting down and abandoning module SimplygonMeshReduction (141)
[2017.03.23-21.41.27:913][962]LogModuleManager: Shutting down and abandoning module QuadricMeshReduction (139)
[2017.03.23-21.41.27:913][962]LogModuleManager: Shutting down and abandoning module PropertyEditor (137)
[2017.03.23-21.41.27:913][962]LogModuleManager: Shutting down and abandoning module DerivedDataCache (134)
[2017.03.23-21.41.27:981][962]LogDerivedDataCache: Shutdown
[2017.03.23-21.41.27:981][962]LogModuleManager: Shutting down and abandoning module TargetPlatform (132)
[2017.03.23-21.41.27:981][962]LogModuleManager: Shutting down and abandoning module VulkanShaderFormat (131)
[2017.03.23-21.41.27:981][962]LogModuleManager: Shutting down and abandoning module ShaderFormatOpenGL (129)
[2017.03.23-21.41.27:981][962]LogModuleManager: Shutting down and abandoning module ShaderFormatD3D (127)
[2017.03.23-21.41.27:981][962]LogModuleManager: Shutting down and abandoning module MetalShaderFormat (125)
[2017.03.23-21.41.27:981][962]LogModuleManager: Shutting down and abandoning module TextureFormatUncompressed (123)
[2017.03.23-21.41.27:981][962]LogModuleManager: Shutting down and abandoning module TextureFormatPVR (121)
[2017.03.23-21.41.27:981][962]LogModuleManager: Shutting down and abandoning module TextureFormatDXT (119)
[2017.03.23-21.41.27:981][962]LogModuleManager: Shutting down and abandoning module TextureFormatIntelISPCTexComp (117)
[2017.03.23-21.41.27:982][962]LogModuleManager: Shutting down and abandoning module TextureFormatASTC (115)
[2017.03.23-21.41.27:982][962]LogModuleManager: Shutting down and abandoning module ImageWrapper (114)
[2017.03.23-21.41.27:982][962]LogModuleManager: Shutting down and abandoning module TextureFormatAndroid (111)
[2017.03.23-21.41.27:982][962]LogModuleManager: Shutting down and abandoning module AudioFormatOpus (109)
[2017.03.23-21.41.27:982][962]LogModuleManager: Shutting down and abandoning module AudioFormatOgg (107)
[2017.03.23-21.41.27:982][962]LogModuleManager: Shutting down and abandoning module AudioFormatADPCM (105)
[2017.03.23-21.41.27:982][962]LogModuleManager: Shutting down and abandoning module LinuxTargetPlatform (103)
[2017.03.23-21.41.27:982][962]LogModuleManager: Shutting down and abandoning module LinuxServerTargetPlatform (101)
[2017.03.23-21.41.27:982][962]LogModuleManager: Shutting down and abandoning module LinuxNoEditorTargetPlatform (99)
[2017.03.23-21.41.27:982][962]LogModuleManager: Shutting down and abandoning module LinuxClientTargetPlatform (97)
[2017.03.23-21.41.27:982][962]LogModuleManager: Shutting down and abandoning module TVOSTargetPlatform (95)
[2017.03.23-21.41.27:982][962]LogModuleManager: Shutting down and abandoning module Messaging (93)
[2017.03.23-21.41.27:982][962]LogModuleManager: Shutting down and abandoning module IOSTargetPlatform (91)
[2017.03.23-21.41.27:982][962]LogModuleManager: Shutting down and abandoning module HTML5TargetPlatform (89)
[2017.03.23-21.41.27:982][962]LogModuleManager: Shutting down and abandoning module Android_PVRTCTargetPlatform (87)
[2017.03.23-21.41.27:982][962]LogModuleManager: Shutting down and abandoning module Android_MultiTargetPlatform (85)
[2017.03.23-21.41.27:982][962]LogModuleManager: Shutting down and abandoning module Android_ETC2TargetPlatform (83)
[2017.03.23-21.41.27:982][962]LogModuleManager: Shutting down and abandoning module Android_ETC1TargetPlatform (81)
[2017.03.23-21.41.27:982][962]LogModuleManager: Shutting down and abandoning module Android_DXTTargetPlatform (79)
[2017.03.23-21.41.27:982][962]LogModuleManager: Shutting down and abandoning module Android_ATCTargetPlatform (77)
[2017.03.23-21.41.27:982][962]LogModuleManager: Shutting down and abandoning module Android_ASTCTargetPlatform (75)
[2017.03.23-21.41.27:982][962]LogModuleManager: Shutting down and abandoning module AndroidTargetPlatform (73)
[2017.03.23-21.41.27:982][962]LogModuleManager: Shutting down and abandoning module WindowsTargetPlatform (71)
[2017.03.23-21.41.27:982][962]LogModuleManager: Shutting down and abandoning module WindowsServerTargetPlatform (69)
[2017.03.23-21.41.27:982][962]LogModuleManager: Shutting down and abandoning module WindowsNoEditorTargetPlatform (67)
[2017.03.23-21.41.27:982][962]LogModuleManager: Shutting down and abandoning module WindowsClientTargetPlatform (65)
[2017.03.23-21.41.27:982][962]LogModuleManager: Shutting down and abandoning module MacTargetPlatform (63)
[2017.03.23-21.41.27:982][962]LogModuleManager: Shutting down and abandoning module MacServerTargetPlatform (61)
[2017.03.23-21.41.27:982][962]LogModuleManager: Shutting down and abandoning module MacNoEditorTargetPlatform (59)
[2017.03.23-21.41.27:982][962]LogModuleManager: Shutting down and abandoning module MacClientTargetPlatform (57)
[2017.03.23-21.41.27:982][962]LogModuleManager: Shutting down and abandoning module AllDesktopTargetPlatform (55)
[2017.03.23-21.41.27:982][962]LogModuleManager: Shutting down and abandoning module InputCore (52)
[2017.03.23-21.41.27:982][962]LogModuleManager: Shutting down and abandoning module Settings (50)
[2017.03.23-21.41.27:982][962]LogModuleManager: Shutting down and abandoning module OculusRift (48)
[2017.03.23-21.41.27:982][962]LogModuleManager: Shutting down and abandoning module GearVR (46)
[2017.03.23-21.41.27:982][962]LogModuleManager: Shutting down and abandoning module ExampleDeviceProfileSelector (44)
[2017.03.23-21.41.27:982][962]LogModuleManager: Shutting down and abandoning module OnlineBlueprintSupport (42)
[2017.03.23-21.41.27:982][962]LogModuleManager: Shutting down and abandoning module OnlineSubsystem (38)
[2017.03.23-21.41.27:982][962]LogOnline:Display: Unloading online subsystem: NULL
[2017.03.23-21.41.27:982][962]LogModuleManager: Shutting down and abandoning module XMPP (37)
[2017.03.23-21.41.27:982][962]LogModuleManager: Shutting down and abandoning module HTTP (35)
[2017.03.23-21.41.27:982][962]LogHttp:Display: Http module shutting down, but needs to wait on 1 outstanding Http requests:
[2017.03.23-21.41.27:982][962]LogHttp:Display: 	verb=[POST] url=[https://datarouter.ol.epicgames.com/datarouter/api/v1/public/data?SessionID=%7BD68161F8-4AB3-16FE-90F5-08A9DFAA65C1%7D&AppID=UEEditor.Rocket.Release&AppVersion=4.15.1-3348071%2B%2B%2BUE4%2BRelease-4.15&UserID=750ac638448b4cf87faad6878f8ba06c%7Cb36ec6f80e614795904645f80cf52a09%7C5b6804fd-5f09-4335-91ff-c0d243bd4d4e&AppEnvironment=datacollector-binary&UploadType=eteventstream] status=Processing
[2017.03.23-21.41.28:013][962]LogModuleManager: Shutting down and abandoning module SSL (34)
[2017.03.23-21.41.28:015][962]LogModuleManager: Shutting down and abandoning module AudioEditor (30)
[2017.03.23-21.41.28:015][962]LogModuleManager: Shutting down and abandoning module TextureCompressor (28)
[2017.03.23-21.41.28:015][962]LogModuleManager: Shutting down and abandoning module ShaderCore (26)
[2017.03.23-21.41.28:015][962]LogModuleManager: Shutting down and abandoning module Landscape (24)
[2017.03.23-21.41.28:015][962]LogModuleManager: Shutting down and abandoning module SlateRHIRenderer (22)
[2017.03.23-21.41.28:016][962]LogModuleManager: Shutting down and abandoning module OpenGLDrv (20)
[2017.03.23-21.41.28:016][962]LogModuleManager: Shutting down and abandoning module D3D11RHI (18)
[2017.03.23-21.41.28:016][962]LogModuleManager: Shutting down and abandoning module AnimGraphRuntime (16)
[2017.03.23-21.41.28:016][962]LogModuleManager: Shutting down and abandoning module Renderer (14)
[2017.03.23-21.41.28:016][962]LogModuleManager: Shutting down and abandoning module Engine (12)
[2017.03.23-21.41.28:016][962]LogModuleManager: Shutting down and abandoning module CoreUObject (10)
[2017.03.23-21.41.28:016][962]LogModuleManager: Shutting down and abandoning module NetworkFile (8)
[2017.03.23-21.41.28:016][962]LogModuleManager: Shutting down and abandoning module StreamingFile (6)
[2017.03.23-21.41.28:016][962]LogModuleManager: Shutting down and abandoning module SandboxFile (4)
[2017.03.23-21.41.28:016][962]LogModuleManager: Shutting down and abandoning module PakFile (2)
[2017.03.23-21.41.28:018][962]LogExit: Exiting.
[2017.03.23-21.41.28:020][962]Log file closed, 03/23/17 17:41:28
