Log file open, 04/04/17 13:27:49
LogInit:Display: Running engine for game: PTSD
LogPlatformFile: Not using cached read wrapper
LogInit:Display: RandInit(-369070774) SRandInit(-369070774).
LogTaskGraph: Started task graph with 5 named threads and 10 total threads with 1 sets of task threads.
LogStats: Stats thread started at 0.101453
LogInit: Using libcurl 7.47.1
LogInit:  - built for x86_64-pc-win32
LogInit:  - supports SSL with OpenSSL/1.0.2g
LogInit:  - supports HTTP deflate (compression) using libz 1.2.8
LogInit:  - other features:
LogInit:      CURL_VERSION_SSL
LogInit:      CURL_VERSION_LIBZ
LogInit:      CURL_VERSION_IPV6
LogInit:      CURL_VERSION_ASYNCHDNS
LogInit:      CURL_VERSION_LARGEFILE
LogInit:      CURL_VERSION_IDN
LogInit:  CurlRequestOptions (configurable via config and command line):
LogInit:  - bVerifyPeer = false  - Libcurl will NOT verify peer certificate
LogInit:  - bUseHttpProxy = false  - Libcurl will NOT use HTTP proxy
LogInit:  - bDontReuseConnections = false  - Libcurl will reuse connections
LogInit:  - CertBundlePath = nullptr  - Libcurl will use whatever was configured at build time.
LogInit: Build: ++UE4+Release-4.15-CL-3348071
LogInit: Engine Version: 4.15.1-3348071+++UE4+Release-4.15
LogInit: Compatible Engine Version: 4.15.0-3299760+++UE4+Release-4.15
LogInit: Net CL: 3299760
LogDevObjectVersion: Number of dev versions registered: 14
LogDevObjectVersion:   Dev-Blueprints (B0D832E4-1F89-4F0D-ACCF-7EB736FD4AA2): 8
LogDevObjectVersion:   Dev-Build (E1C64328-A22C-4D53-A36C-8E866417BD8C): 0
LogDevObjectVersion:   Dev-Core (375EC13C-06E4-48FB-B500-84F0262A717E): 2
LogDevObjectVersion:   Dev-Editor (E4B068ED-F494-42E9-A231-DA0B2E46BB41): 14
LogDevObjectVersion:   Dev-Framework (CFFC743F-43B0-4480-9391-14DF171D2073): 22
LogDevObjectVersion:   Dev-Mobile (B02B49B5-BB20-44E9-A304-32B752E40360): 0
LogDevObjectVersion:   Dev-Networking (A4E4105C-59A1-49B5-A7C5-40C4547EDFEE): 0
LogDevObjectVersion:   Dev-Online (39C831C9-5AE6-47DC-9A44-9C173E1C8E7C): 0
LogDevObjectVersion:   Dev-Physics (78F01B33-EBEA-4F98-B9B4-84EACCB95AA2): 0
LogDevObjectVersion:   Dev-Platform (6631380F-2D4D-43E0-8009-CF276956A95A): 0
LogDevObjectVersion:   Dev-Rendering (12F88B9F-8875-4AFC-A67C-D90C383ABD29): 12
LogDevObjectVersion:   Dev-Sequencer (7B5AE74C-D270-4C10-A958-57980B212A5A): 3
LogDevObjectVersion:   Dev-VR (D7296918-1DD6-4BDD-9DE2-64A83CC13884): 0
LogDevObjectVersion:   Dev-LoadTimes (C2A15278-BFE7-4AFE-6C17-90FF531DF755): 1
LogInit: Compiled (64-bit): Mar 15 2017 16:52:47
LogInit: Compiled with Visual C++: 19.00.23026.00
LogInit: Build Configuration: Development
LogInit: Branch Name: ++UE4+Release-4.15
LogInit: Command line: -EpicPortal 
LogInit: Base directory: C:/Program Files/Epic Games/UE_4.15/Engine/Binaries/Win64/
LogInit: Installed Engine Build: 1
LogInit: Presizing for max 8388607 objects, including 0 objects not considered by GC, pre-allocating 0 bytes for permanent pool.
LogInit: Object subsystem initialized
[2017.04.04-17.27.50:420][  0]LogInit: Selected Device Profile: [Windows]
[2017.04.04-17.27.50:420][  0]LogInit: Applying CVar settings loaded from the selected device profile: [Windows]
[2017.04.04-17.27.50:429][  0]LogInit: Computer: P3130-MACHINE25
[2017.04.04-17.27.50:429][  0]LogInit: User: kharm
[2017.04.04-17.27.50:429][  0]LogInit: CPU Page size=65536, Cores=6
[2017.04.04-17.27.50:429][  0]LogInit: High frequency timer resolution =3.319352 MHz
[2017.04.04-17.27.50:429][  0]LogMemory: Memory total: Physical=31.9GB (32GB approx)
[2017.04.04-17.27.50:429][  0]LogMemory: Platform Memory Stats for Windows
[2017.04.04-17.27.50:429][  0]LogMemory: Process Physical Memory: 262.63 MB used, 262.63 MB peak
[2017.04.04-17.27.50:429][  0]LogMemory: Process Virtual Memory: 269.09 MB used, 269.09 MB peak
[2017.04.04-17.27.50:429][  0]LogMemory: Physical Memory: 7194.18 MB used,  25496.98 MB free, 32691.16 MB total
[2017.04.04-17.27.50:429][  0]LogMemory: Virtual Memory: 654.29 MB used,  25496.98 MB free, 134217728.00 MB total
[2017.04.04-17.27.50:506][  0]LogTextLocalizationManager: No specific translations for ('en-US') exist, so ('en') translations will be used.
[2017.04.04-17.27.51:264][  0]LogD3D11RHI: D3D11 adapters:
[2017.04.04-17.27.51:291][  0]LogD3D11RHI:    0. 'NVIDIA GeForce GTX 1080' (Feature Level 11_0)
[2017.04.04-17.27.51:291][  0]LogD3D11RHI:       8144/0/16345 MB DedicatedVideo/DedicatedSystem/SharedSystem, Outputs:2, VendorId:0x10de
[2017.04.04-17.27.51:293][  0]LogD3D11RHI:    1. 'Microsoft Basic Render Driver' (Feature Level 11_0)
[2017.04.04-17.27.51:293][  0]LogD3D11RHI:       0/0/16345 MB DedicatedVideo/DedicatedSystem/SharedSystem, Outputs:0, VendorId:0x1414
[2017.04.04-17.27.51:293][  0]LogD3D11RHI: Chosen D3D11 Adapter: 0
[2017.04.04-17.27.51:298][  0]LogD3D11RHI: Creating new Direct3DDevice
[2017.04.04-17.27.51:298][  0]LogD3D11RHI:     GPU DeviceId: 0x1b80 (for the marketing name, search the web for "GPU Device Id")
[2017.04.04-17.27.51:298][  0]LogWindows: EnumDisplayDevices:
[2017.04.04-17.27.51:298][  0]LogWindows:    0. 'NVIDIA GeForce GTX 1080' (P:0 D:1)
[2017.04.04-17.27.51:299][  0]LogWindows:    1. 'NVIDIA GeForce GTX 1080' (P:1 D:1)
[2017.04.04-17.27.51:299][  0]LogWindows:    2. 'NVIDIA GeForce GTX 1080' (P:0 D:0)
[2017.04.04-17.27.51:299][  0]LogWindows:    3. 'NVIDIA GeForce GTX 1080' (P:0 D:0)
[2017.04.04-17.27.51:299][  0]LogWindows: DebugString: FoundDriverCount:4 
[2017.04.04-17.27.51:299][  0]LogD3D11RHI:     Adapter Name: NVIDIA GeForce GTX 1080
[2017.04.04-17.27.51:299][  0]LogD3D11RHI:   Driver Version: 369.09 (internal:21.21.13.6909, unified:369.09)
[2017.04.04-17.27.51:299][  0]LogD3D11RHI:      Driver Date: 8-1-2016
[2017.04.04-17.27.51:299][  0]LogRHI: Texture pool is 1361 MB (70% of 1945 MB)
[2017.04.04-17.27.51:312][  0]LogD3D11RHI: Async texture creation enabled
[2017.04.04-17.27.51:321][  0]LogD3D11RHI: GPU Timing Frequency: 1000.000000 (Debug: 2 1)
[2017.04.04-17.27.51:411][  0]LogShaderCompilers: Guid format shader working directory is -9 characters bigger than the processId version (../../../../../../Users/kharm/Desktop/PTSD-Project/PTSD/Intermediate/Shaders/WorkingDirectory/7904/).
[2017.04.04-17.27.51:412][  0]LogShaderCompilers: Cleaned the shader compiler working directory 'C:/Users/kharm/AppData/Local/Temp/UnrealShaderWorkingDir/B26024294B654FEC6247F8AEBAB52082/'.
[2017.04.04-17.27.51:412][  0]LogShaderCompilers:Display: Using Local Shader Compiler.
[2017.04.04-17.27.52:523][  0]LogTemp:Display: Loaded TP AllDesktopTargetPlatform
[2017.04.04-17.27.52:581][  0]LogTemp:Display: Loaded TP MacClientTargetPlatform
[2017.04.04-17.27.52:639][  0]LogTemp:Display: Loaded TP MacNoEditorTargetPlatform
[2017.04.04-17.27.52:695][  0]LogTemp:Display: Loaded TP MacServerTargetPlatform
[2017.04.04-17.27.52:753][  0]LogTemp:Display: Loaded TP MacTargetPlatform
[2017.04.04-17.27.52:810][  0]LogTemp:Display: Loaded TP WindowsClientTargetPlatform
[2017.04.04-17.27.52:866][  0]LogTemp:Display: Loaded TP WindowsNoEditorTargetPlatform
[2017.04.04-17.27.52:923][  0]LogTemp:Display: Loaded TP WindowsServerTargetPlatform
[2017.04.04-17.27.52:970][  0]LogTemp:Display: Loaded TP WindowsTargetPlatform
[2017.04.04-17.27.53:025][  0]LogTemp:Display: Loaded TP AndroidTargetPlatform
[2017.04.04-17.27.53:081][  0]LogTemp:Display: Loaded TP Android_ASTCTargetPlatform
[2017.04.04-17.27.53:138][  0]LogTemp:Display: Loaded TP Android_ATCTargetPlatform
[2017.04.04-17.27.53:193][  0]LogTemp:Display: Loaded TP Android_DXTTargetPlatform
[2017.04.04-17.27.53:249][  0]LogTemp:Display: Loaded TP Android_ETC1TargetPlatform
[2017.04.04-17.27.53:303][  0]LogTemp:Display: Loaded TP Android_ETC2TargetPlatform
[2017.04.04-17.27.53:415][  0]LogTemp:Display: Loaded TP Android_MultiTargetPlatform
[2017.04.04-17.27.53:415][  0]LogTemp:Display: Loaded TP Android_PVRTCTargetPlatform
[2017.04.04-17.27.53:456][  0]LogTemp:Display: Loaded TP HTML5TargetPlatform
[2017.04.04-17.27.53:551][  0]LogTemp:Display: Loaded TP IOSTargetPlatform
[2017.04.04-17.27.53:582][  0]LogTemp:Display: Loaded TP TVOSTargetPlatform
[2017.04.04-17.27.53:638][  0]LogTemp:Display: Loaded TP LinuxClientTargetPlatform
[2017.04.04-17.27.53:694][  0]LogTemp:Display: Loaded TP LinuxNoEditorTargetPlatform
[2017.04.04-17.27.53:750][  0]LogTemp:Display: Loaded TP LinuxServerTargetPlatform
[2017.04.04-17.27.53:806][  0]LogTemp:Display: Loaded TP LinuxTargetPlatform
[2017.04.04-17.27.53:806][  0]LogTargetPlatformManager:Display: Building Assets For Windows
[2017.04.04-17.27.54:226][  0]LogDerivedDataCache:Display: Max Cache Size: 512 MB
[2017.04.04-17.27.54:278][  0]LogDerivedDataCache: Loaded boot cache 0.05s 50MB C:/Users/kharm/AppData/Local/UnrealEngine/4.15/DerivedDataCache/Boot.ddc.
[2017.04.04-17.27.54:278][  0]LogDerivedDataCache:Display: Loaded Boot cache: C:/Users/kharm/AppData/Local/UnrealEngine/4.15/DerivedDataCache/Boot.ddc
[2017.04.04-17.27.54:278][  0]LogDerivedDataCache: FDerivedDataBackendGraph:  Pak pak cache file ../../../../../../Users/kharm/Desktop/PTSD-Project/PTSD/DerivedDataCache/DDC.ddp not found, will not use a pak cache.
[2017.04.04-17.27.54:278][  0]LogDerivedDataCache: Unable to find inner node Pak for hierarchical cache Hierarchy.
[2017.04.04-17.27.54:278][  0]LogDerivedDataCache: FDerivedDataBackendGraph:  CompressedPak pak cache file ../../../../../../Users/kharm/Desktop/PTSD-Project/PTSD/DerivedDataCache/Compressed.ddp not found, will not use a pak cache.
[2017.04.04-17.27.54:278][  0]LogDerivedDataCache: Unable to find inner node CompressedPak for hierarchical cache Hierarchy.
[2017.04.04-17.27.54:295][  0]LogDerivedDataCache:Display: Pak cache opened for reading ../../../Engine/DerivedDataCache/Compressed.ddp.
[2017.04.04-17.27.54:308][  0]LogDerivedDataCache: Using Local data cache path C:/Users/kharm/AppData/Local/UnrealEngine/Common/DerivedDataCache: Writable
[2017.04.04-17.27.54:317][  0]LogSlate: Using Freetype 2.6.0
[2017.04.04-17.27.54:318][  0]LogSlate: SlateFontCache - WITH_FREETYPE: 1, WITH_HARFBUZZ: 1
[2017.04.04-17.27.54:318][  0]LogSlate: SlateFontCache - WITH_FREETYPE: 1, WITH_HARFBUZZ: 1
[2017.04.04-17.27.54:658][  0]LogInit: Selected Device Profile: [Windows]
[2017.04.04-17.27.54:661][  0]LogContentStreaming: Texture pool size is 0.00 MB
[2017.04.04-17.27.54:861][  0]LogMeshUtilities: Using QuadricMeshReduction for automatic static mesh reduction
[2017.04.04-17.27.54:905][  0]LogSimplygon: Simplygon DLL not present - disabling.
[2017.04.04-17.27.54:956][  0]LogMeshUtilities: Using SimplygonSwarm for distributed automatic mesh merging
[2017.04.04-17.27.54:956][  0]LogMeshUtilities: No automatic skeletal mesh reduction module available
[2017.04.04-17.27.54:956][  0]LogMeshUtilities: No automatic mesh merging module available
[2017.04.04-17.27.55:474][  0]LogNetVersion: GetLocalNetworkVersion: CL: 3299760, ProjectName: ptsd, ProjectVersion: , EngineNetworkVersion: 2, GameNetworkVersion: 0, NetworkChecksum: 1176372723
[2017.04.04-17.27.55:518][  0]LogAssetRegistry: FAssetRegistry took 0.0224 seconds to start up
[2017.04.04-17.27.55:579][  0]LogPackageLocalizationCache: Processed 3 localized package path(s) for 2 prioritized culture(s) in 0.042391 seconds
[2017.04.04-17.27.55:584][  0]LogUObjectArray: 32493 objects as part of root set at end of initial load.
[2017.04.04-17.27.55:584][  0]LogUObjectAllocator: 7077024 out of 0 bytes used by permanent object pool.
[2017.04.04-17.27.55:584][  0]LogUObjectArray: CloseDisregardForGC: 0/0 objects in disregard for GC pool
[2017.04.04-17.27.55:640][  0]LogInit: WinSock: version 1.1 (2.2), MaxSocks=32767, MaxUdp=65467
[2017.04.04-17.27.57:548][  0]LogTcpMessaging: Initializing TcpMessaging bridge
[2017.04.04-17.27.57:587][  0]LogUdpMessaging: Initializing bridge on interface 0.0.0.0:0 to multicast group 230.0.0.1:6666.
[2017.04.04-17.27.58:083][  0]LogMaterial: Uniform references updated for custom material expression Custom.
[2017.04.04-17.27.58:568][  0]SourceControl: Info Source control is disabled
[2017.04.04-17.27.58:569][  0]SourceControl: Info Source control is disabled
[2017.04.04-17.27.58:623][  0]SourceControl: Info Source control is disabled
[2017.04.04-17.27.58:688][  0]SourceControl: Info Source control is disabled
[2017.04.04-17.28.00:041][  0]LogEngine: Initializing Engine...
[2017.04.04-17.28.00:042][  0]LogHMD: Failed to initialize OpenVR with code 110
[2017.04.04-17.28.00:272][  0]LogAIModule: Creating AISystem for world Untitled
[2017.04.04-17.28.00:313][  0]LogInit: XAudio2 using 'Speakers (High Definition Audio Device)' : 2 channels at 44.1 kHz using 16 bits per sample (channel mask 0x3)
[2017.04.04-17.28.00:342][  0]LogInit: FAudioDevice initialized.
[2017.04.04-17.28.00:369][  0]LogDerivedDataCache: Saved boot cache 0.03s 50MB C:/Users/kharm/AppData/Local/UnrealEngine/4.15/DerivedDataCache/Boot.ddc.
[2017.04.04-17.28.00:373][  0]LogInit: Texture streaming: Enabled
[2017.04.04-17.28.00:459][  0]LogEngineSessionManager: EngineSessionManager initialized
[2017.04.04-17.28.00:551][  0]LogInit: Transaction tracking system initialized
[2017.04.04-17.28.00:915][  0]BlueprintLog: New page: Editor Load
[2017.04.04-17.28.01:808][  0]LocalizationService: Info Localization service is disabled
[2017.04.04-17.28.02:512][  0]LogConsoleResponse:Display: 
[2017.04.04-17.28.02:632][  0]LogCook:Display: Max memory allowance for cook 16384mb min free memory 0mb
[2017.04.04-17.28.02:632][  0]LogCook:Display: Mobile HDR setting 0
[2017.04.04-17.28.03:690][  0]LogFileCache: Scanning file cache for directory 'C:/Users/kharm/Desktop/PTSD-Project/PTSD/Content/' took 0.01s
[2017.04.04-17.28.03:736][  0]SourceControl: Info Source control is disabled
[2017.04.04-17.28.03:737][  0]Cmd: MAP LOAD FILE="../../../Engine/Content/Maps/Templates/Template_Default.umap" TEMPLATE=1 SHOWPROGRESS=1 FEATURELEVEL=3
[2017.04.04-17.28.03:737][  0]LightingResults: New page: Lighting Build
[2017.04.04-17.28.03:780][  0]MapCheck: New page: Map Check
[2017.04.04-17.28.03:780][  0]LightingResults: New page: Lighting Build
[2017.04.04-17.28.03:951][  0]LogAIModule: Creating AISystem for world Untitled_1
[2017.04.04-17.28.03:968][  0]LogActorComponent: RegisterComponentWithWorld: (/Temp/Untitled_1.Untitled_1:PersistentLevel.WorldSettings_1.StaticMeshComponent0) Trying to register component with IsPendingKill() == true. Aborting.
[2017.04.04-17.28.03:971][  0]LogEditorServer: Finished looking for orphan Actors (0.000 secs)
[2017.04.04-17.28.03:974][  0]Cmd: MAP CHECKDEP NOCLEARLOG
[2017.04.04-17.28.04:045][  0]MapCheck: Info Map check complete: 0 Error(s), 0 Warning(s), took 70.88ms to complete.
[2017.04.04-17.28.04:045][  0]LogFileHelpers: Loading map 'Template_Default' took 0.309
[2017.04.04-17.28.04:240][  0]LogCollectionManager: Loaded 0 collections in 0.001632 seconds
[2017.04.04-17.28.04:337][  0]LogFileCache: Scanning file cache for directory 'C:/Users/kharm/Desktop/PTSD-Project/PTSD/Saved/Collections/' took 0.01s
[2017.04.04-17.28.04:337][  0]LogFileCache: Scanning file cache for directory 'C:/Users/kharm/Desktop/PTSD-Project/PTSD/Content/Developers/kharm/Collections/' took 0.01s
[2017.04.04-17.28.04:337][  0]LogFileCache: Scanning file cache for directory 'C:/Users/kharm/Desktop/PTSD-Project/PTSD/Content/Collections/' took 0.01s
[2017.04.04-17.28.04:337][  0]LogCollectionManager: Rebuilt the GUID cache for 0 collections in 0.000002 seconds
[2017.04.04-17.28.04:345][  0]LogContentBrowser: Native class hierarchy populated in 0.0082 seconds. Added 2245 classes and 453 folders.
[2017.04.04-17.28.04:348][  0]LogStats: UGameplayTagsManager::ConstructGameplayTagTree: Construct from data asset -  0.000 s
[2017.04.04-17.28.04:348][  0]LogStats: UGameplayTagsManager::ConstructGameplayTagTree: GameplayTagTreeChangedEvent.Broadcast -  0.000 s
[2017.04.04-17.28.04:412][  0]LogContentBrowser: Native class hierarchy updated for 'WidgetCarousel' in 0.0005 seconds. Added 0 classes and 0 folders.
[2017.04.04-17.28.04:492][  0]LogContentBrowser: Native class hierarchy updated for 'AddContentDialog' in 0.0005 seconds. Added 0 classes and 0 folders.
[2017.04.04-17.28.04:539][  0]LogContentBrowser: Native class hierarchy updated for 'SceneOutliner' in 0.0006 seconds. Added 1 classes and 2 folders.
[2017.04.04-17.28.04:583][  0]LogCrashTracker: Crashtracker disabled due to settings.
[2017.04.04-17.28.04:684][  0]LogContentBrowser: Native class hierarchy updated for 'HierarchicalLODOutliner' in 0.0006 seconds. Added 1 classes and 2 folders.
[2017.04.04-17.28.04:684][  0]LogLoad: (Engine Initialization) Total time: 16.41 seconds
[2017.04.04-17.28.04:684][  0]LogLoad: (Engine Initialization) Total Blueprint compile time: 0.08 seconds
[2017.04.04-17.28.04:684][  0]LogExternalProfiler: Found external profiler: VSPerf
[2017.04.04-17.28.04:684][  0]LogExternalProfiler: Using external profiler: VSPerf
[2017.04.04-17.28.04:692][  0]LogOcInput: OculusInput pre-init called
[2017.04.04-17.28.04:714][  0]LogContentStreaming: Texture pool size now 1000 MB
[2017.04.04-17.28.04:715][  0]LogSlate: Took 0.000371 seconds to synchronously load lazily loaded font '../../../Engine/Content/Slate/Fonts/Roboto-Regular.ttf' (155K)
[2017.04.04-17.28.04:718][  0]LogSlate: Took 0.000299 seconds to synchronously load lazily loaded font '../../../Engine/Content/Slate/Fonts/Roboto-Bold.ttf' (160K)
[2017.04.04-17.28.04:723][  0]LogSlate: Took 0.000292 seconds to synchronously load lazily loaded font '../../../Engine/Content/Editor/Slate/Fonts/FontAwesome.ttf' (139K)
[2017.04.04-17.28.04:850][  0]LogSlate: Took 0.002505 seconds to synchronously load lazily loaded font '../../../Engine/Content/Slate/Fonts/Roboto-Light.ttf' (159K)
[2017.04.04-17.28.04:894][  0]LogRenderer: Reallocating scene render targets to support 1288x624 NumSamples 1 (Frame:2).
[2017.04.04-17.28.04:933][  1]LogAssetRegistry: Asset discovery search completed in 9.4368 seconds
[2017.04.04-17.28.04:933][  1]LogCollectionManager: Rebuilt the object cache for 0 collections in 0.000003 seconds (found 0 objects)
[2017.04.04-17.28.04:933][  1]LogCollectionManager: Fixed up redirectors for 0 collections in 0.000015 seconds (updated 0 objects)
[2017.04.04-17.28.05:713][ 85]LogSlate: Took 0.000342 seconds to synchronously load lazily loaded font '../../../Engine/Content/Slate/Fonts/Roboto-Light.ttf' (159K)
[2017.04.04-17.28.12:798][911]LogSlate: Took 0.000289 seconds to synchronously load lazily loaded font '../../../Engine/Content/Slate/Fonts/Roboto-Light.ttf' (159K)
[2017.04.04-17.28.13:002][911]LogMaterial: Missing cached shader map for material UIBackground, compiling. 
[2017.04.04-17.28.13:003][911]LogTemp:Display: Added material ShaderMap 0x00000299D5C68100 with Material 0x00000299F7EF3A00 to ShaderMapsBeingCompiled
[2017.04.04-17.28.13:029][911]LogTemp:Display: Kicking off shader compilation for UIBackground, GameThreadShaderMap 0x00000299D5C68100
[2017.04.04-17.28.13:108][911]LogAIModule: Creating AISystem for world Prototype
[2017.04.04-17.28.13:131][911]Cmd: MAP LOAD FILE="../../../../../../Users/kharm/Desktop/PTSD-Project/PTSD/Content/Maps/Prototype.umap" TEMPLATE=0 SHOWPROGRESS=1 FEATURELEVEL=3
[2017.04.04-17.28.13:131][911]LightingResults: New page: Lighting Build
[2017.04.04-17.28.13:132][911]LoadErrors: New page: Loading map: Prototype.umap
[2017.04.04-17.28.13:133][911]MapCheck: New page: Map Check
[2017.04.04-17.28.13:133][911]LightingResults: New page: Lighting Build
[2017.04.04-17.28.13:152][911]LogEditorServer: Finished looking for orphan Actors (0.000 secs)
[2017.04.04-17.28.13:168][911]Cmd: MAP CHECKDEP NOCLEARLOG
[2017.04.04-17.28.13:250][911]MapCheck: Info Map check complete: 0 Error(s), 0 Warning(s), took 81.645ms to complete.
[2017.04.04-17.28.13:250][911]LogFileHelpers: Loading map 'Prototype' took 0.119
[2017.04.04-17.28.14:521][ 56]LogTemp:Display: Finished compile of shader map 0x00000299D5C68100
[2017.04.04-17.28.14:521][ 56]LogTemp:Display: Shader map UIBackground complete, GameThreadShaderMap 0x00000299D5C68100, marking material UIBackground as finished
[2017.04.04-17.28.14:521][ 56]LogTemp:Display: Marking material as finished 0x00000299F7EF3A00
[2017.04.04-17.28.16:657][309]LogTemp: Repeting last play command: Selected Viewport
[2017.04.04-17.28.16:666][309]LogPlayLevel: PlayLevel: No blueprints needed recompiling
[2017.04.04-17.28.16:667][309]PIE: New page: PIE session: Prototype (Apr 4, 2017, 9:28:16 AM)
[2017.04.04-17.28.16:667][309]LogPlayLevel: Creating play world package: /Game/Maps/UEDPIE_0_Prototype
[2017.04.04-17.28.16:670][309]LogPlayLevel: PIE: StaticDuplicateObject took: (0.002922s)
[2017.04.04-17.28.16:670][309]LogAIModule: Creating AISystem for world Prototype
[2017.04.04-17.28.16:670][309]LogPlayLevel: PIE: World Init took: (0.000656s)
[2017.04.04-17.28.16:670][309]LogPlayLevel: PIE: Created PIE world by copying editor world from /Game/Maps/Prototype.Prototype to /Game/Maps/UEDPIE_0_Prototype.Prototype (0.003770s)
[2017.04.04-17.28.16:716][309]LogInit: XAudio2 using 'Speakers (High Definition Audio Device)' : 2 channels at 44.1 kHz using 16 bits per sample (channel mask 0x3)
[2017.04.04-17.28.16:731][309]LogInit: FAudioDevice initialized.
[2017.04.04-17.28.16:775][309]LogLinker:Warning: Can't find file '/Game/VRGameMode'
[2017.04.04-17.28.16:776][309]LogLinker:Warning: Can't find file '/Game/VRGameMode'
[2017.04.04-17.28.16:776][309]LogUObjectGlobals:Warning: Failed to find object 'Class /Game/VRGameMode.VRGameMode_C'
[2017.04.04-17.28.16:776][309]LogLoad: Game class is 'GameModeBase'
[2017.04.04-17.28.16:778][309]LogWorld: Bringing World /Game/Maps/UEDPIE_0_Prototype.Prototype up for play (max tick rate 0) at 2017.04.04-13.28.16
[2017.04.04-17.28.16:779][309]LogWorld: Bringing up level for play took: 0.001634
[2017.04.04-17.28.16:829][309]LogContentBrowser: Native class hierarchy updated for 'MovieSceneCapture' in 0.0006 seconds. Added 11 classes and 0 folders.
[2017.04.04-17.28.16:829][309]PIE: Info Play in editor start time for /Game/Maps/UEDPIE_0_Prototype 0.37
[2017.04.04-17.28.24:204][169]LogContentBrowser: Native class hierarchy updated for 'WorldBrowser' in 0.0006 seconds. Added 1 classes and 3 folders.
[2017.04.04-17.28.33:015][195]Cmd: OBJ SAVEPACKAGE PACKAGE="/Game/Maps/BSP" FILE="../../../../../../Users/kharm/Desktop/PTSD-Project/PTSD/Content/Maps/BSP.umap" SILENT=true AUTOSAVING=false KEEPDIRTY=false
[2017.04.04-17.28.33:049][195]LogSavePackage: Save=17.83ms
[2017.04.04-17.28.33:049][195]LogSavePackage: Moving '../../../../../../Users/kharm/Desktop/PTSD-Project/PTSD/Saved/BSP1F663FB54C0A6DA9F9D839A9B3068C50.tmp' to '../../../../../../Users/kharm/Desktop/PTSD-Project/PTSD/Content/Maps/BSP.umap'
[2017.04.04-17.28.33:054][195]LogSavePackage:Display: Finished SavePackage ../../../../../../Users/kharm/Desktop/PTSD-Project/PTSD/Content/Maps/BSP.umap
[2017.04.04-17.28.34:280][340]LogTemp: Repeting last play command: Selected Viewport
[2017.04.04-17.28.34:289][340]LogPlayLevel: PlayLevel: No blueprints needed recompiling
[2017.04.04-17.28.34:289][340]PIE: New page: PIE session: Prototype (Apr 4, 2017, 9:28:34 AM)
[2017.04.04-17.28.34:289][340]LogPlayLevel: Creating play world package: /Game/Maps/UEDPIE_0_Prototype
[2017.04.04-17.28.34:292][340]LogPlayLevel: PIE: StaticDuplicateObject took: (0.002744s)
[2017.04.04-17.28.34:292][340]LogAIModule: Creating AISystem for world Prototype
[2017.04.04-17.28.34:292][340]LogPlayLevel: PIE: World Init took: (0.000671s)
[2017.04.04-17.28.34:292][340]LogPlayLevel: PIE: Created PIE world by copying editor world from /Game/Maps/Prototype.Prototype to /Game/Maps/UEDPIE_0_Prototype.Prototype (0.003609s)
[2017.04.04-17.28.34:338][340]LogInit: XAudio2 using 'Speakers (High Definition Audio Device)' : 2 channels at 44.1 kHz using 16 bits per sample (channel mask 0x3)
[2017.04.04-17.28.34:353][340]LogInit: FAudioDevice initialized.
[2017.04.04-17.28.34:384][340]LogLoad: Game class is 'GameModeBase'
[2017.04.04-17.28.34:389][340]LogWorld: Bringing World /Game/Maps/UEDPIE_0_Prototype.Prototype up for play (max tick rate 0) at 2017.04.04-13.28.34
[2017.04.04-17.28.34:389][340]LogWorld: Bringing up level for play took: 0.001356
[2017.04.04-17.28.34:390][340]PIE: Info Play in editor start time for /Game/Maps/UEDPIE_0_Prototype -0.069
[2017.04.04-17.28.47:675][926]LogTemp: Repeting last play command: Selected Viewport
[2017.04.04-17.28.47:684][926]LogPlayLevel: PlayLevel: No blueprints needed recompiling
[2017.04.04-17.28.47:684][926]PIE: New page: PIE session: Prototype (Apr 4, 2017, 9:28:47 AM)
[2017.04.04-17.28.47:684][926]LogPlayLevel: Creating play world package: /Game/Maps/UEDPIE_0_Prototype
[2017.04.04-17.28.47:686][926]LogPlayLevel: PIE: StaticDuplicateObject took: (0.002491s)
[2017.04.04-17.28.47:687][926]LogAIModule: Creating AISystem for world Prototype
[2017.04.04-17.28.47:687][926]LogPlayLevel: PIE: World Init took: (0.000668s)
[2017.04.04-17.28.47:687][926]LogPlayLevel: PIE: Created PIE world by copying editor world from /Game/Maps/Prototype.Prototype to /Game/Maps/UEDPIE_0_Prototype.Prototype (0.003374s)
[2017.04.04-17.28.47:732][926]LogInit: XAudio2 using 'Speakers (High Definition Audio Device)' : 2 channels at 44.1 kHz using 16 bits per sample (channel mask 0x3)
[2017.04.04-17.28.47:747][926]LogInit: FAudioDevice initialized.
[2017.04.04-17.28.47:777][926]LogLoad: Game class is 'GameModeBase'
[2017.04.04-17.28.47:782][926]LogWorld: Bringing World /Game/Maps/UEDPIE_0_Prototype.Prototype up for play (max tick rate 0) at 2017.04.04-13.28.47
[2017.04.04-17.28.47:782][926]LogWorld: Bringing up level for play took: 0.001355
[2017.04.04-17.28.47:783][926]PIE: Info Play in editor start time for /Game/Maps/UEDPIE_0_Prototype -0.677
[2017.04.04-17.29.07:828][265]LogStaticMesh: Building static mesh Wall...
[2017.04.04-17.29.07:847][265]LogStaticMesh: Built static mesh [0.02s] /Game/Environment/Wall.Wall
[2017.04.04-17.29.08:060][265]LogTexture:Display: Building textures: Baseboard_Paint_normal (BC5, 2048X2048) - 86 MB total VRAM
[2017.04.04-17.29.08:884][265]LogTexture:Display: Building textures: Painted_Wall_normal (BC5, 2048X2048) - 87 MB total VRAM
[2017.04.04-17.29.09:470][265]LogTexture:Display: Building textures: Painted_Wall_roughness (AutoDXT, 2048X2048) - 87 MB total VRAM
[2017.04.04-17.29.09:955][265]LogMaterial: Missing cached shader map for material Wall_MM, compiling. 
[2017.04.04-17.29.09:955][265]LogTemp:Display: Added material ShaderMap 0x00000299D9170800 with Material 0x00000299C4551180 to ShaderMapsBeingCompiled
[2017.04.04-17.29.09:967][265]LogTemp:Display: Kicking off shader compilation for Wall_MM, GameThreadShaderMap 0x00000299D9170800
[2017.04.04-17.29.10:003][265]LogActorFactory: Actor Factory created Wall
[2017.04.04-17.29.10:013][265]LogActorFactory: Actor Factory created Wall
[2017.04.04-17.29.11:506][431]LogTemp:Display: Finished compile of shader map 0x00000299D9170800
[2017.04.04-17.29.11:506][431]LogTemp:Display: Shader map Wall_MM complete, GameThreadShaderMap 0x00000299D9170800, marking material Wall_MM as finished
[2017.04.04-17.29.11:506][431]LogTemp:Display: Marking material as finished 0x00000299C4551180
[2017.04.04-17.29.21:651][607]LogStaticMesh: Building static mesh Wall_Door...
[2017.04.04-17.29.21:675][607]LogStaticMesh: Built static mesh [0.02s] /Game/Environment/Wall_Door.Wall_Door
[2017.04.04-17.29.21:785][616]LogActorFactory: Actor Factory created Wall_Door
[2017.04.04-17.29.22:542][705]LogActorFactory: Actor Factory created Wall_Door
[2017.04.04-17.29.41:065][774]LogEditorViewport: Clicking on Actor (LMB): BP_Sky_Sphere_C (Sky Sphere)
[2017.04.04-17.29.49:531][739]LogEditorViewport: Clicking on Actor (LMB): AtmosphericFog (Atmospheric Fog)
[2017.04.04-17.30.12:558][465]LogEditorViewport: Clicking on Actor (LMB): StaticMeshActor (Wall)
[2017.04.04-17.30.26:032][962]Cmd: MODE GRID=1
[2017.04.04-17.30.30:542][491]LogEditorViewport: Clicking on Actor (CTRL LMB): StaticMeshActor (Wall)
[2017.04.04-17.30.38:229][334]LogEditorViewport: Clicking on Actor (CTRL LMB): StaticMeshActor (Wall2)
[2017.04.04-17.30.38:773][379]LogEditorViewport: Clicking on Actor (CTRL LMB): StaticMeshActor (Wall)
[2017.04.04-17.30.52:809][967]LogEditorViewport: Clicking on Actor (LMB): BP_Sky_Sphere_C (Sky Sphere)
[2017.04.04-17.30.55:835][323]Cmd: TRANSACTION UNDO
[2017.04.04-17.30.55:835][323]LogEditorTransaction: Undo Clicking on Actors
[2017.04.04-17.30.58:104][559]LogEditorViewport: Clicking on Actor (LMB): BP_Sky_Sphere_C (Sky Sphere)
[2017.04.04-17.31.10:169][988]LogEditorViewport: Clicking on Actor (LMB): StaticMeshActor (Wall4)
[2017.04.04-17.31.10:888][ 55]LogEditorViewport: Clicking on Actor (CTRL LMB): StaticMeshActor (Wall3)
[2017.04.04-17.31.11:269][ 93]LogEditorViewport: Clicking on Actor (CTRL LMB): StaticMeshActor (Wall2)
[2017.04.04-17.31.11:926][165]LogEditorViewport: Clicking on Actor (CTRL LMB): StaticMeshActor (Wall)
[2017.04.04-17.31.24:585][586]LogEditorViewport: Clicking on Actor (LMB): StaticMeshActor (Wall8)
[2017.04.04-17.31.25:048][635]Cmd: DELETE
[2017.04.04-17.31.25:048][635]Cmd: ACTOR DELETE
[2017.04.04-17.31.25:049][635]LogEditorActor: Deleted Actor: StaticMeshActor
[2017.04.04-17.31.25:057][635]LogEditorActor: Deleted 1 Actors (0.009 secs)
[2017.04.04-17.31.26:183][770]LogEditorViewport: Clicking on Actor (LMB): StaticMeshActor (Wall7)
[2017.04.04-17.31.36:359][915]LogEditorViewport: Clicking on Actor (LMB): BP_Sky_Sphere_C (Sky Sphere)
[2017.04.04-17.31.37:456][ 26]LogEditorViewport: Clicking on Actor (LMB): StaticMeshActor (Wall8)
[2017.04.04-17.31.47:203][123]LogEditorViewport: Clicking on Actor (LMB): StaticMeshActor (Wall5)
[2017.04.04-17.31.48:173][224]LogEditorViewport: Clicking on Actor (CTRL LMB): StaticMeshActor (Wall6)
[2017.04.04-17.31.48:712][282]LogEditorViewport: Clicking on Actor (CTRL LMB): StaticMeshActor (Wall7)
[2017.04.04-17.32.09:943][700]LogEditorViewport: Clicking on Actor (LMB): BP_Sky_Sphere_C (Sky Sphere)
[2017.04.04-17.33.03:775][ 40]LogEditorViewport: Clicking on Actor (LMB): StaticMeshActor (Floor5)
[2017.04.04-17.33.09:990][574]LogTexture:Display: Building textures: Wood_normal (BC5, 4096X4096) - 102 MB total VRAM
[2017.04.04-17.33.11:812][574]LogTexture:Display: Building textures: Wood_basecolor (AutoDXT, 2048X2048) - 102 MB total VRAM
[2017.04.04-17.33.12:839][574]LogTexture:Display: Building textures: Wood_Occlusion (AutoDXT, 2048X2048) - 102 MB total VRAM
[2017.04.04-17.33.13:548][574]LogTexture:Display: Building textures: Wood_roughness (AutoDXT, 2048X2048) - 102 MB total VRAM
[2017.04.04-17.33.13:940][574]LogMaterial: Missing cached shader map for material WoodFloor_MM, compiling. 
[2017.04.04-17.33.13:941][574]LogTemp:Display: Added material ShaderMap 0x00000299D8DD7900 with Material 0x00000299C1BBFB80 to ShaderMapsBeingCompiled
[2017.04.04-17.33.13:952][574]LogTemp:Display: Kicking off shader compilation for WoodFloor_MM, GameThreadShaderMap 0x00000299D8DD7900
[2017.04.04-17.33.14:014][574]LogEditorViewport: Clicking on Actor (context menu): StaticMeshActor (Floor5)
[2017.04.04-17.33.15:409][726]LogEditorViewport: Clicking on Actor (LMB): StaticMeshActor (Floor5)
[2017.04.04-17.33.15:471][732]LogTemp:Display: Finished compile of shader map 0x00000299D8DD7900
[2017.04.04-17.33.15:471][732]LogTemp:Display: Shader map WoodFloor_MM complete, GameThreadShaderMap 0x00000299D8DD7900, marking material WoodFloor_MM as finished
[2017.04.04-17.33.15:471][732]LogTemp:Display: Marking material as finished 0x00000299C1BBFB80
[2017.04.04-17.33.16:902][903]LogEditorViewport: Clicking on Actor (LMB): StaticMeshActor (Floor4)
[2017.04.04-17.33.21:050][376]LogEditorViewport: Clicking on Actor (LMB): StaticMeshActor (Floor)
[2017.04.04-17.33.23:953][704]LogMaterial:Warning: Material /Game/Materials/WoodFloor_MM.WoodFloor_MM needed to have new flag set bUsedWithStaticLighting !
[2017.04.04-17.33.23:955][704]LogMaterial: Missing cached shader map for material WoodFloor_MM, compiling. 
[2017.04.04-17.33.23:956][704]LogTemp:Display: Added material ShaderMap 0x000002998028C800 with Material 0x00000299C1BBFB80 to ShaderMapsBeingCompiled
[2017.04.04-17.33.23:980][704]LogTemp:Display: Kicking off shader compilation for WoodFloor_MM, GameThreadShaderMap 0x000002998028C800
[2017.04.04-17.33.23:982][704]LogMaterial: 0.00 seconds spent updating 1 materials, 1 interfaces, 0 instances, 0 with static permutations.
[2017.04.04-17.33.25:755][910]LogTemp:Display: Finished compile of shader map 0x000002998028C800
[2017.04.04-17.33.25:755][910]LogTemp:Display: Shader map WoodFloor_MM complete, GameThreadShaderMap 0x000002998028C800, marking material WoodFloor_MM as finished
[2017.04.04-17.33.25:755][910]LogTemp:Display: Marking material as finished 0x00000299C1BBFB80
[2017.04.04-17.33.30:467][448]LogEditorViewport: Clicking on Actor (LMB): PointLight (PointLight)
[2017.04.04-17.33.32:497][684]LogSlate: Took 0.000416 seconds to synchronously load lazily loaded font '../../../Engine/Content/Editor/Slate/Fonts/Roboto-Italic.ttf' (157K)
[2017.04.04-17.33.36:233][119]LogEditorViewport: Clicking on Actor (LMB): BP_Sky_Sphere_C (Sky Sphere)
[2017.04.04-17.33.40:358][592]LogEditorViewport: Clicking on Actor (LMB): StaticMeshActor (Wall5)
[2017.04.04-17.33.43:479][952]LogEditorViewport: Clicking on Actor (LMB): StaticMeshActor (Wall7)
[2017.04.04-17.33.44:188][ 26]LogEditorViewport: Clicking on Actor (CTRL LMB): StaticMeshActor (Wall6)
[2017.04.04-17.33.44:867][100]LogEditorViewport: Clicking on Actor (CTRL LMB): StaticMeshActor (Wall5)
[2017.04.04-17.33.54:625][231]LogEditorViewport: Clicking on Actor (LMB): StaticMeshActor (Wall_Door)
[2017.04.04-17.33.56:097][401]LogEditorViewport: Clicking on Actor (LMB): StaticMeshActor (Wall_Door)
[2017.04.04-17.34.01:379][ 28]LogEditorViewport: Clicking on Actor (LMB): StaticMeshActor (Wall5)
[2017.04.04-17.34.05:373][493]LogEditorViewport: Clicking on Actor (LMB): StaticMeshActor (Wall7)
[2017.04.04-17.34.05:792][532]LogEditorViewport: Clicking on Actor (CTRL LMB): StaticMeshActor (Wall6)
[2017.04.04-17.34.09:346][950]LogEditorViewport: Clicking on Actor (LMB): BP_Sky_Sphere_C (Sky Sphere)
[2017.04.04-17.34.20:091][219]LogEditorViewport: Clicking on Actor (LMB): StaticMeshActor (Wall_Door)
[2017.04.04-17.34.40:184][565]LogEditorViewport: Clicking on Actor (LMB): StaticMeshActor (Floor4)
[2017.04.04-17.34.45:939][231]LogEditorViewport: Clicking on Actor (LMB): StaticMeshActor (Floor4)
[2017.04.04-17.34.48:435][513]LogEditorViewport: Clicking on Actor (LMB): StaticMeshActor (Wall4)
[2017.04.04-17.34.49:472][617]LogEditorViewport: Clicking on Actor (CTRL LMB): StaticMeshActor (Wall3)
[2017.04.04-17.34.50:105][680]LogEditorViewport: Clicking on Actor (LMB): StaticMeshActor (Wall4)
[2017.04.04-17.34.55:686][320]LogEditorViewport: Clicking on Actor (LMB): StaticMeshActor (Floor2)
[2017.04.04-17.35.04:405][345]LogEditorViewport: Clicking on Actor (LMB): StaticMeshActor (Wall13)
[2017.04.04-17.35.34:319][844]LogEditorViewport: Clicking on Actor (LMB): StaticMeshActor (Floor5)
[2017.04.04-17.35.37:045][135]LogEditorViewport: Clicking on Actor (LMB): StaticMeshActor (Wall14)
[2017.04.04-17.35.58:984][676]LogEditorViewport: Clicking on Actor (LMB): Telepoint_C (Telepoint2)
[2017.04.04-17.36.04:687][320]Cmd: TRANSACTION UNDO
[2017.04.04-17.36.04:687][320]LogEditorTransaction: Undo Move Actors
[2017.04.04-17.36.11:329][ 67]LogEditorViewport: Clicking on Actor (LMB): StaticMeshActor (Floor3)
[2017.04.04-17.36.12:319][178]Cmd: DELETE
[2017.04.04-17.36.12:319][178]Cmd: ACTOR DELETE
[2017.04.04-17.36.12:320][178]LogEditorActor: Deleted Actor: StaticMeshActor
[2017.04.04-17.36.12:328][178]LogEditorActor: Deleted 1 Actors (0.008 secs)
[2017.04.04-17.36.17:182][758]LogEditorViewport: Clicking on Actor (LMB): StaticMeshActor (Wall12)
[2017.04.04-17.36.27:410][926]LogEditorViewport: Clicking on Actor (LMB): StaticMeshActor (Floor5)
[2017.04.04-17.36.29:088][104]LogEditorViewport: Clicking on Actor (LMB): StaticMeshActor (Wall12)
[2017.04.04-17.36.29:876][191]Cmd: DELETE
[2017.04.04-17.36.29:876][191]Cmd: ACTOR DELETE
[2017.04.04-17.36.29:877][191]LogEditorActor: Deleted Actor: StaticMeshActor
[2017.04.04-17.36.29:884][191]LogEditorActor: Deleted 1 Actors (0.008 secs)
[2017.04.04-17.36.31:839][418]Cmd: DELETE
[2017.04.04-17.36.31:839][418]Cmd: ACTOR DELETE
[2017.04.04-17.36.31:839][418]LogEditorActor: Deleted Actor: Brush
[2017.04.04-17.36.31:849][418]LogEditorActor: Deleted 1 Actors (0.010 secs)
[2017.04.04-17.36.34:070][680]LogEditorViewport: Clicking on Actor (LMB): StaticMeshActor (Wall16)
[2017.04.04-17.36.53:570][892]LogTemp: Repeting last play command: Selected Viewport
[2017.04.04-17.36.53:579][892]LogPlayLevel: PlayLevel: No blueprints needed recompiling
[2017.04.04-17.36.53:580][892]PIE: New page: PIE session: Prototype (Apr 4, 2017, 9:36:53 AM)
[2017.04.04-17.36.53:580][892]LogPlayLevel: Creating play world package: /Game/Maps/UEDPIE_0_Prototype
[2017.04.04-17.36.53:583][892]LogPlayLevel: PIE: StaticDuplicateObject took: (0.004109s)
[2017.04.04-17.36.53:585][892]LogAIModule: Creating AISystem for world Prototype
[2017.04.04-17.36.53:586][892]LogPlayLevel: PIE: World Init took: (0.001566s)
[2017.04.04-17.36.53:586][892]LogPlayLevel: PIE: Created PIE world by copying editor world from /Game/Maps/Prototype.Prototype to /Game/Maps/UEDPIE_0_Prototype.Prototype (0.005912s)
[2017.04.04-17.36.53:637][892]LogInit: XAudio2 using 'Speakers (High Definition Audio Device)' : 2 channels at 44.1 kHz using 16 bits per sample (channel mask 0x3)
[2017.04.04-17.36.53:654][892]LogInit: FAudioDevice initialized.
[2017.04.04-17.36.53:682][892]LogLoad: Game class is 'GameModeBase'
[2017.04.04-17.36.53:687][892]LogWorld: Bringing World /Game/Maps/UEDPIE_0_Prototype.Prototype up for play (max tick rate 0) at 2017.04.04-13.36.53
[2017.04.04-17.36.53:688][892]LogWorld: Bringing up level for play took: 0.001782
[2017.04.04-17.36.53:689][892]PIE: Info Play in editor start time for /Game/Maps/UEDPIE_0_Prototype -0.78
[2017.04.04-17.36.58:480][448]LogEditorViewport: Clicking on Actor (LMB): StaticMeshActor (Wall16)
[2017.04.04-17.37.14:963][274]Cmd: DELETE
[2017.04.04-17.37.14:963][274]Cmd: ACTOR DELETE
[2017.04.04-17.37.14:964][274]LogEditorActor: Deleted Actor: Brush
[2017.04.04-17.37.14:973][274]LogEditorActor: Deleted 1 Actors (0.009 secs)
[2017.04.04-17.37.15:902][377]Cmd: DELETE
[2017.04.04-17.37.15:902][377]Cmd: ACTOR DELETE
[2017.04.04-17.37.15:902][377]LogEditorActor: Deleted Actor: Brush
[2017.04.04-17.37.15:911][377]LogEditorActor: Deleted 1 Actors (0.009 secs)
[2017.04.04-17.37.16:809][484]LogEditorViewport: Clicking on Actor (LMB): StaticMeshActor (Wall18)
[2017.04.04-17.37.18:785][712]LogEditorViewport: Clicking on Actor (CTRL LMB): StaticMeshActor (Wall17)
[2017.04.04-17.37.19:351][773]LogEditorViewport: Clicking on Actor (CTRL LMB): StaticMeshActor (Wall16)
[2017.04.04-17.37.36:633][756]LogEditorViewport: Clicking on Actor (LMB): StaticMeshActor (Floor)
[2017.04.04-17.37.44:308][639]LogEditorViewport: Clicking on Actor (LMB): BP_Sky_Sphere_C (Sky Sphere)
[2017.04.04-17.37.47:737][ 19]LogEditorViewport: Clicking on Actor (LMB): StaticMeshActor (Wall3)
[2017.04.04-17.37.49:138][171]LogEditorViewport: Clicking on Actor (LMB): StaticMeshActor (Wall4)
[2017.04.04-17.37.50:368][299]LogEditorViewport: Clicking on Actor (LMB): StaticMeshActor (Wall3)
[2017.04.04-17.37.53:050][596]Cmd: DELETE
[2017.04.04-17.37.53:050][596]Cmd: ACTOR DELETE
[2017.04.04-17.37.53:050][596]LogEditorActor: Deleted Actor: Brush
[2017.04.04-17.37.53:059][596]LogEditorActor: Deleted 1 Actors (0.009 secs)
[2017.04.04-17.37.53:499][647]LogEditorViewport: Clicking on Actor (LMB): StaticMeshActor (Wall2)
[2017.04.04-17.37.57:443][109]LogEditorViewport: Clicking on Actor (LMB): StaticMeshActor (Wall)
[2017.04.04-17.37.58:843][269]Cmd: DELETE
[2017.04.04-17.37.58:843][269]Cmd: ACTOR DELETE
[2017.04.04-17.37.58:843][269]LogEditorActor: Deleted Actor: StaticMeshActor
[2017.04.04-17.37.58:851][269]LogEditorActor: Deleted 1 Actors (0.008 secs)
[2017.04.04-17.38.00:007][406]LogEditorViewport: Clicking on Actor (LMB): StaticMeshActor (Wall21)
[2017.04.04-17.38.00:888][503]LogEditorViewport: Clicking on Actor (CTRL LMB): StaticMeshActor (Wall20)
[2017.04.04-17.38.01:374][554]LogEditorViewport: Clicking on Actor (CTRL LMB): StaticMeshActor (Wall19)
[2017.04.04-17.38.20:499][767]LogEditorViewport: Clicking on Actor (LMB): BP_Sky_Sphere_C (Sky Sphere)
[2017.04.04-17.38.23:186][ 76]Cmd: TRANSACTION UNDO
[2017.04.04-17.38.23:186][ 76]LogEditorTransaction: Undo Clicking on Actors
[2017.04.04-17.38.25:371][299]LogEditorViewport: Clicking on Actor (LMB): BP_Sky_Sphere_C (Sky Sphere)
[2017.04.04-17.38.36:093][524]LogEditorViewport: Clicking on Actor (LMB): PointLight (PointLight)
[2017.04.04-17.38.51:851][315]LogEditorViewport: Clicking on Actor (LMB): StaticMeshActor (Floor)
[2017.04.04-17.38.55:542][739]Cmd: TRANSACTION UNDO
[2017.04.04-17.38.55:542][739]LogEditorTransaction: Undo Move Actors
[2017.04.04-17.38.57:244][914]LogEditorViewport: Clicking on Actor (LMB): StaticMeshActor (Floor)
[2017.04.04-17.38.57:804][974]LogEditorViewport: Clicking on Actor (CTRL LMB): StaticMeshActor (Floor4)
[2017.04.04-17.38.58:347][ 32]LogEditorViewport: Clicking on Actor (CTRL LMB): StaticMeshActor (Floor5)
[2017.04.04-17.39.00:412][271]LogEditorViewport: Clicking on Actor (CTRL LMB): StaticMeshActor (Floor2)
[2017.04.04-17.39.19:742][542]LogEditorViewport: Clicking on Actor (LMB): StaticMeshActor (Cube)
[2017.04.04-17.39.24:407][ 34]LogTexture:Display: Building textures: Cloth_normal (BC5, 2048X2048) - 131 MB total VRAM
[2017.04.04-17.39.24:954][ 34]LogTexture:Display: Building textures: Cloth_basecolor (AutoDXT, 2048X2048) - 131 MB total VRAM
[2017.04.04-17.39.25:476][ 34]LogTexture:Display: Building textures: Cloth_roughness (AutoDXT, 2048X2048) - 131 MB total VRAM
[2017.04.04-17.39.26:208][ 34]LogTexture:Display: Building textures: Cloth_Ambient_Occlusion (AutoDXT, 2048X2048) - 131 MB total VRAM
[2017.04.04-17.39.26:988][ 34]LogMaterial: Missing cached shader map for material Cloth_MM, compiling. 
[2017.04.04-17.39.26:989][ 34]LogTemp:Display: Added material ShaderMap 0x00000299DF1B2B00 with Material 0x00000299C629D900 to ShaderMapsBeingCompiled
[2017.04.04-17.39.27:001][ 34]LogTemp:Display: Kicking off shader compilation for Cloth_MM, GameThreadShaderMap 0x00000299DF1B2B00
[2017.04.04-17.39.27:008][ 34]LogEditorViewport: Clicking on Actor (context menu): StaticMeshActor (Floor)
[2017.04.04-17.39.28:561][203]LogTemp:Display: Finished compile of shader map 0x00000299DF1B2B00
[2017.04.04-17.39.28:561][203]LogTemp:Display: Shader map Cloth_MM complete, GameThreadShaderMap 0x00000299DF1B2B00, marking material Cloth_MM as finished
[2017.04.04-17.39.28:561][203]LogTemp:Display: Marking material as finished 0x00000299C629D900
[2017.04.04-17.39.31:400][526]LogEditorViewport: Clicking on Actor (LMB): StaticMeshActor (Cube)
[2017.04.04-17.39.44:450][ 30]LogEditorViewport: Clicking on Actor (LMB): StaticMeshActor (Cube2)
[2017.04.04-17.40.00:337][897]LogEditorViewport: Clicking on Actor (LMB): StaticMeshActor (Floor7)
[2017.04.04-17.40.04:813][419]LogEditorViewport: Clicking on Actor (LMB): StaticMeshActor (Floor3)
[2017.04.04-17.40.07:840][767]LogEditorViewport: Clicking on Actor (LMB): StaticMeshActor (Floor8)
[2017.04.04-17.40.16:233][740]LogEditorViewport: Clicking on Actor (LMB): StaticMeshActor (Floor3)
[2017.04.04-17.40.18:132][954]LogEditorViewport: Clicking on Actor (CTRL LMB): StaticMeshActor (Floor7)
[2017.04.04-17.40.19:385][ 84]LogEditorViewport: Clicking on Actor (CTRL LMB): StaticMeshActor (Floor8)
[2017.04.04-17.40.20:890][239]LogEditorViewport: Clicking on Actor (CTRL LMB): StaticMeshActor (Floor6)
[2017.04.04-17.40.23:192][488]LogEditorViewport: Clicking on Actor (LMB): StaticMeshActor (Wall21)
[2017.04.04-17.40.25:583][742]LogEditorViewport: Clicking on Actor (LMB): PointLight (PointLight)
[2017.04.04-17.40.31:912][478]LogEditorViewport: Clicking on Actor (LMB): DirectionalLight (Light Source)
[2017.04.04-17.40.41:724][635]LogEditorViewport: Clicking on Actor (LMB): PointLight (PointLight3)
[2017.04.04-17.40.53:757][ 33]LogEditorViewport: Clicking on Actor (LMB): TargetPoint (TargetPoint2)
[2017.04.04-17.41.21:398][262]LogSavePackage: Save=55.52ms
[2017.04.04-17.41.21:398][262]LogSavePackage: Moving '../../../../../../Users/kharm/Desktop/PTSD-Project/PTSD/Saved/Prototype_Auto12D0B09C24945C80EC7B6ABA1B81E6BED.tmp' to '../../../../../../Users/kharm/Desktop/PTSD-Project/PTSD/Saved/Autosaves/Game/Maps/Prototype_Auto1.umap'
[2017.04.04-17.41.21:403][262]LogSavePackage:Display: Finished SavePackage ../../../../../../Users/kharm/Desktop/PTSD-Project/PTSD/Saved/Autosaves/Game/Maps/Prototype_Auto1.umap
[2017.04.04-17.41.21:407][262]Cmd: OBJ SAVEPACKAGE PACKAGE="/Game/Maps/BSP" FILE="../../../../../../Users/kharm/Desktop/PTSD-Project/PTSD/Saved/Autosaves/Game/Maps/BSP_Auto1.umap" SILENT=true AUTOSAVING=true KEEPDIRTY=false
[2017.04.04-17.41.21:430][262]LogSavePackage: Save=13.89ms
[2017.04.04-17.41.21:430][262]LogSavePackage: Moving '../../../../../../Users/kharm/Desktop/PTSD-Project/PTSD/Saved/BSP_Auto11F4F0A8E4B9059142C9E6EA205E83F1B.tmp' to '../../../../../../Users/kharm/Desktop/PTSD-Project/PTSD/Saved/Autosaves/Game/Maps/BSP_Auto1.umap'
[2017.04.04-17.41.21:435][262]LogSavePackage:Display: Finished SavePackage ../../../../../../Users/kharm/Desktop/PTSD-Project/PTSD/Saved/Autosaves/Game/Maps/BSP_Auto1.umap
[2017.04.04-17.41.21:435][262]LogFileHelpers: Editor autosave (incl. sublevels) for '/Game/Maps/Prototype' took 0.113
[2017.04.04-17.41.21:435][262]LogFileHelpers: Editor autosave (incl. sublevels) for all levels took 0.113
[2017.04.04-17.41.21:438][262]OBJ SavePackage: Generating thumbnails for [1] asset(s) in package [/Game/Materials/WoodFloor_MM] ([1] browsable assets)...
[2017.04.04-17.41.21:450][262]OBJ SavePackage:     Rendered thumbnail for [Material /Game/Materials/WoodFloor_MM.WoodFloor_MM]
[2017.04.04-17.41.21:450][262]OBJ SavePackage: Finished generating thumbnails for package [/Game/Materials/WoodFloor_MM]
[2017.04.04-17.41.21:474][262]LogSavePackage: Save=13.17ms
[2017.04.04-17.41.21:474][262]LogSavePackage: Moving '../../../../../../Users/kharm/Desktop/PTSD-Project/PTSD/Saved/WoodFloor_MM_Auto1B86BCA6F42440B498C5988967307D151.tmp' to '../../../../../../Users/kharm/Desktop/PTSD-Project/PTSD/Saved/Autosaves/Game/Materials/WoodFloor_MM_Auto1.uasset'
[2017.04.04-17.41.21:478][262]LogSavePackage:Display: Finished SavePackage ../../../../../../Users/kharm/Desktop/PTSD-Project/PTSD/Saved/Autosaves/Game/Materials/WoodFloor_MM_Auto1.uasset
[2017.04.04-17.41.21:478][262]LogFileHelpers: Auto-saving content packages took 0.042
[2017.04.04-17.42.50:606][946]LogTemp: Repeting last play command: Selected Viewport
[2017.04.04-17.42.50:615][946]LogPlayLevel: PlayLevel: No blueprints needed recompiling
[2017.04.04-17.42.50:615][946]PIE: New page: PIE session: Prototype (Apr 4, 2017, 9:42:50 AM)
[2017.04.04-17.42.50:615][946]LogPlayLevel: Creating play world package: /Game/Maps/UEDPIE_0_Prototype
[2017.04.04-17.42.50:619][946]LogPlayLevel: PIE: StaticDuplicateObject took: (0.003803s)
[2017.04.04-17.42.50:620][946]LogAIModule: Creating AISystem for world Prototype
[2017.04.04-17.42.50:620][946]LogPlayLevel: PIE: World Init took: (0.000751s)
[2017.04.04-17.42.50:620][946]LogPlayLevel: PIE: Created PIE world by copying editor world from /Game/Maps/Prototype.Prototype to /Game/Maps/UEDPIE_0_Prototype.Prototype (0.004784s)
[2017.04.04-17.42.50:676][946]LogInit: XAudio2 using 'Speakers (High Definition Audio Device)' : 2 channels at 44.1 kHz using 16 bits per sample (channel mask 0x3)
[2017.04.04-17.42.50:690][946]LogInit: FAudioDevice initialized.
[2017.04.04-17.42.50:720][946]LogLoad: Game class is 'GameModeBase'
[2017.04.04-17.42.50:724][946]LogWorld: Bringing World /Game/Maps/UEDPIE_0_Prototype.Prototype up for play (max tick rate 0) at 2017.04.04-13.42.50
[2017.04.04-17.42.50:724][946]LogWorld: Bringing up level for play took: 0.001906
[2017.04.04-17.42.50:725][946]PIE: Info Play in editor start time for /Game/Maps/UEDPIE_0_Prototype 0.249
[2017.04.04-17.44.57:401][820]Cmd: OBJ SAVEPACKAGE PACKAGE="/Game/Maps/Prototype" FILE="../../../../../../Users/kharm/Desktop/PTSD-Project/PTSD/Content/Maps/Prototype.umap" SILENT=true AUTOSAVING=false KEEPDIRTY=false
[2017.04.04-17.44.57:472][820]LogSavePackage: Save=53.99ms
[2017.04.04-17.44.57:472][820]LogSavePackage: Moving '../../../../../../Users/kharm/Desktop/PTSD-Project/PTSD/Saved/Prototype9C50A89B45C6B4EEF1806AA9A87E7A56.tmp' to '../../../../../../Users/kharm/Desktop/PTSD-Project/PTSD/Content/Maps/Prototype.umap'
[2017.04.04-17.44.57:485][820]LogSavePackage:Display: Finished SavePackage ../../../../../../Users/kharm/Desktop/PTSD-Project/PTSD/Content/Maps/Prototype.umap
[2017.04.04-17.45.11:176][777]Cmd: OBJ SAVEPACKAGE PACKAGE="/Game/Maps/BSP" FILE="../../../../../../Users/kharm/Desktop/PTSD-Project/PTSD/Content/Maps/BSP.umap" SILENT=true AUTOSAVING=false KEEPDIRTY=false
[2017.04.04-17.45.11:204][777]LogSavePackage: Save=11.74ms
[2017.04.04-17.45.11:204][777]LogSavePackage: Moving '../../../../../../Users/kharm/Desktop/PTSD-Project/PTSD/Saved/BSPE37FD7F944ACF67912D0F982142D8A71.tmp' to '../../../../../../Users/kharm/Desktop/PTSD-Project/PTSD/Content/Maps/BSP.umap'
[2017.04.04-17.45.11:210][777]LogSavePackage:Display: Finished SavePackage ../../../../../../Users/kharm/Desktop/PTSD-Project/PTSD/Content/Maps/BSP.umap
[2017.04.04-17.45.11:211][777]LogFileHelpers: Saving map 'BSP' took 0.133
[2017.04.04-17.45.11:455][778]Cmd: QUIT_EDITOR
[2017.04.04-17.45.12:449][778]LogWindowsTextInputMethodSystem:Display: IME system now deactivated.
[2017.04.04-17.45.12:472][778]LogExit: Preparing to exit.
[2017.04.04-17.45.13:072][778]LogDirectoryWatcher: A directory notification for 'C:/Users/kharm/Desktop/PTSD-Project/PTSD/Content/' was aborted.
[2017.04.04-17.45.13:143][778]LogExit: Editor shut down
[2017.04.04-17.45.13:144][778]LogExit: Transaction tracking system shut down
[2017.04.04-17.45.13:270][778]LogObj: Freed 0b from 0 cluster array pools.
[2017.04.04-17.45.13:271][778]LogExit: Object subsystem successfully closed.
[2017.04.04-17.45.13:294][778]LogD3D11RHI: Shutdown
[2017.04.04-17.45.13:294][778]LogD3D11RHI: CleanupD3DDevice
[2017.04.04-17.45.13:354][778]LogD3D11RHI: ~FD3D11DynamicRHI
[2017.04.04-17.45.13:373][778]LogModuleManager: Shutting down and abandoning module HierarchicalLODUtilities (504)
[2017.04.04-17.45.13:373][778]LogModuleManager: Shutting down and abandoning module WorldBrowser (502)
[2017.04.04-17.45.13:373][778]LogModuleManager: Shutting down and abandoning module MovieSceneCapture (500)
[2017.04.04-17.45.13:373][778]LogModuleManager: Shutting down and abandoning module HierarchicalLODOutliner (498)
[2017.04.04-17.45.13:373][778]LogModuleManager: Shutting down and abandoning module CrashTracker (496)
[2017.04.04-17.45.13:373][778]LogModuleManager: Shutting down and abandoning module SceneOutliner (494)
[2017.04.04-17.45.13:373][778]LogModuleManager: Shutting down and abandoning module AddContentDialog (492)
[2017.04.04-17.45.13:374][778]LogDirectoryWatcher: A directory notification for 'C:/Program Files/Epic Games/UE_4.15/FeaturePacks/' was aborted.
[2017.04.04-17.45.13:379][778]LogModuleManager: Shutting down and abandoning module WidgetCarousel (491)
[2017.04.04-17.45.13:379][778]LogModuleManager: Shutting down and abandoning module EditorWidgets (488)
[2017.04.04-17.45.13:379][778]LogModuleManager: Shutting down and abandoning module CollectionManager (486)
[2017.04.04-17.45.13:379][778]LogDirectoryWatcher: A directory notification for 'C:/Users/kharm/Desktop/PTSD-Project/PTSD/Content/Collections/' was aborted.
[2017.04.04-17.45.13:379][778]LogDirectoryWatcher: A directory notification for 'C:/Users/kharm/Desktop/PTSD-Project/PTSD/Content/Developers/kharm/Collections/' was aborted.
[2017.04.04-17.45.13:379][778]LogDirectoryWatcher: A directory notification for 'C:/Users/kharm/Desktop/PTSD-Project/PTSD/Saved/Collections/' was aborted.
[2017.04.04-17.45.13:379][778]LogModuleManager: Shutting down and abandoning module StatsViewer (484)
[2017.04.04-17.45.13:379][778]LogModuleManager: Shutting down and abandoning module FoliageEdit (482)
[2017.04.04-17.45.13:379][778]LogModuleManager: Shutting down and abandoning module LandscapeEditor (480)
[2017.04.04-17.45.13:379][778]LogModuleManager: Shutting down and abandoning module SceneDepthPickerMode (478)
[2017.04.04-17.45.13:379][778]LogModuleManager: Shutting down and abandoning module ActorPickerMode (476)
[2017.04.04-17.45.13:379][778]LogModuleManager: Shutting down and abandoning module GeometryMode (474)
[2017.04.04-17.45.13:379][778]LogModuleManager: Shutting down and abandoning module TextureAlignMode (472)
[2017.04.04-17.45.13:379][778]LogModuleManager: Shutting down and abandoning module BspMode (470)
[2017.04.04-17.45.13:379][778]LogModuleManager: Shutting down and abandoning module HardwareSurvey (468)
[2017.04.04-17.45.13:379][778]LogModuleManager: Shutting down and abandoning module SequenceRecorderSections (466)
[2017.04.04-17.45.13:379][778]LogModuleManager: Shutting down and abandoning module AutomationWorker (464)
[2017.04.04-17.45.13:379][778]LogModuleManager: Shutting down and abandoning module MatineeToLevelSequence (462)
[2017.04.04-17.45.13:379][778]LogModuleManager: Shutting down and abandoning module LevelSequenceEditor (460)
[2017.04.04-17.45.13:380][778]LogModuleManager: Shutting down and abandoning module PlacementMode (459)
[2017.04.04-17.45.13:380][778]LogModuleManager: Shutting down and abandoning module WmfMediaFactory (456)
[2017.04.04-17.45.13:380][778]LogModuleManager: Shutting down and abandoning module WmfMediaEditor (454)
[2017.04.04-17.45.13:380][778]LogModuleManager: Shutting down and abandoning module MfMediaFactory (452)
[2017.04.04-17.45.13:380][778]LogModuleManager: Shutting down and abandoning module MfMediaEditor (450)
[2017.04.04-17.45.13:380][778]LogModuleManager: Shutting down and abandoning module AvfMediaFactory (448)
[2017.04.04-17.45.13:380][778]LogModuleManager: Shutting down and abandoning module AvfMediaEditor (446)
[2017.04.04-17.45.13:380][778]LogModuleManager: Shutting down and abandoning module AndroidMediaFactory (444)
[2017.04.04-17.45.13:380][778]LogModuleManager: Shutting down and abandoning module Media (443)
[2017.04.04-17.45.13:380][778]LogModuleManager: Shutting down and abandoning module AndroidMediaEditor (440)
[2017.04.04-17.45.13:380][778]LogModuleManager: Shutting down and abandoning module CharacterAI (438)
[2017.04.04-17.45.13:380][778]LogModuleManager: Shutting down and abandoning module AudioCapture (436)
[2017.04.04-17.45.13:380][778]LogModuleManager: Shutting down and abandoning module SequenceRecorder (435)
[2017.04.04-17.45.13:380][778]LogModuleManager: Shutting down and abandoning module SmartSnapping (432)
[2017.04.04-17.45.13:380][778]LogModuleManager: Shutting down and abandoning module SessionServices (430)
[2017.04.04-17.45.13:380][778]LogModuleManager: Shutting down and abandoning module ViewportSnapping (428)
[2017.04.04-17.45.13:380][778]LogModuleManager: Shutting down and abandoning module ViewportInteraction (426)
[2017.04.04-17.45.13:380][778]LogModuleManager: Shutting down and abandoning module LogVisualizer (424)
[2017.04.04-17.45.13:380][778]LogModuleManager: Shutting down and abandoning module IntroTutorials (422)
[2017.04.04-17.45.13:380][778]LogModuleManager: Shutting down and abandoning module GameProjectGeneration (421)
[2017.04.04-17.45.13:380][778]LogModuleManager: Shutting down and abandoning module EditorLiveStreaming (418)
[2017.04.04-17.45.13:380][778]LogModuleManager: Shutting down and abandoning module IOSPlatformEditor (416)
[2017.04.04-17.45.13:380][778]LogModuleManager: Shutting down and abandoning module HTML5PlatformEditor (414)
[2017.04.04-17.45.13:380][778]LogModuleManager: Shutting down and abandoning module AndroidPlatformEditor (412)
[2017.04.04-17.45.13:380][778]LogModuleManager: Shutting down and abandoning module AndroidDeviceDetection (411)
[2017.04.04-17.45.13:525][778]LogModuleManager: Shutting down and abandoning module IOSRuntimeSettings (408)
[2017.04.04-17.45.13:525][778]LogModuleManager: Shutting down and abandoning module AndroidRuntimeSettings (406)
[2017.04.04-17.45.13:525][778]LogModuleManager: Shutting down and abandoning module InputBindingEditor (404)
[2017.04.04-17.45.13:525][778]LogModuleManager: Shutting down and abandoning module NiagaraEditor (402)
[2017.04.04-17.45.13:525][778]LogModuleManager: Shutting down and abandoning module MergeActors (400)
[2017.04.04-17.45.13:525][778]LogModuleManager: Shutting down and abandoning module SizeMap (398)
[2017.04.04-17.45.13:525][778]LogModuleManager: Shutting down and abandoning module TreeMap (396)
[2017.04.04-17.45.13:525][778]LogModuleManager: Shutting down and abandoning module ReferenceViewer (394)
[2017.04.04-17.45.13:525][778]LogModuleManager: Shutting down and abandoning module LocalizationDashboard (392)
[2017.04.04-17.45.13:525][778]LogModuleManager: Shutting down and abandoning module LocalizationService (391)
[2017.04.04-17.45.13:525][778]LogModuleManager: Shutting down and abandoning module HardwareTargeting (388)
[2017.04.04-17.45.13:525][778]LogModuleManager: Shutting down and abandoning module DeviceProfileEditor (386)
[2017.04.04-17.45.13:525][778]LogModuleManager: Shutting down and abandoning module UndoHistory (384)
[2017.04.04-17.45.13:525][778]LogModuleManager: Shutting down and abandoning module UserFeedback (382)
[2017.04.04-17.45.13:525][778]LogModuleManager: Shutting down and abandoning module XmlParser (380)
[2017.04.04-17.45.13:525][778]LogModuleManager: Shutting down and abandoning module Blutility (378)
[2017.04.04-17.45.13:525][778]LogModuleManager: Shutting down and abandoning module ProjectSettingsViewer (376)
[2017.04.04-17.45.13:526][778]LogModuleManager: Shutting down and abandoning module ProjectTargetPlatformEditor (375)
[2017.04.04-17.45.13:526][778]LogModuleManager: Shutting down and abandoning module EditorSettingsViewer (372)
[2017.04.04-17.45.13:526][778]LogModuleManager: Shutting down and abandoning module SettingsEditor (370)
[2017.04.04-17.45.13:526][778]LogModuleManager: Shutting down and abandoning module ProjectLauncher (368)
[2017.04.04-17.45.13:526][778]LogModuleManager: Shutting down and abandoning module SessionFrontend (366)
[2017.04.04-17.45.13:526][778]LogModuleManager: Shutting down and abandoning module ProfilerClient (364)
[2017.04.04-17.45.13:526][778]LogModuleManager: Shutting down and abandoning module DeviceManager (362)
[2017.04.04-17.45.13:526][778]LogModuleManager: Shutting down and abandoning module TargetDeviceServices (361)
[2017.04.04-17.45.13:570][778]LogModuleManager: Shutting down and abandoning module AutomationController (358)
[2017.04.04-17.45.13:570][778]LogModuleManager: Shutting down and abandoning module AutomationWindow (356)
[2017.04.04-17.45.13:570][778]LogModuleManager: Shutting down and abandoning module Layers (354)
[2017.04.04-17.45.13:570][778]LogModuleManager: Shutting down and abandoning module ComponentVisualizers (352)
[2017.04.04-17.45.13:570][778]LogModuleManager: Shutting down and abandoning module DetailCustomizations (350)
[2017.04.04-17.45.13:570][778]LogModuleManager: Shutting down and abandoning module PackagesDialog (348)
[2017.04.04-17.45.13:570][778]LogModuleManager: Shutting down and abandoning module Persona (346)
[2017.04.04-17.45.13:570][778]LogModuleManager: Shutting down and abandoning module AnimGraph (345)
[2017.04.04-17.45.13:570][778]LogModuleManager: Shutting down and abandoning module Kismet (342)
[2017.04.04-17.45.13:571][778]LogModuleManager: Shutting down and abandoning module GraphEditor (340)
[2017.04.04-17.45.13:571][778]LogModuleManager: Shutting down and abandoning module ClassViewer (338)
[2017.04.04-17.45.13:571][778]LogModuleManager: Shutting down and abandoning module Toolbox (336)
[2017.04.04-17.45.13:571][778]LogModuleManager: Shutting down and abandoning module ModuleUI (334)
[2017.04.04-17.45.13:571][778]LogModuleManager: Shutting down and abandoning module MovieSceneTools (332)
[2017.04.04-17.45.13:571][778]LogModuleManager: Shutting down and abandoning module OutputLog (330)
[2017.04.04-17.45.13:571][778]LogModuleManager: Shutting down and abandoning module GammaUI (328)
[2017.04.04-17.45.13:571][778]LogModuleManager: Shutting down and abandoning module Documentation (326)
[2017.04.04-17.45.13:571][778]LogModuleManager: Shutting down and abandoning module Niagara (324)
[2017.04.04-17.45.13:571][778]LogModuleManager: Shutting down and abandoning module StreamingPauseRendering (322)
[2017.04.04-17.45.13:571][778]LogModuleManager: Shutting down and abandoning module AnalyticsET (320)
[2017.04.04-17.45.13:571][778]LogModuleManager: Shutting down and abandoning module PortalServices (318)
[2017.04.04-17.45.13:571][778]LogModuleManager: Shutting down and abandoning module PortalRpc (316)
[2017.04.04-17.45.13:571][778]LogModuleManager: Shutting down and abandoning module MessagingRpc (314)
[2017.04.04-17.45.13:571][778]LogModuleManager: Shutting down and abandoning module AIModule (312)
[2017.04.04-17.45.13:571][778]LogModuleManager: Shutting down and abandoning module GameplayDebugger (311)
[2017.04.04-17.45.13:571][778]LogModuleManager: Shutting down and abandoning module AITestSuite (309)
[2017.04.04-17.45.13:571][778]LogModuleManager: Shutting down and abandoning module ProfilerService (306)
[2017.04.04-17.45.13:670][778]LogModuleManager: Shutting down and abandoning module TaskGraph (304)
[2017.04.04-17.45.13:670][778]LogModuleManager: Shutting down and abandoning module SteamVRController (302)
[2017.04.04-17.45.13:670][778]LogModuleManager: Shutting down and abandoning module SteamVR (300)
[2017.04.04-17.45.13:670][778]LogModuleManager: Shutting down and abandoning module ProceduralMeshComponentEditor (298)
[2017.04.04-17.45.13:670][778]LogModuleManager: Shutting down and abandoning module ProceduralMeshComponent (296)
[2017.04.04-17.45.13:670][778]LogModuleManager: Shutting down and abandoning module OculusLibrary (294)
[2017.04.04-17.45.13:670][778]LogModuleManager: Shutting down and abandoning module OculusInput (292)
[2017.04.04-17.45.13:670][778]LogModuleManager: Shutting down and abandoning module MobilePatchingUtils (290)
[2017.04.04-17.45.13:670][778]LogModuleManager: Shutting down and abandoning module CustomMeshComponent (288)
[2017.04.04-17.45.13:670][778]LogModuleManager: Shutting down and abandoning module CableComponent (286)
[2017.04.04-17.45.13:670][778]LogModuleManager: Shutting down and abandoning module ArchVisCharacter (284)
[2017.04.04-17.45.13:670][778]LogModuleManager: Shutting down and abandoning module MediaPlayerEditor (280)
[2017.04.04-17.45.13:670][778]LogModuleManager: Shutting down and abandoning module HTML5Networking (278)
[2017.04.04-17.45.13:670][778]LogModuleManager: Shutting down and abandoning module AlembicImporter (276)
[2017.04.04-17.45.13:670][778]LogModuleManager: Shutting down and abandoning module AlembicLibrary (275)
[2017.04.04-17.45.13:670][778]LogModuleManager: Shutting down and abandoning module GeometryCache (274)
[2017.04.04-17.45.13:670][778]LogModuleManager: Shutting down and abandoning module GeometryCacheEd (273)
[2017.04.04-17.45.13:670][778]LogModuleManager: Shutting down and abandoning module SuperSearchEditor (268)
[2017.04.04-17.45.13:670][778]LogModuleManager: Shutting down and abandoning module SuperSearch (267)
[2017.04.04-17.45.13:670][778]LogModuleManager: Shutting down and abandoning module SpeedTreeImporter (264)
[2017.04.04-17.45.13:670][778]LogModuleManager: Shutting down and abandoning module PluginBrowser (262)
[2017.04.04-17.45.13:670][778]LogModuleManager: Shutting down and abandoning module MobileLauncherProfileWizard (260)
[2017.04.04-17.45.13:670][778]LogModuleManager: Shutting down and abandoning module EpicSurvey (258)
[2017.04.04-17.45.13:670][778]LogModuleManager: Shutting down and abandoning module VisualStudioSourceCodeAccess (256)
[2017.04.04-17.45.13:671][778]LogModuleManager: Shutting down and abandoning module DesktopPlatform (255)
[2017.04.04-17.45.13:671][778]LogModuleManager: Shutting down and abandoning module UObjectPlugin (252)
[2017.04.04-17.45.13:671][778]LogModuleManager: Shutting down and abandoning module SubversionSourceControl (250)
[2017.04.04-17.45.13:671][778]LogModuleManager: Shutting down and abandoning module PerforceSourceControl (248)
[2017.04.04-17.45.13:671][778]LogModuleManager: Shutting down and abandoning module GitSourceControl (246)
[2017.04.04-17.45.13:671][778]LogModuleManager: Shutting down and abandoning module SourceControl (245)
[2017.04.04-17.45.13:671][778]LogModuleManager: Shutting down and abandoning module LightPropagationVolumeEditor (242)
[2017.04.04-17.45.13:671][778]LogModuleManager: Shutting down and abandoning module PaperTiledImporter (240)
[2017.04.04-17.45.13:671][778]LogModuleManager: Shutting down and abandoning module PaperSpriteSheetImporter (238)
[2017.04.04-17.45.13:671][778]LogModuleManager: Shutting down and abandoning module Paper2DEditor (236)
[2017.04.04-17.45.13:671][778]LogModuleManager: Shutting down and abandoning module MeshPaint (235)
[2017.04.04-17.45.13:671][778]LogModuleManager: Shutting down and abandoning module LevelEditor (233)
[2017.04.04-17.45.13:672][778]LogModuleManager: Shutting down and abandoning module PixelInspectorModule (232)
[2017.04.04-17.45.13:672][778]LogModuleManager: Shutting down and abandoning module MainFrame (230)
[2017.04.04-17.45.13:672][778]LogModuleManager: Shutting down and abandoning module HotReload (229)
[2017.04.04-17.45.13:673][778]LogModuleManager: Shutting down and abandoning module ContentBrowser (225)
[2017.04.04-17.45.13:674][778]LogModuleManager: Shutting down and abandoning module PhysXVehiclesEditor (222)
[2017.04.04-17.45.13:674][778]LogModuleManager: Shutting down and abandoning module PhysXVehicles (220)
[2017.04.04-17.45.13:674][778]LogModuleManager: Shutting down and abandoning module LocationServicesBPLibrary (218)
[2017.04.04-17.45.13:674][778]LogModuleManager: Shutting down and abandoning module UdpMessaging (216)
[2017.04.04-17.45.13:775][778]LogModuleManager: Shutting down and abandoning module TcpMessaging (214)
[2017.04.04-17.45.13:876][778]LogModuleManager: Shutting down and abandoning module GameplayTagsEditor (212)
[2017.04.04-17.45.13:876][778]LogModuleManager: Shutting down and abandoning module FacialAnimationEditor (210)
[2017.04.04-17.45.13:876][778]LogModuleManager: Shutting down and abandoning module FacialAnimation (208)
[2017.04.04-17.45.13:876][778]LogModuleManager: Shutting down and abandoning module LightPropagationVolumeRuntime (206)
[2017.04.04-17.45.13:876][778]LogModuleManager: Shutting down and abandoning module Paper2D (204)
[2017.04.04-17.45.13:876][778]LogModuleManager: Shutting down and abandoning module WindowsMoviePlayer (202)
[2017.04.04-17.45.13:877][778]LogModuleManager: Shutting down and abandoning module WmfMedia (200)
[2017.04.04-17.45.13:877][778]LogModuleManager: Shutting down and abandoning module MfMedia (198)
[2017.04.04-17.45.13:877][778]LogModuleManager: Shutting down and abandoning module MediaAssets (196)
[2017.04.04-17.45.13:877][778]LogModuleManager: Shutting down and abandoning module GameLiveStreaming (194)
[2017.04.04-17.45.13:877][778]LogModuleManager: Shutting down and abandoning module VREditor (192)
[2017.04.04-17.45.13:877][778]LogModuleManager: Shutting down and abandoning module GameplayTasksEditor (190)
[2017.04.04-17.45.13:877][778]LogModuleManager: Shutting down and abandoning module BehaviorTreeEditor (188)
[2017.04.04-17.45.13:877][778]LogModuleManager: Shutting down and abandoning module FunctionalTesting (186)
[2017.04.04-17.45.13:877][778]LogModuleManager: Shutting down and abandoning module CollisionAnalyzer (184)
[2017.04.04-17.45.13:877][778]LogModuleManager: Shutting down and abandoning module UMG (182)
[2017.04.04-17.45.13:877][778]LogModuleManager: Shutting down and abandoning module UMGEditor (181)
[2017.04.04-17.45.13:877][778]LogModuleManager: Shutting down and abandoning module Sequencer (180)
[2017.04.04-17.45.13:877][778]LogModuleManager: Shutting down and abandoning module AssetTools (178)
[2017.04.04-17.45.13:877][778]LogModuleManager: Shutting down and abandoning module MessageLog (177)
[2017.04.04-17.45.13:877][778]LogModuleManager: Shutting down and abandoning module WorkspaceMenuStructure (176)
[2017.04.04-17.45.13:877][778]LogModuleManager: Shutting down and abandoning module SlateReflector (170)
[2017.04.04-17.45.13:877][778]LogModuleManager: Shutting down and abandoning module Slate (168)
[2017.04.04-17.45.13:877][778]LogModuleManager: Shutting down and abandoning module EditorStyle (166)
[2017.04.04-17.45.13:896][778]LogModuleManager: Shutting down and abandoning module SourceCodeAccess (164)
[2017.04.04-17.45.13:896][778]LogModuleManager: Shutting down and abandoning module HeadMountedDisplay (162)
[2017.04.04-17.45.13:896][778]LogModuleManager: Shutting down and abandoning module XAudio2 (160)
[2017.04.04-17.45.13:896][778]LogModuleManager: Shutting down and abandoning module Networking (158)
[2017.04.04-17.45.13:896][778]LogModuleManager: Shutting down and abandoning module Core (154)
[2017.04.04-17.45.13:896][778]LogModuleManager: Shutting down and abandoning module AssetRegistry (152)
[2017.04.04-17.45.14:074][778]LogDirectoryWatcher: A directory notification for '../../../Engine/Content/' was aborted.
[2017.04.04-17.45.14:075][778]LogDirectoryWatcher: A directory notification for '../../../../../../Users/kharm/Desktop/PTSD-Project/PTSD/Content/' was aborted.
[2017.04.04-17.45.14:075][778]LogDirectoryWatcher: A directory notification for '../../../Engine/Plugins/2D/Paper2D/Content/' was aborted.
[2017.04.04-17.45.14:075][778]LogModuleManager: Shutting down and abandoning module DirectoryWatcher (151)
[2017.04.04-17.45.14:079][778]LogModuleManager: Shutting down and abandoning module KismetCompiler (148)
[2017.04.04-17.45.14:079][778]LogModuleManager: Shutting down and abandoning module PhysXFormats (146)
[2017.04.04-17.45.14:079][778]LogModuleManager: Shutting down and abandoning module MeshUtilities (144)
[2017.04.04-17.45.14:079][778]LogModuleManager: Shutting down and abandoning module SimplygonSwarm (143)
[2017.04.04-17.45.14:079][778]LogModuleManager: Shutting down and abandoning module SimplygonMeshReduction (141)
[2017.04.04-17.45.14:079][778]LogModuleManager: Shutting down and abandoning module QuadricMeshReduction (139)
[2017.04.04-17.45.14:079][778]LogModuleManager: Shutting down and abandoning module PropertyEditor (137)
[2017.04.04-17.45.14:079][778]LogModuleManager: Shutting down and abandoning module DerivedDataCache (134)
[2017.04.04-17.45.14:166][778]LogDerivedDataCache: Shutdown
[2017.04.04-17.45.14:166][778]LogModuleManager: Shutting down and abandoning module TargetPlatform (132)
[2017.04.04-17.45.14:166][778]LogModuleManager: Shutting down and abandoning module VulkanShaderFormat (131)
[2017.04.04-17.45.14:166][778]LogModuleManager: Shutting down and abandoning module ShaderFormatOpenGL (129)
[2017.04.04-17.45.14:166][778]LogModuleManager: Shutting down and abandoning module ShaderFormatD3D (127)
[2017.04.04-17.45.14:166][778]LogModuleManager: Shutting down and abandoning module MetalShaderFormat (125)
[2017.04.04-17.45.14:166][778]LogModuleManager: Shutting down and abandoning module TextureFormatUncompressed (123)
[2017.04.04-17.45.14:166][778]LogModuleManager: Shutting down and abandoning module TextureFormatPVR (121)
[2017.04.04-17.45.14:166][778]LogModuleManager: Shutting down and abandoning module TextureFormatDXT (119)
[2017.04.04-17.45.14:166][778]LogModuleManager: Shutting down and abandoning module TextureFormatIntelISPCTexComp (117)
[2017.04.04-17.45.14:167][778]LogModuleManager: Shutting down and abandoning module TextureFormatASTC (115)
[2017.04.04-17.45.14:167][778]LogModuleManager: Shutting down and abandoning module ImageWrapper (114)
[2017.04.04-17.45.14:167][778]LogModuleManager: Shutting down and abandoning module TextureFormatAndroid (111)
[2017.04.04-17.45.14:167][778]LogModuleManager: Shutting down and abandoning module AudioFormatOpus (109)
[2017.04.04-17.45.14:167][778]LogModuleManager: Shutting down and abandoning module AudioFormatOgg (107)
[2017.04.04-17.45.14:167][778]LogModuleManager: Shutting down and abandoning module AudioFormatADPCM (105)
[2017.04.04-17.45.14:167][778]LogModuleManager: Shutting down and abandoning module LinuxTargetPlatform (103)
[2017.04.04-17.45.14:167][778]LogModuleManager: Shutting down and abandoning module LinuxServerTargetPlatform (101)
[2017.04.04-17.45.14:167][778]LogModuleManager: Shutting down and abandoning module LinuxNoEditorTargetPlatform (99)
[2017.04.04-17.45.14:167][778]LogModuleManager: Shutting down and abandoning module LinuxClientTargetPlatform (97)
[2017.04.04-17.45.14:167][778]LogModuleManager: Shutting down and abandoning module TVOSTargetPlatform (95)
[2017.04.04-17.45.14:167][778]LogModuleManager: Shutting down and abandoning module Messaging (93)
[2017.04.04-17.45.14:167][778]LogModuleManager: Shutting down and abandoning module IOSTargetPlatform (91)
[2017.04.04-17.45.14:167][778]LogModuleManager: Shutting down and abandoning module HTML5TargetPlatform (89)
[2017.04.04-17.45.14:167][778]LogModuleManager: Shutting down and abandoning module Android_PVRTCTargetPlatform (87)
[2017.04.04-17.45.14:167][778]LogModuleManager: Shutting down and abandoning module Android_MultiTargetPlatform (85)
[2017.04.04-17.45.14:167][778]LogModuleManager: Shutting down and abandoning module Android_ETC2TargetPlatform (83)
[2017.04.04-17.45.14:167][778]LogModuleManager: Shutting down and abandoning module Android_ETC1TargetPlatform (81)
[2017.04.04-17.45.14:167][778]LogModuleManager: Shutting down and abandoning module Android_DXTTargetPlatform (79)
[2017.04.04-17.45.14:167][778]LogModuleManager: Shutting down and abandoning module Android_ATCTargetPlatform (77)
[2017.04.04-17.45.14:167][778]LogModuleManager: Shutting down and abandoning module Android_ASTCTargetPlatform (75)
[2017.04.04-17.45.14:167][778]LogModuleManager: Shutting down and abandoning module AndroidTargetPlatform (73)
[2017.04.04-17.45.14:167][778]LogModuleManager: Shutting down and abandoning module WindowsTargetPlatform (71)
[2017.04.04-17.45.14:167][778]LogModuleManager: Shutting down and abandoning module WindowsServerTargetPlatform (69)
[2017.04.04-17.45.14:167][778]LogModuleManager: Shutting down and abandoning module WindowsNoEditorTargetPlatform (67)
[2017.04.04-17.45.14:167][778]LogModuleManager: Shutting down and abandoning module WindowsClientTargetPlatform (65)
[2017.04.04-17.45.14:167][778]LogModuleManager: Shutting down and abandoning module MacTargetPlatform (63)
[2017.04.04-17.45.14:167][778]LogModuleManager: Shutting down and abandoning module MacServerTargetPlatform (61)
[2017.04.04-17.45.14:167][778]LogModuleManager: Shutting down and abandoning module MacNoEditorTargetPlatform (59)
[2017.04.04-17.45.14:167][778]LogModuleManager: Shutting down and abandoning module MacClientTargetPlatform (57)
[2017.04.04-17.45.14:167][778]LogModuleManager: Shutting down and abandoning module AllDesktopTargetPlatform (55)
[2017.04.04-17.45.14:167][778]LogModuleManager: Shutting down and abandoning module InputCore (52)
[2017.04.04-17.45.14:167][778]LogModuleManager: Shutting down and abandoning module Settings (50)
[2017.04.04-17.45.14:168][778]LogModuleManager: Shutting down and abandoning module OculusRift (48)
[2017.04.04-17.45.14:168][778]LogModuleManager: Shutting down and abandoning module GearVR (46)
[2017.04.04-17.45.14:168][778]LogModuleManager: Shutting down and abandoning module ExampleDeviceProfileSelector (44)
[2017.04.04-17.45.14:168][778]LogModuleManager: Shutting down and abandoning module OnlineBlueprintSupport (42)
[2017.04.04-17.45.14:168][778]LogModuleManager: Shutting down and abandoning module OnlineSubsystem (38)
[2017.04.04-17.45.14:168][778]LogOnline:Display: Unloading online subsystem: NULL
[2017.04.04-17.45.14:168][778]LogModuleManager: Shutting down and abandoning module XMPP (37)
[2017.04.04-17.45.14:168][778]LogModuleManager: Shutting down and abandoning module HTTP (35)
[2017.04.04-17.45.14:168][778]LogHttp:Display: Http module shutting down, but needs to wait on 1 outstanding Http requests:
[2017.04.04-17.45.14:168][778]LogHttp:Display: 	verb=[POST] url=[https://datarouter.ol.epicgames.com/datarouter/api/v1/public/data?SessionID=%7B46EEA121-4227-7624-AFB8-C995D0ED21D0%7D&AppID=UEEditor.Rocket.Release&AppVersion=4.15.1-3348071%2B%2B%2BUE4%2BRelease-4.15&UserID=84c91ec74edbe5c53fecfb817c668001%7Cb36ec6f80e614795904645f80cf52a09%7C6391270c-7f16-4632-9945-1685c80d4c02&AppEnvironment=datacollector-binary&UploadType=eteventstream] status=Processing
[2017.04.04-17.45.14:171][778]LogModuleManager: Shutting down and abandoning module SSL (34)
[2017.04.04-17.45.14:172][778]LogModuleManager: Shutting down and abandoning module AudioEditor (30)
[2017.04.04-17.45.14:172][778]LogModuleManager: Shutting down and abandoning module TextureCompressor (28)
[2017.04.04-17.45.14:172][778]LogModuleManager: Shutting down and abandoning module ShaderCore (26)
[2017.04.04-17.45.14:172][778]LogModuleManager: Shutting down and abandoning module Landscape (24)
[2017.04.04-17.45.14:172][778]LogModuleManager: Shutting down and abandoning module SlateRHIRenderer (22)
[2017.04.04-17.45.14:177][778]LogModuleManager: Shutting down and abandoning module OpenGLDrv (20)
[2017.04.04-17.45.14:177][778]LogModuleManager: Shutting down and abandoning module D3D11RHI (18)
[2017.04.04-17.45.14:177][778]LogModuleManager: Shutting down and abandoning module AnimGraphRuntime (16)
[2017.04.04-17.45.14:177][778]LogModuleManager: Shutting down and abandoning module Renderer (14)
[2017.04.04-17.45.14:177][778]LogModuleManager: Shutting down and abandoning module Engine (12)
[2017.04.04-17.45.14:177][778]LogModuleManager: Shutting down and abandoning module CoreUObject (10)
[2017.04.04-17.45.14:177][778]LogModuleManager: Shutting down and abandoning module NetworkFile (8)
[2017.04.04-17.45.14:177][778]LogModuleManager: Shutting down and abandoning module StreamingFile (6)
[2017.04.04-17.45.14:177][778]LogModuleManager: Shutting down and abandoning module SandboxFile (4)
[2017.04.04-17.45.14:177][778]LogModuleManager: Shutting down and abandoning module PakFile (2)
[2017.04.04-17.45.14:179][778]LogExit: Exiting.
[2017.04.04-17.45.14:191][778]Log file closed, 04/04/17 13:45:14
